  Building Custom Rule C:/Users/JNNGL/IdeaProjects/TotalComputers/browser/CMakeLists.txt
cl : командная строка warning D9002: пропуск неизвестного параметра "-std=c++17"
  main.cpp
  native.cc
  Создание кода...
libcef_dll_wrapper.lib(browser_host_ctocpp.obj) : error LNK2038: обнаружено несоответствие для "_ITERATOR_DEBUG_LEVEL": значение "0" не соответствует значению "2" в main.obj
libcef_dll_wrapper.lib(browser_host_ctocpp.obj) : error LNK2038: обнаружено несоответствие для "RuntimeLibrary": значение "MT_StaticRelease" не соответствует значению "MDd_DynamicDebug" в main.obj
libcef_dll_wrapper.lib(browser_host_ctocpp.obj) : warning LNK4099: "libcef_dll_wrapper.pdb" PDB не найден с "libcef_dll_wrapper.lib(browser_host_ctocpp.obj)" или на "C:\Users\JNNGL\IdeaProjects\TotalComputers\browser\build\Debug\libcef_dll_wrapper.pdb"; компоновка объекта выполняется как при отсутствии отладочных данных
libcef_dll_wrapper.lib(libcef_dll_wrapper.obj) : error LNK2038: обнаружено несоответствие для "_ITERATOR_DEBUG_LEVEL": значение "0" не соответствует значению "2" в main.obj
libcef_dll_wrapper.lib(libcef_dll_wrapper.obj) : error LNK2038: обнаружено несоответствие для "RuntimeLibrary": значение "MT_StaticRelease" не соответствует значению "MDd_DynamicDebug" в main.obj
libcef_dll_wrapper.lib(libcef_dll_wrapper.obj) : warning LNK4099: "libcef_dll_wrapper.pdb" PDB не найден с "libcef_dll_wrapper.lib(libcef_dll_wrapper.obj)" или на "C:\Users\JNNGL\IdeaProjects\TotalComputers\browser\build\Debug\libcef_dll_wrapper.pdb"; компоновка объекта выполняется как при отсутствии отладочных данных
libcef_dll_wrapper.lib(client_cpptoc.obj) : error LNK2038: обнаружено несоответствие для "_ITERATOR_DEBUG_LEVEL": значение "0" не соответствует значению "2" в main.obj
libcef_dll_wrapper.lib(client_cpptoc.obj) : error LNK2038: обнаружено несоответствие для "RuntimeLibrary": значение "MT_StaticRelease" не соответствует значению "MDd_DynamicDebug" в main.obj
libcef_dll_wrapper.lib(client_cpptoc.obj) : warning LNK4099: "libcef_dll_wrapper.pdb" PDB не найден с "libcef_dll_wrapper.lib(client_cpptoc.obj)" или на "C:\Users\JNNGL\IdeaProjects\TotalComputers\browser\build\Debug\libcef_dll_wrapper.pdb"; компоновка объекта выполняется как при отсутствии отладочных данных
libcef_dll_wrapper.lib(dev_tools_message_observer_cpptoc.obj) : error LNK2038: обнаружено несоответствие для "_ITERATOR_DEBUG_LEVEL": значение "0" не соответствует значению "2" в main.obj
libcef_dll_wrapper.lib(dev_tools_message_observer_cpptoc.obj) : error LNK2038: обнаружено несоответствие для "RuntimeLibrary": значение "MT_StaticRelease" не соответствует значению "MDd_DynamicDebug" в main.obj
libcef_dll_wrapper.lib(dev_tools_message_observer_cpptoc.obj) : warning LNK4099: "libcef_dll_wrapper.pdb" PDB не найден с "libcef_dll_wrapper.lib(dev_tools_message_observer_cpptoc.obj)" или на "C:\Users\JNNGL\IdeaProjects\TotalComputers\browser\build\Debug\libcef_dll_wrapper.pdb"; компоновка объекта выполняется как при отсутствии отладочных данных
libcef_dll_wrapper.lib(download_image_callback_cpptoc.obj) : error LNK2038: обнаружено несоответствие для "_ITERATOR_DEBUG_LEVEL": значение "0" не соответствует значению "2" в main.obj
libcef_dll_wrapper.lib(download_image_callback_cpptoc.obj) : error LNK2038: обнаружено несоответствие для "RuntimeLibrary": значение "MT_StaticRelease" не соответствует значению "MDd_DynamicDebug" в main.obj
libcef_dll_wrapper.lib(download_image_callback_cpptoc.obj) : warning LNK4099: "libcef_dll_wrapper.pdb" PDB не найден с "libcef_dll_wrapper.lib(download_image_callback_cpptoc.obj)" или на "C:\Users\JNNGL\IdeaProjects\TotalComputers\browser\build\Debug\libcef_dll_wrapper.pdb"; компоновка объекта выполняется как при отсутствии отладочных данных
libcef_dll_wrapper.lib(navigation_entry_visitor_cpptoc.obj) : error LNK2038: обнаружено несоответствие для "_ITERATOR_DEBUG_LEVEL": значение "0" не соответствует значению "2" в main.obj
libcef_dll_wrapper.lib(navigation_entry_visitor_cpptoc.obj) : error LNK2038: обнаружено несоответствие для "RuntimeLibrary": значение "MT_StaticRelease" не соответствует значению "MDd_DynamicDebug" в main.obj
libcef_dll_wrapper.lib(navigation_entry_visitor_cpptoc.obj) : warning LNK4099: "libcef_dll_wrapper.pdb" PDB не найден с "libcef_dll_wrapper.lib(navigation_entry_visitor_cpptoc.obj)" или на "C:\Users\JNNGL\IdeaProjects\TotalComputers\browser\build\Debug\libcef_dll_wrapper.pdb"; компоновка объекта выполняется как при отсутствии отладочных данных
libcef_dll_wrapper.lib(pdf_print_callback_cpptoc.obj) : error LNK2038: обнаружено несоответствие для "_ITERATOR_DEBUG_LEVEL": значение "0" не соответствует значению "2" в main.obj
libcef_dll_wrapper.lib(pdf_print_callback_cpptoc.obj) : error LNK2038: обнаружено несоответствие для "RuntimeLibrary": значение "MT_StaticRelease" не соответствует значению "MDd_DynamicDebug" в main.obj
libcef_dll_wrapper.lib(pdf_print_callback_cpptoc.obj) : warning LNK4099: "libcef_dll_wrapper.pdb" PDB не найден с "libcef_dll_wrapper.lib(pdf_print_callback_cpptoc.obj)" или на "C:\Users\JNNGL\IdeaProjects\TotalComputers\browser\build\Debug\libcef_dll_wrapper.pdb"; компоновка объекта выполняется как при отсутствии отладочных данных
libcef_dll_wrapper.lib(run_file_dialog_callback_cpptoc.obj) : error LNK2038: обнаружено несоответствие для "_ITERATOR_DEBUG_LEVEL": значение "0" не соответствует значению "2" в main.obj
libcef_dll_wrapper.lib(run_file_dialog_callback_cpptoc.obj) : error LNK2038: обнаружено несоответствие для "RuntimeLibrary": значение "MT_StaticRelease" не соответствует значению "MDd_DynamicDebug" в main.obj
libcef_dll_wrapper.lib(run_file_dialog_callback_cpptoc.obj) : warning LNK4099: "libcef_dll_wrapper.pdb" PDB не найден с "libcef_dll_wrapper.lib(run_file_dialog_callback_cpptoc.obj)" или на "C:\Users\JNNGL\IdeaProjects\TotalComputers\browser\build\Debug\libcef_dll_wrapper.pdb"; компоновка объекта выполняется как при отсутствии отладочных данных
libcef_dll_wrapper.lib(browser_ctocpp.obj) : error LNK2038: обнаружено несоответствие для "_ITERATOR_DEBUG_LEVEL": значение "0" не соответствует значению "2" в main.obj
libcef_dll_wrapper.lib(browser_ctocpp.obj) : error LNK2038: обнаружено несоответствие для "RuntimeLibrary": значение "MT_StaticRelease" не соответствует значению "MDd_DynamicDebug" в main.obj
libcef_dll_wrapper.lib(browser_ctocpp.obj) : warning LNK4099: "libcef_dll_wrapper.pdb" PDB не найден с "libcef_dll_wrapper.lib(browser_ctocpp.obj)" или на "C:\Users\JNNGL\IdeaProjects\TotalComputers\browser\build\Debug\libcef_dll_wrapper.pdb"; компоновка объекта выполняется как при отсутствии отладочных данных
libcef_dll_wrapper.lib(dictionary_value_ctocpp.obj) : error LNK2038: обнаружено несоответствие для "_ITERATOR_DEBUG_LEVEL": значение "0" не соответствует значению "2" в main.obj
libcef_dll_wrapper.lib(dictionary_value_ctocpp.obj) : error LNK2038: обнаружено несоответствие для "RuntimeLibrary": значение "MT_StaticRelease" не соответствует значению "MDd_DynamicDebug" в main.obj
libcef_dll_wrapper.lib(dictionary_value_ctocpp.obj) : warning LNK4099: "libcef_dll_wrapper.pdb" PDB не найден с "libcef_dll_wrapper.lib(dictionary_value_ctocpp.obj)" или на "C:\Users\JNNGL\IdeaProjects\TotalComputers\browser\build\Debug\libcef_dll_wrapper.pdb"; компоновка объекта выполняется как при отсутствии отладочных данных
libcef_dll_wrapper.lib(drag_data_ctocpp.obj) : error LNK2038: обнаружено несоответствие для "_ITERATOR_DEBUG_LEVEL": значение "0" не соответствует значению "2" в main.obj
libcef_dll_wrapper.lib(drag_data_ctocpp.obj) : error LNK2038: обнаружено несоответствие для "RuntimeLibrary": значение "MT_StaticRelease" не соответствует значению "MDd_DynamicDebug" в main.obj
libcef_dll_wrapper.lib(drag_data_ctocpp.obj) : warning LNK4099: "libcef_dll_wrapper.pdb" PDB не найден с "libcef_dll_wrapper.lib(drag_data_ctocpp.obj)" или на "C:\Users\JNNGL\IdeaProjects\TotalComputers\browser\build\Debug\libcef_dll_wrapper.pdb"; компоновка объекта выполняется как при отсутствии отладочных данных
libcef_dll_wrapper.lib(extension_ctocpp.obj) : error LNK2038: обнаружено несоответствие для "_ITERATOR_DEBUG_LEVEL": значение "0" не соответствует значению "2" в main.obj
libcef_dll_wrapper.lib(extension_ctocpp.obj) : error LNK2038: обнаружено несоответствие для "RuntimeLibrary": значение "MT_StaticRelease" не соответствует значению "MDd_DynamicDebug" в main.obj
libcef_dll_wrapper.lib(extension_ctocpp.obj) : warning LNK4099: "libcef_dll_wrapper.pdb" PDB не найден с "libcef_dll_wrapper.lib(extension_ctocpp.obj)" или на "C:\Users\JNNGL\IdeaProjects\TotalComputers\browser\build\Debug\libcef_dll_wrapper.pdb"; компоновка объекта выполняется как при отсутствии отладочных данных
libcef_dll_wrapper.lib(navigation_entry_ctocpp.obj) : error LNK2038: обнаружено несоответствие для "_ITERATOR_DEBUG_LEVEL": значение "0" не соответствует значению "2" в main.obj
libcef_dll_wrapper.lib(navigation_entry_ctocpp.obj) : error LNK2038: обнаружено несоответствие для "RuntimeLibrary": значение "MT_StaticRelease" не соответствует значению "MDd_DynamicDebug" в main.obj
libcef_dll_wrapper.lib(navigation_entry_ctocpp.obj) : warning LNK4099: "libcef_dll_wrapper.pdb" PDB не найден с "libcef_dll_wrapper.lib(navigation_entry_ctocpp.obj)" или на "C:\Users\JNNGL\IdeaProjects\TotalComputers\browser\build\Debug\libcef_dll_wrapper.pdb"; компоновка объекта выполняется как при отсутствии отладочных данных
libcef_dll_wrapper.lib(registration_ctocpp.obj) : error LNK2038: обнаружено несоответствие для "_ITERATOR_DEBUG_LEVEL": значение "0" не соответствует значению "2" в main.obj
libcef_dll_wrapper.lib(registration_ctocpp.obj) : error LNK2038: обнаружено несоответствие для "RuntimeLibrary": значение "MT_StaticRelease" не соответствует значению "MDd_DynamicDebug" в main.obj
libcef_dll_wrapper.lib(registration_ctocpp.obj) : warning LNK4099: "libcef_dll_wrapper.pdb" PDB не найден с "libcef_dll_wrapper.lib(registration_ctocpp.obj)" или на "C:\Users\JNNGL\IdeaProjects\TotalComputers\browser\build\Debug\libcef_dll_wrapper.pdb"; компоновка объекта выполняется как при отсутствии отладочных данных
libcef_dll_wrapper.lib(request_context_ctocpp.obj) : error LNK2038: обнаружено несоответствие для "_ITERATOR_DEBUG_LEVEL": значение "0" не соответствует значению "2" в main.obj
libcef_dll_wrapper.lib(request_context_ctocpp.obj) : error LNK2038: обнаружено несоответствие для "RuntimeLibrary": значение "MT_StaticRelease" не соответствует значению "MDd_DynamicDebug" в main.obj
libcef_dll_wrapper.lib(request_context_ctocpp.obj) : warning LNK4099: "libcef_dll_wrapper.pdb" PDB не найден с "libcef_dll_wrapper.lib(request_context_ctocpp.obj)" или на "C:\Users\JNNGL\IdeaProjects\TotalComputers\browser\build\Debug\libcef_dll_wrapper.pdb"; компоновка объекта выполняется как при отсутствии отладочных данных
libcef_dll_wrapper.lib(shutdown_checker.obj) : error LNK2038: обнаружено несоответствие для "_ITERATOR_DEBUG_LEVEL": значение "0" не соответствует значению "2" в main.obj
libcef_dll_wrapper.lib(shutdown_checker.obj) : error LNK2038: обнаружено несоответствие для "RuntimeLibrary": значение "MT_StaticRelease" не соответствует значению "MDd_DynamicDebug" в main.obj
libcef_dll_wrapper.lib(shutdown_checker.obj) : warning LNK4099: "libcef_dll_wrapper.pdb" PDB не найден с "libcef_dll_wrapper.lib(shutdown_checker.obj)" или на "C:\Users\JNNGL\IdeaProjects\TotalComputers\browser\build\Debug\libcef_dll_wrapper.pdb"; компоновка объекта выполняется как при отсутствии отладочных данных
libcef_dll_wrapper.lib(transfer_util.obj) : error LNK2038: обнаружено несоответствие для "_ITERATOR_DEBUG_LEVEL": значение "0" не соответствует значению "2" в main.obj
libcef_dll_wrapper.lib(transfer_util.obj) : error LNK2038: обнаружено несоответствие для "RuntimeLibrary": значение "MT_StaticRelease" не соответствует значению "MDd_DynamicDebug" в main.obj
libcef_dll_wrapper.lib(transfer_util.obj) : warning LNK4099: "libcef_dll_wrapper.pdb" PDB не найден с "libcef_dll_wrapper.lib(transfer_util.obj)" или на "C:\Users\JNNGL\IdeaProjects\TotalComputers\browser\build\Debug\libcef_dll_wrapper.pdb"; компоновка объекта выполняется как при отсутствии отладочных данных
libcef_dll_wrapper.lib(app_cpptoc.obj) : error LNK2038: обнаружено несоответствие для "_ITERATOR_DEBUG_LEVEL": значение "0" не соответствует значению "2" в main.obj
libcef_dll_wrapper.lib(app_cpptoc.obj) : error LNK2038: обнаружено несоответствие для "RuntimeLibrary": значение "MT_StaticRelease" не соответствует значению "MDd_DynamicDebug" в main.obj
libcef_dll_wrapper.lib(app_cpptoc.obj) : warning LNK4099: "libcef_dll_wrapper.pdb" PDB не найден с "libcef_dll_wrapper.lib(app_cpptoc.obj)" или на "C:\Users\JNNGL\IdeaProjects\TotalComputers\browser\build\Debug\libcef_dll_wrapper.pdb"; компоновка объекта выполняется как при отсутствии отладочных данных
libcef_dll_wrapper.lib(completion_callback_cpptoc.obj) : error LNK2038: обнаружено несоответствие для "_ITERATOR_DEBUG_LEVEL": значение "0" не соответствует значению "2" в main.obj
libcef_dll_wrapper.lib(completion_callback_cpptoc.obj) : error LNK2038: обнаружено несоответствие для "RuntimeLibrary": значение "MT_StaticRelease" не соответствует значению "MDd_DynamicDebug" в main.obj
libcef_dll_wrapper.lib(completion_callback_cpptoc.obj) : warning LNK4099: "libcef_dll_wrapper.pdb" PDB не найден с "libcef_dll_wrapper.lib(completion_callback_cpptoc.obj)" или на "C:\Users\JNNGL\IdeaProjects\TotalComputers\browser\build\Debug\libcef_dll_wrapper.pdb"; компоновка объекта выполняется как при отсутствии отладочных данных
libcef_dll_wrapper.lib(end_tracing_callback_cpptoc.obj) : error LNK2038: обнаружено несоответствие для "_ITERATOR_DEBUG_LEVEL": значение "0" не соответствует значению "2" в main.obj
libcef_dll_wrapper.lib(end_tracing_callback_cpptoc.obj) : error LNK2038: обнаружено несоответствие для "RuntimeLibrary": значение "MT_StaticRelease" не соответствует значению "MDd_DynamicDebug" в main.obj
libcef_dll_wrapper.lib(end_tracing_callback_cpptoc.obj) : warning LNK4099: "libcef_dll_wrapper.pdb" PDB не найден с "libcef_dll_wrapper.lib(end_tracing_callback_cpptoc.obj)" или на "C:\Users\JNNGL\IdeaProjects\TotalComputers\browser\build\Debug\libcef_dll_wrapper.pdb"; компоновка объекта выполняется как при отсутствии отладочных данных
libcef_dll_wrapper.lib(scheme_handler_factory_cpptoc.obj) : error LNK2038: обнаружено несоответствие для "_ITERATOR_DEBUG_LEVEL": значение "0" не соответствует значению "2" в main.obj
libcef_dll_wrapper.lib(scheme_handler_factory_cpptoc.obj) : error LNK2038: обнаружено несоответствие для "RuntimeLibrary": значение "MT_StaticRelease" не соответствует значению "MDd_DynamicDebug" в main.obj
libcef_dll_wrapper.lib(scheme_handler_factory_cpptoc.obj) : warning LNK4099: "libcef_dll_wrapper.pdb" PDB не найден с "libcef_dll_wrapper.lib(scheme_handler_factory_cpptoc.obj)" или на "C:\Users\JNNGL\IdeaProjects\TotalComputers\browser\build\Debug\libcef_dll_wrapper.pdb"; компоновка объекта выполняется как при отсутствии отладочных данных
libcef_dll_wrapper.lib(task_cpptoc.obj) : error LNK2038: обнаружено несоответствие для "_ITERATOR_DEBUG_LEVEL": значение "0" не соответствует значению "2" в main.obj
libcef_dll_wrapper.lib(task_cpptoc.obj) : error LNK2038: обнаружено несоответствие для "RuntimeLibrary": значение "MT_StaticRelease" не соответствует значению "MDd_DynamicDebug" в main.obj
libcef_dll_wrapper.lib(task_cpptoc.obj) : warning LNK4099: "libcef_dll_wrapper.pdb" PDB не найден с "libcef_dll_wrapper.lib(task_cpptoc.obj)" или на "C:\Users\JNNGL\IdeaProjects\TotalComputers\browser\build\Debug\libcef_dll_wrapper.pdb"; компоновка объекта выполняется как при отсутствии отладочных данных
libcef_dll_wrapper.lib(v8handler_cpptoc.obj) : error LNK2038: обнаружено несоответствие для "_ITERATOR_DEBUG_LEVEL": значение "0" не соответствует значению "2" в main.obj
libcef_dll_wrapper.lib(v8handler_cpptoc.obj) : error LNK2038: обнаружено несоответствие для "RuntimeLibrary": значение "MT_StaticRelease" не соответствует значению "MDd_DynamicDebug" в main.obj
libcef_dll_wrapper.lib(v8handler_cpptoc.obj) : warning LNK4099: "libcef_dll_wrapper.pdb" PDB не найден с "libcef_dll_wrapper.lib(v8handler_cpptoc.obj)" или на "C:\Users\JNNGL\IdeaProjects\TotalComputers\browser\build\Debug\libcef_dll_wrapper.pdb"; компоновка объекта выполняется как при отсутствии отладочных данных
libcef_dll_wrapper.lib(web_plugin_info_visitor_cpptoc.obj) : error LNK2038: обнаружено несоответствие для "_ITERATOR_DEBUG_LEVEL": значение "0" не соответствует значению "2" в main.obj
libcef_dll_wrapper.lib(web_plugin_info_visitor_cpptoc.obj) : error LNK2038: обнаружено несоответствие для "RuntimeLibrary": значение "MT_StaticRelease" не соответствует значению "MDd_DynamicDebug" в main.obj
libcef_dll_wrapper.lib(web_plugin_info_visitor_cpptoc.obj) : warning LNK4099: "libcef_dll_wrapper.pdb" PDB не найден с "libcef_dll_wrapper.lib(web_plugin_info_visitor_cpptoc.obj)" или на "C:\Users\JNNGL\IdeaProjects\TotalComputers\browser\build\Debug\libcef_dll_wrapper.pdb"; компоновка объекта выполняется как при отсутствии отладочных данных
libcef_dll_wrapper.lib(web_plugin_unstable_callback_cpptoc.obj) : error LNK2038: обнаружено несоответствие для "_ITERATOR_DEBUG_LEVEL": значение "0" не соответствует значению "2" в main.obj
libcef_dll_wrapper.lib(web_plugin_unstable_callback_cpptoc.obj) : error LNK2038: обнаружено несоответствие для "RuntimeLibrary": значение "MT_StaticRelease" не соответствует значению "MDd_DynamicDebug" в main.obj
libcef_dll_wrapper.lib(web_plugin_unstable_callback_cpptoc.obj) : warning LNK4099: "libcef_dll_wrapper.pdb" PDB не найден с "libcef_dll_wrapper.lib(web_plugin_unstable_callback_cpptoc.obj)" или на "C:\Users\JNNGL\IdeaProjects\TotalComputers\browser\build\Debug\libcef_dll_wrapper.pdb"; компоновка объекта выполняется как при отсутствии отладочных данных
libcef_dll_wrapper.lib(binary_value_ctocpp.obj) : error LNK2038: обнаружено несоответствие для "_ITERATOR_DEBUG_LEVEL": значение "0" не соответствует значению "2" в main.obj
libcef_dll_wrapper.lib(binary_value_ctocpp.obj) : error LNK2038: обнаружено несоответствие для "RuntimeLibrary": значение "MT_StaticRelease" не соответствует значению "MDd_DynamicDebug" в main.obj
libcef_dll_wrapper.lib(binary_value_ctocpp.obj) : warning LNK4099: "libcef_dll_wrapper.pdb" PDB не найден с "libcef_dll_wrapper.lib(binary_value_ctocpp.obj)" или на "C:\Users\JNNGL\IdeaProjects\TotalComputers\browser\build\Debug\libcef_dll_wrapper.pdb"; компоновка объекта выполняется как при отсутствии отладочных данных
libcef_dll_wrapper.lib(command_line_ctocpp.obj) : error LNK2038: обнаружено несоответствие для "_ITERATOR_DEBUG_LEVEL": значение "0" не соответствует значению "2" в main.obj
libcef_dll_wrapper.lib(command_line_ctocpp.obj) : error LNK2038: обнаружено несоответствие для "RuntimeLibrary": значение "MT_StaticRelease" не соответствует значению "MDd_DynamicDebug" в main.obj
libcef_dll_wrapper.lib(command_line_ctocpp.obj) : warning LNK4099: "libcef_dll_wrapper.pdb" PDB не найден с "libcef_dll_wrapper.lib(command_line_ctocpp.obj)" или на "C:\Users\JNNGL\IdeaProjects\TotalComputers\browser\build\Debug\libcef_dll_wrapper.pdb"; компоновка объекта выполняется как при отсутствии отладочных данных
libcef_dll_wrapper.lib(frame_ctocpp.obj) : error LNK2038: обнаружено несоответствие для "_ITERATOR_DEBUG_LEVEL": значение "0" не соответствует значению "2" в main.obj
libcef_dll_wrapper.lib(frame_ctocpp.obj) : error LNK2038: обнаружено несоответствие для "RuntimeLibrary": значение "MT_StaticRelease" не соответствует значению "MDd_DynamicDebug" в main.obj
libcef_dll_wrapper.lib(frame_ctocpp.obj) : warning LNK4099: "libcef_dll_wrapper.pdb" PDB не найден с "libcef_dll_wrapper.lib(frame_ctocpp.obj)" или на "C:\Users\JNNGL\IdeaProjects\TotalComputers\browser\build\Debug\libcef_dll_wrapper.pdb"; компоновка объекта выполняется как при отсутствии отладочных данных
libcef_dll_wrapper.lib(value_ctocpp.obj) : error LNK2038: обнаружено несоответствие для "_ITERATOR_DEBUG_LEVEL": значение "0" не соответствует значению "2" в main.obj
libcef_dll_wrapper.lib(value_ctocpp.obj) : error LNK2038: обнаружено несоответствие для "RuntimeLibrary": значение "MT_StaticRelease" не соответствует значению "MDd_DynamicDebug" в main.obj
libcef_dll_wrapper.lib(value_ctocpp.obj) : warning LNK4099: "libcef_dll_wrapper.pdb" PDB не найден с "libcef_dll_wrapper.lib(value_ctocpp.obj)" или на "C:\Users\JNNGL\IdeaProjects\TotalComputers\browser\build\Debug\libcef_dll_wrapper.pdb"; компоновка объекта выполняется как при отсутствии отладочных данных
libcef_dll_wrapper.lib(audio_handler_cpptoc.obj) : error LNK2038: обнаружено несоответствие для "_ITERATOR_DEBUG_LEVEL": значение "0" не соответствует значению "2" в main.obj
libcef_dll_wrapper.lib(audio_handler_cpptoc.obj) : error LNK2038: обнаружено несоответствие для "RuntimeLibrary": значение "MT_StaticRelease" не соответствует значению "MDd_DynamicDebug" в main.obj
libcef_dll_wrapper.lib(audio_handler_cpptoc.obj) : warning LNK4099: "libcef_dll_wrapper.pdb" PDB не найден с "libcef_dll_wrapper.lib(audio_handler_cpptoc.obj)" или на "C:\Users\JNNGL\IdeaProjects\TotalComputers\browser\build\Debug\libcef_dll_wrapper.pdb"; компоновка объекта выполняется как при отсутствии отладочных данных
libcef_dll_wrapper.lib(context_menu_handler_cpptoc.obj) : error LNK2038: обнаружено несоответствие для "_ITERATOR_DEBUG_LEVEL": значение "0" не соответствует значению "2" в main.obj
libcef_dll_wrapper.lib(context_menu_handler_cpptoc.obj) : error LNK2038: обнаружено несоответствие для "RuntimeLibrary": значение "MT_StaticRelease" не соответствует значению "MDd_DynamicDebug" в main.obj
libcef_dll_wrapper.lib(context_menu_handler_cpptoc.obj) : warning LNK4099: "libcef_dll_wrapper.pdb" PDB не найден с "libcef_dll_wrapper.lib(context_menu_handler_cpptoc.obj)" или на "C:\Users\JNNGL\IdeaProjects\TotalComputers\browser\build\Debug\libcef_dll_wrapper.pdb"; компоновка объекта выполняется как при отсутствии отладочных данных
libcef_dll_wrapper.lib(dialog_handler_cpptoc.obj) : error LNK2038: обнаружено несоответствие для "_ITERATOR_DEBUG_LEVEL": значение "0" не соответствует значению "2" в main.obj
libcef_dll_wrapper.lib(dialog_handler_cpptoc.obj) : error LNK2038: обнаружено несоответствие для "RuntimeLibrary": значение "MT_StaticRelease" не соответствует значению "MDd_DynamicDebug" в main.obj
libcef_dll_wrapper.lib(dialog_handler_cpptoc.obj) : warning LNK4099: "libcef_dll_wrapper.pdb" PDB не найден с "libcef_dll_wrapper.lib(dialog_handler_cpptoc.obj)" или на "C:\Users\JNNGL\IdeaProjects\TotalComputers\browser\build\Debug\libcef_dll_wrapper.pdb"; компоновка объекта выполняется как при отсутствии отладочных данных
libcef_dll_wrapper.lib(display_handler_cpptoc.obj) : error LNK2038: обнаружено несоответствие для "_ITERATOR_DEBUG_LEVEL": значение "0" не соответствует значению "2" в main.obj
libcef_dll_wrapper.lib(display_handler_cpptoc.obj) : error LNK2038: обнаружено несоответствие для "RuntimeLibrary": значение "MT_StaticRelease" не соответствует значению "MDd_DynamicDebug" в main.obj
libcef_dll_wrapper.lib(display_handler_cpptoc.obj) : warning LNK4099: "libcef_dll_wrapper.pdb" PDB не найден с "libcef_dll_wrapper.lib(display_handler_cpptoc.obj)" или на "C:\Users\JNNGL\IdeaProjects\TotalComputers\browser\build\Debug\libcef_dll_wrapper.pdb"; компоновка объекта выполняется как при отсутствии отладочных данных
libcef_dll_wrapper.lib(download_handler_cpptoc.obj) : error LNK2038: обнаружено несоответствие для "_ITERATOR_DEBUG_LEVEL": значение "0" не соответствует значению "2" в main.obj
libcef_dll_wrapper.lib(download_handler_cpptoc.obj) : error LNK2038: обнаружено несоответствие для "RuntimeLibrary": значение "MT_StaticRelease" не соответствует значению "MDd_DynamicDebug" в main.obj
libcef_dll_wrapper.lib(download_handler_cpptoc.obj) : warning LNK4099: "libcef_dll_wrapper.pdb" PDB не найден с "libcef_dll_wrapper.lib(download_handler_cpptoc.obj)" или на "C:\Users\JNNGL\IdeaProjects\TotalComputers\browser\build\Debug\libcef_dll_wrapper.pdb"; компоновка объекта выполняется как при отсутствии отладочных данных
libcef_dll_wrapper.lib(drag_handler_cpptoc.obj) : error LNK2038: обнаружено несоответствие для "_ITERATOR_DEBUG_LEVEL": значение "0" не соответствует значению "2" в main.obj
libcef_dll_wrapper.lib(drag_handler_cpptoc.obj) : error LNK2038: обнаружено несоответствие для "RuntimeLibrary": значение "MT_StaticRelease" не соответствует значению "MDd_DynamicDebug" в main.obj
libcef_dll_wrapper.lib(drag_handler_cpptoc.obj) : warning LNK4099: "libcef_dll_wrapper.pdb" PDB не найден с "libcef_dll_wrapper.lib(drag_handler_cpptoc.obj)" или на "C:\Users\JNNGL\IdeaProjects\TotalComputers\browser\build\Debug\libcef_dll_wrapper.pdb"; компоновка объекта выполняется как при отсутствии отладочных данных
libcef_dll_wrapper.lib(find_handler_cpptoc.obj) : error LNK2038: обнаружено несоответствие для "_ITERATOR_DEBUG_LEVEL": значение "0" не соответствует значению "2" в main.obj
libcef_dll_wrapper.lib(find_handler_cpptoc.obj) : error LNK2038: обнаружено несоответствие для "RuntimeLibrary": значение "MT_StaticRelease" не соответствует значению "MDd_DynamicDebug" в main.obj
libcef_dll_wrapper.lib(find_handler_cpptoc.obj) : warning LNK4099: "libcef_dll_wrapper.pdb" PDB не найден с "libcef_dll_wrapper.lib(find_handler_cpptoc.obj)" или на "C:\Users\JNNGL\IdeaProjects\TotalComputers\browser\build\Debug\libcef_dll_wrapper.pdb"; компоновка объекта выполняется как при отсутствии отладочных данных
libcef_dll_wrapper.lib(focus_handler_cpptoc.obj) : error LNK2038: обнаружено несоответствие для "_ITERATOR_DEBUG_LEVEL": значение "0" не соответствует значению "2" в main.obj
libcef_dll_wrapper.lib(focus_handler_cpptoc.obj) : error LNK2038: обнаружено несоответствие для "RuntimeLibrary": значение "MT_StaticRelease" не соответствует значению "MDd_DynamicDebug" в main.obj
libcef_dll_wrapper.lib(focus_handler_cpptoc.obj) : warning LNK4099: "libcef_dll_wrapper.pdb" PDB не найден с "libcef_dll_wrapper.lib(focus_handler_cpptoc.obj)" или на "C:\Users\JNNGL\IdeaProjects\TotalComputers\browser\build\Debug\libcef_dll_wrapper.pdb"; компоновка объекта выполняется как при отсутствии отладочных данных
libcef_dll_wrapper.lib(frame_handler_cpptoc.obj) : error LNK2038: обнаружено несоответствие для "_ITERATOR_DEBUG_LEVEL": значение "0" не соответствует значению "2" в main.obj
libcef_dll_wrapper.lib(frame_handler_cpptoc.obj) : error LNK2038: обнаружено несоответствие для "RuntimeLibrary": значение "MT_StaticRelease" не соответствует значению "MDd_DynamicDebug" в main.obj
libcef_dll_wrapper.lib(frame_handler_cpptoc.obj) : warning LNK4099: "libcef_dll_wrapper.pdb" PDB не найден с "libcef_dll_wrapper.lib(frame_handler_cpptoc.obj)" или на "C:\Users\JNNGL\IdeaProjects\TotalComputers\browser\build\Debug\libcef_dll_wrapper.pdb"; компоновка объекта выполняется как при отсутствии отладочных данных
libcef_dll_wrapper.lib(jsdialog_handler_cpptoc.obj) : error LNK2038: обнаружено несоответствие для "_ITERATOR_DEBUG_LEVEL": значение "0" не соответствует значению "2" в main.obj
libcef_dll_wrapper.lib(jsdialog_handler_cpptoc.obj) : error LNK2038: обнаружено несоответствие для "RuntimeLibrary": значение "MT_StaticRelease" не соответствует значению "MDd_DynamicDebug" в main.obj
libcef_dll_wrapper.lib(jsdialog_handler_cpptoc.obj) : warning LNK4099: "libcef_dll_wrapper.pdb" PDB не найден с "libcef_dll_wrapper.lib(jsdialog_handler_cpptoc.obj)" или на "C:\Users\JNNGL\IdeaProjects\TotalComputers\browser\build\Debug\libcef_dll_wrapper.pdb"; компоновка объекта выполняется как при отсутствии отладочных данных
libcef_dll_wrapper.lib(keyboard_handler_cpptoc.obj) : error LNK2038: обнаружено несоответствие для "_ITERATOR_DEBUG_LEVEL": значение "0" не соответствует значению "2" в main.obj
libcef_dll_wrapper.lib(keyboard_handler_cpptoc.obj) : error LNK2038: обнаружено несоответствие для "RuntimeLibrary": значение "MT_StaticRelease" не соответствует значению "MDd_DynamicDebug" в main.obj
libcef_dll_wrapper.lib(keyboard_handler_cpptoc.obj) : warning LNK4099: "libcef_dll_wrapper.pdb" PDB не найден с "libcef_dll_wrapper.lib(keyboard_handler_cpptoc.obj)" или на "C:\Users\JNNGL\IdeaProjects\TotalComputers\browser\build\Debug\libcef_dll_wrapper.pdb"; компоновка объекта выполняется как при отсутствии отладочных данных
libcef_dll_wrapper.lib(life_span_handler_cpptoc.obj) : error LNK2038: обнаружено несоответствие для "_ITERATOR_DEBUG_LEVEL": значение "0" не соответствует значению "2" в main.obj
libcef_dll_wrapper.lib(life_span_handler_cpptoc.obj) : error LNK2038: обнаружено несоответствие для "RuntimeLibrary": значение "MT_StaticRelease" не соответствует значению "MDd_DynamicDebug" в main.obj
libcef_dll_wrapper.lib(life_span_handler_cpptoc.obj) : warning LNK4099: "libcef_dll_wrapper.pdb" PDB не найден с "libcef_dll_wrapper.lib(life_span_handler_cpptoc.obj)" или на "C:\Users\JNNGL\IdeaProjects\TotalComputers\browser\build\Debug\libcef_dll_wrapper.pdb"; компоновка объекта выполняется как при отсутствии отладочных данных
libcef_dll_wrapper.lib(load_handler_cpptoc.obj) : error LNK2038: обнаружено несоответствие для "_ITERATOR_DEBUG_LEVEL": значение "0" не соответствует значению "2" в main.obj
libcef_dll_wrapper.lib(load_handler_cpptoc.obj) : error LNK2038: обнаружено несоответствие для "RuntimeLibrary": значение "MT_StaticRelease" не соответствует значению "MDd_DynamicDebug" в main.obj
libcef_dll_wrapper.lib(load_handler_cpptoc.obj) : warning LNK4099: "libcef_dll_wrapper.pdb" PDB не найден с "libcef_dll_wrapper.lib(load_handler_cpptoc.obj)" или на "C:\Users\JNNGL\IdeaProjects\TotalComputers\browser\build\Debug\libcef_dll_wrapper.pdb"; компоновка объекта выполняется как при отсутствии отладочных данных
libcef_dll_wrapper.lib(print_handler_cpptoc.obj) : error LNK2038: обнаружено несоответствие для "_ITERATOR_DEBUG_LEVEL": значение "0" не соответствует значению "2" в main.obj
libcef_dll_wrapper.lib(print_handler_cpptoc.obj) : error LNK2038: обнаружено несоответствие для "RuntimeLibrary": значение "MT_StaticRelease" не соответствует значению "MDd_DynamicDebug" в main.obj
libcef_dll_wrapper.lib(print_handler_cpptoc.obj) : warning LNK4099: "libcef_dll_wrapper.pdb" PDB не найден с "libcef_dll_wrapper.lib(print_handler_cpptoc.obj)" или на "C:\Users\JNNGL\IdeaProjects\TotalComputers\browser\build\Debug\libcef_dll_wrapper.pdb"; компоновка объекта выполняется как при отсутствии отладочных данных
libcef_dll_wrapper.lib(render_handler_cpptoc.obj) : error LNK2038: обнаружено несоответствие для "_ITERATOR_DEBUG_LEVEL": значение "0" не соответствует значению "2" в main.obj
libcef_dll_wrapper.lib(render_handler_cpptoc.obj) : error LNK2038: обнаружено несоответствие для "RuntimeLibrary": значение "MT_StaticRelease" не соответствует значению "MDd_DynamicDebug" в main.obj
libcef_dll_wrapper.lib(render_handler_cpptoc.obj) : warning LNK4099: "libcef_dll_wrapper.pdb" PDB не найден с "libcef_dll_wrapper.lib(render_handler_cpptoc.obj)" или на "C:\Users\JNNGL\IdeaProjects\TotalComputers\browser\build\Debug\libcef_dll_wrapper.pdb"; компоновка объекта выполняется как при отсутствии отладочных данных
libcef_dll_wrapper.lib(request_handler_cpptoc.obj) : error LNK2038: обнаружено несоответствие для "_ITERATOR_DEBUG_LEVEL": значение "0" не соответствует значению "2" в main.obj
libcef_dll_wrapper.lib(request_handler_cpptoc.obj) : error LNK2038: обнаружено несоответствие для "RuntimeLibrary": значение "MT_StaticRelease" не соответствует значению "MDd_DynamicDebug" в main.obj
libcef_dll_wrapper.lib(request_handler_cpptoc.obj) : warning LNK4099: "libcef_dll_wrapper.pdb" PDB не найден с "libcef_dll_wrapper.lib(request_handler_cpptoc.obj)" или на "C:\Users\JNNGL\IdeaProjects\TotalComputers\browser\build\Debug\libcef_dll_wrapper.pdb"; компоновка объекта выполняется как при отсутствии отладочных данных
libcef_dll_wrapper.lib(process_message_ctocpp.obj) : error LNK2038: обнаружено несоответствие для "_ITERATOR_DEBUG_LEVEL": значение "0" не соответствует значению "2" в main.obj
libcef_dll_wrapper.lib(process_message_ctocpp.obj) : error LNK2038: обнаружено несоответствие для "RuntimeLibrary": значение "MT_StaticRelease" не соответствует значению "MDd_DynamicDebug" в main.obj
libcef_dll_wrapper.lib(process_message_ctocpp.obj) : warning LNK4099: "libcef_dll_wrapper.pdb" PDB не найден с "libcef_dll_wrapper.lib(process_message_ctocpp.obj)" или на "C:\Users\JNNGL\IdeaProjects\TotalComputers\browser\build\Debug\libcef_dll_wrapper.pdb"; компоновка объекта выполняется как при отсутствии отладочных данных
libcef_dll_wrapper.lib(image_ctocpp.obj) : error LNK2038: обнаружено несоответствие для "_ITERATOR_DEBUG_LEVEL": значение "0" не соответствует значению "2" в main.obj
libcef_dll_wrapper.lib(image_ctocpp.obj) : error LNK2038: обнаружено несоответствие для "RuntimeLibrary": значение "MT_StaticRelease" не соответствует значению "MDd_DynamicDebug" в main.obj
libcef_dll_wrapper.lib(image_ctocpp.obj) : warning LNK4099: "libcef_dll_wrapper.pdb" PDB не найден с "libcef_dll_wrapper.lib(image_ctocpp.obj)" или на "C:\Users\JNNGL\IdeaProjects\TotalComputers\browser\build\Debug\libcef_dll_wrapper.pdb"; компоновка объекта выполняется как при отсутствии отладочных данных
libcef_dll_wrapper.lib(list_value_ctocpp.obj) : error LNK2038: обнаружено несоответствие для "_ITERATOR_DEBUG_LEVEL": значение "0" не соответствует значению "2" в main.obj
libcef_dll_wrapper.lib(list_value_ctocpp.obj) : error LNK2038: обнаружено несоответствие для "RuntimeLibrary": значение "MT_StaticRelease" не соответствует значению "MDd_DynamicDebug" в main.obj
libcef_dll_wrapper.lib(list_value_ctocpp.obj) : warning LNK4099: "libcef_dll_wrapper.pdb" PDB не найден с "libcef_dll_wrapper.lib(list_value_ctocpp.obj)" или на "C:\Users\JNNGL\IdeaProjects\TotalComputers\browser\build\Debug\libcef_dll_wrapper.pdb"; компоновка объекта выполняется как при отсутствии отладочных данных
libcef_dll_wrapper.lib(stream_writer_ctocpp.obj) : error LNK2038: обнаружено несоответствие для "_ITERATOR_DEBUG_LEVEL": значение "0" не соответствует значению "2" в main.obj
libcef_dll_wrapper.lib(stream_writer_ctocpp.obj) : error LNK2038: обнаружено несоответствие для "RuntimeLibrary": значение "MT_StaticRelease" не соответствует значению "MDd_DynamicDebug" в main.obj
libcef_dll_wrapper.lib(stream_writer_ctocpp.obj) : warning LNK4099: "libcef_dll_wrapper.pdb" PDB не найден с "libcef_dll_wrapper.lib(stream_writer_ctocpp.obj)" или на "C:\Users\JNNGL\IdeaProjects\TotalComputers\browser\build\Debug\libcef_dll_wrapper.pdb"; компоновка объекта выполняется как при отсутствии отладочных данных
libcef_dll_wrapper.lib(extension_handler_cpptoc.obj) : error LNK2038: обнаружено несоответствие для "_ITERATOR_DEBUG_LEVEL": значение "0" не соответствует значению "2" в main.obj
libcef_dll_wrapper.lib(extension_handler_cpptoc.obj) : error LNK2038: обнаружено несоответствие для "RuntimeLibrary": значение "MT_StaticRelease" не соответствует значению "MDd_DynamicDebug" в main.obj
libcef_dll_wrapper.lib(extension_handler_cpptoc.obj) : warning LNK4099: "libcef_dll_wrapper.pdb" PDB не найден с "libcef_dll_wrapper.lib(extension_handler_cpptoc.obj)" или на "C:\Users\JNNGL\IdeaProjects\TotalComputers\browser\build\Debug\libcef_dll_wrapper.pdb"; компоновка объекта выполняется как при отсутствии отладочных данных
libcef_dll_wrapper.lib(sslstatus_ctocpp.obj) : error LNK2038: обнаружено несоответствие для "_ITERATOR_DEBUG_LEVEL": значение "0" не соответствует значению "2" в main.obj
libcef_dll_wrapper.lib(sslstatus_ctocpp.obj) : error LNK2038: обнаружено несоответствие для "RuntimeLibrary": значение "MT_StaticRelease" не соответствует значению "MDd_DynamicDebug" в main.obj
libcef_dll_wrapper.lib(sslstatus_ctocpp.obj) : warning LNK4099: "libcef_dll_wrapper.pdb" PDB не найден с "libcef_dll_wrapper.lib(sslstatus_ctocpp.obj)" или на "C:\Users\JNNGL\IdeaProjects\TotalComputers\browser\build\Debug\libcef_dll_wrapper.pdb"; компоновка объекта выполняется как при отсутствии отладочных данных
libcef_dll_wrapper.lib(request_context_handler_cpptoc.obj) : error LNK2038: обнаружено несоответствие для "_ITERATOR_DEBUG_LEVEL": значение "0" не соответствует значению "2" в main.obj
libcef_dll_wrapper.lib(request_context_handler_cpptoc.obj) : error LNK2038: обнаружено несоответствие для "RuntimeLibrary": значение "MT_StaticRelease" не соответствует значению "MDd_DynamicDebug" в main.obj
libcef_dll_wrapper.lib(request_context_handler_cpptoc.obj) : warning LNK4099: "libcef_dll_wrapper.pdb" PDB не найден с "libcef_dll_wrapper.lib(request_context_handler_cpptoc.obj)" или на "C:\Users\JNNGL\IdeaProjects\TotalComputers\browser\build\Debug\libcef_dll_wrapper.pdb"; компоновка объекта выполняется как при отсутствии отладочных данных
libcef_dll_wrapper.lib(resolve_callback_cpptoc.obj) : error LNK2038: обнаружено несоответствие для "_ITERATOR_DEBUG_LEVEL": значение "0" не соответствует значению "2" в main.obj
libcef_dll_wrapper.lib(resolve_callback_cpptoc.obj) : error LNK2038: обнаружено несоответствие для "RuntimeLibrary": значение "MT_StaticRelease" не соответствует значению "MDd_DynamicDebug" в main.obj
libcef_dll_wrapper.lib(resolve_callback_cpptoc.obj) : warning LNK4099: "libcef_dll_wrapper.pdb" PDB не найден с "libcef_dll_wrapper.lib(resolve_callback_cpptoc.obj)" или на "C:\Users\JNNGL\IdeaProjects\TotalComputers\browser\build\Debug\libcef_dll_wrapper.pdb"; компоновка объекта выполняется как при отсутствии отладочных данных
libcef_dll_wrapper.lib(cookie_manager_ctocpp.obj) : error LNK2038: обнаружено несоответствие для "_ITERATOR_DEBUG_LEVEL": значение "0" не соответствует значению "2" в main.obj
libcef_dll_wrapper.lib(cookie_manager_ctocpp.obj) : error LNK2038: обнаружено несоответствие для "RuntimeLibrary": значение "MT_StaticRelease" не соответствует значению "MDd_DynamicDebug" в main.obj
libcef_dll_wrapper.lib(cookie_manager_ctocpp.obj) : warning LNK4099: "libcef_dll_wrapper.pdb" PDB не найден с "libcef_dll_wrapper.lib(cookie_manager_ctocpp.obj)" или на "C:\Users\JNNGL\IdeaProjects\TotalComputers\browser\build\Debug\libcef_dll_wrapper.pdb"; компоновка объекта выполняется как при отсутствии отладочных данных
libcef_dll_wrapper.lib(media_router_ctocpp.obj) : error LNK2038: обнаружено несоответствие для "_ITERATOR_DEBUG_LEVEL": значение "0" не соответствует значению "2" в main.obj
libcef_dll_wrapper.lib(media_router_ctocpp.obj) : error LNK2038: обнаружено несоответствие для "RuntimeLibrary": значение "MT_StaticRelease" не соответствует значению "MDd_DynamicDebug" в main.obj
libcef_dll_wrapper.lib(media_router_ctocpp.obj) : warning LNK4099: "libcef_dll_wrapper.pdb" PDB не найден с "libcef_dll_wrapper.lib(media_router_ctocpp.obj)" или на "C:\Users\JNNGL\IdeaProjects\TotalComputers\browser\build\Debug\libcef_dll_wrapper.pdb"; компоновка объекта выполняется как при отсутствии отладочных данных
libcef_dll_wrapper.lib(browser_process_handler_cpptoc.obj) : error LNK2038: обнаружено несоответствие для "_ITERATOR_DEBUG_LEVEL": значение "0" не соответствует значению "2" в main.obj
libcef_dll_wrapper.lib(browser_process_handler_cpptoc.obj) : error LNK2038: обнаружено несоответствие для "RuntimeLibrary": значение "MT_StaticRelease" не соответствует значению "MDd_DynamicDebug" в main.obj
libcef_dll_wrapper.lib(browser_process_handler_cpptoc.obj) : warning LNK4099: "libcef_dll_wrapper.pdb" PDB не найден с "libcef_dll_wrapper.lib(browser_process_handler_cpptoc.obj)" или на "C:\Users\JNNGL\IdeaProjects\TotalComputers\browser\build\Debug\libcef_dll_wrapper.pdb"; компоновка объекта выполняется как при отсутствии отладочных данных
libcef_dll_wrapper.lib(render_process_handler_cpptoc.obj) : error LNK2038: обнаружено несоответствие для "_ITERATOR_DEBUG_LEVEL": значение "0" не соответствует значению "2" в main.obj
libcef_dll_wrapper.lib(render_process_handler_cpptoc.obj) : error LNK2038: обнаружено несоответствие для "RuntimeLibrary": значение "MT_StaticRelease" не соответствует значению "MDd_DynamicDebug" в main.obj
libcef_dll_wrapper.lib(render_process_handler_cpptoc.obj) : warning LNK4099: "libcef_dll_wrapper.pdb" PDB не найден с "libcef_dll_wrapper.lib(render_process_handler_cpptoc.obj)" или на "C:\Users\JNNGL\IdeaProjects\TotalComputers\browser\build\Debug\libcef_dll_wrapper.pdb"; компоновка объекта выполняется как при отсутствии отладочных данных
libcef_dll_wrapper.lib(resource_bundle_handler_cpptoc.obj) : error LNK2038: обнаружено несоответствие для "_ITERATOR_DEBUG_LEVEL": значение "0" не соответствует значению "2" в main.obj
libcef_dll_wrapper.lib(resource_bundle_handler_cpptoc.obj) : error LNK2038: обнаружено несоответствие для "RuntimeLibrary": значение "MT_StaticRelease" не соответствует значению "MDd_DynamicDebug" в main.obj
libcef_dll_wrapper.lib(resource_bundle_handler_cpptoc.obj) : warning LNK4099: "libcef_dll_wrapper.pdb" PDB не найден с "libcef_dll_wrapper.lib(resource_bundle_handler_cpptoc.obj)" или на "C:\Users\JNNGL\IdeaProjects\TotalComputers\browser\build\Debug\libcef_dll_wrapper.pdb"; компоновка объекта выполняется как при отсутствии отладочных данных
libcef_dll_wrapper.lib(scheme_registrar_ctocpp.obj) : error LNK2038: обнаружено несоответствие для "_ITERATOR_DEBUG_LEVEL": значение "0" не соответствует значению "2" в main.obj
libcef_dll_wrapper.lib(scheme_registrar_ctocpp.obj) : error LNK2038: обнаружено несоответствие для "RuntimeLibrary": значение "MT_StaticRelease" не соответствует значению "MDd_DynamicDebug" в main.obj
libcef_dll_wrapper.lib(scheme_registrar_ctocpp.obj) : warning LNK4099: "libcef_dll_wrapper.pdb" PDB не найден с "libcef_dll_wrapper.lib(scheme_registrar_ctocpp.obj)" или на "C:\Users\JNNGL\IdeaProjects\TotalComputers\browser\build\Debug\libcef_dll_wrapper.pdb"; компоновка объекта выполняется как при отсутствии отладочных данных
libcef_dll_wrapper.lib(resource_handler_cpptoc.obj) : error LNK2038: обнаружено несоответствие для "_ITERATOR_DEBUG_LEVEL": значение "0" не соответствует значению "2" в main.obj
libcef_dll_wrapper.lib(resource_handler_cpptoc.obj) : error LNK2038: обнаружено несоответствие для "RuntimeLibrary": значение "MT_StaticRelease" не соответствует значению "MDd_DynamicDebug" в main.obj
libcef_dll_wrapper.lib(resource_handler_cpptoc.obj) : warning LNK4099: "libcef_dll_wrapper.pdb" PDB не найден с "libcef_dll_wrapper.lib(resource_handler_cpptoc.obj)" или на "C:\Users\JNNGL\IdeaProjects\TotalComputers\browser\build\Debug\libcef_dll_wrapper.pdb"; компоновка объекта выполняется как при отсутствии отладочных данных
libcef_dll_wrapper.lib(request_ctocpp.obj) : error LNK2038: обнаружено несоответствие для "_ITERATOR_DEBUG_LEVEL": значение "0" не соответствует значению "2" в main.obj
libcef_dll_wrapper.lib(request_ctocpp.obj) : error LNK2038: обнаружено несоответствие для "RuntimeLibrary": значение "MT_StaticRelease" не соответствует значению "MDd_DynamicDebug" в main.obj
libcef_dll_wrapper.lib(request_ctocpp.obj) : warning LNK4099: "libcef_dll_wrapper.pdb" PDB не найден с "libcef_dll_wrapper.lib(request_ctocpp.obj)" или на "C:\Users\JNNGL\IdeaProjects\TotalComputers\browser\build\Debug\libcef_dll_wrapper.pdb"; компоновка объекта выполняется как при отсутствии отладочных данных
libcef_dll_wrapper.lib(v8value_ctocpp.obj) : error LNK2038: обнаружено несоответствие для "_ITERATOR_DEBUG_LEVEL": значение "0" не соответствует значению "2" в main.obj
libcef_dll_wrapper.lib(v8value_ctocpp.obj) : error LNK2038: обнаружено несоответствие для "RuntimeLibrary": значение "MT_StaticRelease" не соответствует значению "MDd_DynamicDebug" в main.obj
libcef_dll_wrapper.lib(v8value_ctocpp.obj) : warning LNK4099: "libcef_dll_wrapper.pdb" PDB не найден с "libcef_dll_wrapper.lib(v8value_ctocpp.obj)" или на "C:\Users\JNNGL\IdeaProjects\TotalComputers\browser\build\Debug\libcef_dll_wrapper.pdb"; компоновка объекта выполняется как при отсутствии отладочных данных
libcef_dll_wrapper.lib(web_plugin_info_ctocpp.obj) : error LNK2038: обнаружено несоответствие для "_ITERATOR_DEBUG_LEVEL": значение "0" не соответствует значению "2" в main.obj
libcef_dll_wrapper.lib(web_plugin_info_ctocpp.obj) : error LNK2038: обнаружено несоответствие для "RuntimeLibrary": значение "MT_StaticRelease" не соответствует значению "MDd_DynamicDebug" в main.obj
libcef_dll_wrapper.lib(web_plugin_info_ctocpp.obj) : warning LNK4099: "libcef_dll_wrapper.pdb" PDB не найден с "libcef_dll_wrapper.lib(web_plugin_info_ctocpp.obj)" или на "C:\Users\JNNGL\IdeaProjects\TotalComputers\browser\build\Debug\libcef_dll_wrapper.pdb"; компоновка объекта выполняется как при отсутствии отладочных данных
libcef_dll_wrapper.lib(domvisitor_cpptoc.obj) : error LNK2038: обнаружено несоответствие для "_ITERATOR_DEBUG_LEVEL": значение "0" не соответствует значению "2" в main.obj
libcef_dll_wrapper.lib(domvisitor_cpptoc.obj) : error LNK2038: обнаружено несоответствие для "RuntimeLibrary": значение "MT_StaticRelease" не соответствует значению "MDd_DynamicDebug" в main.obj
libcef_dll_wrapper.lib(domvisitor_cpptoc.obj) : warning LNK4099: "libcef_dll_wrapper.pdb" PDB не найден с "libcef_dll_wrapper.lib(domvisitor_cpptoc.obj)" или на "C:\Users\JNNGL\IdeaProjects\TotalComputers\browser\build\Debug\libcef_dll_wrapper.pdb"; компоновка объекта выполняется как при отсутствии отладочных данных
libcef_dll_wrapper.lib(string_visitor_cpptoc.obj) : error LNK2038: обнаружено несоответствие для "_ITERATOR_DEBUG_LEVEL": значение "0" не соответствует значению "2" в main.obj
libcef_dll_wrapper.lib(string_visitor_cpptoc.obj) : error LNK2038: обнаружено несоответствие для "RuntimeLibrary": значение "MT_StaticRelease" не соответствует значению "MDd_DynamicDebug" в main.obj
libcef_dll_wrapper.lib(string_visitor_cpptoc.obj) : warning LNK4099: "libcef_dll_wrapper.pdb" PDB не найден с "libcef_dll_wrapper.lib(string_visitor_cpptoc.obj)" или на "C:\Users\JNNGL\IdeaProjects\TotalComputers\browser\build\Debug\libcef_dll_wrapper.pdb"; компоновка объекта выполняется как при отсутствии отладочных данных
libcef_dll_wrapper.lib(urlrequest_client_cpptoc.obj) : error LNK2038: обнаружено несоответствие для "_ITERATOR_DEBUG_LEVEL": значение "0" не соответствует значению "2" в main.obj
libcef_dll_wrapper.lib(urlrequest_client_cpptoc.obj) : error LNK2038: обнаружено несоответствие для "RuntimeLibrary": значение "MT_StaticRelease" не соответствует значению "MDd_DynamicDebug" в main.obj
libcef_dll_wrapper.lib(urlrequest_client_cpptoc.obj) : warning LNK4099: "libcef_dll_wrapper.pdb" PDB не найден с "libcef_dll_wrapper.lib(urlrequest_client_cpptoc.obj)" или на "C:\Users\JNNGL\IdeaProjects\TotalComputers\browser\build\Debug\libcef_dll_wrapper.pdb"; компоновка объекта выполняется как при отсутствии отладочных данных
libcef_dll_wrapper.lib(urlrequest_ctocpp.obj) : error LNK2038: обнаружено несоответствие для "_ITERATOR_DEBUG_LEVEL": значение "0" не соответствует значению "2" в main.obj
libcef_dll_wrapper.lib(urlrequest_ctocpp.obj) : error LNK2038: обнаружено несоответствие для "RuntimeLibrary": значение "MT_StaticRelease" не соответствует значению "MDd_DynamicDebug" в main.obj
libcef_dll_wrapper.lib(urlrequest_ctocpp.obj) : warning LNK4099: "libcef_dll_wrapper.pdb" PDB не найден с "libcef_dll_wrapper.lib(urlrequest_ctocpp.obj)" или на "C:\Users\JNNGL\IdeaProjects\TotalComputers\browser\build\Debug\libcef_dll_wrapper.pdb"; компоновка объекта выполняется как при отсутствии отладочных данных
libcef_dll_wrapper.lib(v8context_ctocpp.obj) : error LNK2038: обнаружено несоответствие для "_ITERATOR_DEBUG_LEVEL": значение "0" не соответствует значению "2" в main.obj
libcef_dll_wrapper.lib(v8context_ctocpp.obj) : error LNK2038: обнаружено несоответствие для "RuntimeLibrary": значение "MT_StaticRelease" не соответствует значению "MDd_DynamicDebug" в main.obj
libcef_dll_wrapper.lib(v8context_ctocpp.obj) : warning LNK4099: "libcef_dll_wrapper.pdb" PDB не найден с "libcef_dll_wrapper.lib(v8context_ctocpp.obj)" или на "C:\Users\JNNGL\IdeaProjects\TotalComputers\browser\build\Debug\libcef_dll_wrapper.pdb"; компоновка объекта выполняется как при отсутствии отладочных данных
libcef_dll_wrapper.lib(context_menu_params_ctocpp.obj) : error LNK2038: обнаружено несоответствие для "_ITERATOR_DEBUG_LEVEL": значение "0" не соответствует значению "2" в main.obj
libcef_dll_wrapper.lib(context_menu_params_ctocpp.obj) : error LNK2038: обнаружено несоответствие для "RuntimeLibrary": значение "MT_StaticRelease" не соответствует значению "MDd_DynamicDebug" в main.obj
libcef_dll_wrapper.lib(context_menu_params_ctocpp.obj) : warning LNK4099: "libcef_dll_wrapper.pdb" PDB не найден с "libcef_dll_wrapper.lib(context_menu_params_ctocpp.obj)" или на "C:\Users\JNNGL\IdeaProjects\TotalComputers\browser\build\Debug\libcef_dll_wrapper.pdb"; компоновка объекта выполняется как при отсутствии отладочных данных
libcef_dll_wrapper.lib(menu_model_ctocpp.obj) : error LNK2038: обнаружено несоответствие для "_ITERATOR_DEBUG_LEVEL": значение "0" не соответствует значению "2" в main.obj
libcef_dll_wrapper.lib(menu_model_ctocpp.obj) : error LNK2038: обнаружено несоответствие для "RuntimeLibrary": значение "MT_StaticRelease" не соответствует значению "MDd_DynamicDebug" в main.obj
libcef_dll_wrapper.lib(menu_model_ctocpp.obj) : warning LNK4099: "libcef_dll_wrapper.pdb" PDB не найден с "libcef_dll_wrapper.lib(menu_model_ctocpp.obj)" или на "C:\Users\JNNGL\IdeaProjects\TotalComputers\browser\build\Debug\libcef_dll_wrapper.pdb"; компоновка объекта выполняется как при отсутствии отладочных данных
libcef_dll_wrapper.lib(run_context_menu_callback_ctocpp.obj) : error LNK2038: обнаружено несоответствие для "_ITERATOR_DEBUG_LEVEL": значение "0" не соответствует значению "2" в main.obj
libcef_dll_wrapper.lib(run_context_menu_callback_ctocpp.obj) : error LNK2038: обнаружено несоответствие для "RuntimeLibrary": значение "MT_StaticRelease" не соответствует значению "MDd_DynamicDebug" в main.obj
libcef_dll_wrapper.lib(run_context_menu_callback_ctocpp.obj) : warning LNK4099: "libcef_dll_wrapper.pdb" PDB не найден с "libcef_dll_wrapper.lib(run_context_menu_callback_ctocpp.obj)" или на "C:\Users\JNNGL\IdeaProjects\TotalComputers\browser\build\Debug\libcef_dll_wrapper.pdb"; компоновка объекта выполняется как при отсутствии отладочных данных
libcef_dll_wrapper.lib(file_dialog_callback_ctocpp.obj) : error LNK2038: обнаружено несоответствие для "_ITERATOR_DEBUG_LEVEL": значение "0" не соответствует значению "2" в main.obj
libcef_dll_wrapper.lib(file_dialog_callback_ctocpp.obj) : error LNK2038: обнаружено несоответствие для "RuntimeLibrary": значение "MT_StaticRelease" не соответствует значению "MDd_DynamicDebug" в main.obj
libcef_dll_wrapper.lib(file_dialog_callback_ctocpp.obj) : warning LNK4099: "libcef_dll_wrapper.pdb" PDB не найден с "libcef_dll_wrapper.lib(file_dialog_callback_ctocpp.obj)" или на "C:\Users\JNNGL\IdeaProjects\TotalComputers\browser\build\Debug\libcef_dll_wrapper.pdb"; компоновка объекта выполняется как при отсутствии отладочных данных
libcef_dll_wrapper.lib(before_download_callback_ctocpp.obj) : error LNK2038: обнаружено несоответствие для "_ITERATOR_DEBUG_LEVEL": значение "0" не соответствует значению "2" в main.obj
libcef_dll_wrapper.lib(before_download_callback_ctocpp.obj) : error LNK2038: обнаружено несоответствие для "RuntimeLibrary": значение "MT_StaticRelease" не соответствует значению "MDd_DynamicDebug" в main.obj
libcef_dll_wrapper.lib(before_download_callback_ctocpp.obj) : warning LNK4099: "libcef_dll_wrapper.pdb" PDB не найден с "libcef_dll_wrapper.lib(before_download_callback_ctocpp.obj)" или на "C:\Users\JNNGL\IdeaProjects\TotalComputers\browser\build\Debug\libcef_dll_wrapper.pdb"; компоновка объекта выполняется как при отсутствии отладочных данных
libcef_dll_wrapper.lib(download_item_callback_ctocpp.obj) : error LNK2038: обнаружено несоответствие для "_ITERATOR_DEBUG_LEVEL": значение "0" не соответствует значению "2" в main.obj
libcef_dll_wrapper.lib(download_item_callback_ctocpp.obj) : error LNK2038: обнаружено несоответствие для "RuntimeLibrary": значение "MT_StaticRelease" не соответствует значению "MDd_DynamicDebug" в main.obj
libcef_dll_wrapper.lib(download_item_callback_ctocpp.obj) : warning LNK4099: "libcef_dll_wrapper.pdb" PDB не найден с "libcef_dll_wrapper.lib(download_item_callback_ctocpp.obj)" или на "C:\Users\JNNGL\IdeaProjects\TotalComputers\browser\build\Debug\libcef_dll_wrapper.pdb"; компоновка объекта выполняется как при отсутствии отладочных данных
libcef_dll_wrapper.lib(download_item_ctocpp.obj) : error LNK2038: обнаружено несоответствие для "_ITERATOR_DEBUG_LEVEL": значение "0" не соответствует значению "2" в main.obj
libcef_dll_wrapper.lib(download_item_ctocpp.obj) : error LNK2038: обнаружено несоответствие для "RuntimeLibrary": значение "MT_StaticRelease" не соответствует значению "MDd_DynamicDebug" в main.obj
libcef_dll_wrapper.lib(download_item_ctocpp.obj) : warning LNK4099: "libcef_dll_wrapper.pdb" PDB не найден с "libcef_dll_wrapper.lib(download_item_ctocpp.obj)" или на "C:\Users\JNNGL\IdeaProjects\TotalComputers\browser\build\Debug\libcef_dll_wrapper.pdb"; компоновка объекта выполняется как при отсутствии отладочных данных
libcef_dll_wrapper.lib(jsdialog_callback_ctocpp.obj) : error LNK2038: обнаружено несоответствие для "_ITERATOR_DEBUG_LEVEL": значение "0" не соответствует значению "2" в main.obj
libcef_dll_wrapper.lib(jsdialog_callback_ctocpp.obj) : error LNK2038: обнаружено несоответствие для "RuntimeLibrary": значение "MT_StaticRelease" не соответствует значению "MDd_DynamicDebug" в main.obj
libcef_dll_wrapper.lib(jsdialog_callback_ctocpp.obj) : warning LNK4099: "libcef_dll_wrapper.pdb" PDB не найден с "libcef_dll_wrapper.lib(jsdialog_callback_ctocpp.obj)" или на "C:\Users\JNNGL\IdeaProjects\TotalComputers\browser\build\Debug\libcef_dll_wrapper.pdb"; компоновка объекта выполняется как при отсутствии отладочных данных
libcef_dll_wrapper.lib(print_dialog_callback_ctocpp.obj) : error LNK2038: обнаружено несоответствие для "_ITERATOR_DEBUG_LEVEL": значение "0" не соответствует значению "2" в main.obj
libcef_dll_wrapper.lib(print_dialog_callback_ctocpp.obj) : error LNK2038: обнаружено несоответствие для "RuntimeLibrary": значение "MT_StaticRelease" не соответствует значению "MDd_DynamicDebug" в main.obj
libcef_dll_wrapper.lib(print_dialog_callback_ctocpp.obj) : warning LNK4099: "libcef_dll_wrapper.pdb" PDB не найден с "libcef_dll_wrapper.lib(print_dialog_callback_ctocpp.obj)" или на "C:\Users\JNNGL\IdeaProjects\TotalComputers\browser\build\Debug\libcef_dll_wrapper.pdb"; компоновка объекта выполняется как при отсутствии отладочных данных
libcef_dll_wrapper.lib(print_job_callback_ctocpp.obj) : error LNK2038: обнаружено несоответствие для "_ITERATOR_DEBUG_LEVEL": значение "0" не соответствует значению "2" в main.obj
libcef_dll_wrapper.lib(print_job_callback_ctocpp.obj) : error LNK2038: обнаружено несоответствие для "RuntimeLibrary": значение "MT_StaticRelease" не соответствует значению "MDd_DynamicDebug" в main.obj
libcef_dll_wrapper.lib(print_job_callback_ctocpp.obj) : warning LNK4099: "libcef_dll_wrapper.pdb" PDB не найден с "libcef_dll_wrapper.lib(print_job_callback_ctocpp.obj)" или на "C:\Users\JNNGL\IdeaProjects\TotalComputers\browser\build\Debug\libcef_dll_wrapper.pdb"; компоновка объекта выполняется как при отсутствии отладочных данных
libcef_dll_wrapper.lib(print_settings_ctocpp.obj) : error LNK2038: обнаружено несоответствие для "_ITERATOR_DEBUG_LEVEL": значение "0" не соответствует значению "2" в main.obj
libcef_dll_wrapper.lib(print_settings_ctocpp.obj) : error LNK2038: обнаружено несоответствие для "RuntimeLibrary": значение "MT_StaticRelease" не соответствует значению "MDd_DynamicDebug" в main.obj
libcef_dll_wrapper.lib(print_settings_ctocpp.obj) : warning LNK4099: "libcef_dll_wrapper.pdb" PDB не найден с "libcef_dll_wrapper.lib(print_settings_ctocpp.obj)" или на "C:\Users\JNNGL\IdeaProjects\TotalComputers\browser\build\Debug\libcef_dll_wrapper.pdb"; компоновка объекта выполняется как при отсутствии отладочных данных
libcef_dll_wrapper.lib(cef_logging.obj) : error LNK2038: обнаружено несоответствие для "_ITERATOR_DEBUG_LEVEL": значение "0" не соответствует значению "2" в main.obj
libcef_dll_wrapper.lib(cef_logging.obj) : error LNK2038: обнаружено несоответствие для "RuntimeLibrary": значение "MT_StaticRelease" не соответствует значению "MDd_DynamicDebug" в main.obj
libcef_dll_wrapper.lib(cef_logging.obj) : warning LNK4099: "libcef_dll_wrapper.pdb" PDB не найден с "libcef_dll_wrapper.lib(cef_logging.obj)" или на "C:\Users\JNNGL\IdeaProjects\TotalComputers\browser\build\Debug\libcef_dll_wrapper.pdb"; компоновка объекта выполняется как при отсутствии отладочных данных
libcef_dll_wrapper.lib(accessibility_handler_cpptoc.obj) : error LNK2038: обнаружено несоответствие для "_ITERATOR_DEBUG_LEVEL": значение "0" не соответствует значению "2" в main.obj
libcef_dll_wrapper.lib(accessibility_handler_cpptoc.obj) : error LNK2038: обнаружено несоответствие для "RuntimeLibrary": значение "MT_StaticRelease" не соответствует значению "MDd_DynamicDebug" в main.obj
libcef_dll_wrapper.lib(accessibility_handler_cpptoc.obj) : warning LNK4099: "libcef_dll_wrapper.pdb" PDB не найден с "libcef_dll_wrapper.lib(accessibility_handler_cpptoc.obj)" или на "C:\Users\JNNGL\IdeaProjects\TotalComputers\browser\build\Debug\libcef_dll_wrapper.pdb"; компоновка объекта выполняется как при отсутствии отладочных данных
libcef_dll_wrapper.lib(resource_request_handler_cpptoc.obj) : error LNK2038: обнаружено несоответствие для "_ITERATOR_DEBUG_LEVEL": значение "0" не соответствует значению "2" в main.obj
libcef_dll_wrapper.lib(resource_request_handler_cpptoc.obj) : error LNK2038: обнаружено несоответствие для "RuntimeLibrary": значение "MT_StaticRelease" не соответствует значению "MDd_DynamicDebug" в main.obj
libcef_dll_wrapper.lib(resource_request_handler_cpptoc.obj) : warning LNK4099: "libcef_dll_wrapper.pdb" PDB не найден с "libcef_dll_wrapper.lib(resource_request_handler_cpptoc.obj)" или на "C:\Users\JNNGL\IdeaProjects\TotalComputers\browser\build\Debug\libcef_dll_wrapper.pdb"; компоновка объекта выполняется как при отсутствии отладочных данных
libcef_dll_wrapper.lib(auth_callback_ctocpp.obj) : error LNK2038: обнаружено несоответствие для "_ITERATOR_DEBUG_LEVEL": значение "0" не соответствует значению "2" в main.obj
libcef_dll_wrapper.lib(auth_callback_ctocpp.obj) : error LNK2038: обнаружено несоответствие для "RuntimeLibrary": значение "MT_StaticRelease" не соответствует значению "MDd_DynamicDebug" в main.obj
libcef_dll_wrapper.lib(auth_callback_ctocpp.obj) : warning LNK4099: "libcef_dll_wrapper.pdb" PDB не найден с "libcef_dll_wrapper.lib(auth_callback_ctocpp.obj)" или на "C:\Users\JNNGL\IdeaProjects\TotalComputers\browser\build\Debug\libcef_dll_wrapper.pdb"; компоновка объекта выполняется как при отсутствии отладочных данных
libcef_dll_wrapper.lib(callback_ctocpp.obj) : error LNK2038: обнаружено несоответствие для "_ITERATOR_DEBUG_LEVEL": значение "0" не соответствует значению "2" в main.obj
libcef_dll_wrapper.lib(callback_ctocpp.obj) : error LNK2038: обнаружено несоответствие для "RuntimeLibrary": значение "MT_StaticRelease" не соответствует значению "MDd_DynamicDebug" в main.obj
libcef_dll_wrapper.lib(callback_ctocpp.obj) : warning LNK4099: "libcef_dll_wrapper.pdb" PDB не найден с "libcef_dll_wrapper.lib(callback_ctocpp.obj)" или на "C:\Users\JNNGL\IdeaProjects\TotalComputers\browser\build\Debug\libcef_dll_wrapper.pdb"; компоновка объекта выполняется как при отсутствии отладочных данных
libcef_dll_wrapper.lib(select_client_certificate_callback_ctocpp.obj) : error LNK2038: обнаружено несоответствие для "_ITERATOR_DEBUG_LEVEL": значение "0" не соответствует значению "2" в main.obj
libcef_dll_wrapper.lib(select_client_certificate_callback_ctocpp.obj) : error LNK2038: обнаружено несоответствие для "RuntimeLibrary": значение "MT_StaticRelease" не соответствует значению "MDd_DynamicDebug" в main.obj
libcef_dll_wrapper.lib(select_client_certificate_callback_ctocpp.obj) : warning LNK4099: "libcef_dll_wrapper.pdb" PDB не найден с "libcef_dll_wrapper.lib(select_client_certificate_callback_ctocpp.obj)" или на "C:\Users\JNNGL\IdeaProjects\TotalComputers\browser\build\Debug\libcef_dll_wrapper.pdb"; компоновка объекта выполняется как при отсутствии отладочных данных
libcef_dll_wrapper.lib(sslinfo_ctocpp.obj) : error LNK2038: обнаружено несоответствие для "_ITERATOR_DEBUG_LEVEL": значение "0" не соответствует значению "2" в main.obj
libcef_dll_wrapper.lib(sslinfo_ctocpp.obj) : error LNK2038: обнаружено несоответствие для "RuntimeLibrary": значение "MT_StaticRelease" не соответствует значению "MDd_DynamicDebug" в main.obj
libcef_dll_wrapper.lib(sslinfo_ctocpp.obj) : warning LNK4099: "libcef_dll_wrapper.pdb" PDB не найден с "libcef_dll_wrapper.lib(sslinfo_ctocpp.obj)" или на "C:\Users\JNNGL\IdeaProjects\TotalComputers\browser\build\Debug\libcef_dll_wrapper.pdb"; компоновка объекта выполняется как при отсутствии отладочных данных
libcef_dll_wrapper.lib(x509certificate_ctocpp.obj) : error LNK2038: обнаружено несоответствие для "_ITERATOR_DEBUG_LEVEL": значение "0" не соответствует значению "2" в main.obj
libcef_dll_wrapper.lib(x509certificate_ctocpp.obj) : error LNK2038: обнаружено несоответствие для "RuntimeLibrary": значение "MT_StaticRelease" не соответствует значению "MDd_DynamicDebug" в main.obj
libcef_dll_wrapper.lib(x509certificate_ctocpp.obj) : warning LNK4099: "libcef_dll_wrapper.pdb" PDB не найден с "libcef_dll_wrapper.lib(x509certificate_ctocpp.obj)" или на "C:\Users\JNNGL\IdeaProjects\TotalComputers\browser\build\Debug\libcef_dll_wrapper.pdb"; компоновка объекта выполняется как при отсутствии отладочных данных
libcef_dll_wrapper.lib(write_handler_cpptoc.obj) : error LNK2038: обнаружено несоответствие для "_ITERATOR_DEBUG_LEVEL": значение "0" не соответствует значению "2" в main.obj
libcef_dll_wrapper.lib(write_handler_cpptoc.obj) : error LNK2038: обнаружено несоответствие для "RuntimeLibrary": значение "MT_StaticRelease" не соответствует значению "MDd_DynamicDebug" в main.obj
libcef_dll_wrapper.lib(write_handler_cpptoc.obj) : warning LNK4099: "libcef_dll_wrapper.pdb" PDB не найден с "libcef_dll_wrapper.lib(write_handler_cpptoc.obj)" или на "C:\Users\JNNGL\IdeaProjects\TotalComputers\browser\build\Debug\libcef_dll_wrapper.pdb"; компоновка объекта выполняется как при отсутствии отладочных данных
libcef_dll_wrapper.lib(get_extension_resource_callback_ctocpp.obj) : error LNK2038: обнаружено несоответствие для "_ITERATOR_DEBUG_LEVEL": значение "0" не соответствует значению "2" в main.obj
libcef_dll_wrapper.lib(get_extension_resource_callback_ctocpp.obj) : error LNK2038: обнаружено несоответствие для "RuntimeLibrary": значение "MT_StaticRelease" не соответствует значению "MDd_DynamicDebug" в main.obj
libcef_dll_wrapper.lib(get_extension_resource_callback_ctocpp.obj) : warning LNK4099: "libcef_dll_wrapper.pdb" PDB не найден с "libcef_dll_wrapper.lib(get_extension_resource_callback_ctocpp.obj)" или на "C:\Users\JNNGL\IdeaProjects\TotalComputers\browser\build\Debug\libcef_dll_wrapper.pdb"; компоновка объекта выполняется как при отсутствии отладочных данных
libcef_dll_wrapper.lib(cookie_visitor_cpptoc.obj) : error LNK2038: обнаружено несоответствие для "_ITERATOR_DEBUG_LEVEL": значение "0" не соответствует значению "2" в main.obj
libcef_dll_wrapper.lib(cookie_visitor_cpptoc.obj) : error LNK2038: обнаружено несоответствие для "RuntimeLibrary": значение "MT_StaticRelease" не соответствует значению "MDd_DynamicDebug" в main.obj
libcef_dll_wrapper.lib(cookie_visitor_cpptoc.obj) : warning LNK4099: "libcef_dll_wrapper.pdb" PDB не найден с "libcef_dll_wrapper.lib(cookie_visitor_cpptoc.obj)" или на "C:\Users\JNNGL\IdeaProjects\TotalComputers\browser\build\Debug\libcef_dll_wrapper.pdb"; компоновка объекта выполняется как при отсутствии отладочных данных
libcef_dll_wrapper.lib(delete_cookies_callback_cpptoc.obj) : error LNK2038: обнаружено несоответствие для "_ITERATOR_DEBUG_LEVEL": значение "0" не соответствует значению "2" в main.obj
libcef_dll_wrapper.lib(delete_cookies_callback_cpptoc.obj) : error LNK2038: обнаружено несоответствие для "RuntimeLibrary": значение "MT_StaticRelease" не соответствует значению "MDd_DynamicDebug" в main.obj
libcef_dll_wrapper.lib(delete_cookies_callback_cpptoc.obj) : warning LNK4099: "libcef_dll_wrapper.pdb" PDB не найден с "libcef_dll_wrapper.lib(delete_cookies_callback_cpptoc.obj)" или на "C:\Users\JNNGL\IdeaProjects\TotalComputers\browser\build\Debug\libcef_dll_wrapper.pdb"; компоновка объекта выполняется как при отсутствии отладочных данных
libcef_dll_wrapper.lib(set_cookie_callback_cpptoc.obj) : error LNK2038: обнаружено несоответствие для "_ITERATOR_DEBUG_LEVEL": значение "0" не соответствует значению "2" в main.obj
libcef_dll_wrapper.lib(set_cookie_callback_cpptoc.obj) : error LNK2038: обнаружено несоответствие для "RuntimeLibrary": значение "MT_StaticRelease" не соответствует значению "MDd_DynamicDebug" в main.obj
libcef_dll_wrapper.lib(set_cookie_callback_cpptoc.obj) : warning LNK4099: "libcef_dll_wrapper.pdb" PDB не найден с "libcef_dll_wrapper.lib(set_cookie_callback_cpptoc.obj)" или на "C:\Users\JNNGL\IdeaProjects\TotalComputers\browser\build\Debug\libcef_dll_wrapper.pdb"; компоновка объекта выполняется как при отсутствии отладочных данных
libcef_dll_wrapper.lib(media_observer_cpptoc.obj) : error LNK2038: обнаружено несоответствие для "_ITERATOR_DEBUG_LEVEL": значение "0" не соответствует значению "2" в main.obj
libcef_dll_wrapper.lib(media_observer_cpptoc.obj) : error LNK2038: обнаружено несоответствие для "RuntimeLibrary": значение "MT_StaticRelease" не соответствует значению "MDd_DynamicDebug" в main.obj
libcef_dll_wrapper.lib(media_observer_cpptoc.obj) : warning LNK4099: "libcef_dll_wrapper.pdb" PDB не найден с "libcef_dll_wrapper.lib(media_observer_cpptoc.obj)" или на "C:\Users\JNNGL\IdeaProjects\TotalComputers\browser\build\Debug\libcef_dll_wrapper.pdb"; компоновка объекта выполняется как при отсутствии отладочных данных
libcef_dll_wrapper.lib(media_route_create_callback_cpptoc.obj) : error LNK2038: обнаружено несоответствие для "_ITERATOR_DEBUG_LEVEL": значение "0" не соответствует значению "2" в main.obj
libcef_dll_wrapper.lib(media_route_create_callback_cpptoc.obj) : error LNK2038: обнаружено несоответствие для "RuntimeLibrary": значение "MT_StaticRelease" не соответствует значению "MDd_DynamicDebug" в main.obj
libcef_dll_wrapper.lib(media_route_create_callback_cpptoc.obj) : warning LNK4099: "libcef_dll_wrapper.pdb" PDB не найден с "libcef_dll_wrapper.lib(media_route_create_callback_cpptoc.obj)" или на "C:\Users\JNNGL\IdeaProjects\TotalComputers\browser\build\Debug\libcef_dll_wrapper.pdb"; компоновка объекта выполняется как при отсутствии отладочных данных
libcef_dll_wrapper.lib(media_sink_ctocpp.obj) : error LNK2038: обнаружено несоответствие для "_ITERATOR_DEBUG_LEVEL": значение "0" не соответствует значению "2" в main.obj
libcef_dll_wrapper.lib(media_sink_ctocpp.obj) : error LNK2038: обнаружено несоответствие для "RuntimeLibrary": значение "MT_StaticRelease" не соответствует значению "MDd_DynamicDebug" в main.obj
libcef_dll_wrapper.lib(media_sink_ctocpp.obj) : warning LNK4099: "libcef_dll_wrapper.pdb" PDB не найден с "libcef_dll_wrapper.lib(media_sink_ctocpp.obj)" или на "C:\Users\JNNGL\IdeaProjects\TotalComputers\browser\build\Debug\libcef_dll_wrapper.pdb"; компоновка объекта выполняется как при отсутствии отладочных данных
libcef_dll_wrapper.lib(media_source_ctocpp.obj) : error LNK2038: обнаружено несоответствие для "_ITERATOR_DEBUG_LEVEL": значение "0" не соответствует значению "2" в main.obj
libcef_dll_wrapper.lib(media_source_ctocpp.obj) : error LNK2038: обнаружено несоответствие для "RuntimeLibrary": значение "MT_StaticRelease" не соответствует значению "MDd_DynamicDebug" в main.obj
libcef_dll_wrapper.lib(media_source_ctocpp.obj) : warning LNK4099: "libcef_dll_wrapper.pdb" PDB не найден с "libcef_dll_wrapper.lib(media_source_ctocpp.obj)" или на "C:\Users\JNNGL\IdeaProjects\TotalComputers\browser\build\Debug\libcef_dll_wrapper.pdb"; компоновка объекта выполняется как при отсутствии отладочных данных
libcef_dll_wrapper.lib(domnode_ctocpp.obj) : error LNK2038: обнаружено несоответствие для "_ITERATOR_DEBUG_LEVEL": значение "0" не соответствует значению "2" в main.obj
libcef_dll_wrapper.lib(domnode_ctocpp.obj) : error LNK2038: обнаружено несоответствие для "RuntimeLibrary": значение "MT_StaticRelease" не соответствует значению "MDd_DynamicDebug" в main.obj
libcef_dll_wrapper.lib(domnode_ctocpp.obj) : warning LNK4099: "libcef_dll_wrapper.pdb" PDB не найден с "libcef_dll_wrapper.lib(domnode_ctocpp.obj)" или на "C:\Users\JNNGL\IdeaProjects\TotalComputers\browser\build\Debug\libcef_dll_wrapper.pdb"; компоновка объекта выполняется как при отсутствии отладочных данных
libcef_dll_wrapper.lib(v8exception_ctocpp.obj) : error LNK2038: обнаружено несоответствие для "_ITERATOR_DEBUG_LEVEL": значение "0" не соответствует значению "2" в main.obj
libcef_dll_wrapper.lib(v8exception_ctocpp.obj) : error LNK2038: обнаружено несоответствие для "RuntimeLibrary": значение "MT_StaticRelease" не соответствует значению "MDd_DynamicDebug" в main.obj
libcef_dll_wrapper.lib(v8exception_ctocpp.obj) : warning LNK4099: "libcef_dll_wrapper.pdb" PDB не найден с "libcef_dll_wrapper.lib(v8exception_ctocpp.obj)" или на "C:\Users\JNNGL\IdeaProjects\TotalComputers\browser\build\Debug\libcef_dll_wrapper.pdb"; компоновка объекта выполняется как при отсутствии отладочных данных
libcef_dll_wrapper.lib(v8stack_trace_ctocpp.obj) : error LNK2038: обнаружено несоответствие для "_ITERATOR_DEBUG_LEVEL": значение "0" не соответствует значению "2" в main.obj
libcef_dll_wrapper.lib(v8stack_trace_ctocpp.obj) : error LNK2038: обнаружено несоответствие для "RuntimeLibrary": значение "MT_StaticRelease" не соответствует значению "MDd_DynamicDebug" в main.obj
libcef_dll_wrapper.lib(v8stack_trace_ctocpp.obj) : warning LNK4099: "libcef_dll_wrapper.pdb" PDB не найден с "libcef_dll_wrapper.lib(v8stack_trace_ctocpp.obj)" или на "C:\Users\JNNGL\IdeaProjects\TotalComputers\browser\build\Debug\libcef_dll_wrapper.pdb"; компоновка объекта выполняется как при отсутствии отладочных данных
libcef_dll_wrapper.lib(resource_read_callback_ctocpp.obj) : error LNK2038: обнаружено несоответствие для "_ITERATOR_DEBUG_LEVEL": значение "0" не соответствует значению "2" в main.obj
libcef_dll_wrapper.lib(resource_read_callback_ctocpp.obj) : error LNK2038: обнаружено несоответствие для "RuntimeLibrary": значение "MT_StaticRelease" не соответствует значению "MDd_DynamicDebug" в main.obj
libcef_dll_wrapper.lib(resource_read_callback_ctocpp.obj) : warning LNK4099: "libcef_dll_wrapper.pdb" PDB не найден с "libcef_dll_wrapper.lib(resource_read_callback_ctocpp.obj)" или на "C:\Users\JNNGL\IdeaProjects\TotalComputers\browser\build\Debug\libcef_dll_wrapper.pdb"; компоновка объекта выполняется как при отсутствии отладочных данных
libcef_dll_wrapper.lib(resource_skip_callback_ctocpp.obj) : error LNK2038: обнаружено несоответствие для "_ITERATOR_DEBUG_LEVEL": значение "0" не соответствует значению "2" в main.obj
libcef_dll_wrapper.lib(resource_skip_callback_ctocpp.obj) : error LNK2038: обнаружено несоответствие для "RuntimeLibrary": значение "MT_StaticRelease" не соответствует значению "MDd_DynamicDebug" в main.obj
libcef_dll_wrapper.lib(resource_skip_callback_ctocpp.obj) : warning LNK4099: "libcef_dll_wrapper.pdb" PDB не найден с "libcef_dll_wrapper.lib(resource_skip_callback_ctocpp.obj)" или на "C:\Users\JNNGL\IdeaProjects\TotalComputers\browser\build\Debug\libcef_dll_wrapper.pdb"; компоновка объекта выполняется как при отсутствии отладочных данных
libcef_dll_wrapper.lib(response_ctocpp.obj) : error LNK2038: обнаружено несоответствие для "_ITERATOR_DEBUG_LEVEL": значение "0" не соответствует значению "2" в main.obj
libcef_dll_wrapper.lib(response_ctocpp.obj) : error LNK2038: обнаружено несоответствие для "RuntimeLibrary": значение "MT_StaticRelease" не соответствует значению "MDd_DynamicDebug" в main.obj
libcef_dll_wrapper.lib(response_ctocpp.obj) : warning LNK4099: "libcef_dll_wrapper.pdb" PDB не найден с "libcef_dll_wrapper.lib(response_ctocpp.obj)" или на "C:\Users\JNNGL\IdeaProjects\TotalComputers\browser\build\Debug\libcef_dll_wrapper.pdb"; компоновка объекта выполняется как при отсутствии отладочных данных
libcef_dll_wrapper.lib(post_data_ctocpp.obj) : error LNK2038: обнаружено несоответствие для "_ITERATOR_DEBUG_LEVEL": значение "0" не соответствует значению "2" в main.obj
libcef_dll_wrapper.lib(post_data_ctocpp.obj) : error LNK2038: обнаружено несоответствие для "RuntimeLibrary": значение "MT_StaticRelease" не соответствует значению "MDd_DynamicDebug" в main.obj
libcef_dll_wrapper.lib(post_data_ctocpp.obj) : warning LNK4099: "libcef_dll_wrapper.pdb" PDB не найден с "libcef_dll_wrapper.lib(post_data_ctocpp.obj)" или на "C:\Users\JNNGL\IdeaProjects\TotalComputers\browser\build\Debug\libcef_dll_wrapper.pdb"; компоновка объекта выполняется как при отсутствии отладочных данных
libcef_dll_wrapper.lib(base_ref_counted_cpptoc.obj) : error LNK2038: обнаружено несоответствие для "_ITERATOR_DEBUG_LEVEL": значение "0" не соответствует значению "2" в main.obj
libcef_dll_wrapper.lib(base_ref_counted_cpptoc.obj) : error LNK2038: обнаружено несоответствие для "RuntimeLibrary": значение "MT_StaticRelease" не соответствует значению "MDd_DynamicDebug" в main.obj
libcef_dll_wrapper.lib(base_ref_counted_cpptoc.obj) : warning LNK4099: "libcef_dll_wrapper.pdb" PDB не найден с "libcef_dll_wrapper.lib(base_ref_counted_cpptoc.obj)" или на "C:\Users\JNNGL\IdeaProjects\TotalComputers\browser\build\Debug\libcef_dll_wrapper.pdb"; компоновка объекта выполняется как при отсутствии отладочных данных
libcef_dll_wrapper.lib(v8accessor_cpptoc.obj) : error LNK2038: обнаружено несоответствие для "_ITERATOR_DEBUG_LEVEL": значение "0" не соответствует значению "2" в main.obj
libcef_dll_wrapper.lib(v8accessor_cpptoc.obj) : error LNK2038: обнаружено несоответствие для "RuntimeLibrary": значение "MT_StaticRelease" не соответствует значению "MDd_DynamicDebug" в main.obj
libcef_dll_wrapper.lib(v8accessor_cpptoc.obj) : warning LNK4099: "libcef_dll_wrapper.pdb" PDB не найден с "libcef_dll_wrapper.lib(v8accessor_cpptoc.obj)" или на "C:\Users\JNNGL\IdeaProjects\TotalComputers\browser\build\Debug\libcef_dll_wrapper.pdb"; компоновка объекта выполняется как при отсутствии отладочных данных
libcef_dll_wrapper.lib(v8array_buffer_release_callback_cpptoc.obj) : error LNK2038: обнаружено несоответствие для "_ITERATOR_DEBUG_LEVEL": значение "0" не соответствует значению "2" в main.obj
libcef_dll_wrapper.lib(v8array_buffer_release_callback_cpptoc.obj) : error LNK2038: обнаружено несоответствие для "RuntimeLibrary": значение "MT_StaticRelease" не соответствует значению "MDd_DynamicDebug" в main.obj
libcef_dll_wrapper.lib(v8array_buffer_release_callback_cpptoc.obj) : warning LNK4099: "libcef_dll_wrapper.pdb" PDB не найден с "libcef_dll_wrapper.lib(v8array_buffer_release_callback_cpptoc.obj)" или на "C:\Users\JNNGL\IdeaProjects\TotalComputers\browser\build\Debug\libcef_dll_wrapper.pdb"; компоновка объекта выполняется как при отсутствии отладочных данных
libcef_dll_wrapper.lib(v8interceptor_cpptoc.obj) : error LNK2038: обнаружено несоответствие для "_ITERATOR_DEBUG_LEVEL": значение "0" не соответствует значению "2" в main.obj
libcef_dll_wrapper.lib(v8interceptor_cpptoc.obj) : error LNK2038: обнаружено несоответствие для "RuntimeLibrary": значение "MT_StaticRelease" не соответствует значению "MDd_DynamicDebug" в main.obj
libcef_dll_wrapper.lib(v8interceptor_cpptoc.obj) : warning LNK4099: "libcef_dll_wrapper.pdb" PDB не найден с "libcef_dll_wrapper.lib(v8interceptor_cpptoc.obj)" или на "C:\Users\JNNGL\IdeaProjects\TotalComputers\browser\build\Debug\libcef_dll_wrapper.pdb"; компоновка объекта выполняется как при отсутствии отладочных данных
libcef_dll_wrapper.lib(domdocument_ctocpp.obj) : error LNK2038: обнаружено несоответствие для "_ITERATOR_DEBUG_LEVEL": значение "0" не соответствует значению "2" в main.obj
libcef_dll_wrapper.lib(domdocument_ctocpp.obj) : error LNK2038: обнаружено несоответствие для "RuntimeLibrary": значение "MT_StaticRelease" не соответствует значению "MDd_DynamicDebug" в main.obj
libcef_dll_wrapper.lib(domdocument_ctocpp.obj) : warning LNK4099: "libcef_dll_wrapper.pdb" PDB не найден с "libcef_dll_wrapper.lib(domdocument_ctocpp.obj)" или на "C:\Users\JNNGL\IdeaProjects\TotalComputers\browser\build\Debug\libcef_dll_wrapper.pdb"; компоновка объекта выполняется как при отсутствии отладочных данных
libcef_dll_wrapper.lib(task_runner_ctocpp.obj) : error LNK2038: обнаружено несоответствие для "_ITERATOR_DEBUG_LEVEL": значение "0" не соответствует значению "2" в main.obj
libcef_dll_wrapper.lib(task_runner_ctocpp.obj) : error LNK2038: обнаружено несоответствие для "RuntimeLibrary": значение "MT_StaticRelease" не соответствует значению "MDd_DynamicDebug" в main.obj
libcef_dll_wrapper.lib(task_runner_ctocpp.obj) : warning LNK4099: "libcef_dll_wrapper.pdb" PDB не найден с "libcef_dll_wrapper.lib(task_runner_ctocpp.obj)" или на "C:\Users\JNNGL\IdeaProjects\TotalComputers\browser\build\Debug\libcef_dll_wrapper.pdb"; компоновка объекта выполняется как при отсутствии отладочных данных
libcef_dll_wrapper.lib(menu_model_delegate_cpptoc.obj) : error LNK2038: обнаружено несоответствие для "_ITERATOR_DEBUG_LEVEL": значение "0" не соответствует значению "2" в main.obj
libcef_dll_wrapper.lib(menu_model_delegate_cpptoc.obj) : error LNK2038: обнаружено несоответствие для "RuntimeLibrary": значение "MT_StaticRelease" не соответствует значению "MDd_DynamicDebug" в main.obj
libcef_dll_wrapper.lib(menu_model_delegate_cpptoc.obj) : warning LNK4099: "libcef_dll_wrapper.pdb" PDB не найден с "libcef_dll_wrapper.lib(menu_model_delegate_cpptoc.obj)" или на "C:\Users\JNNGL\IdeaProjects\TotalComputers\browser\build\Debug\libcef_dll_wrapper.pdb"; компоновка объекта выполняется как при отсутствии отладочных данных
libcef_dll_wrapper.lib(cookie_access_filter_cpptoc.obj) : error LNK2038: обнаружено несоответствие для "_ITERATOR_DEBUG_LEVEL": значение "0" не соответствует значению "2" в main.obj
libcef_dll_wrapper.lib(cookie_access_filter_cpptoc.obj) : error LNK2038: обнаружено несоответствие для "RuntimeLibrary": значение "MT_StaticRelease" не соответствует значению "MDd_DynamicDebug" в main.obj
libcef_dll_wrapper.lib(cookie_access_filter_cpptoc.obj) : warning LNK4099: "libcef_dll_wrapper.pdb" PDB не найден с "libcef_dll_wrapper.lib(cookie_access_filter_cpptoc.obj)" или на "C:\Users\JNNGL\IdeaProjects\TotalComputers\browser\build\Debug\libcef_dll_wrapper.pdb"; компоновка объекта выполняется как при отсутствии отладочных данных
libcef_dll_wrapper.lib(response_filter_cpptoc.obj) : error LNK2038: обнаружено несоответствие для "_ITERATOR_DEBUG_LEVEL": значение "0" не соответствует значению "2" в main.obj
libcef_dll_wrapper.lib(response_filter_cpptoc.obj) : error LNK2038: обнаружено несоответствие для "RuntimeLibrary": значение "MT_StaticRelease" не соответствует значению "MDd_DynamicDebug" в main.obj
libcef_dll_wrapper.lib(response_filter_cpptoc.obj) : warning LNK4099: "libcef_dll_wrapper.pdb" PDB не найден с "libcef_dll_wrapper.lib(response_filter_cpptoc.obj)" или на "C:\Users\JNNGL\IdeaProjects\TotalComputers\browser\build\Debug\libcef_dll_wrapper.pdb"; компоновка объекта выполняется как при отсутствии отладочных данных
libcef_dll_wrapper.lib(x509cert_principal_ctocpp.obj) : error LNK2038: обнаружено несоответствие для "_ITERATOR_DEBUG_LEVEL": значение "0" не соответствует значению "2" в main.obj
libcef_dll_wrapper.lib(x509cert_principal_ctocpp.obj) : error LNK2038: обнаружено несоответствие для "RuntimeLibrary": значение "MT_StaticRelease" не соответствует значению "MDd_DynamicDebug" в main.obj
libcef_dll_wrapper.lib(x509cert_principal_ctocpp.obj) : warning LNK4099: "libcef_dll_wrapper.pdb" PDB не найден с "libcef_dll_wrapper.lib(x509cert_principal_ctocpp.obj)" или на "C:\Users\JNNGL\IdeaProjects\TotalComputers\browser\build\Debug\libcef_dll_wrapper.pdb"; компоновка объекта выполняется как при отсутствии отладочных данных
libcef_dll_wrapper.lib(stream_reader_ctocpp.obj) : error LNK2038: обнаружено несоответствие для "_ITERATOR_DEBUG_LEVEL": значение "0" не соответствует значению "2" в main.obj
libcef_dll_wrapper.lib(stream_reader_ctocpp.obj) : error LNK2038: обнаружено несоответствие для "RuntimeLibrary": значение "MT_StaticRelease" не соответствует значению "MDd_DynamicDebug" в main.obj
libcef_dll_wrapper.lib(stream_reader_ctocpp.obj) : warning LNK4099: "libcef_dll_wrapper.pdb" PDB не найден с "libcef_dll_wrapper.lib(stream_reader_ctocpp.obj)" или на "C:\Users\JNNGL\IdeaProjects\TotalComputers\browser\build\Debug\libcef_dll_wrapper.pdb"; компоновка объекта выполняется как при отсутствии отладочных данных
libcef_dll_wrapper.lib(media_route_ctocpp.obj) : error LNK2038: обнаружено несоответствие для "_ITERATOR_DEBUG_LEVEL": значение "0" не соответствует значению "2" в main.obj
libcef_dll_wrapper.lib(media_route_ctocpp.obj) : error LNK2038: обнаружено несоответствие для "RuntimeLibrary": значение "MT_StaticRelease" не соответствует значению "MDd_DynamicDebug" в main.obj
libcef_dll_wrapper.lib(media_route_ctocpp.obj) : warning LNK4099: "libcef_dll_wrapper.pdb" PDB не найден с "libcef_dll_wrapper.lib(media_route_ctocpp.obj)" или на "C:\Users\JNNGL\IdeaProjects\TotalComputers\browser\build\Debug\libcef_dll_wrapper.pdb"; компоновка объекта выполняется как при отсутствии отладочных данных
libcef_dll_wrapper.lib(media_sink_device_info_callback_cpptoc.obj) : error LNK2038: обнаружено несоответствие для "_ITERATOR_DEBUG_LEVEL": значение "0" не соответствует значению "2" в main.obj
libcef_dll_wrapper.lib(media_sink_device_info_callback_cpptoc.obj) : error LNK2038: обнаружено несоответствие для "RuntimeLibrary": значение "MT_StaticRelease" не соответствует значению "MDd_DynamicDebug" в main.obj
libcef_dll_wrapper.lib(media_sink_device_info_callback_cpptoc.obj) : warning LNK4099: "libcef_dll_wrapper.pdb" PDB не найден с "libcef_dll_wrapper.lib(media_sink_device_info_callback_cpptoc.obj)" или на "C:\Users\JNNGL\IdeaProjects\TotalComputers\browser\build\Debug\libcef_dll_wrapper.pdb"; компоновка объекта выполняется как при отсутствии отладочных данных
libcef_dll_wrapper.lib(v8stack_frame_ctocpp.obj) : error LNK2038: обнаружено несоответствие для "_ITERATOR_DEBUG_LEVEL": значение "0" не соответствует значению "2" в main.obj
libcef_dll_wrapper.lib(v8stack_frame_ctocpp.obj) : error LNK2038: обнаружено несоответствие для "RuntimeLibrary": значение "MT_StaticRelease" не соответствует значению "MDd_DynamicDebug" в main.obj
libcef_dll_wrapper.lib(v8stack_frame_ctocpp.obj) : warning LNK4099: "libcef_dll_wrapper.pdb" PDB не найден с "libcef_dll_wrapper.lib(v8stack_frame_ctocpp.obj)" или на "C:\Users\JNNGL\IdeaProjects\TotalComputers\browser\build\Debug\libcef_dll_wrapper.pdb"; компоновка объекта выполняется как при отсутствии отладочных данных
libcef_dll_wrapper.lib(post_data_element_ctocpp.obj) : error LNK2038: обнаружено несоответствие для "_ITERATOR_DEBUG_LEVEL": значение "0" не соответствует значению "2" в main.obj
libcef_dll_wrapper.lib(post_data_element_ctocpp.obj) : error LNK2038: обнаружено несоответствие для "RuntimeLibrary": значение "MT_StaticRelease" не соответствует значению "MDd_DynamicDebug" в main.obj
libcef_dll_wrapper.lib(post_data_element_ctocpp.obj) : warning LNK4099: "libcef_dll_wrapper.pdb" PDB не найден с "libcef_dll_wrapper.lib(post_data_element_ctocpp.obj)" или на "C:\Users\JNNGL\IdeaProjects\TotalComputers\browser\build\Debug\libcef_dll_wrapper.pdb"; компоновка объекта выполняется как при отсутствии отладочных данных
libcef_dll_wrapper.lib(read_handler_cpptoc.obj) : error LNK2038: обнаружено несоответствие для "_ITERATOR_DEBUG_LEVEL": значение "0" не соответствует значению "2" в main.obj
libcef_dll_wrapper.lib(read_handler_cpptoc.obj) : error LNK2038: обнаружено несоответствие для "RuntimeLibrary": значение "MT_StaticRelease" не соответствует значению "MDd_DynamicDebug" в main.obj
libcef_dll_wrapper.lib(read_handler_cpptoc.obj) : warning LNK4099: "libcef_dll_wrapper.pdb" PDB не найден с "libcef_dll_wrapper.lib(read_handler_cpptoc.obj)" или на "C:\Users\JNNGL\IdeaProjects\TotalComputers\browser\build\Debug\libcef_dll_wrapper.pdb"; компоновка объекта выполняется как при отсутствии отладочных данных
libcpmt.lib(raisehan.obj) : error LNK2038: обнаружено несоответствие для "_ITERATOR_DEBUG_LEVEL": значение "0" не соответствует значению "2" в main.obj
libcpmt.lib(raisehan.obj) : error LNK2038: обнаружено несоответствие для "RuntimeLibrary": значение "MT_StaticRelease" не соответствует значению "MDd_DynamicDebug" в main.obj
libcpmt.lib(locale0.obj) : error LNK2038: обнаружено несоответствие для "_ITERATOR_DEBUG_LEVEL": значение "0" не соответствует значению "2" в main.obj
libcpmt.lib(locale0.obj) : error LNK2038: обнаружено несоответствие для "RuntimeLibrary": значение "MT_StaticRelease" не соответствует значению "MDd_DynamicDebug" в main.obj
libcpmt.lib(locale0.obj) : error LNK2005: "void __cdecl std::_Facet_Register(class std::_Facet_base *)" (?_Facet_Register@std@@YAXPEAV_Facet_base@1@@Z) уже определен в msvcprtd.lib(locale0_implib.obj)
libcpmt.lib(locale0.obj) : error LNK2005: "private: static class std::locale::_Locimp * __cdecl std::locale::_Getgloballocale(void)" (?_Getgloballocale@locale@std@@CAPEAV_Locimp@12@XZ) уже определен в msvcprtd.lib(MSVCP140D.dll)
libcpmt.lib(locale0.obj) : error LNK2005: "private: static class std::locale::_Locimp * __cdecl std::locale::_Init(bool)" (?_Init@locale@std@@CAPEAV_Locimp@12@_N@Z) уже определен в msvcprtd.lib(MSVCP140D.dll)
libcpmt.lib(locale0.obj) : error LNK2005: "public: static void __cdecl std::_Locinfo::_Locinfo_ctor(class std::_Locinfo *,char const *)" (?_Locinfo_ctor@_Locinfo@std@@SAXPEAV12@PEBD@Z) уже определен в msvcprtd.lib(MSVCP140D.dll)
libcpmt.lib(locale0.obj) : error LNK2005: "public: static void __cdecl std::_Locinfo::_Locinfo_dtor(class std::_Locinfo *)" (?_Locinfo_dtor@_Locinfo@std@@SAXPEAV12@@Z) уже определен в msvcprtd.lib(MSVCP140D.dll)
libcpmt.lib(locale.obj) : error LNK2038: обнаружено несоответствие для "_ITERATOR_DEBUG_LEVEL": значение "0" не соответствует значению "2" в main.obj
libcpmt.lib(locale.obj) : error LNK2038: обнаружено несоответствие для "RuntimeLibrary": значение "MT_StaticRelease" не соответствует значению "MDd_DynamicDebug" в main.obj
libcpmt.lib(iosptrs.obj) : error LNK2038: обнаружено несоответствие для "_ITERATOR_DEBUG_LEVEL": значение "0" не соответствует значению "2" в main.obj
libcpmt.lib(iosptrs.obj) : error LNK2038: обнаружено несоответствие для "RuntimeLibrary": значение "MT_StaticRelease" не соответствует значению "MDd_DynamicDebug" в main.obj
libcpmt.lib(wlocale.obj) : error LNK2038: обнаружено несоответствие для "_ITERATOR_DEBUG_LEVEL": значение "0" не соответствует значению "2" в main.obj
libcpmt.lib(wlocale.obj) : error LNK2038: обнаружено несоответствие для "RuntimeLibrary": значение "MT_StaticRelease" не соответствует значению "MDd_DynamicDebug" в main.obj
libcpmt.lib(xlocale.obj) : error LNK2038: обнаружено несоответствие для "_ITERATOR_DEBUG_LEVEL": значение "0" не соответствует значению "2" в main.obj
libcpmt.lib(xlocale.obj) : error LNK2038: обнаружено несоответствие для "RuntimeLibrary": значение "MT_StaticRelease" не соответствует значению "MDd_DynamicDebug" в main.obj
libcpmt.lib(xstol.obj) : error LNK2038: обнаружено несоответствие для "_ITERATOR_DEBUG_LEVEL": значение "0" не соответствует значению "2" в main.obj
libcpmt.lib(xstol.obj) : error LNK2038: обнаружено несоответствие для "RuntimeLibrary": значение "MT_StaticRelease" не соответствует значению "MDd_DynamicDebug" в main.obj
libcpmt.lib(xstoul.obj) : error LNK2038: обнаружено несоответствие для "_ITERATOR_DEBUG_LEVEL": значение "0" не соответствует значению "2" в main.obj
libcpmt.lib(xstoul.obj) : error LNK2038: обнаружено несоответствие для "RuntimeLibrary": значение "MT_StaticRelease" не соответствует значению "MDd_DynamicDebug" в main.obj
libcpmt.lib(xstoll.obj) : error LNK2038: обнаружено несоответствие для "_ITERATOR_DEBUG_LEVEL": значение "0" не соответствует значению "2" в main.obj
libcpmt.lib(xstoll.obj) : error LNK2038: обнаружено несоответствие для "RuntimeLibrary": значение "MT_StaticRelease" не соответствует значению "MDd_DynamicDebug" в main.obj
libcpmt.lib(xstoull.obj) : error LNK2038: обнаружено несоответствие для "_ITERATOR_DEBUG_LEVEL": значение "0" не соответствует значению "2" в main.obj
libcpmt.lib(xstoull.obj) : error LNK2038: обнаружено несоответствие для "RuntimeLibrary": значение "MT_StaticRelease" не соответствует значению "MDd_DynamicDebug" в main.obj
libcpmt.lib(xlock.obj) : error LNK2038: обнаружено несоответствие для "_ITERATOR_DEBUG_LEVEL": значение "0" не соответствует значению "2" в main.obj
libcpmt.lib(xlock.obj) : error LNK2038: обнаружено несоответствие для "RuntimeLibrary": значение "MT_StaticRelease" не соответствует значению "MDd_DynamicDebug" в main.obj
libcpmt.lib(xlock.obj) : error LNK2005: "public: __cdecl std::_Lockit::_Lockit(int)" (??0_Lockit@std@@QEAA@H@Z) уже определен в msvcprtd.lib(MSVCP140D.dll)
libcpmt.lib(xlock.obj) : error LNK2005: "public: __cdecl std::_Lockit::~_Lockit(void)" (??1_Lockit@std@@QEAA@XZ) уже определен в msvcprtd.lib(MSVCP140D.dll)
libcpmt.lib(xstrcoll.obj) : error LNK2038: обнаружено несоответствие для "_ITERATOR_DEBUG_LEVEL": значение "0" не соответствует значению "2" в main.obj
libcpmt.lib(xstrcoll.obj) : error LNK2038: обнаружено несоответствие для "RuntimeLibrary": значение "MT_StaticRelease" не соответствует значению "MDd_DynamicDebug" в main.obj
libcpmt.lib(xdateord.obj) : error LNK2038: обнаружено несоответствие для "_ITERATOR_DEBUG_LEVEL": значение "0" не соответствует значению "2" в main.obj
libcpmt.lib(xdateord.obj) : error LNK2038: обнаружено несоответствие для "RuntimeLibrary": значение "MT_StaticRelease" не соответствует значению "MDd_DynamicDebug" в main.obj
libcpmt.lib(xmbtowc.obj) : error LNK2038: обнаружено несоответствие для "_ITERATOR_DEBUG_LEVEL": значение "0" не соответствует значению "2" в main.obj
libcpmt.lib(xmbtowc.obj) : error LNK2038: обнаружено несоответствие для "RuntimeLibrary": значение "MT_StaticRelease" не соответствует значению "MDd_DynamicDebug" в main.obj
libcpmt.lib(xwctomb.obj) : error LNK2038: обнаружено несоответствие для "_ITERATOR_DEBUG_LEVEL": значение "0" не соответствует значению "2" в main.obj
libcpmt.lib(xwctomb.obj) : error LNK2038: обнаружено несоответствие для "RuntimeLibrary": значение "MT_StaticRelease" не соответствует значению "MDd_DynamicDebug" в main.obj
libcpmt.lib(xwctomb.obj) : error LNK2005: _Getcvt уже определен в msvcprtd.lib(MSVCP140D.dll)
libcpmt.lib(xwcscoll.obj) : error LNK2038: обнаружено несоответствие для "_ITERATOR_DEBUG_LEVEL": значение "0" не соответствует значению "2" в main.obj
libcpmt.lib(xwcscoll.obj) : error LNK2038: обнаружено несоответствие для "RuntimeLibrary": значение "MT_StaticRelease" не соответствует значению "MDd_DynamicDebug" в main.obj
libcpmt.lib(xwcsxfrm.obj) : error LNK2038: обнаружено несоответствие для "_ITERATOR_DEBUG_LEVEL": значение "0" не соответствует значению "2" в main.obj
libcpmt.lib(xwcsxfrm.obj) : error LNK2038: обнаружено несоответствие для "RuntimeLibrary": значение "MT_StaticRelease" не соответствует значению "MDd_DynamicDebug" в main.obj
libcpmt.lib(xgetwctype.obj) : error LNK2038: обнаружено несоответствие для "_ITERATOR_DEBUG_LEVEL": значение "0" не соответствует значению "2" в main.obj
libcpmt.lib(xgetwctype.obj) : error LNK2038: обнаружено несоответствие для "RuntimeLibrary": значение "MT_StaticRelease" не соответствует значению "MDd_DynamicDebug" в main.obj
libcpmt.lib(xtowlower.obj) : error LNK2038: обнаружено несоответствие для "_ITERATOR_DEBUG_LEVEL": значение "0" не соответствует значению "2" в main.obj
libcpmt.lib(xtowlower.obj) : error LNK2038: обнаружено несоответствие для "RuntimeLibrary": значение "MT_StaticRelease" не соответствует значению "MDd_DynamicDebug" в main.obj
libcpmt.lib(xtowupper.obj) : error LNK2038: обнаружено несоответствие для "_ITERATOR_DEBUG_LEVEL": значение "0" не соответствует значению "2" в main.obj
libcpmt.lib(xtowupper.obj) : error LNK2038: обнаружено несоответствие для "RuntimeLibrary": значение "MT_StaticRelease" не соответствует значению "MDd_DynamicDebug" в main.obj
libcpmt.lib(xstrxfrm.obj) : error LNK2038: обнаружено несоответствие для "_ITERATOR_DEBUG_LEVEL": значение "0" не соответствует значению "2" в main.obj
libcpmt.lib(xstrxfrm.obj) : error LNK2038: обнаружено несоответствие для "RuntimeLibrary": значение "MT_StaticRelease" не соответствует значению "MDd_DynamicDebug" в main.obj
libcpmt.lib(xmtx.obj) : error LNK2038: обнаружено несоответствие для "_ITERATOR_DEBUG_LEVEL": значение "0" не соответствует значению "2" в main.obj
libcpmt.lib(xmtx.obj) : error LNK2038: обнаружено несоответствие для "RuntimeLibrary": значение "MT_StaticRelease" не соответствует значению "MDd_DynamicDebug" в main.obj
libcpmt.lib(StlCompareStringA.obj) : error LNK2038: обнаружено несоответствие для "_ITERATOR_DEBUG_LEVEL": значение "0" не соответствует значению "2" в main.obj
libcpmt.lib(StlCompareStringA.obj) : error LNK2038: обнаружено несоответствие для "RuntimeLibrary": значение "MT_StaticRelease" не соответствует значению "MDd_DynamicDebug" в main.obj
libcpmt.lib(StlCompareStringW.obj) : error LNK2038: обнаружено несоответствие для "_ITERATOR_DEBUG_LEVEL": значение "0" не соответствует значению "2" в main.obj
libcpmt.lib(StlCompareStringW.obj) : error LNK2038: обнаружено несоответствие для "RuntimeLibrary": значение "MT_StaticRelease" не соответствует значению "MDd_DynamicDebug" в main.obj
libcpmt.lib(StlLCMapStringW.obj) : error LNK2038: обнаружено несоответствие для "_ITERATOR_DEBUG_LEVEL": значение "0" не соответствует значению "2" в main.obj
libcpmt.lib(StlLCMapStringW.obj) : error LNK2038: обнаружено несоответствие для "RuntimeLibrary": значение "MT_StaticRelease" не соответствует значению "MDd_DynamicDebug" в main.obj
libcpmt.lib(StlLCMapStringA.obj) : error LNK2038: обнаружено несоответствие для "_ITERATOR_DEBUG_LEVEL": значение "0" не соответствует значению "2" в main.obj
libcpmt.lib(StlLCMapStringA.obj) : error LNK2038: обнаружено несоответствие для "RuntimeLibrary": значение "MT_StaticRelease" не соответствует значению "MDd_DynamicDebug" в main.obj
     Создается библиотека C:/Users/JNNGL/IdeaProjects/TotalComputers/browser/build/Debug/application.lib и объект C:/Users/JNNGL/IdeaProjects/TotalComputers/browser/build/Debug/application.exp
LINK : warning LNK4098: библиотека по умолчанию "LIBCMT" конфликтует с использованием других библиотек; используйте /NODEFAULTLIB:library
C:\Users\JNNGL\IdeaProjects\TotalComputers\browser\build\Debug\application.dll : fatal error LNK1169: обнаружен многократно определенный символ - один или более
