[0226/213901.243:INFO:child_thread_impl.cc(903)] ChildThreadImpl::EnsureConnected()
[0227/124550.785:INFO:child_thread_impl.cc(903)] ChildThreadImpl::EnsureConnected()
[0227/125411.808:INFO:child_thread_impl.cc(903)] ChildThreadImpl::EnsureConnected()
[0227/125411.995:INFO:child_thread_impl.cc(903)] ChildThreadImpl::EnsureConnected()
[0227/162419.620:WARNING:spdy_session.cc(3501)] Received HEADERS for invalid stream 39
[0227/162511.201:WARNING:spdy_session.cc(3501)] Received HEADERS for invalid stream 33
[0227/172443.228:WARNING:spdy_session.cc(3501)] Received HEADERS for invalid stream 37
[0227/182038.983:INFO:CONSOLE(0)] "Error with Permissions-Policy header: Unrecognized feature: 'ch-ua-full-version-list'.", source:  (0)
[0227/182039.594:WARNING:browser_info.cc(298)] Returning a speculative frame for 17179869194 [4,10]
[0227/182040.087:WARNING:browser_info.cc(298)] Returning a speculative frame for 17179869194 [4,10]
[0227/182040.093:INFO:CONSOLE(0)] "Refused to display 'https://accounts.google.com/' in a frame because it set 'X-Frame-Options' to 'deny'.", source: chrome-error://chromewebdata/ (0)
[0227/182040.219:INFO:CONSOLE(4249)] "LegacyDataMixin will be applied to all legacy elements.
Set `_legacyUndefinedCheck: true` on element class to enable.", source: https://www.youtube.com/s/desktop/ecd7151d/jsbin/desktop_polymer.vflset/desktop_polymer.js (4249)
[0227/182043.738:INFO:CONSOLE(0)] "The resource https://i.ytimg.com/generate_204 was preloaded using link preload but not used within a few seconds from the window's load event. Please make sure it has an appropriate `as` value and it is preloaded intentionally.", source: https://www.youtube.com/ (0)
[0227/182110.299:WARNING:browser_info.cc(298)] Returning a speculative frame for 30064771079 [7,7]
[0227/182110.749:WARNING:browser_info.cc(298)] Returning a speculative frame for 30064771079 [7,7]
[0227/182110.749:WARNING:browser_info.cc(298)] Returning a speculative frame for 30064771079 [7,7]
[0227/182110.750:WARNING:browser_info.cc(298)] Returning a speculative frame for 30064771079 [7,7]
[0227/182110.750:WARNING:browser_info.cc(298)] Returning a speculative frame for 30064771079 [7,7]
[0227/182118.823:ERROR:gpu_init.cc(457)] Passthrough is not supported, GL is disabled, ANGLE is 
[0227/182126.708:WARNING:browser_info.cc(298)] Returning a speculative frame for 30064771083 [7,11]
[0227/182126.708:WARNING:browser_info.cc(298)] Returning a speculative frame for 30064771083 [7,11]
[0227/182126.708:WARNING:browser_info.cc(298)] Returning a speculative frame for 30064771083 [7,11]
[0227/182126.708:WARNING:browser_info.cc(298)] Returning a speculative frame for 30064771083 [7,11]
[0227/182137.658:WARNING:sync_reader.cc(187)] ASR: No room in socket buffer.: Идет закрытие канала. (0xE8)
[0227/182506.611:WARNING:browser_info.cc(298)] Returning a speculative frame for 30064771089 [7,17]
[0227/182506.612:WARNING:browser_info.cc(298)] Returning a speculative frame for 30064771089 [7,17]
[0227/182506.612:WARNING:browser_info.cc(298)] Returning a speculative frame for 30064771089 [7,17]
[0227/182506.612:WARNING:browser_info.cc(298)] Returning a speculative frame for 30064771089 [7,17]
[0227/182523.251:INFO:CONSOLE(1)] "Allow attribute will take precedence over 'allowfullscreen'.", source: https://st.tivision.ru/scripts/gambit.js?ver=a0330d89ffcf6dac70923386b64c79bc (1)
[0227/182523.416:INFO:CONSOLE(41)] "Unrecognized feature: 'attribution-reporting'.", source: https://www.googletagmanager.com/gtm.js?id=GTM-TK47DZ (41)
[0227/182523.429:INFO:CONSOLE(41)] "Unrecognized feature: 'attribution-reporting'.", source: https://www.googletagmanager.com/gtm.js?id=GTM-TK47DZ (41)
[0227/182523.430:WARNING:browser_info.cc(298)] Returning a speculative frame for 55834574854 [13,6]
[0227/182523.439:INFO:CONSOLE(41)] "Unrecognized feature: 'attribution-reporting'.", source: https://www.googletagmanager.com/gtm.js?id=GTM-TK47DZ (41)
[0227/182524.370:WARNING:spdy_session.cc(3501)] Received HEADERS for invalid stream 1
[0227/184337.916:WARNING:spdy_session.cc(3501)] Received HEADERS for invalid stream 1
[0228/130442.767:WARNING:spdy_session.cc(3501)] Received HEADERS for invalid stream 31
[0228/142608.764:ERROR:frame_sink_video_capturer_impl.cc(210)] Invalid resolutions constraints: 1634887535x1766203501 must not be greater than 1634887535x1766203501; and also within media::limits.
[0228/143029.125:ERROR:frame_sink_video_capturer_impl.cc(210)] Invalid resolutions constraints: 1667853424x1869182049 must not be greater than 1667853424x1869182049; and also within media::limits.
[0228/143929.743:INFO:child_thread_impl.cc(903)] ChildThreadImpl::EnsureConnected()
[0228/150633.691:INFO:child_thread_impl.cc(903)] ChildThreadImpl::EnsureConnected()
[0228/152917.292:INFO:child_thread_impl.cc(903)] ChildThreadImpl::EnsureConnected()
[0228/155045.698:WARNING:spdy_session.cc(3501)] Received HEADERS for invalid stream 33
[0228/155236.760:ERROR:gpu_init.cc(457)] Passthrough is not supported, GL is disabled, ANGLE is 
[0228/190653.296:INFO:CONSOLE(0)] "Error with Permissions-Policy header: Unrecognized feature: 'ch-ua-full-version-list'.", source:  (0)
[0228/190653.939:WARNING:browser_info.cc(298)] Returning a speculative frame for 25769803781 [6,5]
[0228/190654.413:WARNING:browser_info.cc(298)] Returning a speculative frame for 25769803781 [6,5]
[0228/190654.421:INFO:CONSOLE(0)] "Refused to display 'https://accounts.google.com/' in a frame because it set 'X-Frame-Options' to 'deny'.", source: chrome-error://chromewebdata/ (0)
[0228/190654.631:INFO:CONSOLE(4249)] "LegacyDataMixin will be applied to all legacy elements.
Set `_legacyUndefinedCheck: true` on element class to enable.", source: https://www.youtube.com/s/desktop/ecd7151d/jsbin/desktop_polymer.vflset/desktop_polymer.js (4249)
[0228/190658.112:INFO:CONSOLE(0)] "The resource https://i.ytimg.com/generate_204 was preloaded using link preload but not used within a few seconds from the window's load event. Please make sure it has an appropriate `as` value and it is preloaded intentionally.", source: https://www.youtube.com/ (0)
[0228/190823.932:WARNING:spdy_session.cc(3501)] Received HEADERS for invalid stream 157
[0228/191710.871:WARNING:spdy_session.cc(3501)] Received HEADERS for invalid stream 5
[0228/191710.921:WARNING:spdy_session.cc(3501)] Received HEADERS for invalid stream 3
[0228/195555.441:ERROR:ssl_client_socket_impl.cc(983)] handshake failed; returned -1, SSL error code 1, net_error -101
[0228/195555.720:ERROR:ssl_client_socket_impl.cc(983)] handshake failed; returned -1, SSL error code 1, net_error -101
[0228/195624.545:ERROR:ssl_client_socket_impl.cc(983)] handshake failed; returned -1, SSL error code 1, net_error -101
[0228/195624.822:ERROR:ssl_client_socket_impl.cc(983)] handshake failed; returned -1, SSL error code 1, net_error -101
[0228/211907.439:ERROR:ssl_client_socket_impl.cc(983)] handshake failed; returned -1, SSL error code 1, net_error -101
[0228/211907.716:ERROR:ssl_client_socket_impl.cc(983)] handshake failed; returned -1, SSL error code 1, net_error -101
[0228/211946.057:ERROR:ssl_client_socket_impl.cc(983)] handshake failed; returned -1, SSL error code 1, net_error -101
[0228/211946.320:ERROR:ssl_client_socket_impl.cc(983)] handshake failed; returned -1, SSL error code 1, net_error -101
[0228/211946.326:ERROR:ssl_client_socket_impl.cc(983)] handshake failed; returned -1, SSL error code 1, net_error -101
[0228/211946.594:ERROR:ssl_client_socket_impl.cc(983)] handshake failed; returned -1, SSL error code 1, net_error -101
[0228/212033.358:ERROR:ssl_client_socket_impl.cc(983)] handshake failed; returned -1, SSL error code 1, net_error -101
[0228/212033.642:ERROR:ssl_client_socket_impl.cc(983)] handshake failed; returned -1, SSL error code 1, net_error -101
[0307/201735.550:ERROR:ssl_client_socket_impl.cc(983)] handshake failed; returned -1, SSL error code 1, net_error -101
[0307/201735.817:ERROR:ssl_client_socket_impl.cc(983)] handshake failed; returned -1, SSL error code 1, net_error -101
[0307/201932.714:ERROR:gpu_init.cc(457)] Passthrough is not supported, GL is disabled, ANGLE is 
