#
# A fatal error has been detected by the Java Runtime Environment:
#
#  EXCEPTION_ACCESS_VIOLATION (0xc0000005) at pc=0x00007ff94a04ec4e, pid=6732, tid=3384
#
# JRE version: Java(TM) SE Runtime Environment (16.0.1+9) (build 16.0.1+9-24)
# Java VM: Java HotSpot(TM) 64-Bit Server VM (16.0.1+9-24, mixed mode, sharing, tiered, compressed oops, compressed class ptrs, g1 gc, windows-amd64)
# Problematic frame:
# V  [jvm.dll+0x2fec4e]
#
# No core dump will be written. Minidumps are not enabled by default on client versions of Windows
#
# If you would like to submit a bug report, please visit:
#   https://bugreport.java.com/bugreport/crash.jsp
#

---------------  S U M M A R Y ------------

Command Line: -Djava.library.path=C:\Users\JNNGL\IdeaProjects\TotalComputers;C:\Users\JNNGL\IdeaProjects\TotalComputers\win64 -javaagent:C:\Program Files\JetBrains\IntelliJ IDEA Community Edition 2021.2.1\lib\idea_rt.jar=62125:C:\Program Files\JetBrains\IntelliJ IDEA Community Edition 2021.2.1\bin -Dfile.encoding=UTF-8 com.jnngl.totalcomputers.system.TotalOS$Test

Host: AMD Ryzen 7 4800H with Radeon Graphics         , 16 cores, 15G,  Windows 10 , 64 bit Build 22523 (10.0.22523.1000)
Time: Sun Feb 27 17:37:54 2022  Windows 10 , 64 bit Build 22523 (10.0.22523.1000) elapsed time: 13.779782 seconds (0d 0h 0m 13s)

---------------  T H R E A D  ---------------

Current thread (0x000001694b718970):  GCTaskThread "GC Thread#7" [stack: 0x00000058fed10000,0x00000058fee10000] [id=3384]

Stack: [0x00000058fed10000,0x00000058fee10000],  sp=0x00000058fee0f520,  free space=1021k
Native frames: (J=compiled Java code, j=interpreted, Vv=VM code, C=native code)
V  [jvm.dll+0x2fec4e]
V  [jvm.dll+0x2d25c4]
V  [jvm.dll+0x2d2eca]
V  [jvm.dll+0x2d2fc7]
V  [jvm.dll+0x2d8aab]
V  [jvm.dll+0x7f844b]
V  [jvm.dll+0x779b4a]
V  [jvm.dll+0x667666]
C  [ucrtbase.dll+0x293cc]
C  [KERNEL32.DLL+0x11350]
C  [ntdll.dll+0x51e78]


siginfo: EXCEPTION_ACCESS_VIOLATION (0xc0000005), reading address 0x000011691ff2addc


Register to memory mapping:

RIP=0x00007ff94a04ec4e jvm.dll
RAX=0x000001691ff2adde points into unknown readable memory: 00 00
RBX=0x000001694c2ae7e0 points into unknown readable memory: 0x00007ff94a638918 | 18 89 63 4a f9 7f 00 00
RCX=0x0000000000000015 is an unknown value
RDX=0x0000000000003870 is an unknown value
RSP=0x00000058fee0f520 points into unknown readable memory: 0x0000051d00001d1c | 1c 1d 00 00 1d 05 00 00
RBP=0x000001691fee8470 points into unknown readable memory: 0x00007ff94a632008 | 08 20 63 4a f9 7f 00 00
RSI=0x000000070e0b1d44 is pointing into object: java.util.concurrent.locks.AbstractQueuedSynchronizer$ConditionObject 
{0x000000070e0b1d38} - klass: 'java/util/concurrent/locks/AbstractQueuedSynchronizer$ConditionObject'
RDI=0x00000058fc1fed00 points into unknown readable memory: 0x0000000000000001 | 01 00 00 00 00 00 00 00
R8 =0x000007ffffffffff is an unknown value
R9 =0x0000051d00001d1d is an unknown value
R10=
[error occurred during error reporting (printing register info), id 0xc0000005, EXCEPTION_ACCESS_VIOLATION (0xc0000005) at pc=0x00007ff94a019f0d]

Registers:
RAX=0x000001691ff2adde, RBX=0x000001694c2ae7e0, RCX=0x0000000000000015, RDX=0x0000000000003870
RSP=0x00000058fee0f520, RBP=0x000001691fee8470, RSI=0x000000070e0b1d44, RDI=0x00000058fc1fed00
R8 =0x000007ffffffffff, R9 =0x0000051d00001d1d, R10=0x0000000719700770, R11=0x000001691feff720
R12=0x0000000000000004, R13=0x00000058fee0f640, R14=0x000001694c2ae7e0, R15=0x0000000000000004
RIP=0x00007ff94a04ec4e, EFLAGS=0x0000000000010217

Top of Stack: (sp=0x00000058fee0f520)
0x00000058fee0f520:   0000051d00001d1c 000001694c2ae7e0
0x00000058fee0f530:   000001691fee8470 00000058fc1fed00
0x00000058fee0f540:   00000058fc1fed00 00000058fee0f5c0
0x00000058fee0f550:   0000000000000000 00007ff94a0225c4
0x00000058fee0f560:   0000016943e40001 00007ff94a636308
0x00000058fee0f570:   000000070e0b1d45 00007ff900000007
0x00000058fee0f580:   0000000000000008 00007ff94a043977
0x00000058fee0f590:   0000000000000000 0000000000000000
0x00000058fee0f5a0:   0000005800000000 00007ff94a4d8e1e
0x00000058fee0f5b0:   0000000000000000 0000000000000000
0x00000058fee0f5c0:   0000016943e41cb0 000001694b659e30
0x00000058fee0f5d0:   00000000000003d8 0000016943e42088
0x00000058fee0f5e0:   00000058fc1fede0 0000000000000013
0x00000058fee0f5f0:   0000000000000007 00007ff94a022eca
0x00000058fee0f600:   0000000000000004 000001694c2ae7e0
0x00000058fee0f610:   000001694c2ae7e0 0000000000000000 

Instructions: (pc=0x00007ff94a04ec4e)
0x00007ff94a04eb4e:   00 00 48 8b 54 24 50 f6 c2 01 0f 84 43 01 00 00
0x00007ff94a04eb5e:   8b 0d d4 24 77 00 48 8d 72 ff 48 8b 43 08 44 8b
0x00007ff94a04eb6e:   16 49 d3 e2 4c 03 15 b7 24 77 00 8b 88 78 05 00
0x00007ff94a04eb7e:   00 49 8b d2 48 8b 80 68 05 00 00 48 d3 ea 0f b7
0x00007ff94a04eb8e:   0c 50 66 89 4c 24 40 66 c1 e9 08 84 c9 0f 88 20
0x00007ff94a04eb9e:   02 00 00 4d 8b 02 41 0f b6 c0 24 03 3c 03 75 1e
0x00007ff94a04ebae:   80 3d ad 8d 7d 00 00 74 0f 41 0f b6 c0 24 07 3c
0x00007ff94a04ebbe:   05 75 05 45 33 c0 eb 1c 49 83 e0 fc eb 16 0f b7
0x00007ff94a04ebce:   54 24 40 4d 8b c8 4d 8b c2 48 8b cb e8 f1 f4 ff
0x00007ff94a04ebde:   ff 4c 8b c0 8b 0d 50 24 77 00 49 8b d0 48 2b 15
0x00007ff94a04ebee:   3e 24 77 00 48 d3 ea 89 16 48 8b d6 8b 0d 90 96
0x00007ff94a04ebfe:   7d 00 49 33 d0 48 d3 ea 48 85 d2 0f 84 b2 01 00
0x00007ff94a04ec0e:   00 48 8b 43 08 48 8b d6 8b 88 c0 01 00 00 48 8b
0x00007ff94a04ec1e:   80 b0 01 00 00 48 d3 ea 48 8b 0c d0 8b 81 cc 00
0x00007ff94a04ec2e:   00 00 d1 e8 a8 01 0f 85 87 01 00 00 48 8b 43 08
0x00007ff94a04ec3e:   8b 88 78 05 00 00 48 8b 80 68 05 00 00 49 d3 e8
0x00007ff94a04ec4e:   42 80 3c 40 00 0f 84 68 01 00 00 48 8b 83 80 00
0x00007ff94a04ec5e:   00 00 48 c1 ee 09 48 8b 78 48 48 8b 50 40 48 03
0x00007ff94a04ec6e:   fe 48 2b fa 48 39 bb d0 01 00 00 0f 84 42 01 00
0x00007ff94a04ec7e:   00 80 7b 28 00 48 8d 4b 18 0f 84 1f 01 00 00 48
0x00007ff94a04ec8e:   03 d7 e8 ab c4 3a 00 48 89 bb d0 01 00 00 e9 20
0x00007ff94a04ec9e:   01 00 00 f6 c2 03 0f 85 0b 01 00 00 48 8b 43 08
0x00007ff94a04ecae:   4c 8b 02 49 8b d0 8b 88 78 05 00 00 48 8b 80 68
0x00007ff94a04ecbe:   05 00 00 48 d3 ea 0f b7 0c 50 66 89 4c 24 40 66
0x00007ff94a04ecce:   c1 e9 08 84 c9 0f 88 e8 00 00 00 4d 8b 08 41 0f
0x00007ff94a04ecde:   b6 c1 24 03 3c 03 75 1e 80 3d 75 8c 7d 00 00 74
0x00007ff94a04ecee:   0f 41 0f b6 c1 24 07 3c 05 75 05 45 33 c9 eb 16
0x00007ff94a04ecfe:   49 83 e1 fc eb 10 0f b7 54 24 40 48 8b cb e8 bf
0x00007ff94a04ed0e:   f3 ff ff 4c 8b c8 48 8b 54 24 50 4d 8b c1 4c 33
0x00007ff94a04ed1e:   c2 4c 89 0a 8b 0d 68 95 7d 00 49 d3 e8 4d 85 c0
0x00007ff94a04ed2e:   0f 84 8d 00 00 00 48 8b 43 08 8b 88 c0 01 00 00
0x00007ff94a04ed3e:   48 8b 80 b0 01 00 00 48 d3 ea 48 8b 0c d0 8b 81 


Stack slot to memory mapping:
stack at sp + 0 slots: 0x0000051d00001d1c is an unknown value
stack at sp + 1 slots: 0x000001694c2ae7e0 points into unknown readable memory: 0x00007ff94a638918 | 18 89 63 4a f9 7f 00 00
stack at sp + 2 slots: 0x000001691fee8470 points into unknown readable memory: 0x00007ff94a632008 | 08 20 63 4a f9 7f 00 00
stack at sp + 3 slots: 0x00000058fc1fed00 points into unknown readable memory: 0x0000000000000001 | 01 00 00 00 00 00 00 00
stack at sp + 4 slots: 0x00000058fc1fed00 points into unknown readable memory: 0x0000000000000001 | 01 00 00 00 00 00 00 00
stack at sp + 5 slots: 0x00000058fee0f5c0 points into unknown readable memory: 0x0000016943e41cb0 | b0 1c e4 43 69 01 00 00
stack at sp + 6 slots: 0x0 is NULL
stack at sp + 7 slots: 0x00007ff94a0225c4 jvm.dll


---------------  P R O C E S S  ---------------

Threads class SMR info:
_java_thread_list=0x00000169504067a0, length=19, elements={
0x000001694315a220, 0x000001694315cb50, 0x0000016943172380, 0x00000169431750a0,
0x00000169431759b0, 0x00000169431762c0, 0x000001694317c410, 0x0000016943c00080,
0x0000016943c0adc0, 0x0000016943cfb890, 0x0000016943fe2070, 0x0000016943fe8750,
0x00000169440335f0, 0x00000169440345e0, 0x0000016944031b60, 0x0000016944032b50,
0x00000169440330a0, 0x0000016944034090, 0x0000016944033b40
}

Java Threads: ( => current thread )
  0x000001694315a220 JavaThread "Reference Handler" daemon [_thread_blocked, id=10408, stack(0x00000058fc200000,0x00000058fc300000)]
  0x000001694315cb50 JavaThread "Finalizer" daemon [_thread_blocked, id=20296, stack(0x00000058fc300000,0x00000058fc400000)]
  0x0000016943172380 JavaThread "Signal Dispatcher" daemon [_thread_blocked, id=31452, stack(0x00000058fc400000,0x00000058fc500000)]
  0x00000169431750a0 JavaThread "Attach Listener" daemon [_thread_blocked, id=30780, stack(0x00000058fc500000,0x00000058fc600000)]
  0x00000169431759b0 JavaThread "Service Thread" daemon [_thread_blocked, id=21104, stack(0x00000058fc600000,0x00000058fc700000)]
  0x00000169431762c0 JavaThread "Monitor Deflation Thread" daemon [_thread_blocked, id=11500, stack(0x00000058fc700000,0x00000058fc800000)]
  0x000001694317c410 JavaThread "C2 CompilerThread0" daemon [_thread_blocked, id=25620, stack(0x00000058fc800000,0x00000058fc900000)]
  0x0000016943c00080 JavaThread "C1 CompilerThread0" daemon [_thread_blocked, id=23796, stack(0x00000058fc900000,0x00000058fca00000)]
  0x0000016943c0adc0 JavaThread "Sweeper thread" daemon [_thread_blocked, id=29940, stack(0x00000058fca00000,0x00000058fcb00000)]
  0x0000016943cfb890 JavaThread "Common-Cleaner" daemon [_thread_blocked, id=4600, stack(0x00000058fcb00000,0x00000058fcc00000)]
  0x0000016943fe2070 JavaThread "Monitor Ctrl-Break" daemon [_thread_in_native, id=14564, stack(0x00000058fd200000,0x00000058fd300000)]
  0x0000016943fe8750 JavaThread "Notification Thread" daemon [_thread_blocked, id=14428, stack(0x00000058fd300000,0x00000058fd400000)]
  0x00000169440335f0 JavaThread "Java2D Disposer" daemon [_thread_blocked, id=23568, stack(0x00000058fd000000,0x00000058fd100000)]
  0x00000169440345e0 JavaThread "AWT-Shutdown" [_thread_blocked, id=22064, stack(0x00000058fd100000,0x00000058fd200000)]
  0x0000016944031b60 JavaThread "AWT-Windows" daemon [_thread_in_native, id=23520, stack(0x00000058fd500000,0x00000058fd600000)]
  0x0000016944032b50 JavaThread "AWT-EventQueue-0" [_thread_blocked, id=8580, stack(0x00000058fe280000,0x00000058fe380000)]
  0x00000169440330a0 JavaThread "D3D Screen Updater" daemon [_thread_blocked, id=30132, stack(0x00000058fe380000,0x00000058fe480000)]
  0x0000016944034090 JavaThread "pool-1-thread-1" [_thread_blocked, id=11692, stack(0x00000058fe480000,0x00000058fe580000)]
  0x0000016944033b40 JavaThread "DestroyJavaVM" [_thread_blocked, id=11356, stack(0x00000058fbb00000,0x00000058fbc00000)]

Other Threads:
  0x00000169431557c0 VMThread "VM Thread" [stack: 0x00000058fc100000,0x00000058fc200000] [id=31964]
  0x0000016943fe9900 WatcherThread [stack: 0x00000058fd400000,0x00000058fd500000] [id=5248]
  0x000001691ff33670 GCTaskThread "GC Thread#0" [stack: 0x00000058fbc00000,0x00000058fbd00000] [id=28680]
  0x0000016944485570 GCTaskThread "GC Thread#1" [stack: 0x00000058fe710000,0x00000058fe810000] [id=15800]
  0x0000016944485880 GCTaskThread "GC Thread#2" [stack: 0x00000058fe810000,0x00000058fe910000] [id=13000]
  0x000001694b717d30 GCTaskThread "GC Thread#3" [stack: 0x00000058fe910000,0x00000058fea10000] [id=8324]
  0x000001694b718660 GCTaskThread "GC Thread#4" [stack: 0x00000058fea10000,0x00000058feb10000] [id=22552]
  0x000001694b716de0 GCTaskThread "GC Thread#5" [stack: 0x00000058feb10000,0x00000058fec10000] [id=31988]
  0x000001694b718040 GCTaskThread "GC Thread#6" [stack: 0x00000058fec10000,0x00000058fed10000] [id=10336]
=>0x000001694b718970 GCTaskThread "GC Thread#7" [stack: 0x00000058fed10000,0x00000058fee10000] [id=3384]
  0x000001694b7195b0 GCTaskThread "GC Thread#8" [stack: 0x00000058fee10000,0x00000058fef10000] [id=18024]
  0x000001694b7170f0 GCTaskThread "GC Thread#9" [stack: 0x00000058fef10000,0x00000058ff010000] [id=4580]
  0x000001694b717a20 GCTaskThread "GC Thread#10" [stack: 0x00000058fe610000,0x00000058fe710000] [id=11088]
  0x000001691ff43b90 ConcurrentGCThread "G1 Main Marker" [stack: 0x00000058fbd00000,0x00000058fbe00000] [id=29016]
  0x000001691ff45670 ConcurrentGCThread "G1 Conc#0" [stack: 0x00000058fbe00000,0x00000058fbf00000] [id=11884]
  0x000001691ffadc50 ConcurrentGCThread "G1 Refine#0" [stack: 0x00000058fbf00000,0x00000058fc000000] [id=12008]
  0x000001691ffae4e0 ConcurrentGCThread "G1 Service" [stack: 0x00000058fc000000,0x00000058fc100000] [id=27908]

Threads with active compile tasks:
C1 CompilerThread0    13869 2334       3       java.util.Arrays::copyOf (19 bytes)

VM state: at safepoint (normal execution)

VM Mutex/Monitor currently owned by a thread:  ([mutex/lock_event])
[0x000001691feded90] Threads_lock - owner thread: 0x00000169431557c0
[0x000001691fedd680] Heap_lock - owner thread: 0x0000016944032b50

Heap address: 0x000000070a200000, size: 3934 MB, Compressed Oops mode: Zero based, Oop shift amount: 3

CDS archive(s) mapped at: [0x0000000800000000-0x0000000800bb0000-0x0000000800bb0000), size 12255232, SharedBaseAddress: 0x0000000800000000, ArchiveRelocationMode: 0.
Compressed class space mapped at: 0x0000000800c00000-0x0000000840c00000, reserved size: 1073741824
Narrow klass base: 0x0000000800000000, Narrow klass shift: 3, Narrow klass range: 0x100000000

GC Precious Log:
 CPUs: 16 total, 16 available
 Memory: 15731M
 Large Page Support: Disabled
 NUMA Support: Disabled
 Compressed Oops: Enabled (Zero based)
 Heap Region Size: 2M
 Heap Min Capacity: 8M
 Heap Initial Capacity: 246M
 Heap Max Capacity: 3934M
 Pre-touch: Disabled
 Parallel Workers: 13
 Concurrent Workers: 3
 Concurrent Refinement Workers: 13
 Periodic GC: Disabled

Heap:
 garbage-first heap   total 251904K, used 121108K [0x000000070a200000, 0x0000000800000000)
  region size 2048K, 5 young (10240K), 1 survivors (2048K)
 Metaspace       used 9830K, committed 10048K, reserved 1064960K
  class space    used 935K, committed 1024K, reserved 1048576K

Heap Regions: E=young(eden), S=young(survivor), O=old, HS=humongous(starts), HC=humongous(continues), CS=collection set, F=free, OA=open archive, CA=closed archive, TAMS=top-at-mark-start (previous, next)
|   0|0x000000070a200000, 0x000000070a400000, 0x000000070a400000|100%|HS|  |TAMS 0x000000070a200000, 0x000000070a400000| Complete 
|   1|0x000000070a400000, 0x000000070a600000, 0x000000070a600000|100%|HC|  |TAMS 0x000000070a400000, 0x000000070a600000| Complete 
|   2|0x000000070a600000, 0x000000070a800000, 0x000000070a800000|100%|HS|  |TAMS 0x000000070a600000, 0x000000070a800000| Complete 
|   3|0x000000070a800000, 0x000000070aa00000, 0x000000070aa00000|100%|HC|  |TAMS 0x000000070a800000, 0x000000070aa00000| Complete 
|   4|0x000000070aa00000, 0x000000070aa00000, 0x000000070ac00000|  0%| F|  |TAMS 0x000000070aa00000, 0x000000070aa00000| Untracked 
|   5|0x000000070ac00000, 0x000000070ac00000, 0x000000070ae00000|  0%| F|  |TAMS 0x000000070ac00000, 0x000000070ac00000| Untracked 
|   6|0x000000070ae00000, 0x000000070b000000, 0x000000070b000000|100%|HS|  |TAMS 0x000000070ae00000, 0x000000070b000000| Complete 
|   7|0x000000070b000000, 0x000000070b200000, 0x000000070b200000|100%|HC|  |TAMS 0x000000070b000000, 0x000000070b200000| Complete 
|   8|0x000000070b200000, 0x000000070b400000, 0x000000070b400000|100%|HC|  |TAMS 0x000000070b200000, 0x000000070b400000| Complete 
|   9|0x000000070b400000, 0x000000070b600000, 0x000000070b600000|100%|HS|  |TAMS 0x000000070b400000, 0x000000070b600000| Complete 
|  10|0x000000070b600000, 0x000000070b800000, 0x000000070b800000|100%|HC|  |TAMS 0x000000070b600000, 0x000000070b800000| Complete 
|  11|0x000000070b800000, 0x000000070ba00000, 0x000000070ba00000|100%|HC|  |TAMS 0x000000070b800000, 0x000000070ba00000| Complete 
|  12|0x000000070ba00000, 0x000000070bc00000, 0x000000070bc00000|100%|HS|  |TAMS 0x000000070ba00000, 0x000000070bc00000| Complete 
|  13|0x000000070bc00000, 0x000000070be00000, 0x000000070be00000|100%|HC|  |TAMS 0x000000070bc00000, 0x000000070be00000| Complete 
|  14|0x000000070be00000, 0x000000070c000000, 0x000000070c000000|100%|HC|  |TAMS 0x000000070be00000, 0x000000070c000000| Complete 
|  15|0x000000070c000000, 0x000000070c200000, 0x000000070c200000|100%|HS|  |TAMS 0x000000070c000000, 0x000000070c200000| Complete 
|  16|0x000000070c200000, 0x000000070c400000, 0x000000070c400000|100%|HC|  |TAMS 0x000000070c200000, 0x000000070c400000| Complete 
|  17|0x000000070c400000, 0x000000070c600000, 0x000000070c600000|100%|HC|  |TAMS 0x000000070c400000, 0x000000070c600000| Complete 
|  18|0x000000070c600000, 0x000000070c800000, 0x000000070c800000|100%|HS|  |TAMS 0x000000070c600000, 0x000000070c800000| Complete 
|  19|0x000000070c800000, 0x000000070ca00000, 0x000000070ca00000|100%|HC|  |TAMS 0x000000070c800000, 0x000000070ca00000| Complete 
|  20|0x000000070ca00000, 0x000000070cc00000, 0x000000070cc00000|100%|HC|  |TAMS 0x000000070ca00000, 0x000000070cc00000| Complete 
|  21|0x000000070cc00000, 0x000000070ce00000, 0x000000070ce00000|100%|HS|  |TAMS 0x000000070cc00000, 0x000000070ce00000| Complete 
|  22|0x000000070ce00000, 0x000000070d000000, 0x000000070d000000|100%|HC|  |TAMS 0x000000070ce00000, 0x000000070d000000| Complete 
|  23|0x000000070d000000, 0x000000070d200000, 0x000000070d200000|100%|HC|  |TAMS 0x000000070d000000, 0x000000070d200000| Complete 
|  24|0x000000070d200000, 0x000000070d400000, 0x000000070d400000|100%|HS|  |TAMS 0x000000070d200000, 0x000000070d400000| Complete 
|  25|0x000000070d400000, 0x000000070d600000, 0x000000070d600000|100%|HC|  |TAMS 0x000000070d400000, 0x000000070d600000| Complete 
|  26|0x000000070d600000, 0x000000070d800000, 0x000000070d800000|100%|HC|  |TAMS 0x000000070d600000, 0x000000070d800000| Complete 
|  27|0x000000070d800000, 0x000000070da00000, 0x000000070da00000|100%|HS|  |TAMS 0x000000070d800000, 0x000000070da00000| Complete 
|  28|0x000000070da00000, 0x000000070dc00000, 0x000000070dc00000|100%|HC|  |TAMS 0x000000070da00000, 0x000000070dc00000| Complete 
|  29|0x000000070dc00000, 0x000000070de00000, 0x000000070de00000|100%|HC|  |TAMS 0x000000070dc00000, 0x000000070de00000| Complete 
|  30|0x000000070de00000, 0x000000070de00000, 0x000000070e000000|  0%| F|  |TAMS 0x000000070de00000, 0x000000070de00000| Untracked 
|  31|0x000000070e000000, 0x000000070e200000, 0x000000070e200000|100%| O|  |TAMS 0x000000070e000000, 0x000000070e200000| Untracked 
|  32|0x000000070e200000, 0x000000070e400000, 0x000000070e400000|100%|HS|  |TAMS 0x000000070e200000, 0x000000070e400000| Complete 
|  33|0x000000070e400000, 0x000000070e600000, 0x000000070e600000|100%|HS|  |TAMS 0x000000070e400000, 0x000000070e600000| Complete 
|  34|0x000000070e600000, 0x000000070e800000, 0x000000070e800000|100%|HC|  |TAMS 0x000000070e600000, 0x000000070e800000| Complete 
|  35|0x000000070e800000, 0x000000070ea00000, 0x000000070ea00000|100%|HS|  |TAMS 0x000000070e800000, 0x000000070ea00000| Complete 
|  36|0x000000070ea00000, 0x000000070ec00000, 0x000000070ec00000|100%|HC|  |TAMS 0x000000070ea00000, 0x000000070ec00000| Complete 
|  37|0x000000070ec00000, 0x000000070ee00000, 0x000000070ee00000|100%|HC|  |TAMS 0x000000070ec00000, 0x000000070ee00000| Complete 
|  38|0x000000070ee00000, 0x000000070f000000, 0x000000070f000000|100%|HS|  |TAMS 0x000000070ee00000, 0x000000070f000000| Complete 
|  39|0x000000070f000000, 0x000000070f200000, 0x000000070f200000|100%|HC|  |TAMS 0x000000070f000000, 0x000000070f200000| Complete 
|  40|0x000000070f200000, 0x000000070f400000, 0x000000070f400000|100%|HC|  |TAMS 0x000000070f200000, 0x000000070f400000| Complete 
|  41|0x000000070f400000, 0x000000070f600000, 0x000000070f600000|100%|HS|  |TAMS 0x000000070f400000, 0x000000070f600000| Complete 
|  42|0x000000070f600000, 0x000000070f800000, 0x000000070f800000|100%|HC|  |TAMS 0x000000070f600000, 0x000000070f800000| Complete 
|  43|0x000000070f800000, 0x000000070fa00000, 0x000000070fa00000|100%|HC|  |TAMS 0x000000070f800000, 0x000000070fa00000| Complete 
|  44|0x000000070fa00000, 0x000000070fc00000, 0x000000070fc00000|100%|HS|  |TAMS 0x000000070fa00000, 0x000000070fc00000| Complete 
|  45|0x000000070fc00000, 0x000000070fe00000, 0x000000070fe00000|100%|HC|  |TAMS 0x000000070fc00000, 0x000000070fe00000| Complete 
|  46|0x000000070fe00000, 0x0000000710000000, 0x0000000710000000|100%|HC|  |TAMS 0x000000070fe00000, 0x0000000710000000| Complete 
|  47|0x0000000710000000, 0x0000000710200000, 0x0000000710200000|100%|HS|  |TAMS 0x0000000710000000, 0x0000000710200000| Complete 
|  48|0x0000000710200000, 0x0000000710400000, 0x0000000710400000|100%|HC|  |TAMS 0x0000000710200000, 0x0000000710400000| Complete 
|  49|0x0000000710400000, 0x0000000710600000, 0x0000000710600000|100%|HC|  |TAMS 0x0000000710400000, 0x0000000710600000| Complete 
|  50|0x0000000710600000, 0x0000000710800000, 0x0000000710800000|100%|HS|  |TAMS 0x0000000710600000, 0x0000000710800000| Complete 
|  51|0x0000000710800000, 0x0000000710a00000, 0x0000000710a00000|100%|HC|  |TAMS 0x0000000710800000, 0x0000000710a00000| Complete 
|  52|0x0000000710a00000, 0x0000000710c00000, 0x0000000710c00000|100%|HC|  |TAMS 0x0000000710a00000, 0x0000000710c00000| Complete 
|  53|0x0000000710c00000, 0x0000000710e00000, 0x0000000710e00000|100%|HS|  |TAMS 0x0000000710c00000, 0x0000000710e00000| Complete 
|  54|0x0000000710e00000, 0x0000000711000000, 0x0000000711000000|100%|HC|  |TAMS 0x0000000710e00000, 0x0000000711000000| Complete 
|  55|0x0000000711000000, 0x0000000711200000, 0x0000000711200000|100%|HC|  |TAMS 0x0000000711000000, 0x0000000711200000| Complete 
|  56|0x0000000711200000, 0x0000000711400000, 0x0000000711400000|100%| O|  |TAMS 0x0000000711200000, 0x0000000711400000| Untracked 
|  57|0x0000000711400000, 0x0000000711590e10, 0x0000000711600000| 78%| O|  |TAMS 0x0000000711400000, 0x0000000711590600| Untracked 
|  58|0x0000000711600000, 0x0000000711600000, 0x0000000711800000|  0%| F|  |TAMS 0x0000000711600000, 0x0000000711600000| Untracked 
|  59|0x0000000711800000, 0x0000000711800000, 0x0000000711a00000|  0%| F|  |TAMS 0x0000000711800000, 0x0000000711800000| Untracked 
|  60|0x0000000711a00000, 0x0000000711a00000, 0x0000000711c00000|  0%| F|  |TAMS 0x0000000711a00000, 0x0000000711a00000| Untracked 
|  61|0x0000000711c00000, 0x0000000711c00000, 0x0000000711e00000|  0%| F|  |TAMS 0x0000000711c00000, 0x0000000711c00000| Untracked 
|  62|0x0000000711e00000, 0x0000000711e00000, 0x0000000712000000|  0%| F|  |TAMS 0x0000000711e00000, 0x0000000711e00000| Untracked 
|  63|0x0000000712000000, 0x0000000712000000, 0x0000000712200000|  0%| F|  |TAMS 0x0000000712000000, 0x0000000712000000| Untracked 
|  64|0x0000000712200000, 0x0000000712200000, 0x0000000712400000|  0%| F|  |TAMS 0x0000000712200000, 0x0000000712200000| Untracked 
|  65|0x0000000712400000, 0x0000000712400000, 0x0000000712600000|  0%| F|  |TAMS 0x0000000712400000, 0x0000000712400000| Untracked 
|  66|0x0000000712600000, 0x0000000712600000, 0x0000000712800000|  0%| F|  |TAMS 0x0000000712600000, 0x0000000712600000| Untracked 
|  67|0x0000000712800000, 0x0000000712800000, 0x0000000712a00000|  0%| F|  |TAMS 0x0000000712800000, 0x0000000712800000| Untracked 
|  68|0x0000000712a00000, 0x0000000712a00000, 0x0000000712c00000|  0%| F|  |TAMS 0x0000000712a00000, 0x0000000712a00000| Untracked 
|  69|0x0000000712c00000, 0x0000000712c00000, 0x0000000712e00000|  0%| F|  |TAMS 0x0000000712c00000, 0x0000000712c00000| Untracked 
|  70|0x0000000712e00000, 0x0000000712e00000, 0x0000000713000000|  0%| F|  |TAMS 0x0000000712e00000, 0x0000000712e00000| Untracked 
|  71|0x0000000713000000, 0x0000000713000000, 0x0000000713200000|  0%| F|  |TAMS 0x0000000713000000, 0x0000000713000000| Untracked 
|  72|0x0000000713200000, 0x0000000713200000, 0x0000000713400000|  0%| F|  |TAMS 0x0000000713200000, 0x0000000713200000| Untracked 
|  73|0x0000000713400000, 0x0000000713400000, 0x0000000713600000|  0%| F|  |TAMS 0x0000000713400000, 0x0000000713400000| Untracked 
|  74|0x0000000713600000, 0x0000000713600000, 0x0000000713800000|  0%| F|  |TAMS 0x0000000713600000, 0x0000000713600000| Untracked 
|  75|0x0000000713800000, 0x0000000713800000, 0x0000000713a00000|  0%| F|  |TAMS 0x0000000713800000, 0x0000000713800000| Untracked 
|  76|0x0000000713a00000, 0x0000000713a00000, 0x0000000713c00000|  0%| F|  |TAMS 0x0000000713a00000, 0x0000000713a00000| Untracked 
|  77|0x0000000713c00000, 0x0000000713c00000, 0x0000000713e00000|  0%| F|  |TAMS 0x0000000713c00000, 0x0000000713c00000| Untracked 
|  78|0x0000000713e00000, 0x0000000713e00000, 0x0000000714000000|  0%| F|  |TAMS 0x0000000713e00000, 0x0000000713e00000| Untracked 
|  79|0x0000000714000000, 0x0000000714000000, 0x0000000714200000|  0%| F|  |TAMS 0x0000000714000000, 0x0000000714000000| Untracked 
|  80|0x0000000714200000, 0x0000000714200000, 0x0000000714400000|  0%| F|  |TAMS 0x0000000714200000, 0x0000000714200000| Untracked 
|  81|0x0000000714400000, 0x0000000714400000, 0x0000000714600000|  0%| F|  |TAMS 0x0000000714400000, 0x0000000714400000| Untracked 
|  82|0x0000000714600000, 0x0000000714600000, 0x0000000714800000|  0%| F|  |TAMS 0x0000000714600000, 0x0000000714600000| Untracked 
|  83|0x0000000714800000, 0x0000000714800000, 0x0000000714a00000|  0%| F|  |TAMS 0x0000000714800000, 0x0000000714800000| Untracked 
|  84|0x0000000714a00000, 0x0000000714a00000, 0x0000000714c00000|  0%| F|  |TAMS 0x0000000714a00000, 0x0000000714a00000| Untracked 
|  85|0x0000000714c00000, 0x0000000714c00000, 0x0000000714e00000|  0%| F|  |TAMS 0x0000000714c00000, 0x0000000714c00000| Untracked 
|  86|0x0000000714e00000, 0x0000000714e00000, 0x0000000715000000|  0%| F|  |TAMS 0x0000000714e00000, 0x0000000714e00000| Untracked 
|  87|0x0000000715000000, 0x0000000715000000, 0x0000000715200000|  0%| F|  |TAMS 0x0000000715000000, 0x0000000715000000| Untracked 
|  88|0x0000000715200000, 0x0000000715200000, 0x0000000715400000|  0%| F|  |TAMS 0x0000000715200000, 0x0000000715200000| Untracked 
|  89|0x0000000715400000, 0x0000000715400000, 0x0000000715600000|  0%| F|  |TAMS 0x0000000715400000, 0x0000000715400000| Untracked 
|  90|0x0000000715600000, 0x0000000715600000, 0x0000000715800000|  0%| F|  |TAMS 0x0000000715600000, 0x0000000715600000| Untracked 
|  91|0x0000000715800000, 0x0000000715800000, 0x0000000715a00000|  0%| F|  |TAMS 0x0000000715800000, 0x0000000715800000| Untracked 
|  92|0x0000000715a00000, 0x0000000715a00000, 0x0000000715c00000|  0%| F|  |TAMS 0x0000000715a00000, 0x0000000715a00000| Untracked 
|  93|0x0000000715c00000, 0x0000000715c00000, 0x0000000715e00000|  0%| F|  |TAMS 0x0000000715c00000, 0x0000000715c00000| Untracked 
|  94|0x0000000715e00000, 0x0000000715e00000, 0x0000000716000000|  0%| F|  |TAMS 0x0000000715e00000, 0x0000000715e00000| Untracked 
|  95|0x0000000716000000, 0x0000000716000000, 0x0000000716200000|  0%| F|  |TAMS 0x0000000716000000, 0x0000000716000000| Untracked 
|  96|0x0000000716200000, 0x0000000716200000, 0x0000000716400000|  0%| F|  |TAMS 0x0000000716200000, 0x0000000716200000| Untracked 
|  97|0x0000000716400000, 0x0000000716400000, 0x0000000716600000|  0%| F|  |TAMS 0x0000000716400000, 0x0000000716400000| Untracked 
|  98|0x0000000716600000, 0x0000000716600000, 0x0000000716800000|  0%| F|  |TAMS 0x0000000716600000, 0x0000000716600000| Untracked 
|  99|0x0000000716800000, 0x0000000716800000, 0x0000000716a00000|  0%| F|  |TAMS 0x0000000716800000, 0x0000000716800000| Untracked 
| 100|0x0000000716a00000, 0x0000000716a00000, 0x0000000716c00000|  0%| F|  |TAMS 0x0000000716a00000, 0x0000000716a00000| Untracked 
| 101|0x0000000716c00000, 0x0000000716c00000, 0x0000000716e00000|  0%| F|  |TAMS 0x0000000716c00000, 0x0000000716c00000| Untracked 
| 102|0x0000000716e00000, 0x0000000716e00000, 0x0000000717000000|  0%| F|  |TAMS 0x0000000716e00000, 0x0000000716e00000| Untracked 
| 103|0x0000000717000000, 0x0000000717000000, 0x0000000717200000|  0%| F|  |TAMS 0x0000000717000000, 0x0000000717000000| Untracked 
| 104|0x0000000717200000, 0x0000000717200000, 0x0000000717400000|  0%| F|  |TAMS 0x0000000717200000, 0x0000000717200000| Untracked 
| 105|0x0000000717400000, 0x0000000717400000, 0x0000000717600000|  0%| F|  |TAMS 0x0000000717400000, 0x0000000717400000| Untracked 
| 106|0x0000000717600000, 0x0000000717600000, 0x0000000717800000|  0%| F|  |TAMS 0x0000000717600000, 0x0000000717600000| Untracked 
| 107|0x0000000717800000, 0x0000000717800000, 0x0000000717a00000|  0%| F|  |TAMS 0x0000000717800000, 0x0000000717800000| Untracked 
| 108|0x0000000717a00000, 0x0000000717a00000, 0x0000000717c00000|  0%| F|  |TAMS 0x0000000717a00000, 0x0000000717a00000| Untracked 
| 109|0x0000000717c00000, 0x0000000717c00000, 0x0000000717e00000|  0%| F|  |TAMS 0x0000000717c00000, 0x0000000717c00000| Untracked 
| 110|0x0000000717e00000, 0x0000000717e00000, 0x0000000718000000|  0%| F|  |TAMS 0x0000000717e00000, 0x0000000717e00000| Untracked 
| 111|0x0000000718000000, 0x0000000718000000, 0x0000000718200000|  0%| F|  |TAMS 0x0000000718000000, 0x0000000718000000| Untracked 
| 112|0x0000000718200000, 0x0000000718200000, 0x0000000718400000|  0%| F|  |TAMS 0x0000000718200000, 0x0000000718200000| Untracked 
| 113|0x0000000718400000, 0x0000000718400000, 0x0000000718600000|  0%| F|  |TAMS 0x0000000718400000, 0x0000000718400000| Untracked 
| 114|0x0000000718600000, 0x0000000718600000, 0x0000000718800000|  0%| F|  |TAMS 0x0000000718600000, 0x0000000718600000| Untracked 
| 115|0x0000000718800000, 0x0000000718800000, 0x0000000718a00000|  0%| F|  |TAMS 0x0000000718800000, 0x0000000718800000| Untracked 
| 116|0x0000000718a00000, 0x0000000718a00000, 0x0000000718c00000|  0%| F|  |TAMS 0x0000000718a00000, 0x0000000718a00000| Untracked 
| 117|0x0000000718c00000, 0x0000000718cb4a40, 0x0000000718e00000| 35%| S|  |TAMS 0x0000000718c00000, 0x0000000718c00000| Complete 
| 118|0x0000000718e00000, 0x0000000718eb4a40, 0x0000000719000000| 35%| E|CS|TAMS 0x0000000718e00000, 0x0000000718eb4a40| Complete 
| 119|0x0000000719000000, 0x0000000719200000, 0x0000000719200000|100%| E|CS|TAMS 0x0000000719000000, 0x0000000719200000| Complete 
| 120|0x0000000719200000, 0x0000000719400000, 0x0000000719400000|100%| E|CS|TAMS 0x0000000719200000, 0x0000000719400000| Complete 
| 121|0x0000000719400000, 0x0000000719600000, 0x0000000719600000|100%| E|CS|TAMS 0x0000000719400000, 0x0000000719600000| Complete 
| 122|0x0000000719600000, 0x0000000719800000, 0x0000000719800000|100%| E|CS|TAMS 0x0000000719600000, 0x0000000719800000| Complete 

Card table byte_map: [0x0000016937680000,0x0000016937e30000] _byte_map_base: 0x0000016933e2f000

Marking Bits (Prev, Next): (CMBitMap*) 0x000001691ff33bf0, (CMBitMap*) 0x000001691ff33c30
 Prev Bits: [0x00000169385e0000, 0x000001693c358000)
 Next Bits: [0x000001693c360000, 0x00000169400d8000)

Polling page: 0x000001691f6b0000

Metaspace:

Usage:
  Non-class:      8.69 MB used.
      Class:    935.91 KB used.
       Both:      9.60 MB used.

Virtual space:
  Non-class space:       16.00 MB reserved,       8.81 MB ( 55%) committed,  2 nodes.
      Class space:        1.00 GB reserved,       1.00 MB ( <1%) committed,  1 nodes.
              Both:        1.02 GB reserved,       9.81 MB ( <1%) committed. 

Chunk freelists:
   Non-Class:  2.97 MB
       Class:  3.02 MB
        Both:  5.98 MB

MaxMetaspaceSize: 17179869184.00 GB
CompressedClassSpaceSize: 1.00 GB
 - commit_granule_bytes: 65536.
 - commit_granule_words: 8192.
 - virtual_space_node_default_size: 1048576.
 - enlarge_chunks_in_place: 1.
 - new_chunks_are_fully_committed: 0.
 - uncommit_free_chunks: 1.
 - use_allocation_guard: 0.
 - handle_deallocations: 1.


Internal statistics:

num_allocs_failed_limit: 0.
num_arena_births: 122.
num_arena_deaths: 0.
num_vsnodes_births: 3.
num_vsnodes_deaths: 0.
num_space_committed: 157.
num_space_uncommitted: 0.
num_chunks_returned_to_freelist: 0.
num_chunks_taken_from_freelist: 174.
num_chunk_merges: 0.
num_chunk_splits: 103.
num_chunks_enlarged: 55.
num_purges: 0.

CodeHeap 'non-profiled nmethods': size=119168Kb used=983Kb max_used=983Kb free=118184Kb
 bounds [0x000001692f1f0000, 0x000001692f460000, 0x0000016936650000]
CodeHeap 'profiled nmethods': size=119104Kb used=4070Kb max_used=4070Kb free=115033Kb
 bounds [0x0000016927da0000, 0x00000169281a0000, 0x000001692f1f0000]
CodeHeap 'non-nmethods': size=7488Kb used=1311Kb max_used=3055Kb free=6176Kb
 bounds [0x0000016927650000, 0x0000016927960000, 0x0000016927da0000]
 total_blobs=2968 nmethods=2332 adapters=548
 compilation: enabled
              stopped_count=0, restarted_count=0
 full_count=0

Compilation events (20 events):
Event: 13.693 Thread 0x0000016943c00080 nmethod 2323 0x0000016928192890 code [0x0000016928192ba0, 0x0000016928194098]
Event: 13.693 Thread 0x0000016943c00080 2324       3       java.util.concurrent.locks.AbstractQueuedSynchronizer$ConditionObject::signal (34 bytes)
Event: 13.693 Thread 0x0000016943c00080 nmethod 2324 0x0000016928194890 code [0x0000016928194a60, 0x0000016928194dc8]
Event: 13.693 Thread 0x0000016943c00080 2325       3       java.util.concurrent.ThreadPoolExecutor::ensurePrestart (41 bytes)
Event: 13.694 Thread 0x0000016943c00080 nmethod 2325 0x0000016928194f10 code [0x00000169281950e0, 0x00000169281953b8]
Event: 13.749 Thread 0x0000016943c00080 2327       3       java.util.concurrent.ScheduledThreadPoolExecutor$DelayedWorkQueue::finishPoll (43 bytes)
Event: 13.750 Thread 0x0000016943c00080 nmethod 2327 0x0000016928195510 code [0x00000169281956e0, 0x0000016928195d08]
Event: 13.750 Thread 0x0000016943c00080 2328       3       java.util.concurrent.ThreadPoolExecutor$Worker::lock (6 bytes)
Event: 13.750 Thread 0x0000016943c00080 nmethod 2328 0x0000016928195e90 code [0x0000016928196040, 0x0000016928196188]
Event: 13.750 Thread 0x0000016943c00080 2329       3       java.util.concurrent.ThreadPoolExecutor$Worker::tryAcquire (20 bytes)
Event: 13.750 Thread 0x0000016943c00080 nmethod 2329 0x0000016928196210 code [0x00000169281963c0, 0x0000016928196608]
Event: 13.750 Thread 0x0000016943c00080 2330       3       java.util.concurrent.ThreadPoolExecutor::beforeExecute (1 bytes)
Event: 13.750 Thread 0x0000016943c00080 nmethod 2330 0x0000016928196690 code [0x0000016928196820, 0x0000016928196938]
Event: 13.750 Thread 0x0000016943c00080 2331       3       java.util.concurrent.ScheduledThreadPoolExecutor$ScheduledFutureTask::run (57 bytes)
Event: 13.750 Thread 0x0000016943c00080 nmethod 2331 0x0000016928196a10 code [0x0000016928196c20, 0x00000169281970b8]
Event: 13.750 Thread 0x0000016943c00080 2332   !   3       java.util.concurrent.FutureTask::runAndReset (125 bytes)
Event: 13.751 Thread 0x0000016943c00080 nmethod 2332 0x0000016928197210 code [0x0000016928197560, 0x0000016928198dd8]
Event: 13.751 Thread 0x0000016943c00080 2333       3       java.util.concurrent.Executors$RunnableAdapter::call (14 bytes)
Event: 13.751 Thread 0x0000016943c00080 nmethod 2333 0x0000016928199510 code [0x00000169281996c0, 0x00000169281998a8]
Event: 13.774 Thread 0x0000016943c00080 2334       3       java.util.Arrays::copyOf (19 bytes)

GC Heap History (20 events):
Event: 9.385 GC heap after
{Heap after GC invocations=18 (full 0):
 garbage-first heap   total 251904K, used 67104K [0x000000070a200000, 0x0000000800000000)
  region size 2048K, 1 young (2048K), 1 survivors (2048K)
 Metaspace       used 9775K, committed 9984K, reserved 1064960K
  class space    used 935K, committed 1024K, reserved 1048576K
}
Event: 9.833 GC heap before
{Heap before GC invocations=18 (full 0):
 garbage-first heap   total 251904K, used 134688K [0x000000070a200000, 0x0000000800000000)
  region size 2048K, 14 young (28672K), 1 survivors (2048K)
 Metaspace       used 9793K, committed 9984K, reserved 1064960K
  class space    used 935K, committed 1024K, reserved 1048576K
}
Event: 9.834 GC heap after
{Heap after GC invocations=19 (full 0):
 garbage-first heap   total 251904K, used 67106K [0x000000070a200000, 0x0000000800000000)
  region size 2048K, 1 young (2048K), 1 survivors (2048K)
 Metaspace       used 9793K, committed 9984K, reserved 1064960K
  class space    used 935K, committed 1024K, reserved 1048576K
}
Event: 10.281 GC heap before
{Heap before GC invocations=19 (full 0):
 garbage-first heap   total 251904K, used 134690K [0x000000070a200000, 0x0000000800000000)
  region size 2048K, 14 young (28672K), 1 survivors (2048K)
 Metaspace       used 9795K, committed 9984K, reserved 1064960K
  class space    used 935K, committed 1024K, reserved 1048576K
}
Event: 10.282 GC heap after
{Heap after GC invocations=20 (full 0):
 garbage-first heap   total 251904K, used 67114K [0x000000070a200000, 0x0000000800000000)
  region size 2048K, 1 young (2048K), 1 survivors (2048K)
 Metaspace       used 9795K, committed 9984K, reserved 1064960K
  class space    used 935K, committed 1024K, reserved 1048576K
}
Event: 10.742 GC heap before
{Heap before GC invocations=20 (full 0):
 garbage-first heap   total 251904K, used 134698K [0x000000070a200000, 0x0000000800000000)
  region size 2048K, 14 young (28672K), 1 survivors (2048K)
 Metaspace       used 9796K, committed 9984K, reserved 1064960K
  class space    used 935K, committed 1024K, reserved 1048576K
}
Event: 10.743 GC heap after
{Heap after GC invocations=21 (full 0):
 garbage-first heap   total 251904K, used 67127K [0x000000070a200000, 0x0000000800000000)
  region size 2048K, 1 young (2048K), 1 survivors (2048K)
 Metaspace       used 9796K, committed 9984K, reserved 1064960K
  class space    used 935K, committed 1024K, reserved 1048576K
}
Event: 11.236 GC heap before
{Heap before GC invocations=21 (full 0):
 garbage-first heap   total 251904K, used 134711K [0x000000070a200000, 0x0000000800000000)
  region size 2048K, 14 young (28672K), 1 survivors (2048K)
 Metaspace       used 9797K, committed 9984K, reserved 1064960K
  class space    used 935K, committed 1024K, reserved 1048576K
}
Event: 11.237 GC heap after
{Heap after GC invocations=22 (full 0):
 garbage-first heap   total 251904K, used 67131K [0x000000070a200000, 0x0000000800000000)
  region size 2048K, 1 young (2048K), 1 survivors (2048K)
 Metaspace       used 9797K, committed 9984K, reserved 1064960K
  class space    used 935K, committed 1024K, reserved 1048576K
}
Event: 11.722 GC heap before
{Heap before GC invocations=22 (full 0):
 garbage-first heap   total 251904K, used 134715K [0x000000070a200000, 0x0000000800000000)
  region size 2048K, 14 young (28672K), 1 survivors (2048K)
 Metaspace       used 9798K, committed 9984K, reserved 1064960K
  class space    used 935K, committed 1024K, reserved 1048576K
}
Event: 11.722 GC heap after
{Heap after GC invocations=23 (full 0):
 garbage-first heap   total 251904K, used 67138K [0x000000070a200000, 0x0000000800000000)
  region size 2048K, 1 young (2048K), 1 survivors (2048K)
 Metaspace       used 9798K, committed 9984K, reserved 1064960K
  class space    used 935K, committed 1024K, reserved 1048576K
}
Event: 12.080 GC heap before
{Heap before GC invocations=23 (full 0):
 garbage-first heap   total 251904K, used 112194K [0x000000070a200000, 0x0000000800000000)
  region size 2048K, 3 young (6144K), 1 survivors (2048K)
 Metaspace       used 9798K, committed 9984K, reserved 1064960K
  class space    used 935K, committed 1024K, reserved 1048576K
}
Event: 12.081 GC heap after
{Heap after GC invocations=24 (full 0):
 garbage-first heap   total 251904K, used 67140K [0x000000070a200000, 0x0000000800000000)
  region size 2048K, 1 young (2048K), 1 survivors (2048K)
 Metaspace       used 9798K, committed 9984K, reserved 1064960K
  class space    used 935K, committed 1024K, reserved 1048576K
}
Event: 12.533 GC heap before
{Heap before GC invocations=24 (full 0):
 garbage-first heap   total 251904K, used 134724K [0x000000070a200000, 0x0000000800000000)
  region size 2048K, 14 young (28672K), 1 survivors (2048K)
 Metaspace       used 9798K, committed 9984K, reserved 1064960K
  class space    used 935K, committed 1024K, reserved 1048576K
}
Event: 12.533 GC heap after
{Heap after GC invocations=25 (full 0):
 garbage-first heap   total 251904K, used 67145K [0x000000070a200000, 0x0000000800000000)
  region size 2048K, 1 young (2048K), 1 survivors (2048K)
 Metaspace       used 9798K, committed 9984K, reserved 1064960K
  class space    used 935K, committed 1024K, reserved 1048576K
}
Event: 12.959 GC heap before
{Heap before GC invocations=25 (full 0):
 garbage-first heap   total 251904K, used 134729K [0x000000070a200000, 0x0000000800000000)
  region size 2048K, 14 young (28672K), 1 survivors (2048K)
 Metaspace       used 9801K, committed 9984K, reserved 1064960K
  class space    used 935K, committed 1024K, reserved 1048576K
}
Event: 12.960 GC heap after
{Heap after GC invocations=26 (full 0):
 garbage-first heap   total 251904K, used 67851K [0x000000070a200000, 0x0000000800000000)
  region size 2048K, 1 young (2048K), 1 survivors (2048K)
 Metaspace       used 9801K, committed 9984K, reserved 1064960K
  class space    used 935K, committed 1024K, reserved 1048576K
}
Event: 13.337 GC heap before
{Heap before GC invocations=26 (full 0):
 garbage-first heap   total 251904K, used 117003K [0x000000070a200000, 0x0000000800000000)
  region size 2048K, 5 young (10240K), 1 survivors (2048K)
 Metaspace       used 9803K, committed 9984K, reserved 1064960K
  class space    used 935K, committed 1024K, reserved 1048576K
}
Event: 13.337 GC heap after
{Heap after GC invocations=27 (full 0):
 garbage-first heap   total 251904K, used 63764K [0x000000070a200000, 0x0000000800000000)
  region size 2048K, 1 young (2048K), 1 survivors (2048K)
 Metaspace       used 9803K, committed 9984K, reserved 1064960K
  class space    used 935K, committed 1024K, reserved 1048576K
}
Event: 13.774 GC heap before
{Heap before GC invocations=27 (full 0):
 garbage-first heap   total 251904K, used 119060K [0x000000070a200000, 0x0000000800000000)
  region size 2048K, 5 young (10240K), 1 survivors (2048K)
 Metaspace       used 9830K, committed 10048K, reserved 1064960K
  class space    used 935K, committed 1024K, reserved 1048576K
}

Deoptimization events (20 events):
Event: 2.157 Thread 0x0000016944032b50 DEOPT PACKING pc=0x0000016928021cb5 sp=0x00000058fe37dd70
Event: 2.157 Thread 0x0000016944032b50 DEOPT UNPACKING pc=0x000001692769dece sp=0x00000058fe37d208 mode 0
Event: 2.172 Thread 0x0000016944032b50 Uncommon trap: trap_request=0xffffff76 fr.pc=0x000001692f2434dc relative=0x000000000000023c
Event: 2.172 Thread 0x0000016944032b50 Uncommon trap: reason=predicate action=maybe_recompile pc=0x000001692f2434dc method=java.util.ArrayList.indexOfRange(Ljava/lang/Object;II)I @ 45 c2
Event: 2.172 Thread 0x0000016944032b50 DEOPT PACKING pc=0x000001692f2434dc sp=0x00000058fe37e3b0
Event: 2.172 Thread 0x0000016944032b50 DEOPT UNPACKING pc=0x000001692769d72e sp=0x00000058fe37e328 mode 2
Event: 6.359 Thread 0x0000016944032b50 DEOPT PACKING pc=0x0000016928081444 sp=0x00000058fe37cee0
Event: 6.359 Thread 0x0000016944032b50 DEOPT UNPACKING pc=0x000001692769dece sp=0x00000058fe37c3d0 mode 0
Event: 6.520 Thread 0x0000016944032b50 DEOPT PACKING pc=0x0000016928035961 sp=0x00000058fe37cf70
Event: 6.520 Thread 0x0000016944032b50 DEOPT UNPACKING pc=0x000001692769dece sp=0x00000058fe37c450 mode 0
Event: 7.358 Thread 0x0000016944032b50 DEOPT PACKING pc=0x00000169280d6895 sp=0x00000058fe37d040
Event: 7.359 Thread 0x0000016944032b50 DEOPT UNPACKING pc=0x000001692769dece sp=0x00000058fe37c4f0 mode 0
Event: 7.934 Thread 0x0000016944032b50 DEOPT PACKING pc=0x000001692814a02e sp=0x00000058fe37c690
Event: 7.934 Thread 0x0000016944032b50 DEOPT UNPACKING pc=0x000001692769dece sp=0x00000058fe37bb88 mode 0
Event: 8.053 Thread 0x0000016944032b50 Uncommon trap: trap_request=0xffffff45 fr.pc=0x000001692f2d6e2c relative=0x0000000000000cec
Event: 8.053 Thread 0x0000016944032b50 Uncommon trap: reason=unstable_if action=reinterpret pc=0x000001692f2d6e2c method=com.jnngl.system.WebBrowserBootstrap.renderArray(Ljava/awt/Graphics2D;[III)V @ 15 c2
Event: 8.053 Thread 0x0000016944032b50 DEOPT PACKING pc=0x000001692f2d6e2c sp=0x00000058fe37c6a0
Event: 8.053 Thread 0x0000016944032b50 DEOPT UNPACKING pc=0x000001692769d72e sp=0x00000058fe37c688 mode 2
Event: 13.490 Thread 0x0000016944032b50 DEOPT PACKING pc=0x0000016928072aee sp=0x00000058fe37ced0
Event: 13.490 Thread 0x0000016944032b50 DEOPT UNPACKING pc=0x000001692769dece sp=0x00000058fe37c380 mode 0

Classes unloaded (0 events):
No events

Classes redefined (0 events):
No events

Internal exceptions (20 events):
Event: 0.338 Thread 0x000001691fee3da0 Exception <a 'java/lang/NoSuchMethodError'{0x0000000719333a58}: 'void java.lang.invoke.DirectMethodHandle$Holder.invokeSpecial(java.lang.Object, java.lang.Object, java.lang.Object)'> (0x0000000719333a58) 
thrown [t:\workspace\open\src\hotspot\share\interpreter\linkResolver.cpp, line 790]
Event: 0.350 Thread 0x000001691fee3da0 Exception <a 'java/lang/ClassNotFoundException'{0x000000071934ada0}: sun/awt/resources/spi/awtProvider> (0x000000071934ada0) 
thrown [t:\workspace\open\src\hotspot\share\classfile\systemDictionary.cpp, line 256]
Event: 0.386 Thread 0x000001691fee3da0 Exception <a 'java/io/FileNotFoundException'{0x000000071901e000}> (0x000000071901e000) 
thrown [t:\workspace\open\src\hotspot\share\prims\jni.cpp, line 579]
Event: 0.402 Thread 0x000001691fee3da0 Exception <a 'java/io/FileNotFoundException'{0x000000071904cac8}> (0x000000071904cac8) 
thrown [t:\workspace\open\src\hotspot\share\prims\jni.cpp, line 579]
Event: 0.755 Thread 0x000001691fee3da0 Exception <a 'java/lang/NoSuchMethodError'{0x000000071916ae10}: 'java.lang.Object java.lang.invoke.DirectMethodHandle$Holder.newInvokeSpecial(java.lang.Object, java.lang.Object, java.lang.Object, java.lang.Object, java.lang.Object)'> (0x000000071916ae10) 
thrown [t:\workspace\open\src\hotspot\share\interpreter\linkResolver.cpp, line 790]
Event: 0.758 Thread 0x000001691fee3da0 Exception <a 'java/lang/NoSuchMethodError'{0x00000007191768f8}: 'java.lang.Object java.lang.invoke.DirectMethodHandle$Holder.invokeStatic(java.lang.Object, int, java.lang.Object, java.lang.Object, java.lang.Object, java.lang.Object)'> (0x00000007191768f8) 
thrown [t:\workspace\open\src\hotspot\share\interpreter\linkResolver.cpp, line 790]
Event: 0.769 Thread 0x000001691fee3da0 Exception <a 'java/lang/NoSuchMethodError'{0x000000071919c9c0}: 'java.lang.Object java.lang.invoke.DirectMethodHandle$Holder.invokeStatic(java.lang.Object, int, java.lang.Object)'> (0x000000071919c9c0) 
thrown [t:\workspace\open\src\hotspot\share\interpreter\linkResolver.cpp, line 790]
Event: 0.833 Thread 0x000001691fee3da0 Exception <a 'java/lang/ClassNotFoundException'{0x0000000718e55328}: com/sun/swing/internal/plaf/metal/resources/spi/metalProvider> (0x0000000718e55328) 
thrown [t:\workspace\open\src\hotspot\share\classfile\systemDictionary.cpp, line 256]
Event: 0.835 Thread 0x000001691fee3da0 Exception <a 'java/lang/ClassNotFoundException'{0x0000000718e59348}: com/sun/swing/internal/plaf/basic/resources/spi/basicProvider> (0x0000000718e59348) 
thrown [t:\workspace\open\src\hotspot\share\classfile\systemDictionary.cpp, line 256]
Event: 0.883 Thread 0x0000016944031b60 Exception <a 'java/lang/NoSuchMethodError'{0x00000007190f16e8}: 'void java.lang.invoke.DirectMethodHandle$Holder.invokeVirtual(java.lang.Object, java.lang.Object)'> (0x00000007190f16e8) 
thrown [t:\workspace\open\src\hotspot\share\interpreter\linkResolver.cpp, line 790]
Event: 0.906 Thread 0x000001691fee3da0 Exception <a 'java/lang/NoSuchMethodError'{0x0000000718ead730}: 'void java.lang.invoke.DirectMethodHandle$Holder.invokeStaticInit(java.lang.Object)'> (0x0000000718ead730) 
thrown [t:\workspace\open\src\hotspot\share\interpreter\linkResolver.cpp, line 790]
Event: 1.674 Thread 0x0000016944032b50 Exception <a 'java/lang/NoSuchMethodError'{0x0000000718a07c98}: 'java.lang.Object java.lang.invoke.DirectMethodHandle$Holder.invokeStaticInit(java.lang.Object, int, int, int, int)'> (0x0000000718a07c98) 
thrown [t:\workspace\open\src\hotspot\share\interpreter\linkResolver.cpp, line 790]
Event: 1.709 Thread 0x0000016944032b50 Exception <a 'java/lang/NoSuchMethodError'{0x0000000718acecd8}: 'java.lang.Object java.lang.invoke.DirectMethodHandle$Holder.invokeStaticInit(java.lang.Object, java.lang.Object, int, int, int, int)'> (0x0000000718acecd8) 
thrown [t:\workspace\open\src\hotspot\share\interpreter\linkResolver.cpp, line 790]
Event: 1.715 Thread 0x0000016944032b50 Exception <a 'java/lang/NullPointerException'{0x0000000718adb1c0}> (0x0000000718adb1c0) 
thrown [t:\workspace\open\src\hotspot\share\interpreter\linkResolver.cpp, line 1385]
Event: 1.755 Thread 0x0000016944032b50 Exception <a 'java/io/FileNotFoundException'{0x0000000718b9d390}> (0x0000000718b9d390) 
thrown [t:\workspace\open\src\hotspot\share\prims\jni.cpp, line 579]
Event: 1.762 Thread 0x0000016944032b50 Exception <a 'java/io/FileNotFoundException'{0x0000000718bbd4b0}> (0x0000000718bbd4b0) 
thrown [t:\workspace\open\src\hotspot\share\prims\jni.cpp, line 579]
Event: 1.784 Thread 0x0000016944032b50 Exception <a 'java/io/FileNotFoundException'{0x0000000718852958}> (0x0000000718852958) 
thrown [t:\workspace\open\src\hotspot\share\prims\jni.cpp, line 579]
Event: 1.793 Thread 0x0000016944032b50 Exception <a 'java/io/FileNotFoundException'{0x000000071889dfa8}> (0x000000071889dfa8) 
thrown [t:\workspace\open\src\hotspot\share\prims\jni.cpp, line 579]
Event: 2.140 Thread 0x0000016944032b50 Exception <a 'java/io/FileNotFoundException'{0x00000007189175f8}> (0x00000007189175f8) 
thrown [t:\workspace\open\src\hotspot\share\prims\jni.cpp, line 579]
Event: 3.130 Thread 0x0000016944032b50 Exception <a 'java/io/FileNotFoundException'{0x000000071961a3f0}> (0x000000071961a3f0) 
thrown [t:\workspace\open\src\hotspot\share\prims\jni.cpp, line 579]

Events (20 events):
Event: 10.281 Executing  VM operation: G1TryInitiateConcMark
Event: 10.282 Executing  VM operation: G1TryInitiateConcMark done
Event: 10.330 Thread 0x0000016943d01370 Thread exited: 0x0000016943d01370
Event: 10.742 Executing  VM operation: G1TryInitiateConcMark
Event: 10.743 Executing  VM operation: G1TryInitiateConcMark done
Event: 11.053 Thread 0x0000016943d00be0 Thread exited: 0x0000016943d00be0
Event: 11.236 Executing  VM operation: G1TryInitiateConcMark
Event: 11.237 Executing  VM operation: G1TryInitiateConcMark done
Event: 11.722 Executing  VM operation: G1TryInitiateConcMark
Event: 11.722 Executing  VM operation: G1TryInitiateConcMark done
Event: 12.080 Executing  VM operation: G1TryInitiateConcMark
Event: 12.081 Executing  VM operation: G1TryInitiateConcMark done
Event: 12.326 Thread 0x0000016943cfe420 Thread exited: 0x0000016943cfe420
Event: 12.532 Executing  VM operation: G1TryInitiateConcMark
Event: 12.533 Executing  VM operation: G1TryInitiateConcMark done
Event: 12.959 Executing  VM operation: G1TryInitiateConcMark
Event: 12.960 Executing  VM operation: G1TryInitiateConcMark done
Event: 13.336 Executing  VM operation: G1TryInitiateConcMark
Event: 13.337 Executing  VM operation: G1TryInitiateConcMark done
Event: 13.774 Executing  VM operation: G1TryInitiateConcMark


Dynamic libraries:
0x00007ff6cbbc0000 - 0x00007ff6cbbd0000 	C:\Program Files\Java\jdk-16.0.1\bin\java.exe
0x00007ffa0dc80000 - 0x00007ffa0de8f000 	C:\WINDOWS\SYSTEM32\ntdll.dll
0x00007ffa0bae0000 - 0x00007ffa0bb9d000 	C:\WINDOWS\System32\KERNEL32.DLL
0x00007ffa0b520000 - 0x00007ffa0b8ae000 	C:\WINDOWS\System32\KERNELBASE.dll
0x00007ffa0b2e0000 - 0x00007ffa0b3f1000 	C:\WINDOWS\System32\ucrtbase.dll
0x00007ffa02c70000 - 0x00007ffa02c88000 	C:\Program Files\Java\jdk-16.0.1\bin\jli.dll
0x00007ff9dfc30000 - 0x00007ff9dfc49000 	C:\Program Files\Java\jdk-16.0.1\bin\VCRUNTIME140.dll
0x00007ffa0d680000 - 0x00007ffa0d72e000 	C:\WINDOWS\System32\ADVAPI32.dll
0x00007ffa0c490000 - 0x00007ffa0c534000 	C:\WINDOWS\System32\msvcrt.dll
0x00007ffa0c740000 - 0x00007ffa0c7e2000 	C:\WINDOWS\System32\sechost.dll
0x00007ffa0c800000 - 0x00007ffa0c91f000 	C:\WINDOWS\System32\RPCRT4.dll
0x00007ffa0c260000 - 0x00007ffa0c40a000 	C:\WINDOWS\System32\USER32.dll
0x00007ffa0bab0000 - 0x00007ffa0bad6000 	C:\WINDOWS\System32\win32u.dll
0x00007ff9f2410000 - 0x00007ff9f26b1000 	C:\WINDOWS\WinSxS\amd64_microsoft.windows.common-controls_6595b64144ccf1df_6.0.22523.1000_none_26388f37a89e74b7\COMCTL32.dll
0x00007ffa0d790000 - 0x00007ffa0d7b9000 	C:\WINDOWS\System32\GDI32.dll
0x00007ffa0b400000 - 0x00007ffa0b517000 	C:\WINDOWS\System32\gdi32full.dll
0x00007ffa0b8b0000 - 0x00007ffa0b94a000 	C:\WINDOWS\System32\msvcp_win.dll
0x00007ffa03070000 - 0x00007ffa0307a000 	C:\WINDOWS\SYSTEM32\VERSION.dll
0x00007ffa0ce80000 - 0x00007ffa0ceb1000 	C:\WINDOWS\System32\IMM32.DLL
0x00007ffa067a0000 - 0x00007ffa067ac000 	C:\Program Files\Java\jdk-16.0.1\bin\vcruntime140_1.dll
0x00007ff9be920000 - 0x00007ff9be9b1000 	C:\Program Files\Java\jdk-16.0.1\bin\msvcp140.dll
0x00007ff949d50000 - 0x00007ff94a8fb000 	C:\Program Files\Java\jdk-16.0.1\bin\server\jvm.dll
0x00007ffa0cc70000 - 0x00007ffa0cc78000 	C:\WINDOWS\System32\PSAPI.DLL
0x00007ffa06780000 - 0x00007ffa06789000 	C:\WINDOWS\SYSTEM32\WSOCK32.dll
0x00007ffa03ea0000 - 0x00007ffa03ed4000 	C:\WINDOWS\SYSTEM32\WINMM.dll
0x00007ffa0c410000 - 0x00007ffa0c481000 	C:\WINDOWS\System32\WS2_32.dll
0x00007ffa0a1a0000 - 0x00007ffa0a1b8000 	C:\WINDOWS\SYSTEM32\kernel.appcore.dll
0x00007ff9fc620000 - 0x00007ff9fc62a000 	C:\Program Files\Java\jdk-16.0.1\bin\jimage.dll
0x00007ff9fb790000 - 0x00007ff9fb9b6000 	C:\WINDOWS\SYSTEM32\DBGHELP.DLL
0x00007ffa0bd40000 - 0x00007ffa0c0bc000 	C:\WINDOWS\System32\combase.dll
0x00007ffa0ca00000 - 0x00007ffa0cad7000 	C:\WINDOWS\System32\OLEAUT32.dll
0x00007ff9f3010000 - 0x00007ff9f3041000 	C:\WINDOWS\SYSTEM32\dbgcore.DLL
0x00007ffa0b140000 - 0x00007ffa0b1bb000 	C:\WINDOWS\System32\bcryptPrimitives.dll
0x00007ff9e0660000 - 0x00007ff9e066e000 	C:\Program Files\Java\jdk-16.0.1\bin\instrument.dll
0x00007ff9da6a0000 - 0x00007ff9da6c5000 	C:\Program Files\Java\jdk-16.0.1\bin\java.dll
0x00007ffa0cec0000 - 0x00007ffa0d678000 	C:\WINDOWS\System32\SHELL32.dll
0x00007ffa091d0000 - 0x00007ffa09a26000 	C:\WINDOWS\SYSTEM32\windows.storage.dll
0x00007ffa09090000 - 0x00007ffa091cc000 	C:\WINDOWS\SYSTEM32\wintypes.dll
0x00007ffa0cb70000 - 0x00007ffa0cc61000 	C:\WINDOWS\System32\SHCORE.dll
0x00007ffa0cc80000 - 0x00007ffa0ccdb000 	C:\WINDOWS\System32\shlwapi.dll
0x00007ffa0b070000 - 0x00007ffa0b091000 	C:\WINDOWS\SYSTEM32\profapi.dll
0x00007ff9cc5f0000 - 0x00007ff9cc608000 	C:\Program Files\Java\jdk-16.0.1\bin\zip.dll
0x00007ff9ced90000 - 0x00007ff9ceda9000 	C:\Program Files\Java\jdk-16.0.1\bin\net.dll
0x00007ffa03640000 - 0x00007ffa03752000 	C:\WINDOWS\SYSTEM32\WINHTTP.dll
0x00007ffa0a620000 - 0x00007ffa0a689000 	C:\WINDOWS\system32\mswsock.dll
0x00007ff9ce3b0000 - 0x00007ff9ce3c3000 	C:\Program Files\Java\jdk-16.0.1\bin\nio.dll
0x00007ff9cc5d0000 - 0x00007ff9cc5ea000 	C:\Program Files\JetBrains\IntelliJ IDEA Community Edition 2021.2.1\bin\breakgen64.dll
0x00007ff956250000 - 0x00007ff9563d0000 	C:\Program Files\Java\jdk-16.0.1\bin\awt.dll
0x00007ffa08280000 - 0x00007ffa08313000 	C:\WINDOWS\SYSTEM32\apphelp.dll
0x00007ffa08660000 - 0x00007ffa0868b000 	C:\WINDOWS\system32\DWMAPI.DLL
0x00007ffa083d0000 - 0x00007ffa0847b000 	C:\WINDOWS\system32\uxtheme.dll
0x00007ff9a34f0000 - 0x00007ff9a35f2000 	C:\WINDOWS\system32\opengl32.dll
0x00007ff9a3410000 - 0x00007ff9a343d000 	C:\WINDOWS\SYSTEM32\GLU32.dll
0x00007ffa084e0000 - 0x00007ffa08518000 	C:\WINDOWS\SYSTEM32\dxcore.dll
0x00007ffa0c0c0000 - 0x00007ffa0c1de000 	C:\WINDOWS\System32\MSCTF.dll
0x00007ffa0cce0000 - 0x00007ffa0ce79000 	C:\WINDOWS\System32\ole32.dll
0x00007ff9f8e40000 - 0x00007ff9f8fe7000 	C:\WINDOWS\system32\d3d9.dll
0x00007ff9f69a0000 - 0x00007ff9f6aa7000 	C:\WINDOWS\System32\DriverStore\FileRepository\nvhmig.inf_amd64_c6685fe79c60e4b1\nvldumdx.dll
0x00007ffa0a970000 - 0x00007ffa0a982000 	C:\WINDOWS\SYSTEM32\msasn1.dll
0x00007ff9fea10000 - 0x00007ff9fea41000 	C:\WINDOWS\SYSTEM32\cryptnet.dll
0x00007ffa0b950000 - 0x00007ffa0baac000 	C:\WINDOWS\System32\CRYPT32.dll
0x00007ff9fc3d0000 - 0x00007ff9fc526000 	C:\WINDOWS\SYSTEM32\drvstore.dll
0x00007ffa0ad60000 - 0x00007ffa0ad8c000 	C:\WINDOWS\SYSTEM32\devobj.dll
0x00007ffa0ad10000 - 0x00007ffa0ad5d000 	C:\WINDOWS\SYSTEM32\cfgmgr32.dll
0x00007ffa0a920000 - 0x00007ffa0a961000 	C:\WINDOWS\SYSTEM32\wldp.dll
0x00007ffa0a870000 - 0x00007ffa0a87c000 	C:\WINDOWS\SYSTEM32\cryptbase.dll
0x00007ffa0b280000 - 0x00007ffa0b2e0000 	C:\WINDOWS\System32\WINTRUST.DLL
0x00007ffa0c700000 - 0x00007ffa0c71f000 	C:\WINDOWS\System32\imagehlp.dll
0x00007ffa0a880000 - 0x00007ffa0a898000 	C:\WINDOWS\SYSTEM32\CRYPTSP.dll
0x00007ffa0a100000 - 0x00007ffa0a135000 	C:\WINDOWS\system32\rsaenh.dll
0x00007ffa0aa00000 - 0x00007ffa0aa28000 	C:\WINDOWS\SYSTEM32\bcrypt.dll
0x00007ff9ba1e0000 - 0x00007ff9bb968000 	C:\WINDOWS\System32\DriverStore\FileRepository\nvhmig.inf_amd64_c6685fe79c60e4b1\nvd3dumx.dll
0x00007ff9fabb0000 - 0x00007ff9fabf4000 	C:\WINDOWS\SYSTEM32\directxdatabasehelper.dll
0x00007ff9e6f60000 - 0x00007ff9e7118000 	C:\WINDOWS\System32\DriverStore\FileRepository\u0372545.inf_amd64_56d459236871c3f2\B372333\aticfx64.dll
0x00007ff9d1e30000 - 0x00007ff9d1e64000 	C:\WINDOWS\System32\DriverStore\FileRepository\u0372545.inf_amd64_56d459236871c3f2\B372333\atiu9p64.dll
0x00007ff9b93f0000 - 0x00007ff9ba144000 	C:\WINDOWS\System32\DriverStore\FileRepository\u0372545.inf_amd64_56d459236871c3f2\B372333\atiumd64.dll
0x00000000759d0000 - 0x0000000076845000 	C:\WINDOWS\System32\DriverStore\FileRepository\u0372545.inf_amd64_56d459236871c3f2\B372333\atiumd6a.dll
0x00007ffa0d7c0000 - 0x00007ffa0dc33000 	C:\WINDOWS\System32\SETUPAPI.dll
0x00007ffa0b010000 - 0x00007ffa0b05d000 	C:\WINDOWS\SYSTEM32\POWRPROF.dll
0x00007ffa0aff0000 - 0x00007ffa0b003000 	C:\WINDOWS\SYSTEM32\UMPDC.dll
0x00007ff9e6a00000 - 0x00007ff9e6a30000 	C:\WINDOWS\SYSTEM32\amdihk64.dll
0x00007ff9b8870000 - 0x00007ff9b8b37000 	C:\WINDOWS\system32\nvspcap64.dll
0x00007ffa0a1c0000 - 0x00007ffa0a1f4000 	C:\WINDOWS\SYSTEM32\ntmarta.dll
0x00007ffa0a6b0000 - 0x00007ffa0a6d6000 	C:\WINDOWS\SYSTEM32\gpapi.dll
0x00007ff95e510000 - 0x00007ff95e599000 	C:\Program Files\Java\jdk-16.0.1\bin\freetype.dll
0x00007ff9588f0000 - 0x00007ff9589e6000 	C:\Program Files\Java\jdk-16.0.1\bin\harfbuzz.dll
0x00007ff9dd070000 - 0x00007ff9dd082000 	C:\Program Files\Java\jdk-16.0.1\bin\fontmanager.dll
0x00007ff9f4f20000 - 0x00007ff9f504b000 	C:\WINDOWS\SYSTEM32\textinputframework.dll
0x00007ffa07ff0000 - 0x00007ffa0811e000 	C:\WINDOWS\SYSTEM32\CoreMessaging.dll
0x00007ff9f9e50000 - 0x00007ff9fa1bb000 	C:\WINDOWS\SYSTEM32\CoreUIComponents.dll
0x00007ffa0a720000 - 0x00007ffa0a749000 	C:\WINDOWS\SYSTEM32\USERENV.dll
0x00007ffa09c80000 - 0x00007ffa09cad000 	C:\WINDOWS\SYSTEM32\IPHLPAPI.DLL
0x00007ffa0c730000 - 0x00007ffa0c739000 	C:\WINDOWS\System32\NSI.dll
0x00007ffa03530000 - 0x00007ffa03549000 	C:\WINDOWS\SYSTEM32\dhcpcsvc6.DLL
0x00007ffa03510000 - 0x00007ffa0352e000 	C:\WINDOWS\SYSTEM32\dhcpcsvc.DLL
0x00007ffa09cb0000 - 0x00007ffa09da8000 	C:\WINDOWS\SYSTEM32\DNSAPI.dll
0x00007ff9dd100000 - 0x00007ff9dd11f000 	C:\Users\JNNGL\IdeaProjects\TotalComputers\native.dll
0x00007ff95e5a0000 - 0x00007ff95e6d0000 	C:\Users\JNNGL\IdeaProjects\TotalComputers\rootfs\test\usr\Applications\Web Browser.app\chrome_elf.dll
0x00007ff9553d0000 - 0x00007ff955882000 	C:\Users\JNNGL\IdeaProjects\TotalComputers\rootfs\test\usr\Applications\Web Browser.app\d3dcompiler_47.dll
0x00007ff92ead0000 - 0x00007ff9388af000 	C:\Users\JNNGL\IdeaProjects\TotalComputers\rootfs\test\usr\Applications\Web Browser.app\libcef.dll
0x00007ffa0c920000 - 0x00007ffa0c9f6000 	C:\WINDOWS\System32\COMDLG32.dll
0x00007ff9d5020000 - 0x00007ff9d545c000 	C:\WINDOWS\SYSTEM32\UIAutomationCore.DLL
0x00007ffa08530000 - 0x00007ffa08625000 	C:\WINDOWS\SYSTEM32\dxgi.dll
0x00007ffa06200000 - 0x00007ffa062fe000 	C:\WINDOWS\SYSTEM32\PROPSYS.dll
0x00007ff9f7780000 - 0x00007ff9f77e9000 	C:\WINDOWS\SYSTEM32\OLEACC.dll
0x00007ff9ed140000 - 0x00007ff9ed14c000 	C:\WINDOWS\SYSTEM32\Secur32.dll
0x00007ff9fc530000 - 0x00007ff9fc548000 	C:\WINDOWS\SYSTEM32\NETAPI32.dll
0x00007ffa075d0000 - 0x00007ffa07836000 	C:\WINDOWS\SYSTEM32\DWrite.dll
0x00007ffa04110000 - 0x00007ffa04124000 	C:\WINDOWS\SYSTEM32\WTSAPI32.dll
0x00007ffa0a9d0000 - 0x00007ffa0a9f9000 	C:\WINDOWS\SYSTEM32\ncrypt.dll
0x00007ffa09a30000 - 0x00007ffa09a3e000 	C:\WINDOWS\SYSTEM32\HID.DLL
0x00007ff9e5940000 - 0x00007ff9e5959000 	C:\WINDOWS\SYSTEM32\USP10.dll
0x00007ff9fc7e0000 - 0x00007ff9fc805000 	C:\WINDOWS\SYSTEM32\dxva2.dll
0x00007ff9f76e0000 - 0x00007ff9f7779000 	C:\WINDOWS\SYSTEM32\WINSPOOL.DRV
0x00007ff9e6c50000 - 0x00007ff9e6cab000 	C:\WINDOWS\SYSTEM32\CRYPTUI.dll
0x00007ff9f8c50000 - 0x00007ff9f8e3d000 	C:\WINDOWS\SYSTEM32\urlmon.dll
0x00007ff9e5580000 - 0x00007ff9e5592000 	C:\WINDOWS\SYSTEM32\credui.dll
0x00007ffa03300000 - 0x00007ffa03355000 	C:\WINDOWS\SYSTEM32\wevtapi.dll
0x00007ff9f2ae0000 - 0x00007ff9f2fd5000 	C:\WINDOWS\SYSTEM32\WININET.dll
0x00007ffa017a0000 - 0x00007ffa01b68000 	C:\WINDOWS\SYSTEM32\ESENT.dll
0x00007ff9e46a0000 - 0x00007ff9e494d000 	C:\WINDOWS\SYSTEM32\iertutil.dll
0x00007ff9e4950000 - 0x00007ff9e4978000 	C:\WINDOWS\SYSTEM32\srvcli.dll
0x00007ffa09c70000 - 0x00007ffa09c7c000 	C:\WINDOWS\SYSTEM32\netutils.dll
0x00007ffa0a410000 - 0x00007ffa0a451000 	C:\WINDOWS\SYSTEM32\SSPICLI.DLL
0x00007ffa06500000 - 0x00007ffa0650a000 	C:\WINDOWS\SYSTEM32\DSROLE.DLL
0x00007ffa032e0000 - 0x00007ffa032f7000 	C:\WINDOWS\SYSTEM32\WKSCLI.DLL
0x00007ff9fd240000 - 0x00007ff9fd259000 	C:\WINDOWS\SYSTEM32\SAMCLI.DLL
0x00007ffa0a990000 - 0x00007ffa0a9c7000 	C:\WINDOWS\SYSTEM32\NTASN1.dll

dbghelp: loaded successfully - version: 4.0.5 - missing functions: none
symbol engine: initialized successfully - sym options: 0x614 - pdb path: .;C:\Program Files\Java\jdk-16.0.1\bin;C:\WINDOWS\SYSTEM32;C:\WINDOWS\WinSxS\amd64_microsoft.windows.common-controls_6595b64144ccf1df_6.0.22523.1000_none_26388f37a89e74b7;C:\Program Files\Java\jdk-16.0.1\bin\server;C:\Program Files\JetBrains\IntelliJ IDEA Community Edition 2021.2.1\bin;C:\WINDOWS\System32\DriverStore\FileRepository\nvhmig.inf_amd64_c6685fe79c60e4b1;C:\WINDOWS\System32\DriverStore\FileRepository\u0372545.inf_amd64_56d459236871c3f2\B372333;C:\Users\JNNGL\IdeaProjects\TotalComputers;C:\Users\JNNGL\IdeaProjects\TotalComputers\rootfs\test\usr\Applications\Web Browser.app;C:\Users\JNNGL\IdeaProjects\TotalComputers\rootfs\test\usr\Applications\Web Browser.app\swiftshader

VM Arguments:
jvm_args: -Djava.library.path=C:\Users\JNNGL\IdeaProjects\TotalComputers;C:\Users\JNNGL\IdeaProjects\TotalComputers\win64 -javaagent:C:\Program Files\JetBrains\IntelliJ IDEA Community Edition 2021.2.1\lib\idea_rt.jar=62125:C:\Program Files\JetBrains\IntelliJ IDEA Community Edition 2021.2.1\bin -Dfile.encoding=UTF-8 
java_command: com.jnngl.totalcomputers.system.TotalOS$Test
java_class_path (initial): C:\Users\JNNGL\IdeaProjects\TotalComputers\out\production\TotalComputers;C:\Users\JNNGL\Desktop\server\craftbukkit-1.12.2.jar;C:\Users\JNNGL\IdeaProjects\TotalComputers\lwjgl\joml-1.10.3.jar;C:\Users\JNNGL\IdeaProjects\TotalComputers\lwjgl\lwjgl-glfw-natives-linux-arm32.jar;C:\Users\JNNGL\IdeaProjects\TotalComputers\lwjgl\lwjgl-glfw-natives-linux-arm64.jar;C:\Users\JNNGL\IdeaProjects\TotalComputers\lwjgl\lwjgl-glfw-natives-linux.jar;C:\Users\JNNGL\IdeaProjects\TotalComputers\lwjgl\lwjgl-glfw-natives-macos-arm64.jar;C:\Users\JNNGL\IdeaProjects\TotalComputers\lwjgl\lwjgl-glfw-natives-macos.jar;C:\Users\JNNGL\IdeaProjects\TotalComputers\lwjgl\lwjgl-glfw-natives-windows-arm64.jar;C:\Users\JNNGL\IdeaProjects\TotalComputers\lwjgl\lwjgl-glfw-natives-windows-x86.jar;C:\Users\JNNGL\IdeaProjects\TotalComputers\lwjgl\lwjgl-glfw-natives-windows.jar;C:\Users\JNNGL\IdeaProjects\TotalComputers\lwjgl\lwjgl-glfw.jar;C:\Users\JNNGL\IdeaProjects\TotalComputers\lwjgl\lwjgl-natives-linux-arm32.jar;C:\Users\JNNGL\IdeaProjects\TotalComputers\lwjgl\lwjgl-natives-linux-arm64.jar;C:\Users\JNNGL\IdeaProjects\TotalComputers\lwjgl\lwjgl-natives-linux.jar;C:\Users\JNNGL\IdeaProjects\TotalComputers\lwjgl\lwjgl-natives-macos-arm64.jar;C:\Users\JNNGL\IdeaProjects\TotalComputers\lwjgl\lwjgl-natives-macos.jar;C:\Users\JNNGL\IdeaProjects\TotalComputers\lwjgl\lwjgl-natives-windows-arm64.jar;C:\Users\JNNGL\IdeaProjects\TotalComputers\lwjgl\lwjgl-natives-windows-x86.jar;C:\Users\JNNGL\IdeaProjects\TotalComputers\lwjgl\lwjgl-natives-windows.jar;C:\Users\JNNGL\IdeaProjects\TotalComputers\lwjgl\lwjgl-opengl-natives-linux-arm32.jar;C:\Users\JNNGL\IdeaProjects\TotalComputers\lwjgl\lwjgl-opengl-natives-linux-arm64.jar;C:\Users\JNNGL\IdeaProjects\TotalComputers\lwjgl\lwjgl-opengl-natives-linux.jar;C:\Users\JNNGL\IdeaProjects\TotalComputers\lwjgl\lwjgl-opengl-natives-macos-arm64.jar;C:\Users\JNNGL\IdeaProjects\TotalComputers\lwjgl\lwjgl-opengl-natives-macos.jar;C:\Users\JNNGL\IdeaPro
Launcher Type: SUN_STANDARD

[Global flags]
     intx CICompilerCount                          = 12                                        {product} {ergonomic}
     uint ConcGCThreads                            = 3                                         {product} {ergonomic}
     uint G1ConcRefinementThreads                  = 13                                        {product} {ergonomic}
   size_t G1HeapRegionSize                         = 2097152                                   {product} {ergonomic}
    uintx GCDrainStackTargetSize                   = 64                                        {product} {ergonomic}
   size_t InitialHeapSize                          = 257949696                                 {product} {ergonomic}
   size_t MarkStackSize                            = 4194304                                   {product} {ergonomic}
   size_t MaxHeapSize                              = 4125097984                                {product} {ergonomic}
   size_t MaxNewSize                               = 2474639360                                {product} {ergonomic}
   size_t MinHeapDeltaBytes                        = 2097152                                   {product} {ergonomic}
   size_t MinHeapSize                              = 8388608                                   {product} {ergonomic}
    uintx NonNMethodCodeHeapSize                   = 7602480                                {pd product} {ergonomic}
    uintx NonProfiledCodeHeapSize                  = 122027880                              {pd product} {ergonomic}
    uintx ProfiledCodeHeapSize                     = 122027880                              {pd product} {ergonomic}
    uintx ReservedCodeCacheSize                    = 251658240                              {pd product} {ergonomic}
     bool SegmentedCodeCache                       = true                                      {product} {ergonomic}
   size_t SoftMaxHeapSize                          = 4125097984                             {manageable} {ergonomic}
     bool UseCompressedClassPointers               = true                           {product lp64_product} {ergonomic}
     bool UseCompressedOops                        = true                           {product lp64_product} {ergonomic}
     bool UseG1GC                                  = true                                      {product} {ergonomic}
     bool UseLargePagesIndividualAllocation        = false                                  {pd product} {ergonomic}

Logging:
Log output configuration:
 #0: stdout all=warning uptime,level,tags
 #1: stderr all=off uptime,level,tags

Environment Variables:
PATH=C:\Program Files\NVIDIA GPU Computing Toolkit\CUDA\v11.5\bin;C:\Program Files\ImageMagick-7.1.0-Q16-HDRI;C:\Program Files (x86)\VMware\VMware Player\bin\;C:\VulkanSDK\1.2.176.1\Bin;C:\Program Files\NVIDIA GPU Computing Toolkit\CUDA\v11.3\bin;C:\Program Files\NVIDIA GPU Computing Toolkit\CUDA\v11.3\libnvvp;C:\Program Files\Common Files\Oracle\Java\javapath;C:\windows\system32;C:\windows;C:\windows\System32\Wbem;C:\windows\System32\WindowsPowerShell\v1.0\;C:\windows\System32\OpenSSH\;C:\Program Files (x86)\NVIDIA Corporation\PhysX\Common;C:\Program Files\NVIDIA Corporation\NVIDIA NvDLISR;C:\Program Files\Git\cmd;C:\Program Files (x86)\Microsoft Visual Studio\2019\Community\VC\Tools\MSVC\14.28.29910\bin\Hostx64\x64;C:\Program Files\mingw-w64\x86_64-8.1.0-posix-seh-rt_v6-rev0\mingw64\bin;C:\WINDOWS\system32;C:\WINDOWS;C:\WINDOWS\System32\Wbem;C:\WINDOWS\System32\WindowsPowerShell\v1.0\;C:\WINDOWS\System32\OpenSSH\;C:\Program Files\NVIDIA Corporation\Nsight Compute 2021.3.1\;C:\Program Files\dotnet\;%SystemRoot%\system32;%SystemRoot%;%SystemRoot%\System32\Wbem;%SYSTEMROOT%\System32\WindowsPowerShell\v1.0\;%SYSTEMROOT%\System32\OpenSSH\;C:\Users\JNNGL\AppData\Local\Microsoft\WindowsApps;C:\Program Files\CMake\bin;C:\Users\JNNGL\AppData\Local\Programs\Microsoft VS Code\bin;C:\Gradle\gradle-7.0.2\bin;C:\Users\JNNGL\AppData\Local\GitHubDesktop\bin;C:\Program Files (x86)\Microsoft Visual Studio\2019\Community\VC\Tools\MSVC\14.28.29910\bin\Hostx64\x64;C:\Program Files\mingw-w64\x86_64-8.1.0-posix-seh-rt_v6-rev0\mingw64\bin;C:\Users\JNNGL\.dotnet\tools;C:\Program Files\qemu;
USERNAME=JNNGL
OS=Windows_NT
PROCESSOR_IDENTIFIER=AMD64 Family 23 Model 96 Stepping 1, AuthenticAMD



---------------  S Y S T E M  ---------------

OS:
 Windows 10 , 64 bit Build 22523 (10.0.22523.1000)
OS uptime: 1 days 21:46 hours

CPU: total 16 (initial active 16) (16 cores per cpu, 2 threads per core) family 23 model 96 stepping 1 microcode 0x0, cx8, cmov, fxsr, ht, mmx, 3dnowpref, sse, sse2, sse3, ssse3, sse4a, sse4.1, sse4.2, popcnt, lzcnt, tsc, tscinvbit, avx, avx2, aes, clmul, bmi1, bmi2, adx, sha, fma, vzeroupper, clflush, clflushopt

Memory: 4k page, system-wide physical 15731M (4564M free)
TotalPageFile size 26044M (AvailPageFile size 3682M)
current process WorkingSet (physical memory assigned to process): 291M, peak: 297M
current process commit charge ("private bytes"): 439M, peak: 480M

vm_info: Java HotSpot(TM) 64-Bit Server VM (16.0.1+9-24) for windows-amd64 JRE (16.0.1+9-24), built on Mar 26 2021 19:31:42 by "mach5one" with MS VC++ 16.7 (VS2019)

END.
