#
# A fatal error has been detected by the Java Runtime Environment:
#
#  EXCEPTION_ACCESS_VIOLATION (0xc0000005) at pc=0x0000024ed03afb84, pid=16200, tid=19636
#
# JRE version: Java(TM) SE Runtime Environment (16.0.1+9) (build 16.0.1+9-24)
# Java VM: Java HotSpot(TM) 64-Bit Server VM (16.0.1+9-24, mixed mode, sharing, tiered, compressed oops, compressed class ptrs, g1 gc, windows-amd64)
# Problematic frame:
# j  java.util.concurrent.locks.AbstractQueuedSynchronizer.acquire(Ljava/util/concurrent/locks/AbstractQueuedSynchronizer$Node;IZZZJ)I+0 java.base@16.0.1
#
# No core dump will be written. Minidumps are not enabled by default on client versions of Windows
#
# If you would like to submit a bug report, please visit:
#   https://bugreport.java.com/bugreport/crash.jsp
#

---------------  S U M M A R Y ------------

Command Line: -Djava.library.path=C:\Users\JNNGL\IdeaProjects\TotalComputers;C:\Users\JNNGL\IdeaProjects\TotalComputers\win64 -javaagent:C:\Program Files\JetBrains\IntelliJ IDEA Community Edition 2021.2.1\lib\idea_rt.jar=62643:C:\Program Files\JetBrains\IntelliJ IDEA Community Edition 2021.2.1\bin -Dfile.encoding=UTF-8 com.jnngl.totalcomputers.system.TotalOS$Test

Host: AMD Ryzen 7 4800H with Radeon Graphics         , 16 cores, 15G,  Windows 10 , 64 bit Build 22523 (10.0.22523.1000)
Time: Sun Feb 27 17:53:26 2022  Windows 10 , 64 bit Build 22523 (10.0.22523.1000) elapsed time: 4.696504 seconds (0d 0h 0m 4s)

---------------  T H R E A D  ---------------

Current thread (0x0000024ef4168a90):  JavaThread "pool-1-thread-1" [_thread_in_Java, id=19636, stack(0x000000e7f8e00000,0x000000e7f8f00000)]

Stack: [0x000000e7f8e00000,0x000000e7f8f00000],  sp=0x000000e7f8efef78,  free space=1019k
Native frames: (J=compiled Java code, j=interpreted, Vv=VM code, C=native code)
C  0x0000024ed03afb84


siginfo: EXCEPTION_ACCESS_VIOLATION (0xc0000005), reading address 0x00000007fffffff8


Register to memory mapping:

RIP=0x0000024ed03afb84 is at code_begin+292 in an Interpreter codelet
nofast_getfield  234 nofast_getfield  [0x0000024ed03afa60, 0x0000024ed03afc80]  544 bytes
RAX=0x0000000044200003 is an unknown value
RBX=0x000000000000000c is an unknown value
RCX=0x00000008000466f0 is pointing into metadata
RDX=0x0000000000000038 is an unknown value
RSP=0x000000e7f8efef78 is pointing into the stack for thread: 0x0000024ef4168a90
RBP=0x000000e7f8efefc0 is pointing into the stack for thread: 0x0000024ef4168a90
RSI=0x00000000fffffffd is an unknown value
RDI=0x0000024ed0399512 is at code_begin+1138 in an Interpreter codelet
return entry points  [0x0000024ed03990a0, 0x0000024ed0399be0]  2880 bytes
R8 =0x0000000000000040 is an unknown value
R9 =0x00000007fffffff8 is an unallocated location in the heap
R10=0x00007ff94a84cdb0 jvm.dll
R11=0x0000024ed7f43fe8 is at entry_point+40 in (nmethod*)0x0000024ed7f43e10
R12=0x0 is NULL
R13=0x0000000800a9d481 is pointing into metadata
R14=0x000000e7f8eff048 is pointing into the stack for thread: 0x0000024ef4168a90
R15=0x0000024ef4168a90 is a thread


Registers:
RAX=0x0000000044200003, RBX=0x000000000000000c, RCX=0x00000008000466f0, RDX=0x0000000000000038
RSP=0x000000e7f8efef78, RBP=0x000000e7f8efefc0, RSI=0x00000000fffffffd, RDI=0x0000024ed0399512
R8 =0x0000000000000040, R9 =0x00000007fffffff8, R10=0x00007ff94a84cdb0, R11=0x0000024ed7f43fe8
R12=0x0000000000000000, R13=0x0000000800a9d481, R14=0x000000e7f8eff048, R15=0x0000024ef4168a90
RIP=0x0000024ed03afb84, EFLAGS=0x0000000000010246

Top of Stack: (sp=0x000000e7f8efef78)
0x000000e7f8efef78:   000000e7f8efef78 0000000800a9d440
0x000000e7f8efef88:   000000e7f8eff048 00000008000466f0
0x000000e7f8efef98:   0000000000000000 000000070e024450
0x000000e7f8efefa8:   0000000800047550 0000000000000000
0x000000e7f8efefb8:   000000e7f8eff010 000000e7f8eff098
0x000000e7f8efefc8:   0000024ed0399626 0000000000000000
0x000000e7f8efefd8:   0000000000000000 00000007fffffff8
0x000000e7f8efefe8:   0000000000000000 0000000000000000
0x000000e7f8efeff8:   0000000000000000 0000000000000000
0x000000e7f8eff008:   000000070e072208 0000000000000000
0x000000e7f8eff018:   0000000000000000 0000000000000000
0x000000e7f8eff028:   0000000000000000 0000000000000000
0x000000e7f8eff038:   0000000000000001 0000000719700000
0x000000e7f8eff048:   00000007112ba970 000000e7f8eff050
0x000000e7f8eff058:   0000024eec1e9afa 000000e7f8eff108
0x000000e7f8eff068:   0000024eec1f96c8 0000000000000000 

Instructions: (pc=0x0000024ed03afb84)
0x0000024ed03afa84:   48 c7 44 24 08 00 00 00 00 e9 01 00 00 00 50 41
0x0000024ed03afa94:   0f b7 55 01 48 8b 4d d0 c1 e2 02 8b 5c d1 20 c1
0x0000024ed03afaa4:   eb 10 81 e3 ff 00 00 00 81 fb b4 00 00 00 0f 84
0x0000024ed03afab4:   c1 00 00 00 bb b4 00 00 00 e8 05 00 00 00 e9 a6
0x0000024ed03afac4:   00 00 00 48 8b d3 48 8d 44 24 08 4c 89 6d c0 49
0x0000024ed03afad4:   8b cf c5 f8 77 49 89 af f8 02 00 00 49 89 87 e8
0x0000024ed03afae4:   02 00 00 48 83 ec 20 f7 c4 0f 00 00 00 0f 84 1a
0x0000024ed03afaf4:   00 00 00 48 83 ec 08 49 ba b0 95 0c 4a f9 7f 00
0x0000024ed03afb04:   00 41 ff d2 48 83 c4 08 e9 0d 00 00 00 49 ba b0
0x0000024ed03afb14:   95 0c 4a f9 7f 00 00 41 ff d2 48 83 c4 20 49 c7
0x0000024ed03afb24:   87 e8 02 00 00 00 00 00 00 49 c7 87 f8 02 00 00
0x0000024ed03afb34:   00 00 00 00 49 c7 87 f0 02 00 00 00 00 00 00 49
0x0000024ed03afb44:   c7 87 00 03 00 00 00 00 00 00 c5 f8 77 49 81 7f
0x0000024ed03afb54:   08 00 00 00 00 0f 84 05 00 00 00 e9 9c 13 fe ff
0x0000024ed03afb64:   4c 8b 6d c0 4c 8b 75 c8 c3 41 0f b7 55 01 48 8b
0x0000024ed03afb74:   4d d0 c1 e2 02 48 8b 5c d1 30 8b 44 d1 38 41 59
0x0000024ed03afb84:   49 3b 01 c1 e8 1c 83 e0 0f 0f 85 0b 00 00 00 41
0x0000024ed03afb94:   0f be 04 19 50 e9 b5 00 00 00 83 f8 01 0f 85 0b
0x0000024ed03afba4:   00 00 00 41 0f b6 04 19 50 e9 a1 00 00 00 83 f8
0x0000024ed03afbb4:   08 0f 85 0e 00 00 00 41 8b 04 19 48 c1 e0 03 50
0x0000024ed03afbc4:   e9 8a 00 00 00 83 f8 04 0f 85 0a 00 00 00 41 8b
0x0000024ed03afbd4:   04 19 50 e9 77 00 00 00 83 f8 02 0f 85 0b 00 00
0x0000024ed03afbe4:   00 41 0f b7 04 19 50 e9 63 00 00 00 83 f8 03 0f
0x0000024ed03afbf4:   85 0b 00 00 00 41 0f bf 04 19 50 e9 4f 00 00 00
0x0000024ed03afc04:   83 f8 05 0f 85 1a 00 00 00 49 8b 04 19 48 83 ec
0x0000024ed03afc14:   10 48 89 04 24 48 c7 44 24 08 00 00 00 00 e9 2c
0x0000024ed03afc24:   00 00 00 83 f8 06 0f 85 14 00 00 00 c4 c1 7a 10
0x0000024ed03afc34:   04 19 48 83 ec 08 c5 fa 11 04 24 e9 0f 00 00 00
0x0000024ed03afc44:   c4 c1 7b 10 04 19 48 83 ec 10 c5 fb 11 04 24 41
0x0000024ed03afc54:   0f b6 5d 03 49 83 c5 03 49 ba b0 d5 84 4a f9 7f
0x0000024ed03afc64:   00 00 41 ff 24 da 66 0f 1f 44 00 00 00 00 00 00
0x0000024ed03afc74:   00 00 00 00 00 00 00 00 00 00 00 00 00 06 00 00 


Stack slot to memory mapping:
stack at sp + 0 slots: 0x000000e7f8efef78 is pointing into the stack for thread: 0x0000024ef4168a90
stack at sp + 1 slots: 0x0000000800a9d440 is pointing into metadata
stack at sp + 2 slots: 0x000000e7f8eff048 is pointing into the stack for thread: 0x0000024ef4168a90
stack at sp + 3 slots: 0x00000008000466f0 is pointing into metadata
stack at sp + 4 slots: 0x0 is NULL
stack at sp + 5 slots: 0x000000070e024450 is an oop: java.lang.Class 
{0x000000070e024450} - klass: 'java/lang/Class'
stack at sp + 6 slots: {method} {0x0000000800047558} 'acquire' '(Ljava/util/concurrent/locks/AbstractQueuedSynchronizer$Node;IZZZJ)I' in 'java/util/concurrent/locks/AbstractQueuedSynchronizer'
stack at sp + 7 slots: 0x0 is NULL

nofast_getfield  234 nofast_getfield  [0x0000024ed03afa60, 0x0000024ed03afc80]  544 bytes
[MachCode]
  0x0000024ed03afa60: 4883 ec08 | c5fa 1104 | 24e9 2500 | 0000 4883 | ec10 c5fb | 1104 24e9 | 1700 0000 | 4883 ec10 
  0x0000024ed03afa80: 4889 0424 | 48c7 4424 | 0800 0000 | 00e9 0100 | 0000 5041 | 0fb7 5501 | 488b 4dd0 | c1e2 028b 
  0x0000024ed03afaa0: 5cd1 20c1 | eb10 81e3 | ff00 0000 | 81fb b400 | 0000 0f84 | c100 0000 | bbb4 0000 | 00e8 0500 
  0x0000024ed03afac0: 0000 e9a6 | 0000 0048 | 8bd3 488d | 4424 084c | 896d c049 | 8bcf c5f8 | 7749 89af | f802 0000 
  0x0000024ed03afae0: 4989 87e8 | 0200 0048 | 83ec 20f7 | c40f 0000 | 000f 841a | 0000 0048 | 83ec 0849 | bab0 950c 
  0x0000024ed03afb00: 4af9 7f00 | 0041 ffd2 | 4883 c408 | e90d 0000 | 0049 bab0 | 950c 4af9 | 7f00 0041 | ffd2 4883 
  0x0000024ed03afb20: c420 49c7 | 87e8 0200 | 0000 0000 | 0049 c787 | f802 0000 | 0000 0000 | 49c7 87f0 | 0200 0000 
  0x0000024ed03afb40: 0000 0049 | c787 0003 | 0000 0000 | 0000 c5f8 | 7749 817f | 0800 0000 | 000f 8405 | 0000 00e9 
  0x0000024ed03afb60: 9c13 feff | 4c8b 6dc0 | 4c8b 75c8 | c341 0fb7 | 5501 488b | 4dd0 c1e2 | 0248 8b5c | d130 8b44 
  0x0000024ed03afb80: d138 4159 | 493b 01c1 | e81c 83e0 | 0f0f 850b | 0000 0041 | 0fbe 0419 | 50e9 b500 | 0000 83f8 
  0x0000024ed03afba0: 010f 850b | 0000 0041 | 0fb6 0419 | 50e9 a100 | 0000 83f8 | 080f 850e | 0000 0041 | 8b04 1948 
  0x0000024ed03afbc0: c1e0 0350 | e98a 0000 | 0083 f804 | 0f85 0a00 | 0000 418b | 0419 50e9 | 7700 0000 | 83f8 020f 
  0x0000024ed03afbe0: 850b 0000 | 0041 0fb7 | 0419 50e9 | 6300 0000 | 83f8 030f | 850b 0000 | 0041 0fbf | 0419 50e9 
  0x0000024ed03afc00: 4f00 0000 | 83f8 050f | 851a 0000 | 0049 8b04 | 1948 83ec | 1048 8904 | 2448 c744 | 2408 0000 
  0x0000024ed03afc20: 0000 e92c | 0000 0083 | f806 0f85 | 1400 0000 | c4c1 7a10 | 0419 4883 | ec08 c5fa | 1104 24e9 
  0x0000024ed03afc40: 0f00 0000 | c4c1 7b10 | 0419 4883 | ec10 c5fb | 1104 2441 | 0fb6 5d03 | 4983 c503 | 49ba b0d5 
  0x0000024ed03afc60: 844a f97f | 0000 41ff | 24da 660f | 1f44 0000 | 0000 0000 | 0000 0000 | 0000 0000 | 0000 0000 
[/MachCode]

---------------  P R O C E S S  ---------------

Threads class SMR info:
_java_thread_list=0x0000024efa4fec10, length=21, elements={
0x0000024eebe97eb0, 0x0000024eebe99b80, 0x0000024eebeae6e0, 0x0000024eebeb14f0,
0x0000024eebeb1ef0, 0x0000024eebeb28f0, 0x0000024eebeb56e0, 0x0000024eebeb61d0,
0x0000024eebebc120, 0x0000024eec8f8760, 0x0000024eec8fdf90, 0x0000024eec8fe5a0,
0x0000024eecb82ef0, 0x0000024eecb83410, 0x0000024eecdc6af0, 0x0000024eecdc9f50,
0x0000024eecdcd3b0, 0x0000024ef412eef0, 0x0000024ef4168a90, 0x0000024ec8c273c0,
0x0000024eeca61aa0
}

Java Threads: ( => current thread )
  0x0000024eebe97eb0 JavaThread "Reference Handler" daemon [_thread_blocked, id=26012, stack(0x000000e7f6e00000,0x000000e7f6f00000)]
  0x0000024eebe99b80 JavaThread "Finalizer" daemon [_thread_blocked, id=17592, stack(0x000000e7f6f00000,0x000000e7f7000000)]
  0x0000024eebeae6e0 JavaThread "Signal Dispatcher" daemon [_thread_blocked, id=3516, stack(0x000000e7f7000000,0x000000e7f7100000)]
  0x0000024eebeb14f0 JavaThread "Attach Listener" daemon [_thread_blocked, id=12728, stack(0x000000e7f7100000,0x000000e7f7200000)]
  0x0000024eebeb1ef0 JavaThread "Service Thread" daemon [_thread_blocked, id=31396, stack(0x000000e7f7200000,0x000000e7f7300000)]
  0x0000024eebeb28f0 JavaThread "Monitor Deflation Thread" daemon [_thread_blocked, id=28528, stack(0x000000e7f7300000,0x000000e7f7400000)]
  0x0000024eebeb56e0 JavaThread "C2 CompilerThread0" daemon [_thread_blocked, id=10440, stack(0x000000e7f7400000,0x000000e7f7500000)]
  0x0000024eebeb61d0 JavaThread "C1 CompilerThread0" daemon [_thread_blocked, id=19968, stack(0x000000e7f7500000,0x000000e7f7600000)]
  0x0000024eebebc120 JavaThread "Sweeper thread" daemon [_thread_blocked, id=11084, stack(0x000000e7f7600000,0x000000e7f7700000)]
  0x0000024eec8f8760 JavaThread "Common-Cleaner" daemon [_thread_blocked, id=20512, stack(0x000000e7f7700000,0x000000e7f7800000)]
  0x0000024eec8fdf90 JavaThread "C1 CompilerThread1" daemon [_thread_blocked, id=27452, stack(0x000000e7f7800000,0x000000e7f7900000)]
  0x0000024eec8fe5a0 JavaThread "C1 CompilerThread2" daemon [_thread_blocked, id=11608, stack(0x000000e7f7900000,0x000000e7f7a00000)]
  0x0000024eecb82ef0 JavaThread "Monitor Ctrl-Break" daemon [_thread_in_native, id=11108, stack(0x000000e7f7d00000,0x000000e7f7e00000)]
  0x0000024eecb83410 JavaThread "Notification Thread" daemon [_thread_blocked, id=26680, stack(0x000000e7f7e00000,0x000000e7f7f00000)]
  0x0000024eecdc6af0 JavaThread "Java2D Disposer" daemon [_thread_blocked, id=32176, stack(0x000000e7f8000000,0x000000e7f8100000)]
  0x0000024eecdc9f50 JavaThread "AWT-Shutdown" [_thread_blocked, id=15324, stack(0x000000e7f8100000,0x000000e7f8200000)]
  0x0000024eecdcd3b0 JavaThread "AWT-Windows" daemon [_thread_in_native, id=32052, stack(0x000000e7f8200000,0x000000e7f8300000)]
  0x0000024ef412eef0 JavaThread "AWT-EventQueue-0" [_thread_in_native, id=32444, stack(0x000000e7f8d00000,0x000000e7f8e00000)]
=>0x0000024ef4168a90 JavaThread "pool-1-thread-1" [_thread_in_Java, id=19636, stack(0x000000e7f8e00000,0x000000e7f8f00000)]
  0x0000024ec8c273c0 JavaThread "DestroyJavaVM" [_thread_blocked, id=11988, stack(0x000000e7f6700000,0x000000e7f6800000)]
  0x0000024eeca61aa0 JavaThread "D3D Screen Updater" daemon [_thread_blocked, id=13480, stack(0x000000e7f8f00000,0x000000e7f9000000)]

Other Threads:
  0x0000024eebe93360 VMThread "VM Thread" [stack: 0x000000e7f6d00000,0x000000e7f6e00000] [id=28456]
  0x0000024eecb87850 WatcherThread [stack: 0x000000e7f7f00000,0x000000e7f8000000] [id=11724]
  0x0000024ec8c75c70 GCTaskThread "GC Thread#0" [stack: 0x000000e7f6800000,0x000000e7f6900000] [id=10796]
  0x0000024eed09ab70 GCTaskThread "GC Thread#1" [stack: 0x000000e7f9200000,0x000000e7f9300000] [id=24120]
  0x0000024eed09b4a0 GCTaskThread "GC Thread#2" [stack: 0x000000e7f9300000,0x000000e7f9400000] [id=31080]
  0x0000024ef436a1e0 GCTaskThread "GC Thread#3" [stack: 0x000000e7f9400000,0x000000e7f9500000] [id=23288]
  0x0000024ef4369bc0 GCTaskThread "GC Thread#4" [stack: 0x000000e7f9500000,0x000000e7f9600000] [id=18372]
  0x0000024ef43698b0 GCTaskThread "GC Thread#5" [stack: 0x000000e7f9600000,0x000000e7f9700000] [id=22944]
  0x0000024ef436a4f0 GCTaskThread "GC Thread#6" [stack: 0x000000e7f9700000,0x000000e7f9800000] [id=30304]
  0x0000024ef436ccc0 GCTaskThread "GC Thread#7" [stack: 0x000000e7f9800000,0x000000e7f9900000] [id=10348]
  0x0000024ef436c9b0 GCTaskThread "GC Thread#8" [stack: 0x000000e7f9900000,0x000000e7f9a00000] [id=5220]
  0x0000024ef436c390 GCTaskThread "GC Thread#9" [stack: 0x000000e7f9a00000,0x000000e7f9b00000] [id=24392]
  0x0000024ef436ba60 GCTaskThread "GC Thread#10" [stack: 0x000000e7f9000000,0x000000e7f9100000] [id=20200]
  0x0000024ec8c82650 ConcurrentGCThread "G1 Main Marker" [stack: 0x000000e7f6900000,0x000000e7f6a00000] [id=6648]
  0x0000024ec8c82f60 ConcurrentGCThread "G1 Conc#0" [stack: 0x000000e7f6a00000,0x000000e7f6b00000] [id=29692]
  0x0000024ec8ced900 ConcurrentGCThread "G1 Refine#0" [stack: 0x000000e7f6b00000,0x000000e7f6c00000] [id=800]
  0x0000024eebd44640 ConcurrentGCThread "G1 Service" [stack: 0x000000e7f6c00000,0x000000e7f6d00000] [id=31048]

Threads with active compile tasks:

VM state: not at safepoint (normal execution)

VM Mutex/Monitor currently owned by a thread: None

Heap address: 0x000000070a200000, size: 3934 MB, Compressed Oops mode: Zero based, Oop shift amount: 3

CDS archive(s) mapped at: [0x0000000800000000-0x0000000800bb0000-0x0000000800bb0000), size 12255232, SharedBaseAddress: 0x0000000800000000, ArchiveRelocationMode: 0.
Compressed class space mapped at: 0x0000000800c00000-0x0000000840c00000, reserved size: 1073741824
Narrow klass base: 0x0000000800000000, Narrow klass shift: 3, Narrow klass range: 0x100000000

GC Precious Log:
 CPUs: 16 total, 16 available
 Memory: 15731M
 Large Page Support: Disabled
 NUMA Support: Disabled
 Compressed Oops: Enabled (Zero based)
 Heap Region Size: 2M
 Heap Min Capacity: 8M
 Heap Initial Capacity: 246M
 Heap Max Capacity: 3934M
 Pre-touch: Disabled
 Parallel Workers: 13
 Concurrent Workers: 3
 Concurrent Refinement Workers: 13
 Periodic GC: Disabled

Heap:
 garbage-first heap   total 251904K, used 88308K [0x000000070a200000, 0x0000000800000000)
  region size 2048K, 5 young (10240K), 1 survivors (2048K)
 Metaspace       used 9524K, committed 9728K, reserved 1064960K
  class space    used 935K, committed 1024K, reserved 1048576K

Heap Regions: E=young(eden), S=young(survivor), O=old, HS=humongous(starts), HC=humongous(continues), CS=collection set, F=free, OA=open archive, CA=closed archive, TAMS=top-at-mark-start (previous, next)
|   0|0x000000070a200000, 0x000000070a400000, 0x000000070a400000|100%|HS|  |TAMS 0x000000070a200000, 0x000000070a400000| Complete 
|   1|0x000000070a400000, 0x000000070a600000, 0x000000070a600000|100%|HC|  |TAMS 0x000000070a400000, 0x000000070a600000| Complete 
|   2|0x000000070a600000, 0x000000070a800000, 0x000000070a800000|100%|HS|  |TAMS 0x000000070a600000, 0x000000070a800000| Complete 
|   3|0x000000070a800000, 0x000000070aa00000, 0x000000070aa00000|100%|HC|  |TAMS 0x000000070a800000, 0x000000070aa00000| Complete 
|   4|0x000000070aa00000, 0x000000070ac00000, 0x000000070ac00000|100%|HS|  |TAMS 0x000000070aa00000, 0x000000070ac00000| Complete 
|   5|0x000000070ac00000, 0x000000070ae00000, 0x000000070ae00000|100%|HC|  |TAMS 0x000000070ac00000, 0x000000070ae00000| Complete 
|   6|0x000000070ae00000, 0x000000070b000000, 0x000000070b000000|100%|HC|  |TAMS 0x000000070ae00000, 0x000000070b000000| Complete 
|   7|0x000000070b000000, 0x000000070b200000, 0x000000070b200000|100%|HS|  |TAMS 0x000000070b000000, 0x000000070b200000| Complete 
|   8|0x000000070b200000, 0x000000070b400000, 0x000000070b400000|100%|HC|  |TAMS 0x000000070b200000, 0x000000070b400000| Complete 
|   9|0x000000070b400000, 0x000000070b600000, 0x000000070b600000|100%|HC|  |TAMS 0x000000070b400000, 0x000000070b600000| Complete 
|  10|0x000000070b600000, 0x000000070b800000, 0x000000070b800000|100%|HS|  |TAMS 0x000000070b600000, 0x000000070b800000| Complete 
|  11|0x000000070b800000, 0x000000070ba00000, 0x000000070ba00000|100%|HC|  |TAMS 0x000000070b800000, 0x000000070ba00000| Complete 
|  12|0x000000070ba00000, 0x000000070bc00000, 0x000000070bc00000|100%|HC|  |TAMS 0x000000070ba00000, 0x000000070bc00000| Complete 
|  13|0x000000070bc00000, 0x000000070be00000, 0x000000070be00000|100%|HS|  |TAMS 0x000000070bc00000, 0x000000070be00000| Complete 
|  14|0x000000070be00000, 0x000000070c000000, 0x000000070c000000|100%|HC|  |TAMS 0x000000070be00000, 0x000000070c000000| Complete 
|  15|0x000000070c000000, 0x000000070c200000, 0x000000070c200000|100%|HC|  |TAMS 0x000000070c000000, 0x000000070c200000| Complete 
|  16|0x000000070c200000, 0x000000070c400000, 0x000000070c400000|100%|HS|  |TAMS 0x000000070c200000, 0x000000070c400000| Complete 
|  17|0x000000070c400000, 0x000000070c600000, 0x000000070c600000|100%|HC|  |TAMS 0x000000070c400000, 0x000000070c600000| Complete 
|  18|0x000000070c600000, 0x000000070c800000, 0x000000070c800000|100%|HC|  |TAMS 0x000000070c600000, 0x000000070c800000| Complete 
|  19|0x000000070c800000, 0x000000070ca00000, 0x000000070ca00000|100%|HS|  |TAMS 0x000000070c800000, 0x000000070ca00000| Complete 
|  20|0x000000070ca00000, 0x000000070cc00000, 0x000000070cc00000|100%|HC|  |TAMS 0x000000070ca00000, 0x000000070cc00000| Complete 
|  21|0x000000070cc00000, 0x000000070ce00000, 0x000000070ce00000|100%|HC|  |TAMS 0x000000070cc00000, 0x000000070ce00000| Complete 
|  22|0x000000070ce00000, 0x000000070d000000, 0x000000070d000000|100%|HS|  |TAMS 0x000000070ce00000, 0x000000070d000000| Complete 
|  23|0x000000070d000000, 0x000000070d200000, 0x000000070d200000|100%|HC|  |TAMS 0x000000070d000000, 0x000000070d200000| Complete 
|  24|0x000000070d200000, 0x000000070d400000, 0x000000070d400000|100%|HC|  |TAMS 0x000000070d200000, 0x000000070d400000| Complete 
|  25|0x000000070d400000, 0x000000070d600000, 0x000000070d600000|100%|HS|  |TAMS 0x000000070d400000, 0x000000070d600000| Complete 
|  26|0x000000070d600000, 0x000000070d800000, 0x000000070d800000|100%|HC|  |TAMS 0x000000070d600000, 0x000000070d800000| Complete 
|  27|0x000000070d800000, 0x000000070da00000, 0x000000070da00000|100%|HC|  |TAMS 0x000000070d800000, 0x000000070da00000| Complete 
|  28|0x000000070da00000, 0x000000070dc00000, 0x000000070dc00000|100%|HS|  |TAMS 0x000000070da00000, 0x000000070da00000| Complete 
|  29|0x000000070dc00000, 0x000000070de00000, 0x000000070de00000|100%|HC|  |TAMS 0x000000070dc00000, 0x000000070dc00000| Complete 
|  30|0x000000070de00000, 0x000000070e000000, 0x000000070e000000|100%|HC|  |TAMS 0x000000070de00000, 0x000000070de00000| Complete 
|  31|0x000000070e000000, 0x000000070e200000, 0x000000070e200000|100%| O|  |TAMS 0x000000070e000000, 0x000000070e200000| Untracked 
|  32|0x000000070e200000, 0x000000070e400000, 0x000000070e400000|100%|HS|  |TAMS 0x000000070e200000, 0x000000070e400000| Complete 
|  33|0x000000070e400000, 0x000000070e600000, 0x000000070e600000|100%|HS|  |TAMS 0x000000070e400000, 0x000000070e600000| Complete 
|  34|0x000000070e600000, 0x000000070e800000, 0x000000070e800000|100%|HC|  |TAMS 0x000000070e600000, 0x000000070e800000| Complete 
|  35|0x000000070e800000, 0x000000070ea00000, 0x000000070ea00000|100%|HS|  |TAMS 0x000000070e800000, 0x000000070e800000| Complete 
|  36|0x000000070ea00000, 0x000000070ec00000, 0x000000070ec00000|100%|HC|  |TAMS 0x000000070ea00000, 0x000000070ea00000| Complete 
|  37|0x000000070ec00000, 0x000000070ee00000, 0x000000070ee00000|100%|HC|  |TAMS 0x000000070ec00000, 0x000000070ec00000| Complete 
|  38|0x000000070ee00000, 0x000000070ee00000, 0x000000070f000000|  0%| F|  |TAMS 0x000000070ee00000, 0x000000070ee00000| Untracked 
|  39|0x000000070f000000, 0x000000070f000000, 0x000000070f200000|  0%| F|  |TAMS 0x000000070f000000, 0x000000070f000000| Untracked 
|  40|0x000000070f200000, 0x000000070f200000, 0x000000070f400000|  0%| F|  |TAMS 0x000000070f200000, 0x000000070f200000| Untracked 
|  41|0x000000070f400000, 0x000000070f400000, 0x000000070f600000|  0%| F|  |TAMS 0x000000070f400000, 0x000000070f400000| Untracked 
|  42|0x000000070f600000, 0x000000070f600000, 0x000000070f800000|  0%| F|  |TAMS 0x000000070f600000, 0x000000070f600000| Untracked 
|  43|0x000000070f800000, 0x000000070f800000, 0x000000070fa00000|  0%| F|  |TAMS 0x000000070f800000, 0x000000070f800000| Untracked 
|  44|0x000000070fa00000, 0x000000070fa00000, 0x000000070fc00000|  0%| F|  |TAMS 0x000000070fa00000, 0x000000070fa00000| Untracked 
|  45|0x000000070fc00000, 0x000000070fc00000, 0x000000070fe00000|  0%| F|  |TAMS 0x000000070fc00000, 0x000000070fc00000| Untracked 
|  46|0x000000070fe00000, 0x000000070fe00000, 0x0000000710000000|  0%| F|  |TAMS 0x000000070fe00000, 0x000000070fe00000| Untracked 
|  47|0x0000000710000000, 0x0000000710000000, 0x0000000710200000|  0%| F|  |TAMS 0x0000000710000000, 0x0000000710000000| Untracked 
|  48|0x0000000710200000, 0x0000000710200000, 0x0000000710400000|  0%| F|  |TAMS 0x0000000710200000, 0x0000000710200000| Untracked 
|  49|0x0000000710400000, 0x0000000710400000, 0x0000000710600000|  0%| F|  |TAMS 0x0000000710400000, 0x0000000710400000| Untracked 
|  50|0x0000000710600000, 0x0000000710600000, 0x0000000710800000|  0%| F|  |TAMS 0x0000000710600000, 0x0000000710600000| Untracked 
|  51|0x0000000710800000, 0x0000000710800000, 0x0000000710a00000|  0%| F|  |TAMS 0x0000000710800000, 0x0000000710800000| Untracked 
|  52|0x0000000710a00000, 0x0000000710a00000, 0x0000000710c00000|  0%| F|  |TAMS 0x0000000710a00000, 0x0000000710a00000| Untracked 
|  53|0x0000000710c00000, 0x0000000710c00000, 0x0000000710e00000|  0%| F|  |TAMS 0x0000000710c00000, 0x0000000710c00000| Untracked 
|  54|0x0000000710e00000, 0x0000000710e00000, 0x0000000711000000|  0%| F|  |TAMS 0x0000000710e00000, 0x0000000710e00000| Untracked 
|  55|0x0000000711000000, 0x0000000711000000, 0x0000000711200000|  0%| F|  |TAMS 0x0000000711000000, 0x0000000711000000| Untracked 
|  56|0x0000000711200000, 0x0000000711400000, 0x0000000711400000|100%| O|  |TAMS 0x0000000711200000, 0x0000000711400000| Untracked 
|  57|0x0000000711400000, 0x0000000711469c00, 0x0000000711600000| 20%| O|  |TAMS 0x0000000711400000, 0x0000000711469c00| Untracked 
|  58|0x0000000711600000, 0x0000000711600000, 0x0000000711800000|  0%| F|  |TAMS 0x0000000711600000, 0x0000000711600000| Untracked 
|  59|0x0000000711800000, 0x0000000711800000, 0x0000000711a00000|  0%| F|  |TAMS 0x0000000711800000, 0x0000000711800000| Untracked 
|  60|0x0000000711a00000, 0x0000000711a00000, 0x0000000711c00000|  0%| F|  |TAMS 0x0000000711a00000, 0x0000000711a00000| Untracked 
|  61|0x0000000711c00000, 0x0000000711c00000, 0x0000000711e00000|  0%| F|  |TAMS 0x0000000711c00000, 0x0000000711c00000| Untracked 
|  62|0x0000000711e00000, 0x0000000711e00000, 0x0000000712000000|  0%| F|  |TAMS 0x0000000711e00000, 0x0000000711e00000| Untracked 
|  63|0x0000000712000000, 0x0000000712000000, 0x0000000712200000|  0%| F|  |TAMS 0x0000000712000000, 0x0000000712000000| Untracked 
|  64|0x0000000712200000, 0x0000000712200000, 0x0000000712400000|  0%| F|  |TAMS 0x0000000712200000, 0x0000000712200000| Untracked 
|  65|0x0000000712400000, 0x0000000712400000, 0x0000000712600000|  0%| F|  |TAMS 0x0000000712400000, 0x0000000712400000| Untracked 
|  66|0x0000000712600000, 0x0000000712600000, 0x0000000712800000|  0%| F|  |TAMS 0x0000000712600000, 0x0000000712600000| Untracked 
|  67|0x0000000712800000, 0x0000000712800000, 0x0000000712a00000|  0%| F|  |TAMS 0x0000000712800000, 0x0000000712800000| Untracked 
|  68|0x0000000712a00000, 0x0000000712a00000, 0x0000000712c00000|  0%| F|  |TAMS 0x0000000712a00000, 0x0000000712a00000| Untracked 
|  69|0x0000000712c00000, 0x0000000712c00000, 0x0000000712e00000|  0%| F|  |TAMS 0x0000000712c00000, 0x0000000712c00000| Untracked 
|  70|0x0000000712e00000, 0x0000000712e00000, 0x0000000713000000|  0%| F|  |TAMS 0x0000000712e00000, 0x0000000712e00000| Untracked 
|  71|0x0000000713000000, 0x0000000713000000, 0x0000000713200000|  0%| F|  |TAMS 0x0000000713000000, 0x0000000713000000| Untracked 
|  72|0x0000000713200000, 0x0000000713200000, 0x0000000713400000|  0%| F|  |TAMS 0x0000000713200000, 0x0000000713200000| Untracked 
|  73|0x0000000713400000, 0x0000000713400000, 0x0000000713600000|  0%| F|  |TAMS 0x0000000713400000, 0x0000000713400000| Untracked 
|  74|0x0000000713600000, 0x0000000713600000, 0x0000000713800000|  0%| F|  |TAMS 0x0000000713600000, 0x0000000713600000| Untracked 
|  75|0x0000000713800000, 0x0000000713800000, 0x0000000713a00000|  0%| F|  |TAMS 0x0000000713800000, 0x0000000713800000| Untracked 
|  76|0x0000000713a00000, 0x0000000713a00000, 0x0000000713c00000|  0%| F|  |TAMS 0x0000000713a00000, 0x0000000713a00000| Untracked 
|  77|0x0000000713c00000, 0x0000000713c00000, 0x0000000713e00000|  0%| F|  |TAMS 0x0000000713c00000, 0x0000000713c00000| Untracked 
|  78|0x0000000713e00000, 0x0000000713e00000, 0x0000000714000000|  0%| F|  |TAMS 0x0000000713e00000, 0x0000000713e00000| Untracked 
|  79|0x0000000714000000, 0x0000000714000000, 0x0000000714200000|  0%| F|  |TAMS 0x0000000714000000, 0x0000000714000000| Untracked 
|  80|0x0000000714200000, 0x0000000714200000, 0x0000000714400000|  0%| F|  |TAMS 0x0000000714200000, 0x0000000714200000| Untracked 
|  81|0x0000000714400000, 0x0000000714400000, 0x0000000714600000|  0%| F|  |TAMS 0x0000000714400000, 0x0000000714400000| Untracked 
|  82|0x0000000714600000, 0x0000000714600000, 0x0000000714800000|  0%| F|  |TAMS 0x0000000714600000, 0x0000000714600000| Untracked 
|  83|0x0000000714800000, 0x0000000714800000, 0x0000000714a00000|  0%| F|  |TAMS 0x0000000714800000, 0x0000000714800000| Untracked 
|  84|0x0000000714a00000, 0x0000000714a00000, 0x0000000714c00000|  0%| F|  |TAMS 0x0000000714a00000, 0x0000000714a00000| Untracked 
|  85|0x0000000714c00000, 0x0000000714c00000, 0x0000000714e00000|  0%| F|  |TAMS 0x0000000714c00000, 0x0000000714c00000| Untracked 
|  86|0x0000000714e00000, 0x0000000714e00000, 0x0000000715000000|  0%| F|  |TAMS 0x0000000714e00000, 0x0000000714e00000| Untracked 
|  87|0x0000000715000000, 0x0000000715000000, 0x0000000715200000|  0%| F|  |TAMS 0x0000000715000000, 0x0000000715000000| Untracked 
|  88|0x0000000715200000, 0x0000000715200000, 0x0000000715400000|  0%| F|  |TAMS 0x0000000715200000, 0x0000000715200000| Untracked 
|  89|0x0000000715400000, 0x0000000715400000, 0x0000000715600000|  0%| F|  |TAMS 0x0000000715400000, 0x0000000715400000| Untracked 
|  90|0x0000000715600000, 0x0000000715600000, 0x0000000715800000|  0%| F|  |TAMS 0x0000000715600000, 0x0000000715600000| Untracked 
|  91|0x0000000715800000, 0x0000000715800000, 0x0000000715a00000|  0%| F|  |TAMS 0x0000000715800000, 0x0000000715800000| Untracked 
|  92|0x0000000715a00000, 0x0000000715a00000, 0x0000000715c00000|  0%| F|  |TAMS 0x0000000715a00000, 0x0000000715a00000| Untracked 
|  93|0x0000000715c00000, 0x0000000715c00000, 0x0000000715e00000|  0%| F|  |TAMS 0x0000000715c00000, 0x0000000715c00000| Untracked 
|  94|0x0000000715e00000, 0x0000000715e00000, 0x0000000716000000|  0%| F|  |TAMS 0x0000000715e00000, 0x0000000715e00000| Untracked 
|  95|0x0000000716000000, 0x0000000716000000, 0x0000000716200000|  0%| F|  |TAMS 0x0000000716000000, 0x0000000716000000| Untracked 
|  96|0x0000000716200000, 0x0000000716200000, 0x0000000716400000|  0%| F|  |TAMS 0x0000000716200000, 0x0000000716200000| Untracked 
|  97|0x0000000716400000, 0x0000000716400000, 0x0000000716600000|  0%| F|  |TAMS 0x0000000716400000, 0x0000000716400000| Untracked 
|  98|0x0000000716600000, 0x0000000716600000, 0x0000000716800000|  0%| F|  |TAMS 0x0000000716600000, 0x0000000716600000| Untracked 
|  99|0x0000000716800000, 0x0000000716800000, 0x0000000716a00000|  0%| F|  |TAMS 0x0000000716800000, 0x0000000716800000| Untracked 
| 100|0x0000000716a00000, 0x0000000716a00000, 0x0000000716c00000|  0%| F|  |TAMS 0x0000000716a00000, 0x0000000716a00000| Untracked 
| 101|0x0000000716c00000, 0x0000000716c00000, 0x0000000716e00000|  0%| F|  |TAMS 0x0000000716c00000, 0x0000000716c00000| Untracked 
| 102|0x0000000716e00000, 0x0000000716e00000, 0x0000000717000000|  0%| F|  |TAMS 0x0000000716e00000, 0x0000000716e00000| Untracked 
| 103|0x0000000717000000, 0x0000000717000000, 0x0000000717200000|  0%| F|  |TAMS 0x0000000717000000, 0x0000000717000000| Untracked 
| 104|0x0000000717200000, 0x0000000717200000, 0x0000000717400000|  0%| F|  |TAMS 0x0000000717200000, 0x0000000717200000| Untracked 
| 105|0x0000000717400000, 0x0000000717400000, 0x0000000717600000|  0%| F|  |TAMS 0x0000000717400000, 0x0000000717400000| Untracked 
| 106|0x0000000717600000, 0x0000000717600000, 0x0000000717800000|  0%| F|  |TAMS 0x0000000717600000, 0x0000000717600000| Untracked 
| 107|0x0000000717800000, 0x0000000717800000, 0x0000000717a00000|  0%| F|  |TAMS 0x0000000717800000, 0x0000000717800000| Untracked 
| 108|0x0000000717a00000, 0x0000000717a00000, 0x0000000717c00000|  0%| F|  |TAMS 0x0000000717a00000, 0x0000000717a00000| Untracked 
| 109|0x0000000717c00000, 0x0000000717c00000, 0x0000000717e00000|  0%| F|  |TAMS 0x0000000717c00000, 0x0000000717c00000| Untracked 
| 110|0x0000000717e00000, 0x0000000717e00000, 0x0000000718000000|  0%| F|  |TAMS 0x0000000717e00000, 0x0000000717e00000| Untracked 
| 111|0x0000000718000000, 0x00000007181d3780, 0x0000000718200000| 91%| S|CS|TAMS 0x0000000718000000, 0x0000000718000000| Complete 
| 112|0x0000000718200000, 0x0000000718200000, 0x0000000718400000|  0%| F|  |TAMS 0x0000000718200000, 0x0000000718200000| Untracked 
| 113|0x0000000718400000, 0x0000000718400000, 0x0000000718600000|  0%| F|  |TAMS 0x0000000718400000, 0x0000000718400000| Untracked 
| 114|0x0000000718600000, 0x0000000718600000, 0x0000000718800000|  0%| F|  |TAMS 0x0000000718600000, 0x0000000718600000| Untracked 
| 115|0x0000000718800000, 0x0000000718800000, 0x0000000718a00000|  0%| F|  |TAMS 0x0000000718800000, 0x0000000718800000| Untracked 
| 116|0x0000000718a00000, 0x0000000718a00000, 0x0000000718c00000|  0%| F|  |TAMS 0x0000000718a00000, 0x0000000718a00000| Untracked 
| 117|0x0000000718c00000, 0x0000000718c00000, 0x0000000718e00000|  0%| F|  |TAMS 0x0000000718c00000, 0x0000000718c00000| Untracked 
| 118|0x0000000718e00000, 0x0000000718e00000, 0x0000000719000000|  0%| F|  |TAMS 0x0000000718e00000, 0x0000000718e00000| Untracked 
| 119|0x0000000719000000, 0x0000000719100800, 0x0000000719200000| 50%| E|  |TAMS 0x0000000719000000, 0x0000000719000000| Complete 
| 120|0x0000000719200000, 0x0000000719400000, 0x0000000719400000|100%| E|CS|TAMS 0x0000000719200000, 0x0000000719200000| Complete 
| 121|0x0000000719400000, 0x0000000719600000, 0x0000000719600000|100%| E|CS|TAMS 0x0000000719400000, 0x0000000719400000| Complete 
| 122|0x0000000719600000, 0x0000000719800000, 0x0000000719800000|100%| E|CS|TAMS 0x0000000719600000, 0x0000000719600000| Complete 

Card table byte_map: [0x0000024ee03d0000,0x0000024ee0b80000] _byte_map_base: 0x0000024edcb7f000

Marking Bits (Prev, Next): (CMBitMap*) 0x0000024ec8c762e0, (CMBitMap*) 0x0000024ec8c76320
 Prev Bits: [0x0000024ee1330000, 0x0000024ee50a8000)
 Next Bits: [0x0000024ee50b0000, 0x0000024ee8e28000)

Polling page: 0x0000024ec83f0000

Metaspace:

Usage:
  Non-class:      8.39 MB used.
      Class:    935.91 KB used.
       Both:      9.30 MB used.

Virtual space:
  Non-class space:       16.00 MB reserved,       8.50 MB ( 53%) committed,  2 nodes.
      Class space:        1.00 GB reserved,       1.00 MB ( <1%) committed,  1 nodes.
              Both:        1.02 GB reserved,       9.50 MB ( <1%) committed. 

Chunk freelists:
   Non-Class:  2.97 MB
       Class:  3.02 MB
        Both:  5.98 MB

MaxMetaspaceSize: 17179869184.00 GB
CompressedClassSpaceSize: 1.00 GB
 - commit_granule_bytes: 65536.
 - commit_granule_words: 8192.
 - virtual_space_node_default_size: 1048576.
 - enlarge_chunks_in_place: 1.
 - new_chunks_are_fully_committed: 0.
 - uncommit_free_chunks: 1.
 - use_allocation_guard: 0.
 - handle_deallocations: 1.


Internal statistics:

num_allocs_failed_limit: 0.
num_arena_births: 122.
num_arena_deaths: 0.
num_vsnodes_births: 3.
num_vsnodes_deaths: 0.
num_space_committed: 152.
num_space_uncommitted: 0.
num_chunks_returned_to_freelist: 0.
num_chunks_taken_from_freelist: 174.
num_chunk_merges: 0.
num_chunk_splits: 103.
num_chunks_enlarged: 55.
num_purges: 0.

CodeHeap 'non-profiled nmethods': size=119168Kb used=771Kb max_used=771Kb free=118397Kb
 bounds [0x0000024ed7f30000, 0x0000024ed81a0000, 0x0000024edf390000]
CodeHeap 'profiled nmethods': size=119104Kb used=3190Kb max_used=3190Kb free=115913Kb
 bounds [0x0000024ed0ae0000, 0x0000024ed0e00000, 0x0000024ed7f30000]
CodeHeap 'non-nmethods': size=7488Kb used=2432Kb max_used=2492Kb free=5055Kb
 bounds [0x0000024ed0390000, 0x0000024ed0610000, 0x0000024ed0ae0000]
 total_blobs=2540 nmethods=1903 adapters=548
 compilation: enabled
              stopped_count=0, restarted_count=0
 full_count=0

Compilation events (20 events):
Event: 4.536 Thread 0x0000024eec8fe5a0 nmethod 1899 0x0000024ed0df4d90 code [0x0000024ed0df4f60, 0x0000024ed0df5138]
Event: 4.536 Thread 0x0000024eec8fdf90 1900   !   3       sun.java2d.pipe.DrawImage::renderImageXform (736 bytes)
Event: 4.536 Thread 0x0000024eec8fe5a0 1901  s    3       sun.java2d.loops.TransformHelper::getFromCache (43 bytes)
Event: 4.536 Thread 0x0000024eebeb61d0 nmethod 1898 0x0000024ed0df5210 code [0x0000024ed0df5400, 0x0000024ed0df59d8]
Event: 4.536 Thread 0x0000024eec8fe5a0 nmethod 1901 0x0000024ed0df5b90 code [0x0000024ed0df5da0, 0x0000024ed0df63c8]
Event: 4.538 Thread 0x0000024eec8fdf90 nmethod 1900 0x0000024ed0df6590 code [0x0000024ed0df6a40, 0x0000024ed0df9608]
Event: 4.589 Thread 0x0000024eec8fe5a0 1903       3       java.security.ProtectionDomain$JavaSecurityAccessImpl::doIntersectionPrivilege (22 bytes)
Event: 4.589 Thread 0x0000024eebeb61d0 1904       3       java.security.ProtectionDomain$JavaSecurityAccessImpl::getCombinedACC (30 bytes)
Event: 4.589 Thread 0x0000024eec8fdf90 1905       3       java.security.AccessControlContext::<init> (63 bytes)
Event: 4.590 Thread 0x0000024eebeb61d0 nmethod 1904 0x0000024ed0dfad90 code [0x0000024ed0dfaf60, 0x0000024ed0dfb378]
Event: 4.590 Thread 0x0000024eebeb61d0 1906       3       java.security.AccessControlContext::<init> (30 bytes)
Event: 4.590 Thread 0x0000024eec8fdf90 nmethod 1905 0x0000024ed0dfb510 code [0x0000024ed0dfb6e0, 0x0000024ed0dfbbe8]
Event: 4.590 Thread 0x0000024eec8fe5a0 nmethod 1903 0x0000024ed0dfbd90 code [0x0000024ed0dfbfc0, 0x0000024ed0dfc558]
Event: 4.590 Thread 0x0000024eebeb61d0 nmethod 1906 0x0000024ed0dfc790 code [0x0000024ed0dfc940, 0x0000024ed0dfcbb8]
Event: 4.669 Thread 0x0000024eebeb61d0 1907       3       java.awt.geom.AffineTransform::getScaleInstance (19 bytes)
Event: 4.669 Thread 0x0000024eec8fe5a0 1908       3       java.awt.geom.AffineTransform::setToScale (66 bytes)
Event: 4.669 Thread 0x0000024eec8fe5a0 nmethod 1908 0x0000024ed0dfcc90 code [0x0000024ed0dfce60, 0x0000024ed0dfd0d8]
Event: 4.669 Thread 0x0000024eebeb61d0 nmethod 1907 0x0000024ed0dfd190 code [0x0000024ed0dfd340, 0x0000024ed0dfd538]
Event: 4.692 Thread 0x0000024eec8fe5a0 1909       3       sun.java2d.pipe.Region::getInstanceXYXY (12 bytes)
Event: 4.692 Thread 0x0000024eec8fe5a0 nmethod 1909 0x0000024ed0dfd610 code [0x0000024ed0dfd7c0, 0x0000024ed0dfd9f8]

GC Heap History (14 events):
Event: 1.678 GC heap before
{Heap before GC invocations=0 (full 0):
 garbage-first heap   total 251904K, used 86016K [0x000000070a200000, 0x0000000800000000)
  region size 2048K, 11 young (22528K), 0 survivors (0K)
 Metaspace       used 7893K, committed 8064K, reserved 1056768K
  class space    used 812K, committed 896K, reserved 1048576K
}
Event: 1.683 GC heap after
{Heap after GC invocations=1 (full 0):
 garbage-first heap   total 251904K, used 68011K [0x000000070a200000, 0x0000000800000000)
  region size 2048K, 2 young (4096K), 2 survivors (4096K)
 Metaspace       used 7893K, committed 8064K, reserved 1056768K
  class space    used 812K, committed 896K, reserved 1048576K
}
Event: 2.345 GC heap before
{Heap before GC invocations=1 (full 0):
 garbage-first heap   total 251904K, used 133547K [0x000000070a200000, 0x0000000800000000)
  region size 2048K, 11 young (22528K), 2 survivors (4096K)
 Metaspace       used 9262K, committed 9472K, reserved 1064960K
  class space    used 930K, committed 1024K, reserved 1048576K
}
Event: 2.349 GC heap after
{Heap after GC invocations=2 (full 0):
 garbage-first heap   total 251904K, used 63238K [0x000000070a200000, 0x0000000800000000)
  region size 2048K, 1 young (2048K), 1 survivors (2048K)
 Metaspace       used 9262K, committed 9472K, reserved 1064960K
  class space    used 930K, committed 1024K, reserved 1048576K
}
Event: 2.785 GC heap before
{Heap before GC invocations=2 (full 0):
 garbage-first heap   total 251904K, used 114438K [0x000000070a200000, 0x0000000800000000)
  region size 2048K, 3 young (6144K), 1 survivors (2048K)
 Metaspace       used 9320K, committed 9536K, reserved 1064960K
  class space    used 931K, committed 1024K, reserved 1048576K
}
Event: 2.787 GC heap after
{Heap after GC invocations=3 (full 0):
 garbage-first heap   total 251904K, used 69240K [0x000000070a200000, 0x0000000800000000)
  region size 2048K, 1 young (2048K), 1 survivors (2048K)
 Metaspace       used 9320K, committed 9536K, reserved 1064960K
  class space    used 931K, committed 1024K, reserved 1048576K
}
Event: 3.219 GC heap before
{Heap before GC invocations=3 (full 0):
 garbage-first heap   total 251904K, used 114296K [0x000000070a200000, 0x0000000800000000)
  region size 2048K, 3 young (6144K), 1 survivors (2048K)
 Metaspace       used 9403K, committed 9600K, reserved 1064960K
  class space    used 935K, committed 1024K, reserved 1048576K
}
Event: 3.220 GC heap after
{Heap after GC invocations=4 (full 0):
 garbage-first heap   total 251904K, used 63746K [0x000000070a200000, 0x0000000800000000)
  region size 2048K, 1 young (2048K), 1 survivors (2048K)
 Metaspace       used 9403K, committed 9600K, reserved 1064960K
  class space    used 935K, committed 1024K, reserved 1048576K
}
Event: 3.659 GC heap before
{Heap before GC invocations=4 (full 0):
 garbage-first heap   total 251904K, used 114946K [0x000000070a200000, 0x0000000800000000)
  region size 2048K, 3 young (6144K), 1 survivors (2048K)
 Metaspace       used 9464K, committed 9664K, reserved 1064960K
  class space    used 935K, committed 1024K, reserved 1048576K
}
Event: 3.661 GC heap after
{Heap after GC invocations=5 (full 0):
 garbage-first heap   total 251904K, used 69889K [0x000000070a200000, 0x0000000800000000)
  region size 2048K, 1 young (2048K), 1 survivors (2048K)
 Metaspace       used 9464K, committed 9664K, reserved 1064960K
  class space    used 935K, committed 1024K, reserved 1048576K
}
Event: 4.048 GC heap before
{Heap before GC invocations=5 (full 0):
 garbage-first heap   total 251904K, used 114945K [0x000000070a200000, 0x0000000800000000)
  region size 2048K, 3 young (6144K), 1 survivors (2048K)
 Metaspace       used 9486K, committed 9664K, reserved 1064960K
  class space    used 935K, committed 1024K, reserved 1048576K
}
Event: 4.050 GC heap after
{Heap after GC invocations=6 (full 0):
 garbage-first heap   total 251904K, used 63725K [0x000000070a200000, 0x0000000800000000)
  region size 2048K, 1 young (2048K), 1 survivors (2048K)
 Metaspace       used 9486K, committed 9664K, reserved 1064960K
  class space    used 935K, committed 1024K, reserved 1048576K
}
Event: 4.616 GC heap before
{Heap before GC invocations=6 (full 0):
 garbage-first heap   total 251904K, used 131309K [0x000000070a200000, 0x0000000800000000)
  region size 2048K, 11 young (22528K), 1 survivors (2048K)
 Metaspace       used 9523K, committed 9728K, reserved 1064960K
  class space    used 935K, committed 1024K, reserved 1048576K
}
Event: 4.617 GC heap after
{Heap after GC invocations=7 (full 0):
 garbage-first heap   total 251904K, used 69876K [0x000000070a200000, 0x0000000800000000)
  region size 2048K, 1 young (2048K), 1 survivors (2048K)
 Metaspace       used 9523K, committed 9728K, reserved 1064960K
  class space    used 935K, committed 1024K, reserved 1048576K
}

Deoptimization events (20 events):
Event: 4.209 Thread 0x0000024ef412eef0 DEOPT PACKING pc=0x0000024ed7fec250 sp=0x000000e7f8dfca30
Event: 4.209 Thread 0x0000024ef412eef0 DEOPT UNPACKING pc=0x0000024ed03dd72e sp=0x000000e7f8dfca08 mode 2
Event: 4.209 Thread 0x0000024ef412eef0 Uncommon trap: trap_request=0xffffffde fr.pc=0x0000024ed7feac54 relative=0x0000000000000174
Event: 4.209 Thread 0x0000024ef412eef0 Uncommon trap: reason=class_check action=maybe_recompile pc=0x0000024ed7feac54 method=sun.java2d.SunGraphics2D.fillRect(IIII)V @ 10 c2
Event: 4.209 Thread 0x0000024ef412eef0 DEOPT PACKING pc=0x0000024ed7feac54 sp=0x000000e7f8dfda40
Event: 4.209 Thread 0x0000024ef412eef0 DEOPT UNPACKING pc=0x0000024ed03dd72e sp=0x000000e7f8dfd9e0 mode 2
Event: 4.209 Thread 0x0000024ef412eef0 Uncommon trap: trap_request=0xffffffde fr.pc=0x0000024ed7feac54 relative=0x0000000000000174
Event: 4.209 Thread 0x0000024ef412eef0 Uncommon trap: reason=class_check action=maybe_recompile pc=0x0000024ed7feac54 method=sun.java2d.SunGraphics2D.fillRect(IIII)V @ 10 c2
Event: 4.209 Thread 0x0000024ef412eef0 DEOPT PACKING pc=0x0000024ed7feac54 sp=0x000000e7f8dfda40
Event: 4.209 Thread 0x0000024ef412eef0 DEOPT UNPACKING pc=0x0000024ed03dd72e sp=0x000000e7f8dfd9e0 mode 2
Event: 4.212 Thread 0x0000024ef412eef0 Uncommon trap: trap_request=0xffffffde fr.pc=0x0000024ed7feac54 relative=0x0000000000000174
Event: 4.212 Thread 0x0000024ef412eef0 Uncommon trap: reason=class_check action=maybe_recompile pc=0x0000024ed7feac54 method=sun.java2d.SunGraphics2D.fillRect(IIII)V @ 10 c2
Event: 4.212 Thread 0x0000024ef412eef0 DEOPT PACKING pc=0x0000024ed7feac54 sp=0x000000e7f8dfd950
Event: 4.212 Thread 0x0000024ef412eef0 DEOPT UNPACKING pc=0x0000024ed03dd72e sp=0x000000e7f8dfd8f0 mode 2
Event: 4.264 Thread 0x0000024ef412eef0 Uncommon trap: trap_request=0xffffffde fr.pc=0x0000024ed7feac54 relative=0x0000000000000174
Event: 4.264 Thread 0x0000024ef412eef0 Uncommon trap: reason=class_check action=maybe_recompile pc=0x0000024ed7feac54 method=sun.java2d.SunGraphics2D.fillRect(IIII)V @ 10 c2
Event: 4.264 Thread 0x0000024ef412eef0 DEOPT PACKING pc=0x0000024ed7feac54 sp=0x000000e7f8dfe030
Event: 4.264 Thread 0x0000024ef412eef0 DEOPT UNPACKING pc=0x0000024ed03dd72e sp=0x000000e7f8dfdfd0 mode 2
Event: 4.460 Thread 0x0000024ef412eef0 DEOPT PACKING pc=0x0000024ed0ded12e sp=0x000000e7f8dfcaa0
Event: 4.460 Thread 0x0000024ef412eef0 DEOPT UNPACKING pc=0x0000024ed03ddece sp=0x000000e7f8dfbf98 mode 0

Classes unloaded (0 events):
No events

Classes redefined (0 events):
No events

Internal exceptions (20 events):
Event: 0.215 Thread 0x0000024eecb82ef0 Exception <a 'java/lang/NoSuchMethodError'{0x000000071939c640}: 'void java.lang.invoke.DirectMethodHandle$Holder.invokeStatic(java.lang.Object, java.lang.Object)'> (0x000000071939c640) 
thrown [t:\workspace\open\src\hotspot\share\interpreter\linkResolver.cpp, line 790]
Event: 0.224 Thread 0x0000024ec8c273c0 Exception <a 'java/lang/ClassNotFoundException'{0x000000071934acb0}: sun/awt/resources/spi/awtProvider> (0x000000071934acb0) 
thrown [t:\workspace\open\src\hotspot\share\classfile\systemDictionary.cpp, line 256]
Event: 0.250 Thread 0x0000024ec8c273c0 Exception <a 'java/io/FileNotFoundException'{0x0000000719010d50}> (0x0000000719010d50) 
thrown [t:\workspace\open\src\hotspot\share\prims\jni.cpp, line 579]
Event: 0.261 Thread 0x0000024ec8c273c0 Exception <a 'java/io/FileNotFoundException'{0x000000071903f880}> (0x000000071903f880) 
thrown [t:\workspace\open\src\hotspot\share\prims\jni.cpp, line 579]
Event: 0.510 Thread 0x0000024ec8c273c0 Exception <a 'java/lang/NoSuchMethodError'{0x000000071915da80}: 'java.lang.Object java.lang.invoke.DirectMethodHandle$Holder.newInvokeSpecial(java.lang.Object, java.lang.Object, java.lang.Object, java.lang.Object, java.lang.Object)'> (0x000000071915da80) 
thrown [t:\workspace\open\src\hotspot\share\interpreter\linkResolver.cpp, line 790]
Event: 0.514 Thread 0x0000024ec8c273c0 Exception <a 'java/lang/NoSuchMethodError'{0x0000000719169568}: 'java.lang.Object java.lang.invoke.DirectMethodHandle$Holder.invokeStatic(java.lang.Object, int, java.lang.Object, java.lang.Object, java.lang.Object, java.lang.Object)'> (0x0000000719169568) 
thrown [t:\workspace\open\src\hotspot\share\interpreter\linkResolver.cpp, line 790]
Event: 0.517 Thread 0x0000024ec8c273c0 Exception <a 'java/lang/NoSuchMethodError'{0x000000071918f630}: 'java.lang.Object java.lang.invoke.DirectMethodHandle$Holder.invokeStatic(java.lang.Object, int, java.lang.Object)'> (0x000000071918f630) 
thrown [t:\workspace\open\src\hotspot\share\interpreter\linkResolver.cpp, line 790]
Event: 0.550 Thread 0x0000024ec8c273c0 Exception <a 'java/lang/ClassNotFoundException'{0x0000000718e47f80}: com/sun/swing/internal/plaf/metal/resources/spi/metalProvider> (0x0000000718e47f80) 
thrown [t:\workspace\open\src\hotspot\share\classfile\systemDictionary.cpp, line 256]
Event: 0.551 Thread 0x0000024ec8c273c0 Exception <a 'java/lang/ClassNotFoundException'{0x0000000718e4bfa0}: com/sun/swing/internal/plaf/basic/resources/spi/basicProvider> (0x0000000718e4bfa0) 
thrown [t:\workspace\open\src\hotspot\share\classfile\systemDictionary.cpp, line 256]
Event: 0.576 Thread 0x0000024eecdcd3b0 Exception <a 'java/lang/NoSuchMethodError'{0x00000007190f1378}: 'void java.lang.invoke.DirectMethodHandle$Holder.invokeVirtual(java.lang.Object, java.lang.Object)'> (0x00000007190f1378) 
thrown [t:\workspace\open\src\hotspot\share\interpreter\linkResolver.cpp, line 790]
Event: 0.594 Thread 0x0000024ec8c273c0 Exception <a 'java/lang/NoSuchMethodError'{0x0000000718ea0448}: 'void java.lang.invoke.DirectMethodHandle$Holder.invokeStaticInit(java.lang.Object)'> (0x0000000718ea0448) 
thrown [t:\workspace\open\src\hotspot\share\interpreter\linkResolver.cpp, line 790]
Event: 1.333 Thread 0x0000024ef412eef0 Exception <a 'java/lang/NoSuchMethodError'{0x0000000718a09690}: 'java.lang.Object java.lang.invoke.DirectMethodHandle$Holder.invokeStaticInit(java.lang.Object, int, int, int, int)'> (0x0000000718a09690) 
thrown [t:\workspace\open\src\hotspot\share\interpreter\linkResolver.cpp, line 790]
Event: 1.379 Thread 0x0000024ef412eef0 Exception <a 'java/lang/NoSuchMethodError'{0x0000000718ad0fc8}: 'java.lang.Object java.lang.invoke.DirectMethodHandle$Holder.invokeStaticInit(java.lang.Object, java.lang.Object, int, int, int, int)'> (0x0000000718ad0fc8) 
thrown [t:\workspace\open\src\hotspot\share\interpreter\linkResolver.cpp, line 790]
Event: 1.388 Thread 0x0000024ef412eef0 Exception <a 'java/lang/NullPointerException'{0x0000000718add3f8}> (0x0000000718add3f8) 
thrown [t:\workspace\open\src\hotspot\share\interpreter\linkResolver.cpp, line 1385]
Event: 1.432 Thread 0x0000024ef412eef0 Exception <a 'java/io/FileNotFoundException'{0x0000000718b9f518}> (0x0000000718b9f518) 
thrown [t:\workspace\open\src\hotspot\share\prims\jni.cpp, line 579]
Event: 1.440 Thread 0x0000024ef412eef0 Exception <a 'java/io/FileNotFoundException'{0x0000000718bbf700}> (0x0000000718bbf700) 
thrown [t:\workspace\open\src\hotspot\share\prims\jni.cpp, line 579]
Event: 1.465 Thread 0x0000024ef412eef0 Exception <a 'java/io/FileNotFoundException'{0x0000000718854600}> (0x0000000718854600) 
thrown [t:\workspace\open\src\hotspot\share\prims\jni.cpp, line 579]
Event: 1.475 Thread 0x0000024ef412eef0 Exception <a 'java/io/FileNotFoundException'{0x000000071889fd98}> (0x000000071889fd98) 
thrown [t:\workspace\open\src\hotspot\share\prims\jni.cpp, line 579]
Event: 1.872 Thread 0x0000024ef412eef0 Exception <a 'java/io/FileNotFoundException'{0x000000071883df60}> (0x000000071883df60) 
thrown [t:\workspace\open\src\hotspot\share\prims\jni.cpp, line 579]
Event: 2.941 Thread 0x0000024ef412eef0 Exception <a 'java/io/FileNotFoundException'{0x00000007196246b8}> (0x00000007196246b8) 
thrown [t:\workspace\open\src\hotspot\share\prims\jni.cpp, line 579]

Events (20 events):
Event: 2.973 Loaded shared library C:\Users\JNNGL\IdeaProjects\TotalComputers\rootfs\test\usr\Applications\Web Browser.app\swiftshader\libGLESv2.dll
Event: 2.976 Loaded shared library C:\Users\JNNGL\IdeaProjects\TotalComputers\rootfs\test\usr\Applications\Web Browser.app\application.dll
Event: 2.983 loading class java/awt/geom/Ellipse2D$Float
Event: 2.983 loading class java/awt/geom/Ellipse2D
Event: 2.983 loading class java/awt/geom/Ellipse2D done
Event: 2.983 loading class java/awt/geom/Ellipse2D$Float done
Event: 2.983 loading class java/awt/geom/EllipseIterator
Event: 2.984 loading class java/awt/geom/EllipseIterator done
Event: 2.984 loading class sun/java2d/loops/FontInfo
Event: 2.984 loading class sun/java2d/loops/FontInfo done
Event: 3.219 Executing  VM operation: G1TryInitiateConcMark
Event: 3.220 Executing  VM operation: G1TryInitiateConcMark done
Event: 3.659 Executing  VM operation: G1TryInitiateConcMark
Event: 3.661 Executing  VM operation: G1TryInitiateConcMark done
Event: 4.048 Executing  VM operation: G1TryInitiateConcMark
Event: 4.050 Executing  VM operation: G1TryInitiateConcMark done
Event: 4.180 Thread 0x0000024ef92f99e0 Thread added: 0x0000024ef92f99e0
Event: 4.308 Thread 0x0000024ef92f99e0 Thread exited: 0x0000024ef92f99e0
Event: 4.616 Executing  VM operation: G1TryInitiateConcMark
Event: 4.617 Executing  VM operation: G1TryInitiateConcMark done


Dynamic libraries:
0x00007ff6cbbc0000 - 0x00007ff6cbbd0000 	C:\Program Files\Java\jdk-16.0.1\bin\java.exe
0x00007ffa0dc80000 - 0x00007ffa0de8f000 	C:\WINDOWS\SYSTEM32\ntdll.dll
0x00007ffa0bae0000 - 0x00007ffa0bb9d000 	C:\WINDOWS\System32\KERNEL32.DLL
0x00007ffa0b520000 - 0x00007ffa0b8ae000 	C:\WINDOWS\System32\KERNELBASE.dll
0x00007ffa0b2e0000 - 0x00007ffa0b3f1000 	C:\WINDOWS\System32\ucrtbase.dll
0x00007ff9dfc50000 - 0x00007ff9dfc68000 	C:\Program Files\Java\jdk-16.0.1\bin\jli.dll
0x00007ffa02c70000 - 0x00007ffa02c89000 	C:\Program Files\Java\jdk-16.0.1\bin\VCRUNTIME140.dll
0x00007ffa0d680000 - 0x00007ffa0d72e000 	C:\WINDOWS\System32\ADVAPI32.dll
0x00007ffa0c490000 - 0x00007ffa0c534000 	C:\WINDOWS\System32\msvcrt.dll
0x00007ffa0c740000 - 0x00007ffa0c7e2000 	C:\WINDOWS\System32\sechost.dll
0x00007ffa0c800000 - 0x00007ffa0c91f000 	C:\WINDOWS\System32\RPCRT4.dll
0x00007ffa0c260000 - 0x00007ffa0c40a000 	C:\WINDOWS\System32\USER32.dll
0x00007ff9f2410000 - 0x00007ff9f26b1000 	C:\WINDOWS\WinSxS\amd64_microsoft.windows.common-controls_6595b64144ccf1df_6.0.22523.1000_none_26388f37a89e74b7\COMCTL32.dll
0x00007ffa0bab0000 - 0x00007ffa0bad6000 	C:\WINDOWS\System32\win32u.dll
0x00007ffa0d790000 - 0x00007ffa0d7b9000 	C:\WINDOWS\System32\GDI32.dll
0x00007ffa0b400000 - 0x00007ffa0b517000 	C:\WINDOWS\System32\gdi32full.dll
0x00007ffa03070000 - 0x00007ffa0307a000 	C:\WINDOWS\SYSTEM32\VERSION.dll
0x00007ffa0b8b0000 - 0x00007ffa0b94a000 	C:\WINDOWS\System32\msvcp_win.dll
0x00007ffa0ce80000 - 0x00007ffa0ceb1000 	C:\WINDOWS\System32\IMM32.DLL
0x00007ffa08210000 - 0x00007ffa0821c000 	C:\Program Files\Java\jdk-16.0.1\bin\vcruntime140_1.dll
0x00007ff9be920000 - 0x00007ff9be9b1000 	C:\Program Files\Java\jdk-16.0.1\bin\msvcp140.dll
0x00007ff949d50000 - 0x00007ff94a8fb000 	C:\Program Files\Java\jdk-16.0.1\bin\server\jvm.dll
0x00007ffa0cc70000 - 0x00007ffa0cc78000 	C:\WINDOWS\System32\PSAPI.DLL
0x00007ffa06780000 - 0x00007ffa06789000 	C:\WINDOWS\SYSTEM32\WSOCK32.dll
0x00007ffa03ea0000 - 0x00007ffa03ed4000 	C:\WINDOWS\SYSTEM32\WINMM.dll
0x00007ffa0c410000 - 0x00007ffa0c481000 	C:\WINDOWS\System32\WS2_32.dll
0x00007ffa0a1a0000 - 0x00007ffa0a1b8000 	C:\WINDOWS\SYSTEM32\kernel.appcore.dll
0x00007ffa067a0000 - 0x00007ffa067aa000 	C:\Program Files\Java\jdk-16.0.1\bin\jimage.dll
0x00007ff9fb790000 - 0x00007ff9fb9b6000 	C:\WINDOWS\SYSTEM32\DBGHELP.DLL
0x00007ffa0bd40000 - 0x00007ffa0c0bc000 	C:\WINDOWS\System32\combase.dll
0x00007ffa0ca00000 - 0x00007ffa0cad7000 	C:\WINDOWS\System32\OLEAUT32.dll
0x00007ff9f3010000 - 0x00007ff9f3041000 	C:\WINDOWS\SYSTEM32\dbgcore.DLL
0x00007ffa0b140000 - 0x00007ffa0b1bb000 	C:\WINDOWS\System32\bcryptPrimitives.dll
0x00007ffa06510000 - 0x00007ffa0651e000 	C:\Program Files\Java\jdk-16.0.1\bin\instrument.dll
0x00007ff9dfc20000 - 0x00007ff9dfc45000 	C:\Program Files\Java\jdk-16.0.1\bin\java.dll
0x00007ffa0cec0000 - 0x00007ffa0d678000 	C:\WINDOWS\System32\SHELL32.dll
0x00007ffa091d0000 - 0x00007ffa09a26000 	C:\WINDOWS\SYSTEM32\windows.storage.dll
0x00007ffa09090000 - 0x00007ffa091cc000 	C:\WINDOWS\SYSTEM32\wintypes.dll
0x00007ffa0cb70000 - 0x00007ffa0cc61000 	C:\WINDOWS\System32\SHCORE.dll
0x00007ffa0cc80000 - 0x00007ffa0ccdb000 	C:\WINDOWS\System32\shlwapi.dll
0x00007ffa0b070000 - 0x00007ffa0b091000 	C:\WINDOWS\SYSTEM32\profapi.dll
0x00007ff9dd070000 - 0x00007ff9dd088000 	C:\Program Files\Java\jdk-16.0.1\bin\zip.dll
0x00007ff9dd100000 - 0x00007ff9dd119000 	C:\Program Files\Java\jdk-16.0.1\bin\net.dll
0x00007ffa03640000 - 0x00007ffa03752000 	C:\WINDOWS\SYSTEM32\WINHTTP.dll
0x00007ffa0a620000 - 0x00007ffa0a689000 	C:\WINDOWS\system32\mswsock.dll
0x00007ff9dd0e0000 - 0x00007ff9dd0f3000 	C:\Program Files\Java\jdk-16.0.1\bin\nio.dll
0x00007ff9da6b0000 - 0x00007ff9da6ca000 	C:\Program Files\JetBrains\IntelliJ IDEA Community Edition 2021.2.1\bin\breakgen64.dll
0x00007ff9584f0000 - 0x00007ff958670000 	C:\Program Files\Java\jdk-16.0.1\bin\awt.dll
0x00007ffa08280000 - 0x00007ffa08313000 	C:\WINDOWS\SYSTEM32\apphelp.dll
0x00007ffa08660000 - 0x00007ffa0868b000 	C:\WINDOWS\system32\DWMAPI.DLL
0x00007ffa083d0000 - 0x00007ffa0847b000 	C:\WINDOWS\system32\uxtheme.dll
0x00007ff9a34f0000 - 0x00007ff9a35f2000 	C:\WINDOWS\system32\opengl32.dll
0x00007ff9a3410000 - 0x00007ff9a343d000 	C:\WINDOWS\SYSTEM32\GLU32.dll
0x00007ffa084e0000 - 0x00007ffa08518000 	C:\WINDOWS\SYSTEM32\dxcore.dll
0x00007ffa0c0c0000 - 0x00007ffa0c1de000 	C:\WINDOWS\System32\MSCTF.dll
0x00007ffa0cce0000 - 0x00007ffa0ce79000 	C:\WINDOWS\System32\ole32.dll
0x00007ff9f8e40000 - 0x00007ff9f8fe7000 	C:\WINDOWS\system32\d3d9.dll
0x00007ff9f69a0000 - 0x00007ff9f6aa7000 	C:\WINDOWS\System32\DriverStore\FileRepository\nvhmig.inf_amd64_c6685fe79c60e4b1\nvldumdx.dll
0x00007ffa0a970000 - 0x00007ffa0a982000 	C:\WINDOWS\SYSTEM32\msasn1.dll
0x00007ff9fea10000 - 0x00007ff9fea41000 	C:\WINDOWS\SYSTEM32\cryptnet.dll
0x00007ffa0b950000 - 0x00007ffa0baac000 	C:\WINDOWS\System32\CRYPT32.dll
0x00007ff9fc3d0000 - 0x00007ff9fc526000 	C:\WINDOWS\SYSTEM32\drvstore.dll
0x00007ffa0ad60000 - 0x00007ffa0ad8c000 	C:\WINDOWS\SYSTEM32\devobj.dll
0x00007ffa0ad10000 - 0x00007ffa0ad5d000 	C:\WINDOWS\SYSTEM32\cfgmgr32.dll
0x00007ffa0a920000 - 0x00007ffa0a961000 	C:\WINDOWS\SYSTEM32\wldp.dll
0x00007ffa0a870000 - 0x00007ffa0a87c000 	C:\WINDOWS\SYSTEM32\cryptbase.dll
0x00007ffa0b280000 - 0x00007ffa0b2e0000 	C:\WINDOWS\System32\WINTRUST.DLL
0x00007ffa0c700000 - 0x00007ffa0c71f000 	C:\WINDOWS\System32\imagehlp.dll
0x00007ffa0a880000 - 0x00007ffa0a898000 	C:\WINDOWS\SYSTEM32\CRYPTSP.dll
0x00007ffa0a100000 - 0x00007ffa0a135000 	C:\WINDOWS\system32\rsaenh.dll
0x00007ffa0aa00000 - 0x00007ffa0aa28000 	C:\WINDOWS\SYSTEM32\bcrypt.dll
0x00007ff9ba1e0000 - 0x00007ff9bb968000 	C:\WINDOWS\System32\DriverStore\FileRepository\nvhmig.inf_amd64_c6685fe79c60e4b1\nvd3dumx.dll
0x00007ff9fabb0000 - 0x00007ff9fabf4000 	C:\WINDOWS\SYSTEM32\directxdatabasehelper.dll
0x00007ff9e6f60000 - 0x00007ff9e7118000 	C:\WINDOWS\System32\DriverStore\FileRepository\u0372545.inf_amd64_56d459236871c3f2\B372333\aticfx64.dll
0x00007ff9d1e30000 - 0x00007ff9d1e64000 	C:\WINDOWS\System32\DriverStore\FileRepository\u0372545.inf_amd64_56d459236871c3f2\B372333\atiu9p64.dll
0x00007ff9b93f0000 - 0x00007ff9ba144000 	C:\WINDOWS\System32\DriverStore\FileRepository\u0372545.inf_amd64_56d459236871c3f2\B372333\atiumd64.dll
0x00000000759d0000 - 0x0000000076845000 	C:\WINDOWS\System32\DriverStore\FileRepository\u0372545.inf_amd64_56d459236871c3f2\B372333\atiumd6a.dll
0x00007ffa0d7c0000 - 0x00007ffa0dc33000 	C:\WINDOWS\System32\SETUPAPI.dll
0x00007ffa0b010000 - 0x00007ffa0b05d000 	C:\WINDOWS\SYSTEM32\POWRPROF.dll
0x00007ffa0aff0000 - 0x00007ffa0b003000 	C:\WINDOWS\SYSTEM32\UMPDC.dll
0x00007ff9e6a00000 - 0x00007ff9e6a30000 	C:\WINDOWS\SYSTEM32\amdihk64.dll
0x00007ff9b8870000 - 0x00007ff9b8b37000 	C:\WINDOWS\system32\nvspcap64.dll
0x00007ffa0a1c0000 - 0x00007ffa0a1f4000 	C:\WINDOWS\SYSTEM32\ntmarta.dll
0x00007ffa0a6b0000 - 0x00007ffa0a6d6000 	C:\WINDOWS\SYSTEM32\gpapi.dll
0x00007ff9ce860000 - 0x00007ff9ce8e9000 	C:\Program Files\Java\jdk-16.0.1\bin\freetype.dll
0x00007ff973300000 - 0x00007ff9733f6000 	C:\Program Files\Java\jdk-16.0.1\bin\harfbuzz.dll
0x00007ff9da560000 - 0x00007ff9da572000 	C:\Program Files\Java\jdk-16.0.1\bin\fontmanager.dll
0x00007ff9f4f20000 - 0x00007ff9f504b000 	C:\WINDOWS\SYSTEM32\textinputframework.dll
0x00007ffa07ff0000 - 0x00007ffa0811e000 	C:\WINDOWS\SYSTEM32\CoreMessaging.dll
0x00007ff9f9e50000 - 0x00007ff9fa1bb000 	C:\WINDOWS\SYSTEM32\CoreUIComponents.dll
0x00007ffa0a720000 - 0x00007ffa0a749000 	C:\WINDOWS\SYSTEM32\USERENV.dll
0x00007ffa09c80000 - 0x00007ffa09cad000 	C:\WINDOWS\SYSTEM32\IPHLPAPI.DLL
0x00007ffa0c730000 - 0x00007ffa0c739000 	C:\WINDOWS\System32\NSI.dll
0x00007ffa03530000 - 0x00007ffa03549000 	C:\WINDOWS\SYSTEM32\dhcpcsvc6.DLL
0x00007ffa03510000 - 0x00007ffa0352e000 	C:\WINDOWS\SYSTEM32\dhcpcsvc.DLL
0x00007ffa09cb0000 - 0x00007ffa09da8000 	C:\WINDOWS\SYSTEM32\DNSAPI.dll
0x00007ff9da4e0000 - 0x00007ff9da4ff000 	C:\Users\JNNGL\IdeaProjects\TotalComputers\native.dll
0x00007ff95e5a0000 - 0x00007ff95e6d0000 	C:\Users\JNNGL\IdeaProjects\TotalComputers\rootfs\test\usr\Applications\Web Browser.app\chrome_elf.dll
0x00007ff955640000 - 0x00007ff955af2000 	C:\Users\JNNGL\IdeaProjects\TotalComputers\rootfs\test\usr\Applications\Web Browser.app\d3dcompiler_47.dll
0x00007ff92ead0000 - 0x00007ff9388af000 	C:\Users\JNNGL\IdeaProjects\TotalComputers\rootfs\test\usr\Applications\Web Browser.app\libcef.dll
0x00007ffa0c920000 - 0x00007ffa0c9f6000 	C:\WINDOWS\System32\COMDLG32.dll
0x00007ffa06200000 - 0x00007ffa062fe000 	C:\WINDOWS\SYSTEM32\PROPSYS.dll
0x00007ffa08530000 - 0x00007ffa08625000 	C:\WINDOWS\SYSTEM32\dxgi.dll
0x00007ff9d5020000 - 0x00007ff9d545c000 	C:\WINDOWS\SYSTEM32\UIAutomationCore.DLL
0x00007ff9f7780000 - 0x00007ff9f77e9000 	C:\WINDOWS\SYSTEM32\OLEACC.dll
0x00007ffa04110000 - 0x00007ffa04124000 	C:\WINDOWS\SYSTEM32\WTSAPI32.dll
0x00007ff9ed140000 - 0x00007ff9ed14c000 	C:\WINDOWS\SYSTEM32\Secur32.dll
0x00007ff9fc530000 - 0x00007ff9fc548000 	C:\WINDOWS\SYSTEM32\NETAPI32.dll
0x00007ffa09a30000 - 0x00007ffa09a3e000 	C:\WINDOWS\SYSTEM32\HID.DLL
0x00007ff9e5940000 - 0x00007ff9e5959000 	C:\WINDOWS\SYSTEM32\USP10.dll
0x00007ffa0a9d0000 - 0x00007ffa0a9f9000 	C:\WINDOWS\SYSTEM32\ncrypt.dll
0x00007ffa075d0000 - 0x00007ffa07836000 	C:\WINDOWS\SYSTEM32\DWrite.dll
0x00007ff9f76e0000 - 0x00007ff9f7779000 	C:\WINDOWS\SYSTEM32\WINSPOOL.DRV
0x00007ff9fc7e0000 - 0x00007ff9fc805000 	C:\WINDOWS\SYSTEM32\dxva2.dll
0x00007ff9f8c50000 - 0x00007ff9f8e3d000 	C:\WINDOWS\SYSTEM32\urlmon.dll
0x00007ff9e6c50000 - 0x00007ff9e6cab000 	C:\WINDOWS\SYSTEM32\CRYPTUI.dll
0x00007ff9e5580000 - 0x00007ff9e5592000 	C:\WINDOWS\SYSTEM32\credui.dll
0x00007ffa03300000 - 0x00007ffa03355000 	C:\WINDOWS\SYSTEM32\wevtapi.dll
0x00007ff9f2ae0000 - 0x00007ff9f2fd5000 	C:\WINDOWS\SYSTEM32\WININET.dll
0x00007ffa017a0000 - 0x00007ffa01b68000 	C:\WINDOWS\SYSTEM32\ESENT.dll
0x00007ffa09c70000 - 0x00007ffa09c7c000 	C:\WINDOWS\SYSTEM32\netutils.dll
0x00007ff9e46a0000 - 0x00007ff9e494d000 	C:\WINDOWS\SYSTEM32\iertutil.dll
0x00007ff9e4950000 - 0x00007ff9e4978000 	C:\WINDOWS\SYSTEM32\srvcli.dll
0x00007ffa0a410000 - 0x00007ffa0a451000 	C:\WINDOWS\SYSTEM32\SSPICLI.DLL
0x00007ffa06500000 - 0x00007ffa0650a000 	C:\WINDOWS\SYSTEM32\DSROLE.DLL
0x00007ffa032e0000 - 0x00007ffa032f7000 	C:\WINDOWS\SYSTEM32\WKSCLI.DLL
0x00007ff9fd240000 - 0x00007ff9fd259000 	C:\WINDOWS\SYSTEM32\SAMCLI.DLL
0x00007ffa0a990000 - 0x00007ffa0a9c7000 	C:\WINDOWS\SYSTEM32\NTASN1.dll

dbghelp: loaded successfully - version: 4.0.5 - missing functions: none
symbol engine: initialized successfully - sym options: 0x614 - pdb path: .;C:\Program Files\Java\jdk-16.0.1\bin;C:\WINDOWS\SYSTEM32;C:\WINDOWS\WinSxS\amd64_microsoft.windows.common-controls_6595b64144ccf1df_6.0.22523.1000_none_26388f37a89e74b7;C:\Program Files\Java\jdk-16.0.1\bin\server;C:\Program Files\JetBrains\IntelliJ IDEA Community Edition 2021.2.1\bin;C:\WINDOWS\System32\DriverStore\FileRepository\nvhmig.inf_amd64_c6685fe79c60e4b1;C:\WINDOWS\System32\DriverStore\FileRepository\u0372545.inf_amd64_56d459236871c3f2\B372333;C:\Users\JNNGL\IdeaProjects\TotalComputers;C:\Users\JNNGL\IdeaProjects\TotalComputers\rootfs\test\usr\Applications\Web Browser.app;C:\Users\JNNGL\IdeaProjects\TotalComputers\rootfs\test\usr\Applications\Web Browser.app\swiftshader

VM Arguments:
jvm_args: -Djava.library.path=C:\Users\JNNGL\IdeaProjects\TotalComputers;C:\Users\JNNGL\IdeaProjects\TotalComputers\win64 -javaagent:C:\Program Files\JetBrains\IntelliJ IDEA Community Edition 2021.2.1\lib\idea_rt.jar=62643:C:\Program Files\JetBrains\IntelliJ IDEA Community Edition 2021.2.1\bin -Dfile.encoding=UTF-8 
java_command: com.jnngl.totalcomputers.system.TotalOS$Test
java_class_path (initial): C:\Users\JNNGL\IdeaProjects\TotalComputers\out\production\TotalComputers;C:\Users\JNNGL\Desktop\server\craftbukkit-1.12.2.jar;C:\Users\JNNGL\IdeaProjects\TotalComputers\lwjgl\joml-1.10.3.jar;C:\Users\JNNGL\IdeaProjects\TotalComputers\lwjgl\lwjgl-glfw-natives-linux-arm32.jar;C:\Users\JNNGL\IdeaProjects\TotalComputers\lwjgl\lwjgl-glfw-natives-linux-arm64.jar;C:\Users\JNNGL\IdeaProjects\TotalComputers\lwjgl\lwjgl-glfw-natives-linux.jar;C:\Users\JNNGL\IdeaProjects\TotalComputers\lwjgl\lwjgl-glfw-natives-macos-arm64.jar;C:\Users\JNNGL\IdeaProjects\TotalComputers\lwjgl\lwjgl-glfw-natives-macos.jar;C:\Users\JNNGL\IdeaProjects\TotalComputers\lwjgl\lwjgl-glfw-natives-windows-arm64.jar;C:\Users\JNNGL\IdeaProjects\TotalComputers\lwjgl\lwjgl-glfw-natives-windows-x86.jar;C:\Users\JNNGL\IdeaProjects\TotalComputers\lwjgl\lwjgl-glfw-natives-windows.jar;C:\Users\JNNGL\IdeaProjects\TotalComputers\lwjgl\lwjgl-glfw.jar;C:\Users\JNNGL\IdeaProjects\TotalComputers\lwjgl\lwjgl-natives-linux-arm32.jar;C:\Users\JNNGL\IdeaProjects\TotalComputers\lwjgl\lwjgl-natives-linux-arm64.jar;C:\Users\JNNGL\IdeaProjects\TotalComputers\lwjgl\lwjgl-natives-linux.jar;C:\Users\JNNGL\IdeaProjects\TotalComputers\lwjgl\lwjgl-natives-macos-arm64.jar;C:\Users\JNNGL\IdeaProjects\TotalComputers\lwjgl\lwjgl-natives-macos.jar;C:\Users\JNNGL\IdeaProjects\TotalComputers\lwjgl\lwjgl-natives-windows-arm64.jar;C:\Users\JNNGL\IdeaProjects\TotalComputers\lwjgl\lwjgl-natives-windows-x86.jar;C:\Users\JNNGL\IdeaProjects\TotalComputers\lwjgl\lwjgl-natives-windows.jar;C:\Users\JNNGL\IdeaProjects\TotalComputers\lwjgl\lwjgl-opengl-natives-linux-arm32.jar;C:\Users\JNNGL\IdeaProjects\TotalComputers\lwjgl\lwjgl-opengl-natives-linux-arm64.jar;C:\Users\JNNGL\IdeaProjects\TotalComputers\lwjgl\lwjgl-opengl-natives-linux.jar;C:\Users\JNNGL\IdeaProjects\TotalComputers\lwjgl\lwjgl-opengl-natives-macos-arm64.jar;C:\Users\JNNGL\IdeaProjects\TotalComputers\lwjgl\lwjgl-opengl-natives-macos.jar;C:\Users\JNNGL\IdeaPro
Launcher Type: SUN_STANDARD

[Global flags]
     intx CICompilerCount                          = 12                                        {product} {ergonomic}
     uint ConcGCThreads                            = 3                                         {product} {ergonomic}
     uint G1ConcRefinementThreads                  = 13                                        {product} {ergonomic}
   size_t G1HeapRegionSize                         = 2097152                                   {product} {ergonomic}
    uintx GCDrainStackTargetSize                   = 64                                        {product} {ergonomic}
   size_t InitialHeapSize                          = 257949696                                 {product} {ergonomic}
   size_t MarkStackSize                            = 4194304                                   {product} {ergonomic}
   size_t MaxHeapSize                              = 4125097984                                {product} {ergonomic}
   size_t MaxNewSize                               = 2474639360                                {product} {ergonomic}
   size_t MinHeapDeltaBytes                        = 2097152                                   {product} {ergonomic}
   size_t MinHeapSize                              = 8388608                                   {product} {ergonomic}
    uintx NonNMethodCodeHeapSize                   = 7602480                                {pd product} {ergonomic}
    uintx NonProfiledCodeHeapSize                  = 122027880                              {pd product} {ergonomic}
    uintx ProfiledCodeHeapSize                     = 122027880                              {pd product} {ergonomic}
    uintx ReservedCodeCacheSize                    = 251658240                              {pd product} {ergonomic}
     bool SegmentedCodeCache                       = true                                      {product} {ergonomic}
   size_t SoftMaxHeapSize                          = 4125097984                             {manageable} {ergonomic}
     bool UseCompressedClassPointers               = true                           {product lp64_product} {ergonomic}
     bool UseCompressedOops                        = true                           {product lp64_product} {ergonomic}
     bool UseG1GC                                  = true                                      {product} {ergonomic}
     bool UseLargePagesIndividualAllocation        = false                                  {pd product} {ergonomic}

Logging:
Log output configuration:
 #0: stdout all=warning uptime,level,tags
 #1: stderr all=off uptime,level,tags

Environment Variables:
PATH=C:\Program Files\NVIDIA GPU Computing Toolkit\CUDA\v11.5\bin;C:\Program Files\ImageMagick-7.1.0-Q16-HDRI;C:\Program Files (x86)\VMware\VMware Player\bin\;C:\VulkanSDK\1.2.176.1\Bin;C:\Program Files\NVIDIA GPU Computing Toolkit\CUDA\v11.3\bin;C:\Program Files\NVIDIA GPU Computing Toolkit\CUDA\v11.3\libnvvp;C:\Program Files\Common Files\Oracle\Java\javapath;C:\windows\system32;C:\windows;C:\windows\System32\Wbem;C:\windows\System32\WindowsPowerShell\v1.0\;C:\windows\System32\OpenSSH\;C:\Program Files (x86)\NVIDIA Corporation\PhysX\Common;C:\Program Files\NVIDIA Corporation\NVIDIA NvDLISR;C:\Program Files\Git\cmd;C:\Program Files (x86)\Microsoft Visual Studio\2019\Community\VC\Tools\MSVC\14.28.29910\bin\Hostx64\x64;C:\Program Files\mingw-w64\x86_64-8.1.0-posix-seh-rt_v6-rev0\mingw64\bin;C:\WINDOWS\system32;C:\WINDOWS;C:\WINDOWS\System32\Wbem;C:\WINDOWS\System32\WindowsPowerShell\v1.0\;C:\WINDOWS\System32\OpenSSH\;C:\Program Files\NVIDIA Corporation\Nsight Compute 2021.3.1\;C:\Program Files\dotnet\;%SystemRoot%\system32;%SystemRoot%;%SystemRoot%\System32\Wbem;%SYSTEMROOT%\System32\WindowsPowerShell\v1.0\;%SYSTEMROOT%\System32\OpenSSH\;C:\Users\JNNGL\AppData\Local\Microsoft\WindowsApps;C:\Program Files\CMake\bin;C:\Users\JNNGL\AppData\Local\Programs\Microsoft VS Code\bin;C:\Gradle\gradle-7.0.2\bin;C:\Users\JNNGL\AppData\Local\GitHubDesktop\bin;C:\Program Files (x86)\Microsoft Visual Studio\2019\Community\VC\Tools\MSVC\14.28.29910\bin\Hostx64\x64;C:\Program Files\mingw-w64\x86_64-8.1.0-posix-seh-rt_v6-rev0\mingw64\bin;C:\Users\JNNGL\.dotnet\tools;C:\Program Files\qemu;
USERNAME=JNNGL
OS=Windows_NT
PROCESSOR_IDENTIFIER=AMD64 Family 23 Model 96 Stepping 1, AuthenticAMD



---------------  S Y S T E M  ---------------

OS:
 Windows 10 , 64 bit Build 22523 (10.0.22523.1000)
OS uptime: 1 days 22:02 hours

CPU: total 16 (initial active 16) (16 cores per cpu, 2 threads per core) family 23 model 96 stepping 1 microcode 0x0, cx8, cmov, fxsr, ht, mmx, 3dnowpref, sse, sse2, sse3, ssse3, sse4a, sse4.1, sse4.2, popcnt, lzcnt, tsc, tscinvbit, avx, avx2, aes, clmul, bmi1, bmi2, adx, sha, fma, vzeroupper, clflush, clflushopt

Memory: 4k page, system-wide physical 15731M (4154M free)
TotalPageFile size 26044M (AvailPageFile size 3885M)
current process WorkingSet (physical memory assigned to process): 285M, peak: 285M
current process commit charge ("private bytes"): 465M, peak: 465M

vm_info: Java HotSpot(TM) 64-Bit Server VM (16.0.1+9-24) for windows-amd64 JRE (16.0.1+9-24), built on Mar 26 2021 19:31:42 by "mach5one" with MS VC++ 16.7 (VS2019)

END.
