#
# A fatal error has been detected by the Java Runtime Environment:
#
#  EXCEPTION_ACCESS_VIOLATION (0xc0000005) at pc=0x00007ff949d5c700, pid=18056, tid=2768
#
# JRE version: Java(TM) SE Runtime Environment (16.0.1+9) (build 16.0.1+9-24)
# Java VM: Java HotSpot(TM) 64-Bit Server VM (16.0.1+9-24, mixed mode, sharing, tiered, compressed oops, compressed class ptrs, g1 gc, windows-amd64)
# Problematic frame:
# V  [jvm.dll+0xc700]
#
# No core dump will be written. Minidumps are not enabled by default on client versions of Windows
#
# If you would like to submit a bug report, please visit:
#   https://bugreport.java.com/bugreport/crash.jsp
#

---------------  S U M M A R Y ------------

Command Line: -Djava.library.path=C:\Users\JNNGL\IdeaProjects\TotalComputers;C:\Users\JNNGL\IdeaProjects\TotalComputers\win64 -javaagent:C:\Program Files\JetBrains\IntelliJ IDEA Community Edition 2021.2.1\lib\idea_rt.jar=52318:C:\Program Files\JetBrains\IntelliJ IDEA Community Edition 2021.2.1\bin -Dfile.encoding=UTF-8 com.jnngl.totalcomputers.system.TotalOS$Test

Host: AMD Ryzen 7 4800H with Radeon Graphics         , 16 cores, 15G,  Windows 10 , 64 bit Build 22523 (10.0.22523.1000)
Time: Sun Feb 27 14:45:30 2022  Windows 10 , 64 bit Build 22523 (10.0.22523.1000) elapsed time: 5.114813 seconds (0d 0h 0m 5s)

---------------  T H R E A D  ---------------

Current thread (0x0000021ff28060d0):  JavaThread "AWT-EventQueue-0" [_thread_in_vm, id=2768, stack(0x000000ff28040000,0x000000ff28140000)]

Stack: [0x000000ff28040000,0x000000ff28140000],  sp=0x000000ff2813cea8,  free space=1011k
Native frames: (J=compiled Java code, j=interpreted, Vv=VM code, C=native code)
V  [jvm.dll+0xc700]

Java frames: (J=compiled Java code, j=interpreted, Vv=VM code)
j  com.jnngl.system.NativeWindowApplication._Render(Ljava/awt/Graphics2D;)V+0
j  com.jnngl.system.NativeWindowApplication.ExtRender(Ljava/awt/Graphics2D;)V+2
j  com.jnngl.system.NativeWindowApplication.render(Ljava/awt/Graphics2D;)V+2
j  com.jnngl.totalcomputers.system.desktop.WindowApplication.renderCanvas()V+10
v  ~StubRoutines::call_stub
j  com.jnngl.system.NativeWindowApplication._Update()V+0
j  com.jnngl.system.NativeWindowApplication.ExtUpdate()V+1
j  com.jnngl.system.NativeWindowApplication.update()V+1
j  com.jnngl.totalcomputers.system.states.Desktop.update()V+30
j  com.jnngl.totalcomputers.system.states.StateManager.update()V+11
j  com.jnngl.totalcomputers.system.TotalOS.renderFrame()V+4
j  com.jnngl.totalcomputers.system.TotalOS$Test.paint(Ljava/awt/Graphics;)V+4
j  javax.swing.JComponent.paintChildren(Ljava/awt/Graphics;)V+523 java.desktop@16.0.1
j  javax.swing.JComponent.paint(Ljava/awt/Graphics;)V+318 java.desktop@16.0.1
j  javax.swing.JComponent.paintChildren(Ljava/awt/Graphics;)V+523 java.desktop@16.0.1
j  javax.swing.JComponent.paint(Ljava/awt/Graphics;)V+318 java.desktop@16.0.1
j  javax.swing.JLayeredPane.paint(Ljava/awt/Graphics;)V+73 java.desktop@16.0.1
j  javax.swing.JComponent.paintChildren(Ljava/awt/Graphics;)V+523 java.desktop@16.0.1
j  javax.swing.JComponent.paintToOffscreen(Ljava/awt/Graphics;IIIIII)V+72 java.desktop@16.0.1
j  javax.swing.RepaintManager$PaintManager.paintDoubleBufferedFPScales(Ljavax/swing/JComponent;Ljava/awt/Image;Ljava/awt/Graphics;IIII)V+320 java.desktop@16.0.1
j  javax.swing.RepaintManager$PaintManager.paintDoubleBuffered(Ljavax/swing/JComponent;Ljava/awt/Image;Ljava/awt/Graphics;IIII)V+28 java.desktop@16.0.1
j  javax.swing.RepaintManager$PaintManager.paint(Ljavax/swing/JComponent;Ljavax/swing/JComponent;Ljava/awt/Graphics;IIII)Z+128 java.desktop@16.0.1
j  javax.swing.RepaintManager.paint(Ljavax/swing/JComponent;Ljavax/swing/JComponent;Ljava/awt/Graphics;IIII)V+52 java.desktop@16.0.1
j  javax.swing.JComponent.paint(Ljava/awt/Graphics;)V+221 java.desktop@16.0.1
j  java.awt.GraphicsCallback$PaintCallback.run(Ljava/awt/Component;Ljava/awt/Graphics;)V+2 java.desktop@16.0.1
j  sun.awt.SunGraphicsCallback.runOneComponent(Ljava/awt/Component;Ljava/awt/Rectangle;Ljava/awt/Graphics;Ljava/awt/Shape;I)V+130 java.desktop@16.0.1
j  sun.awt.SunGraphicsCallback.runComponents([Ljava/awt/Component;Ljava/awt/Graphics;I)V+157 java.desktop@16.0.1
j  java.awt.Container.paint(Ljava/awt/Graphics;)V+58 java.desktop@16.0.1
j  java.awt.Window.paint(Ljava/awt/Graphics;)V+68 java.desktop@16.0.1
j  javax.swing.RepaintManager$4.run()Ljava/lang/Void;+142 java.desktop@16.0.1
j  javax.swing.RepaintManager$4.run()Ljava/lang/Object;+1 java.desktop@16.0.1
J 1892 c1 java.security.ProtectionDomain$JavaSecurityAccessImpl.doIntersectionPrivilege(Ljava/security/PrivilegedAction;Ljava/security/AccessControlContext;Ljava/security/AccessControlContext;)Ljava/lang/Object; java.base@16.0.1 (22 bytes) @ 0x0000021fcf69df54 [0x0000021fcf69dcc0+0x0000000000000294]
j  javax.swing.RepaintManager.paintDirtyRegions(Ljava/util/Map;)V+154 java.desktop@16.0.1
j  javax.swing.RepaintManager.paintDirtyRegions()V+46 java.desktop@16.0.1
j  javax.swing.RepaintManager.prePaintDirtyRegions()V+73 java.desktop@16.0.1
j  javax.swing.RepaintManager$ProcessingRunnable.run()V+37 java.desktop@16.0.1
j  java.awt.event.InvocationEvent.dispatch()V+47 java.desktop@16.0.1
j  java.awt.EventQueue.dispatchEventImpl(Ljava/awt/AWTEvent;Ljava/lang/Object;)V+21 java.desktop@16.0.1
j  java.awt.EventQueue$4.run()Ljava/lang/Void;+32 java.desktop@16.0.1
j  java.awt.EventQueue$4.run()Ljava/lang/Object;+1 java.desktop@16.0.1
J 1892 c1 java.security.ProtectionDomain$JavaSecurityAccessImpl.doIntersectionPrivilege(Ljava/security/PrivilegedAction;Ljava/security/AccessControlContext;Ljava/security/AccessControlContext;)Ljava/lang/Object; java.base@16.0.1 (22 bytes) @ 0x0000021fcf69df54 [0x0000021fcf69dcc0+0x0000000000000294]
j  java.awt.EventQueue.dispatchEvent(Ljava/awt/AWTEvent;)V+46 java.desktop@16.0.1
j  java.awt.EventDispatchThread.pumpOneEventForFilters(I)V+78 java.desktop@16.0.1
j  java.awt.EventDispatchThread.pumpEventsForFilter(ILjava/awt/Conditional;Ljava/awt/EventFilter;)V+35 java.desktop@16.0.1
j  java.awt.EventDispatchThread.pumpEventsForHierarchy(ILjava/awt/Conditional;Ljava/awt/Component;)V+11 java.desktop@16.0.1
j  java.awt.EventDispatchThread.pumpEvents(ILjava/awt/Conditional;)V+4 java.desktop@16.0.1
j  java.awt.EventDispatchThread.pumpEvents(Ljava/awt/Conditional;)V+3 java.desktop@16.0.1
j  java.awt.EventDispatchThread.run()V+9 java.desktop@16.0.1
v  ~StubRoutines::call_stub

siginfo: EXCEPTION_ACCESS_VIOLATION (0xc0000005), reading address 0x0000021ff648a000


Register to memory mapping:

RIP=0x00007ff949d5c700 jvm.dll
RAX=0x0 is NULL
RBX=0x0000021ff28060d0 is a thread
RCX=0x0000021ff6337d90 points into unknown readable memory: 0xffffffffffffffff | ff ff ff ff ff ff ff ff
RDX=0x000000070b152280 is pointing into object: [I 
{0x000000070b000000} - klass: {type array int}
 - length: 720896
RSP=0x000000ff2813cea8 is pointing into the stack for thread: 0x0000021ff28060d0
RBP=0x0 is NULL
RSI=0x00000000000b0000 is an unknown value
RDI=0x000000070b000000 is an oop: [I 
{0x000000070b000000} - klass: {type array int}
 - length: 720896
R8 =0x000000000005b764 is an unknown value
R9 =0x00000218eb337d80 is an unknown value
R10=0x00007ff94a7c33d0 jvm.dll
R11=0x000000ff2813ce80 is pointing into the stack for thread: 0x0000021ff28060d0
R12=0x0 is NULL
R13={method} {0x0000021ff7502010} '_Render' '(Ljava/awt/Graphics2D;)V' in 'com/jnngl/system/NativeWindowApplication'
R14=0x0 is NULL
R15=0x0000000000000010 is an unknown value


Registers:
RAX=0x0000000000000000, RBX=0x0000021ff28060d0, RCX=0x0000021ff6337d90, RDX=0x000000070b152280
RSP=0x000000ff2813cea8, RBP=0x0000000000000000, RSI=0x00000000000b0000, RDI=0x000000070b000000
R8 =0x000000000005b764, R9 =0x00000218eb337d80, R10=0x00007ff94a7c33d0, R11=0x000000ff2813ce80
R12=0x0000000000000000, R13=0x0000021ff7502008, R14=0x0000000000000000, R15=0x0000000000000010
RIP=0x00007ff949d5c700, EFLAGS=0x0000000000010202

Top of Stack: (sp=0x000000ff2813cea8)
0x000000ff2813cea8:   00007ff94a12fba3 0000021ff28060d0
0x000000ff2813ceb8:   0000000000000000 00000000000b0000
0x000000ff2813cec8:   00000000000003d8 0000021ff28060d0
0x000000ff2813ced8:   0000000000000000 0000021ff28060d0
0x000000ff2813cee8:   0000000000000000 0000021ff28060d0
0x000000ff2813cef8:   000000ff2813d0b8 0000021ff6337d90
0x000000ff2813cf08:   00007ff9b6c65a26 0000021feb5bf350
0x000000ff2813cf18:   000000ff2813d090 00000000000b0000
0x000000ff2813cf28:   00007ff9b6c8a900 0000021ff6337d90
0x000000ff2813cf38:   00007ff9b6c8a9e0 0000000000000200
0x000000ff2813cf48:   00007ff9b6c33d2c 0000000000000160
0x000000ff2813cf58:   000000ff2813cfc0 000000ff2813d090
0x000000ff2813cf68:   00007ff9b6c64abe 000000ff2813d0b0
0x000000ff2813cf78:   000000ff2813d0b0 000000ff2813d0b0
0x000000ff2813cf88:   0000000000000000 000000ff2813d0b0
0x000000ff2813cf98:   00007ff9b6c34c19 000000ff2813cfc0 

Instructions: (pc=0x00007ff949d5c700)
0x00007ff949d5c600:   48 8d 05 e9 b6 81 00 48 83 c4 28 c3 48 8d 05 fd
0x00007ff949d5c610:   b6 81 00 48 83 c4 28 c3 80 3d ea 61 a6 00 00 48
0x00007ff949d5c620:   8d 0d 22 b6 81 00 48 8d 05 3b b6 81 00 48 0f 45
0x00007ff949d5c630:   c1 48 83 c4 28 c3 cc cc cc cc cc cc cc cc cc cc
0x00007ff949d5c640:   48 8d 05 c1 b5 81 00 c3 cc cc cc cc cc cc cc cc
0x00007ff949d5c650:   48 8d 05 91 b7 81 00 c3 cc cc cc cc cc cc cc cc
0x00007ff949d5c660:   48 8d 05 71 b7 81 00 c3 cc cc cc cc cc cc cc cc
0x00007ff949d5c670:   48 8d 05 b9 b5 81 00 c3 cc cc cc cc cc cc cc cc
0x00007ff949d5c680:   48 8b c2 48 8b d1 48 8b c8 e9 5e 91 81 00 cc cc
0x00007ff949d5c690:   4c 8b c9 48 3b ca 76 1b 4d 85 c0 74 45 4c 2b ca
0x00007ff949d5c6a0:   41 0f b7 04 11 66 89 02 48 8d 52 02 49 83 e8 01
0x00007ff949d5c6b0:   75 ee c3 4b 8d 04 00 48 8d 4a fe 48 03 c8 4d 85
0x00007ff949d5c6c0:   c0 74 1f 48 2b c1 4a 8d 14 08 66 0f 1f 44 00 00
0x00007ff949d5c6d0:   0f b7 44 0a fe 66 89 01 48 8d 49 fe 49 83 e8 01
0x00007ff949d5c6e0:   75 ee c3 cc cc cc cc cc cc cc cc cc cc cc cc cc
0x00007ff949d5c6f0:   4c 8b c9 48 3b ca 76 19 4d 85 c0 74 43 4c 2b ca
0x00007ff949d5c700:   41 8b 04 11 89 02 48 8d 52 04 49 83 e8 01 75 f0
0x00007ff949d5c710:   c3 4a 8d 04 85 00 00 00 00 48 8d 4a fc 48 03 c8
0x00007ff949d5c720:   4d 85 c0 74 1b 48 2b c1 4a 8d 14 08 0f 1f 40 00
0x00007ff949d5c730:   8b 44 0a fc 89 01 48 8d 49 fc 49 83 e8 01 75 f0
0x00007ff949d5c740:   c3 cc cc cc cc cc cc cc cc cc cc cc cc cc cc cc
0x00007ff949d5c750:   4c 8b c9 48 3b ca 76 1a 4d 85 c0 74 45 4c 2b ca
0x00007ff949d5c760:   49 8b 04 11 48 89 02 48 8d 52 08 49 83 e8 01 75
0x00007ff949d5c770:   ef c3 4a 8d 04 c5 00 00 00 00 48 8d 4a f8 48 03
0x00007ff949d5c780:   c8 4d 85 c0 74 1c 48 2b c1 4a 8d 14 08 0f 1f 00
0x00007ff949d5c790:   48 8b 44 0a f8 48 89 01 48 8d 49 f8 49 83 e8 01
0x00007ff949d5c7a0:   75 ee c3 cc cc cc cc cc cc cc cc cc cc cc cc cc
0x00007ff949d5c7b0:   e9 bb 39 23 00 cc cc cc cc cc cc cc cc cc cc cc
0x00007ff949d5c7c0:   4c 8b ca 49 83 f8 08 77 53 48 8d 15 30 38 ff ff
0x00007ff949d5c7d0:   42 8b 84 82 30 c8 00 00 48 03 c2 ff e0 48 8b 41
0x00007ff949d5c7e0:   38 49 89 41 38 48 8b 41 30 49 89 41 30 48 8b 41
0x00007ff949d5c7f0:   28 49 89 41 28 48 8b 41 20 49 89 41 20 48 8b 41 


Stack slot to memory mapping:
stack at sp + 0 slots: 0x00007ff94a12fba3 jvm.dll
stack at sp + 1 slots: 0x0000021ff28060d0 is a thread
stack at sp + 2 slots: 0x0 is NULL
stack at sp + 3 slots: 0x00000000000b0000 is an unknown value
stack at sp + 4 slots: 0x00000000000003d8 is an unknown value
stack at sp + 5 slots: 0x0000021ff28060d0 is a thread
stack at sp + 6 slots: 0x0 is NULL
stack at sp + 7 slots: 0x0000021ff28060d0 is a thread


---------------  P R O C E S S  ---------------

Threads class SMR info:
_java_thread_list=0x0000021ff2b8ebf0, length=22, elements={
0x0000021fea6690f0, 0x0000021fea669db0, 0x0000021fea67e910, 0x0000021fea681320,
0x0000021fea681d20, 0x0000021fea682720, 0x0000021fea684910, 0x0000021fea68a910,
0x0000021fea68e890, 0x0000021feb0f9f70, 0x0000021feb0d1250, 0x0000021feb0ff4e0,
0x0000021feb137c00, 0x0000021feb3fc390, 0x0000021feb3fc8b0, 0x0000021feb1ea030,
0x0000021feb57ca20, 0x0000021feb580290, 0x0000021ff28060d0, 0x0000021ff27e2b30,
0x0000021fc74c2d70, 0x0000021ff27d3c30
}

Java Threads: ( => current thread )
  0x0000021fea6690f0 JavaThread "Reference Handler" daemon [_thread_blocked, id=21844, stack(0x000000ff26000000,0x000000ff26100000)]
  0x0000021fea669db0 JavaThread "Finalizer" daemon [_thread_blocked, id=2484, stack(0x000000ff26100000,0x000000ff26200000)]
  0x0000021fea67e910 JavaThread "Signal Dispatcher" daemon [_thread_blocked, id=31208, stack(0x000000ff26200000,0x000000ff26300000)]
  0x0000021fea681320 JavaThread "Attach Listener" daemon [_thread_blocked, id=30180, stack(0x000000ff26300000,0x000000ff26400000)]
  0x0000021fea681d20 JavaThread "Service Thread" daemon [_thread_blocked, id=8816, stack(0x000000ff26400000,0x000000ff26500000)]
  0x0000021fea682720 JavaThread "Monitor Deflation Thread" daemon [_thread_blocked, id=28212, stack(0x000000ff26500000,0x000000ff26600000)]
  0x0000021fea684910 JavaThread "C2 CompilerThread0" daemon [_thread_blocked, id=12148, stack(0x000000ff26600000,0x000000ff26700000)]
  0x0000021fea68a910 JavaThread "C1 CompilerThread0" daemon [_thread_blocked, id=26244, stack(0x000000ff26700000,0x000000ff26800000)]
  0x0000021fea68e890 JavaThread "Sweeper thread" daemon [_thread_blocked, id=11968, stack(0x000000ff26800000,0x000000ff26900000)]
  0x0000021feb0f9f70 JavaThread "Common-Cleaner" daemon [_thread_blocked, id=32456, stack(0x000000ff26900000,0x000000ff26a00000)]
  0x0000021feb0d1250 JavaThread "C1 CompilerThread1" daemon [_thread_blocked, id=28176, stack(0x000000ff26a00000,0x000000ff26b00000)]
  0x0000021feb0ff4e0 JavaThread "C1 CompilerThread2" daemon [_thread_blocked, id=11404, stack(0x000000ff26b00000,0x000000ff26c00000)]
  0x0000021feb137c00 JavaThread "C1 CompilerThread3" daemon [_thread_blocked, id=7764, stack(0x000000ff26c00000,0x000000ff26d00000)]
  0x0000021feb3fc390 JavaThread "Monitor Ctrl-Break" daemon [_thread_in_native, id=22668, stack(0x000000ff26f00000,0x000000ff27000000)]
  0x0000021feb3fc8b0 JavaThread "Notification Thread" daemon [_thread_blocked, id=32680, stack(0x000000ff27000000,0x000000ff27100000)]
  0x0000021feb1ea030 JavaThread "Java2D Disposer" daemon [_thread_blocked, id=29396, stack(0x000000ff26e00000,0x000000ff26f00000)]
  0x0000021feb57ca20 JavaThread "AWT-Shutdown" [_thread_blocked, id=29872, stack(0x000000ff27200000,0x000000ff27300000)]
  0x0000021feb580290 JavaThread "AWT-Windows" daemon [_thread_in_native, id=20452, stack(0x000000ff27300000,0x000000ff27400000)]
=>0x0000021ff28060d0 JavaThread "AWT-EventQueue-0" [_thread_in_vm, id=2768, stack(0x000000ff28040000,0x000000ff28140000)]
  0x0000021ff27e2b30 JavaThread "pool-1-thread-1" [_thread_blocked, id=11084, stack(0x000000ff28140000,0x000000ff28240000)]
  0x0000021fc74c2d70 JavaThread "DestroyJavaVM" [_thread_blocked, id=25948, stack(0x000000ff25900000,0x000000ff25a00000)]
  0x0000021ff27d3c30 JavaThread "D3D Screen Updater" daemon [_thread_blocked, id=23188, stack(0x000000ff28240000,0x000000ff28340000)]

Other Threads:
  0x0000021fea6645a0 VMThread "VM Thread" [stack: 0x000000ff25f00000,0x000000ff26000000] [id=12808]
  0x0000021feb3fecc0 WatcherThread [stack: 0x000000ff27100000,0x000000ff27200000] [id=15188]
  0x0000021fc7511620 GCTaskThread "GC Thread#0" [stack: 0x000000ff25a00000,0x000000ff25b00000] [id=28092]
  0x0000021feb853e40 GCTaskThread "GC Thread#1" [stack: 0x000000ff284d0000,0x000000ff285d0000] [id=27168]
  0x0000021feb852be0 GCTaskThread "GC Thread#2" [stack: 0x000000ff285d0000,0x000000ff286d0000] [id=16368]
  0x0000021ff2da7800 GCTaskThread "GC Thread#3" [stack: 0x000000ff286d0000,0x000000ff287d0000] [id=14748]
  0x0000021ff2daa900 GCTaskThread "GC Thread#4" [stack: 0x000000ff287d0000,0x000000ff288d0000] [id=30228]
  0x0000021ff2daa2e0 GCTaskThread "GC Thread#5" [stack: 0x000000ff288d0000,0x000000ff289d0000] [id=7752]
  0x0000021ff2daaf20 GCTaskThread "GC Thread#6" [stack: 0x000000ff289d0000,0x000000ff28ad0000] [id=22148]
  0x0000021ff2da96a0 GCTaskThread "GC Thread#7" [stack: 0x000000ff28ad0000,0x000000ff28bd0000] [id=5236]
  0x0000021ff2da7e20 GCTaskThread "GC Thread#8" [stack: 0x000000ff28bd0000,0x000000ff28cd0000] [id=22348]
  0x0000021ff2da8130 GCTaskThread "GC Thread#9" [stack: 0x000000ff28cd0000,0x000000ff28dd0000] [id=30036]
  0x0000021ff2da8a60 GCTaskThread "GC Thread#10" [stack: 0x000000ff29fd0000,0x000000ff2a0d0000] [id=28804]
  0x0000021fc7521d80 ConcurrentGCThread "G1 Main Marker" [stack: 0x000000ff25b00000,0x000000ff25c00000] [id=20356]
  0x0000021fc7522f90 ConcurrentGCThread "G1 Conc#0" [stack: 0x000000ff25c00000,0x000000ff25d00000] [id=20380]
  0x0000021fc758ce30 ConcurrentGCThread "G1 Refine#0" [stack: 0x000000ff25d00000,0x000000ff25e00000] [id=232]
  0x0000021fc758d8b0 ConcurrentGCThread "G1 Service" [stack: 0x000000ff25e00000,0x000000ff25f00000] [id=3712]

Threads with active compile tasks:

VM state: not at safepoint (normal execution)

VM Mutex/Monitor currently owned by a thread: None

Heap address: 0x000000070a200000, size: 3934 MB, Compressed Oops mode: Zero based, Oop shift amount: 3

CDS archive(s) mapped at: [0x0000000800000000-0x0000000800bb0000-0x0000000800bb0000), size 12255232, SharedBaseAddress: 0x0000000800000000, ArchiveRelocationMode: 0.
Compressed class space mapped at: 0x0000000800c00000-0x0000000840c00000, reserved size: 1073741824
Narrow klass base: 0x0000000800000000, Narrow klass shift: 3, Narrow klass range: 0x100000000

GC Precious Log:
 CPUs: 16 total, 16 available
 Memory: 15731M
 Large Page Support: Disabled
 NUMA Support: Disabled
 Compressed Oops: Enabled (Zero based)
 Heap Region Size: 2M
 Heap Min Capacity: 8M
 Heap Initial Capacity: 246M
 Heap Max Capacity: 3934M
 Pre-touch: Disabled
 Parallel Workers: 13
 Concurrent Workers: 3
 Concurrent Refinement Workers: 13
 Periodic GC: Disabled

Heap:
 garbage-first heap   total 251904K, used 49332K [0x000000070a200000, 0x0000000800000000)
  region size 2048K, 2 young (4096K), 1 survivors (2048K)
 Metaspace       used 9518K, committed 9728K, reserved 1064960K
  class space    used 934K, committed 1024K, reserved 1048576K

Heap Regions: E=young(eden), S=young(survivor), O=old, HS=humongous(starts), HC=humongous(continues), CS=collection set, F=free, OA=open archive, CA=closed archive, TAMS=top-at-mark-start (previous, next)
|   0|0x000000070a200000, 0x000000070a400000, 0x000000070a400000|100%|HS|  |TAMS 0x000000070a200000, 0x000000070a400000| Complete 
|   1|0x000000070a400000, 0x000000070a600000, 0x000000070a600000|100%|HC|  |TAMS 0x000000070a400000, 0x000000070a600000| Complete 
|   2|0x000000070a600000, 0x000000070a800000, 0x000000070a800000|100%|HS|  |TAMS 0x000000070a600000, 0x000000070a800000| Complete 
|   3|0x000000070a800000, 0x000000070aa00000, 0x000000070aa00000|100%|HC|  |TAMS 0x000000070a800000, 0x000000070aa00000| Complete 
|   4|0x000000070aa00000, 0x000000070ac00000, 0x000000070ac00000|100%|HS|  |TAMS 0x000000070aa00000, 0x000000070aa00000| Complete 
|   5|0x000000070ac00000, 0x000000070ae00000, 0x000000070ae00000|100%|HC|  |TAMS 0x000000070ac00000, 0x000000070ac00000| Complete 
|   6|0x000000070ae00000, 0x000000070b000000, 0x000000070b000000|100%|HC|  |TAMS 0x000000070ae00000, 0x000000070ae00000| Complete 
|   7|0x000000070b000000, 0x000000070b200000, 0x000000070b200000|100%|HS|  |TAMS 0x000000070b000000, 0x000000070b000000| Complete 
|   8|0x000000070b200000, 0x000000070b400000, 0x000000070b400000|100%|HC|  |TAMS 0x000000070b200000, 0x000000070b200000| Complete 
|   9|0x000000070b400000, 0x000000070b400000, 0x000000070b600000|  0%| F|  |TAMS 0x000000070b400000, 0x000000070b400000| Untracked 
|  10|0x000000070b600000, 0x000000070b600000, 0x000000070b800000|  0%| F|  |TAMS 0x000000070b600000, 0x000000070b600000| Untracked 
|  11|0x000000070b800000, 0x000000070b800000, 0x000000070ba00000|  0%| F|  |TAMS 0x000000070b800000, 0x000000070b800000| Untracked 
|  12|0x000000070ba00000, 0x000000070ba00000, 0x000000070bc00000|  0%| F|  |TAMS 0x000000070ba00000, 0x000000070ba00000| Untracked 
|  13|0x000000070bc00000, 0x000000070bc00000, 0x000000070be00000|  0%| F|  |TAMS 0x000000070bc00000, 0x000000070bc00000| Untracked 
|  14|0x000000070be00000, 0x000000070be00000, 0x000000070c000000|  0%| F|  |TAMS 0x000000070be00000, 0x000000070be00000| Untracked 
|  15|0x000000070c000000, 0x000000070c000000, 0x000000070c200000|  0%| F|  |TAMS 0x000000070c000000, 0x000000070c000000| Untracked 
|  16|0x000000070c200000, 0x000000070c200000, 0x000000070c400000|  0%| F|  |TAMS 0x000000070c200000, 0x000000070c200000| Untracked 
|  17|0x000000070c400000, 0x000000070c400000, 0x000000070c600000|  0%| F|  |TAMS 0x000000070c400000, 0x000000070c400000| Untracked 
|  18|0x000000070c600000, 0x000000070c600000, 0x000000070c800000|  0%| F|  |TAMS 0x000000070c600000, 0x000000070c600000| Untracked 
|  19|0x000000070c800000, 0x000000070c800000, 0x000000070ca00000|  0%| F|  |TAMS 0x000000070c800000, 0x000000070c800000| Untracked 
|  20|0x000000070ca00000, 0x000000070ca00000, 0x000000070cc00000|  0%| F|  |TAMS 0x000000070ca00000, 0x000000070ca00000| Untracked 
|  21|0x000000070cc00000, 0x000000070cc00000, 0x000000070ce00000|  0%| F|  |TAMS 0x000000070cc00000, 0x000000070cc00000| Untracked 
|  22|0x000000070ce00000, 0x000000070ce00000, 0x000000070d000000|  0%| F|  |TAMS 0x000000070ce00000, 0x000000070ce00000| Untracked 
|  23|0x000000070d000000, 0x000000070d000000, 0x000000070d200000|  0%| F|  |TAMS 0x000000070d000000, 0x000000070d000000| Untracked 
|  24|0x000000070d200000, 0x000000070d200000, 0x000000070d400000|  0%| F|  |TAMS 0x000000070d200000, 0x000000070d200000| Untracked 
|  25|0x000000070d400000, 0x000000070d400000, 0x000000070d600000|  0%| F|  |TAMS 0x000000070d400000, 0x000000070d400000| Untracked 
|  26|0x000000070d600000, 0x000000070d600000, 0x000000070d800000|  0%| F|  |TAMS 0x000000070d600000, 0x000000070d600000| Untracked 
|  27|0x000000070d800000, 0x000000070d800000, 0x000000070da00000|  0%| F|  |TAMS 0x000000070d800000, 0x000000070d800000| Untracked 
|  28|0x000000070da00000, 0x000000070da00000, 0x000000070dc00000|  0%| F|  |TAMS 0x000000070da00000, 0x000000070da00000| Untracked 
|  29|0x000000070dc00000, 0x000000070dc00000, 0x000000070de00000|  0%| F|  |TAMS 0x000000070dc00000, 0x000000070dc00000| Untracked 
|  30|0x000000070de00000, 0x000000070de00000, 0x000000070e000000|  0%| F|  |TAMS 0x000000070de00000, 0x000000070de00000| Untracked 
|  31|0x000000070e000000, 0x000000070e000000, 0x000000070e200000|  0%| F|  |TAMS 0x000000070e000000, 0x000000070e000000| Untracked 
|  32|0x000000070e200000, 0x000000070e200000, 0x000000070e400000|  0%| F|  |TAMS 0x000000070e200000, 0x000000070e200000| Untracked 
|  33|0x000000070e400000, 0x000000070e400000, 0x000000070e600000|  0%| F|  |TAMS 0x000000070e400000, 0x000000070e400000| Untracked 
|  34|0x000000070e600000, 0x000000070e600000, 0x000000070e800000|  0%| F|  |TAMS 0x000000070e600000, 0x000000070e600000| Untracked 
|  35|0x000000070e800000, 0x000000070e800000, 0x000000070ea00000|  0%| F|  |TAMS 0x000000070e800000, 0x000000070e800000| Untracked 
|  36|0x000000070ea00000, 0x000000070ea00000, 0x000000070ec00000|  0%| F|  |TAMS 0x000000070ea00000, 0x000000070ea00000| Untracked 
|  37|0x000000070ec00000, 0x000000070ec00000, 0x000000070ee00000|  0%| F|  |TAMS 0x000000070ec00000, 0x000000070ec00000| Untracked 
|  38|0x000000070ee00000, 0x000000070ee00000, 0x000000070f000000|  0%| F|  |TAMS 0x000000070ee00000, 0x000000070ee00000| Untracked 
|  39|0x000000070f000000, 0x000000070f000000, 0x000000070f200000|  0%| F|  |TAMS 0x000000070f000000, 0x000000070f000000| Untracked 
|  40|0x000000070f200000, 0x000000070f400000, 0x000000070f400000|100%|HS|  |TAMS 0x000000070f200000, 0x000000070f400000| Complete 
|  41|0x000000070f400000, 0x000000070f600000, 0x000000070f600000|100%|HC|  |TAMS 0x000000070f400000, 0x000000070f600000| Complete 
|  42|0x000000070f600000, 0x000000070f800000, 0x000000070f800000|100%|HC|  |TAMS 0x000000070f600000, 0x000000070f800000| Complete 
|  43|0x000000070f800000, 0x000000070fa00000, 0x000000070fa00000|100%| O|  |TAMS 0x000000070f800000, 0x000000070fa00000| Untracked 
|  44|0x000000070fa00000, 0x000000070fc00000, 0x000000070fc00000|100%|HS|  |TAMS 0x000000070fa00000, 0x000000070fc00000| Complete 
|  45|0x000000070fc00000, 0x000000070fe00000, 0x000000070fe00000|100%|HS|  |TAMS 0x000000070fc00000, 0x000000070fe00000| Complete 
|  46|0x000000070fe00000, 0x0000000710000000, 0x0000000710000000|100%|HC|  |TAMS 0x000000070fe00000, 0x0000000710000000| Complete 
|  47|0x0000000710000000, 0x0000000710200000, 0x0000000710200000|100%|HS|  |TAMS 0x0000000710000000, 0x0000000710200000| Complete 
|  48|0x0000000710200000, 0x0000000710400000, 0x0000000710400000|100%|HC|  |TAMS 0x0000000710200000, 0x0000000710400000| Complete 
|  49|0x0000000710400000, 0x0000000710600000, 0x0000000710600000|100%|HC|  |TAMS 0x0000000710400000, 0x0000000710600000| Complete 
|  50|0x0000000710600000, 0x0000000710800000, 0x0000000710800000|100%|HS|  |TAMS 0x0000000710600000, 0x0000000710800000| Complete 
|  51|0x0000000710800000, 0x0000000710a00000, 0x0000000710a00000|100%|HC|  |TAMS 0x0000000710800000, 0x0000000710a00000| Complete 
|  52|0x0000000710a00000, 0x0000000710c00000, 0x0000000710c00000|100%|HC|  |TAMS 0x0000000710a00000, 0x0000000710c00000| Complete 
|  53|0x0000000710c00000, 0x0000000710c00000, 0x0000000710e00000|  0%| F|  |TAMS 0x0000000710c00000, 0x0000000710c00000| Untracked 
|  54|0x0000000710e00000, 0x0000000710e00000, 0x0000000711000000|  0%| F|  |TAMS 0x0000000710e00000, 0x0000000710e00000| Untracked 
|  55|0x0000000711000000, 0x0000000711000000, 0x0000000711200000|  0%| F|  |TAMS 0x0000000711000000, 0x0000000711000000| Untracked 
|  56|0x0000000711200000, 0x0000000711400000, 0x0000000711400000|100%| O|  |TAMS 0x0000000711200000, 0x0000000711400000| Untracked 
|  57|0x0000000711400000, 0x000000071145ea00, 0x0000000711600000| 18%| O|  |TAMS 0x0000000711400000, 0x000000071145ea00| Untracked 
|  58|0x0000000711600000, 0x0000000711600000, 0x0000000711800000|  0%| F|  |TAMS 0x0000000711600000, 0x0000000711600000| Untracked 
|  59|0x0000000711800000, 0x0000000711800000, 0x0000000711a00000|  0%| F|  |TAMS 0x0000000711800000, 0x0000000711800000| Untracked 
|  60|0x0000000711a00000, 0x0000000711a00000, 0x0000000711c00000|  0%| F|  |TAMS 0x0000000711a00000, 0x0000000711a00000| Untracked 
|  61|0x0000000711c00000, 0x0000000711c00000, 0x0000000711e00000|  0%| F|  |TAMS 0x0000000711c00000, 0x0000000711c00000| Untracked 
|  62|0x0000000711e00000, 0x0000000711e00000, 0x0000000712000000|  0%| F|  |TAMS 0x0000000711e00000, 0x0000000711e00000| Untracked 
|  63|0x0000000712000000, 0x0000000712000000, 0x0000000712200000|  0%| F|  |TAMS 0x0000000712000000, 0x0000000712000000| Untracked 
|  64|0x0000000712200000, 0x0000000712200000, 0x0000000712400000|  0%| F|  |TAMS 0x0000000712200000, 0x0000000712200000| Untracked 
|  65|0x0000000712400000, 0x0000000712400000, 0x0000000712600000|  0%| F|  |TAMS 0x0000000712400000, 0x0000000712400000| Untracked 
|  66|0x0000000712600000, 0x0000000712600000, 0x0000000712800000|  0%| F|  |TAMS 0x0000000712600000, 0x0000000712600000| Untracked 
|  67|0x0000000712800000, 0x0000000712800000, 0x0000000712a00000|  0%| F|  |TAMS 0x0000000712800000, 0x0000000712800000| Untracked 
|  68|0x0000000712a00000, 0x0000000712a00000, 0x0000000712c00000|  0%| F|  |TAMS 0x0000000712a00000, 0x0000000712a00000| Untracked 
|  69|0x0000000712c00000, 0x0000000712c00000, 0x0000000712e00000|  0%| F|  |TAMS 0x0000000712c00000, 0x0000000712c00000| Untracked 
|  70|0x0000000712e00000, 0x0000000712e00000, 0x0000000713000000|  0%| F|  |TAMS 0x0000000712e00000, 0x0000000712e00000| Untracked 
|  71|0x0000000713000000, 0x0000000713000000, 0x0000000713200000|  0%| F|  |TAMS 0x0000000713000000, 0x0000000713000000| Untracked 
|  72|0x0000000713200000, 0x0000000713200000, 0x0000000713400000|  0%| F|  |TAMS 0x0000000713200000, 0x0000000713200000| Untracked 
|  73|0x0000000713400000, 0x0000000713400000, 0x0000000713600000|  0%| F|  |TAMS 0x0000000713400000, 0x0000000713400000| Untracked 
|  74|0x0000000713600000, 0x0000000713600000, 0x0000000713800000|  0%| F|  |TAMS 0x0000000713600000, 0x0000000713600000| Untracked 
|  75|0x0000000713800000, 0x0000000713800000, 0x0000000713a00000|  0%| F|  |TAMS 0x0000000713800000, 0x0000000713800000| Untracked 
|  76|0x0000000713a00000, 0x0000000713a00000, 0x0000000713c00000|  0%| F|  |TAMS 0x0000000713a00000, 0x0000000713a00000| Untracked 
|  77|0x0000000713c00000, 0x0000000713c00000, 0x0000000713e00000|  0%| F|  |TAMS 0x0000000713c00000, 0x0000000713c00000| Untracked 
|  78|0x0000000713e00000, 0x0000000713e00000, 0x0000000714000000|  0%| F|  |TAMS 0x0000000713e00000, 0x0000000713e00000| Untracked 
|  79|0x0000000714000000, 0x0000000714000000, 0x0000000714200000|  0%| F|  |TAMS 0x0000000714000000, 0x0000000714000000| Untracked 
|  80|0x0000000714200000, 0x0000000714200000, 0x0000000714400000|  0%| F|  |TAMS 0x0000000714200000, 0x0000000714200000| Untracked 
|  81|0x0000000714400000, 0x0000000714400000, 0x0000000714600000|  0%| F|  |TAMS 0x0000000714400000, 0x0000000714400000| Untracked 
|  82|0x0000000714600000, 0x0000000714600000, 0x0000000714800000|  0%| F|  |TAMS 0x0000000714600000, 0x0000000714600000| Untracked 
|  83|0x0000000714800000, 0x0000000714800000, 0x0000000714a00000|  0%| F|  |TAMS 0x0000000714800000, 0x0000000714800000| Untracked 
|  84|0x0000000714a00000, 0x0000000714a00000, 0x0000000714c00000|  0%| F|  |TAMS 0x0000000714a00000, 0x0000000714a00000| Untracked 
|  85|0x0000000714c00000, 0x0000000714c00000, 0x0000000714e00000|  0%| F|  |TAMS 0x0000000714c00000, 0x0000000714c00000| Untracked 
|  86|0x0000000714e00000, 0x0000000714e00000, 0x0000000715000000|  0%| F|  |TAMS 0x0000000714e00000, 0x0000000714e00000| Untracked 
|  87|0x0000000715000000, 0x0000000715000000, 0x0000000715200000|  0%| F|  |TAMS 0x0000000715000000, 0x0000000715000000| Untracked 
|  88|0x0000000715200000, 0x0000000715200000, 0x0000000715400000|  0%| F|  |TAMS 0x0000000715200000, 0x0000000715200000| Untracked 
|  89|0x0000000715400000, 0x0000000715400000, 0x0000000715600000|  0%| F|  |TAMS 0x0000000715400000, 0x0000000715400000| Untracked 
|  90|0x0000000715600000, 0x0000000715600000, 0x0000000715800000|  0%| F|  |TAMS 0x0000000715600000, 0x0000000715600000| Untracked 
|  91|0x0000000715800000, 0x0000000715800000, 0x0000000715a00000|  0%| F|  |TAMS 0x0000000715800000, 0x0000000715800000| Untracked 
|  92|0x0000000715a00000, 0x0000000715a00000, 0x0000000715c00000|  0%| F|  |TAMS 0x0000000715a00000, 0x0000000715a00000| Untracked 
|  93|0x0000000715c00000, 0x0000000715c00000, 0x0000000715e00000|  0%| F|  |TAMS 0x0000000715c00000, 0x0000000715c00000| Untracked 
|  94|0x0000000715e00000, 0x0000000715e00000, 0x0000000716000000|  0%| F|  |TAMS 0x0000000715e00000, 0x0000000715e00000| Untracked 
|  95|0x0000000716000000, 0x0000000716000000, 0x0000000716200000|  0%| F|  |TAMS 0x0000000716000000, 0x0000000716000000| Untracked 
|  96|0x0000000716200000, 0x0000000716200000, 0x0000000716400000|  0%| F|  |TAMS 0x0000000716200000, 0x0000000716200000| Untracked 
|  97|0x0000000716400000, 0x0000000716400000, 0x0000000716600000|  0%| F|  |TAMS 0x0000000716400000, 0x0000000716400000| Untracked 
|  98|0x0000000716600000, 0x0000000716600000, 0x0000000716800000|  0%| F|  |TAMS 0x0000000716600000, 0x0000000716600000| Untracked 
|  99|0x0000000716800000, 0x0000000716800000, 0x0000000716a00000|  0%| F|  |TAMS 0x0000000716800000, 0x0000000716800000| Untracked 
| 100|0x0000000716a00000, 0x0000000716a00000, 0x0000000716c00000|  0%| F|  |TAMS 0x0000000716a00000, 0x0000000716a00000| Untracked 
| 101|0x0000000716c00000, 0x0000000716c00000, 0x0000000716e00000|  0%| F|  |TAMS 0x0000000716c00000, 0x0000000716c00000| Untracked 
| 102|0x0000000716e00000, 0x0000000716e00000, 0x0000000717000000|  0%| F|  |TAMS 0x0000000716e00000, 0x0000000716e00000| Untracked 
| 103|0x0000000717000000, 0x0000000717000000, 0x0000000717200000|  0%| F|  |TAMS 0x0000000717000000, 0x0000000717000000| Untracked 
| 104|0x0000000717200000, 0x0000000717200000, 0x0000000717400000|  0%| F|  |TAMS 0x0000000717200000, 0x0000000717200000| Untracked 
| 105|0x0000000717400000, 0x0000000717400000, 0x0000000717600000|  0%| F|  |TAMS 0x0000000717400000, 0x0000000717400000| Untracked 
| 106|0x0000000717600000, 0x0000000717600000, 0x0000000717800000|  0%| F|  |TAMS 0x0000000717600000, 0x0000000717600000| Untracked 
| 107|0x0000000717800000, 0x0000000717800000, 0x0000000717a00000|  0%| F|  |TAMS 0x0000000717800000, 0x0000000717800000| Untracked 
| 108|0x0000000717a00000, 0x0000000717a00000, 0x0000000717c00000|  0%| F|  |TAMS 0x0000000717a00000, 0x0000000717a00000| Untracked 
| 109|0x0000000717c00000, 0x0000000717c00000, 0x0000000717e00000|  0%| F|  |TAMS 0x0000000717c00000, 0x0000000717c00000| Untracked 
| 110|0x0000000717e00000, 0x0000000717e00000, 0x0000000718000000|  0%| F|  |TAMS 0x0000000717e00000, 0x0000000717e00000| Untracked 
| 111|0x0000000718000000, 0x0000000718000000, 0x0000000718200000|  0%| F|  |TAMS 0x0000000718000000, 0x0000000718000000| Untracked 
| 112|0x0000000718200000, 0x0000000718200000, 0x0000000718400000|  0%| F|  |TAMS 0x0000000718200000, 0x0000000718200000| Untracked 
| 113|0x0000000718400000, 0x0000000718400000, 0x0000000718600000|  0%| F|  |TAMS 0x0000000718400000, 0x0000000718400000| Untracked 
| 114|0x0000000718600000, 0x0000000718600000, 0x0000000718800000|  0%| F|  |TAMS 0x0000000718600000, 0x0000000718600000| Untracked 
| 115|0x0000000718800000, 0x0000000718800000, 0x0000000718a00000|  0%| F|  |TAMS 0x0000000718800000, 0x0000000718800000| Untracked 
| 116|0x0000000718a00000, 0x0000000718a00000, 0x0000000718c00000|  0%| F|  |TAMS 0x0000000718a00000, 0x0000000718a00000| Untracked 
| 117|0x0000000718c00000, 0x0000000718c00000, 0x0000000718e00000|  0%| F|  |TAMS 0x0000000718c00000, 0x0000000718c00000| Untracked 
| 118|0x0000000718e00000, 0x0000000718e00000, 0x0000000719000000|  0%| F|  |TAMS 0x0000000718e00000, 0x0000000718e00000| Untracked 
| 119|0x0000000719000000, 0x0000000719000000, 0x0000000719200000|  0%| F|  |TAMS 0x0000000719000000, 0x0000000719000000| Untracked 
| 120|0x0000000719200000, 0x00000007193ce900, 0x0000000719400000| 90%| S|CS|TAMS 0x0000000719200000, 0x0000000719200000| Complete 
| 121|0x0000000719400000, 0x0000000719400000, 0x0000000719600000|  0%| F|  |TAMS 0x0000000719400000, 0x0000000719400000| Untracked 
| 122|0x0000000719600000, 0x0000000719800000, 0x0000000719800000|100%| E|  |TAMS 0x0000000719600000, 0x0000000719600000| Complete 

Card table byte_map: [0x0000021fdec60000,0x0000021fdf410000] _byte_map_base: 0x0000021fdb40f000

Marking Bits (Prev, Next): (CMBitMap*) 0x0000021fc7511c90, (CMBitMap*) 0x0000021fc7511cd0
 Prev Bits: [0x0000021fdfbc0000, 0x0000021fe3938000)
 Next Bits: [0x0000021fe3940000, 0x0000021fe76b8000)

Polling page: 0x0000021fc53f0000

Metaspace:

Usage:
  Non-class:      8.38 MB used.
      Class:    934.94 KB used.
       Both:      9.30 MB used.

Virtual space:
  Non-class space:       16.00 MB reserved,       8.50 MB ( 53%) committed,  2 nodes.
      Class space:        1.00 GB reserved,       1.00 MB ( <1%) committed,  1 nodes.
              Both:        1.02 GB reserved,       9.50 MB ( <1%) committed. 

Chunk freelists:
   Non-Class:  2.98 MB
       Class:  3.02 MB
        Both:  6.00 MB

MaxMetaspaceSize: 17179869184.00 GB
CompressedClassSpaceSize: 1.00 GB
 - commit_granule_bytes: 65536.
 - commit_granule_words: 8192.
 - virtual_space_node_default_size: 1048576.
 - enlarge_chunks_in_place: 1.
 - new_chunks_are_fully_committed: 0.
 - uncommit_free_chunks: 1.
 - use_allocation_guard: 0.
 - handle_deallocations: 1.


Internal statistics:

num_allocs_failed_limit: 0.
num_arena_births: 122.
num_arena_deaths: 0.
num_vsnodes_births: 3.
num_vsnodes_deaths: 0.
num_space_committed: 152.
num_space_uncommitted: 0.
num_chunks_returned_to_freelist: 0.
num_chunks_taken_from_freelist: 174.
num_chunk_merges: 0.
num_chunk_splits: 104.
num_chunks_enlarged: 54.
num_purges: 0.

CodeHeap 'non-profiled nmethods': size=119168Kb used=788Kb max_used=788Kb free=118379Kb
 bounds [0x0000021fd67d0000, 0x0000021fd6a40000, 0x0000021fddc30000]
CodeHeap 'profiled nmethods': size=119104Kb used=3201Kb max_used=3201Kb free=115903Kb
 bounds [0x0000021fcf380000, 0x0000021fcf6b0000, 0x0000021fd67d0000]
CodeHeap 'non-nmethods': size=7488Kb used=2994Kb max_used=3055Kb free=4493Kb
 bounds [0x0000021fcec30000, 0x0000021fcef40000, 0x0000021fcf380000]
 total_blobs=2535 nmethods=1898 adapters=547
 compilation: enabled
              stopped_count=0, restarted_count=0
 full_count=0

Compilation events (20 events):
Event: 5.040 Thread 0x0000021fea68a910 1892       3       java.security.ProtectionDomain$JavaSecurityAccessImpl::doIntersectionPrivilege (22 bytes)
Event: 5.040 Thread 0x0000021feb0d1250 1893       3       java.security.ProtectionDomain$JavaSecurityAccessImpl::getCombinedACC (30 bytes)
Event: 5.040 Thread 0x0000021feb137c00 1894       3       java.security.AccessControlContext::<init> (63 bytes)
Event: 5.040 Thread 0x0000021feb0ff4e0 1895       3       java.security.AccessControlContext::<init> (30 bytes)
Event: 5.040 Thread 0x0000021feb0ff4e0 nmethod 1895 0x0000021fcf69c590 code [0x0000021fcf69c740, 0x0000021fcf69c9b8]
Event: 5.040 Thread 0x0000021feb0d1250 nmethod 1893 0x0000021fcf69ca90 code [0x0000021fcf69cc60, 0x0000021fcf69d078]
Event: 5.040 Thread 0x0000021feb137c00 nmethod 1894 0x0000021fcf69d210 code [0x0000021fcf69d3e0, 0x0000021fcf69d8e8]
Event: 5.040 Thread 0x0000021fea68a910 nmethod 1892 0x0000021fcf69da90 code [0x0000021fcf69dcc0, 0x0000021fcf69e258]
Event: 5.048 Thread 0x0000021feb137c00 1897       3       java.util.concurrent.ScheduledThreadPoolExecutor::canRunInCurrentRunState (61 bytes)
Event: 5.048 Thread 0x0000021feb0d1250 1896       3       java.util.concurrent.ThreadPoolExecutor::isShutdown (12 bytes)
Event: 5.048 Thread 0x0000021feb0d1250 nmethod 1896 0x0000021fcf69e490 code [0x0000021fcf69e640, 0x0000021fcf69e838]
Event: 5.050 Thread 0x0000021feb137c00 nmethod 1897 0x0000021fcf69e910 code [0x0000021fcf69eb20, 0x0000021fcf69f348]
Event: 5.108 Thread 0x0000021fea68a910 1898       3       java.awt.geom.AffineTransform::getScaleInstance (19 bytes)
Event: 5.109 Thread 0x0000021feb137c00 1899       3       java.awt.geom.AffineTransform::setToScale (66 bytes)
Event: 5.109 Thread 0x0000021fea684910 1900       4       java.lang.StrictMath::floorOrCeil (128 bytes)
Event: 5.109 Thread 0x0000021feb0ff4e0 1901       3       sun.java2d.pipe.Region::getInstanceXYXY (12 bytes)
Event: 5.109 Thread 0x0000021feb137c00 nmethod 1899 0x0000021fcf69f590 code [0x0000021fcf69f760, 0x0000021fcf69f9d8]
Event: 5.109 Thread 0x0000021fea68a910 nmethod 1898 0x0000021fcf69fa90 code [0x0000021fcf69fc40, 0x0000021fcf69fe38]
Event: 5.110 Thread 0x0000021feb0ff4e0 nmethod 1901 0x0000021fcf69ff10 code [0x0000021fcf6a00c0, 0x0000021fcf6a02f8]
Event: 5.110 Thread 0x0000021fea684910 nmethod 1900 0x0000021fd6894e90 code [0x0000021fd6895040, 0x0000021fd6895138]

GC Heap History (16 events):
Event: 2.088 GC heap before
{Heap before GC invocations=0 (full 0):
 garbage-first heap   total 251904K, used 110592K [0x000000070a200000, 0x0000000800000000)
  region size 2048K, 11 young (22528K), 0 survivors (0K)
 Metaspace       used 7905K, committed 8064K, reserved 1056768K
  class space    used 812K, committed 896K, reserved 1048576K
}
Event: 2.093 GC heap after
{Heap after GC invocations=1 (full 0):
 garbage-first heap   total 251904K, used 92574K [0x000000070a200000, 0x0000000800000000)
  region size 2048K, 2 young (4096K), 2 survivors (4096K)
 Metaspace       used 7905K, committed 8064K, reserved 1056768K
  class space    used 812K, committed 896K, reserved 1048576K
}
Event: 2.548 GC heap before
{Heap before GC invocations=1 (full 0):
 garbage-first heap   total 251904K, used 133534K [0x000000070a200000, 0x0000000800000000)
  region size 2048K, 11 young (22528K), 2 survivors (4096K)
 Metaspace       used 9263K, committed 9472K, reserved 1064960K
  class space    used 930K, committed 1024K, reserved 1048576K
}
Event: 2.551 GC heap after
{Heap after GC invocations=2 (full 0):
 garbage-first heap   total 251904K, used 38723K [0x000000070a200000, 0x0000000800000000)
  region size 2048K, 1 young (2048K), 1 survivors (2048K)
 Metaspace       used 9263K, committed 9472K, reserved 1064960K
  class space    used 930K, committed 1024K, reserved 1048576K
}
Event: 3.200 GC heap before
{Heap before GC invocations=2 (full 0):
 garbage-first heap   total 251904K, used 114499K [0x000000070a200000, 0x0000000800000000)
  region size 2048K, 3 young (6144K), 1 survivors (2048K)
 Metaspace       used 9326K, committed 9536K, reserved 1064960K
  class space    used 930K, committed 1024K, reserved 1048576K
}
Event: 3.201 GC heap after
{Heap after GC invocations=3 (full 0):
 garbage-first heap   total 251904K, used 93729K [0x000000070a200000, 0x0000000800000000)
  region size 2048K, 1 young (2048K), 1 survivors (2048K)
 Metaspace       used 9326K, committed 9536K, reserved 1064960K
  class space    used 930K, committed 1024K, reserved 1048576K
}
Event: 3.362 GC heap before
{Heap before GC invocations=3 (full 0):
 garbage-first heap   total 251904K, used 114209K [0x000000070a200000, 0x0000000800000000)
  region size 2048K, 3 young (6144K), 1 survivors (2048K)
 Metaspace       used 9335K, committed 9536K, reserved 1064960K
  class space    used 930K, committed 1024K, reserved 1048576K
}
Event: 3.363 GC heap after
{Heap after GC invocations=4 (full 0):
 garbage-first heap   total 251904K, used 38374K [0x000000070a200000, 0x0000000800000000)
  region size 2048K, 1 young (2048K), 1 survivors (2048K)
 Metaspace       used 9335K, committed 9536K, reserved 1064960K
  class space    used 930K, committed 1024K, reserved 1048576K
}
Event: 4.049 GC heap before
{Heap before GC invocations=4 (full 0):
 garbage-first heap   total 251904K, used 116198K [0x000000070a200000, 0x0000000800000000)
  region size 2048K, 4 young (8192K), 1 survivors (2048K)
 Metaspace       used 9465K, committed 9664K, reserved 1064960K
  class space    used 934K, committed 1024K, reserved 1048576K
}
Event: 4.051 GC heap after
{Heap after GC invocations=5 (full 0):
 garbage-first heap   total 251904K, used 94409K [0x000000070a200000, 0x0000000800000000)
  region size 2048K, 1 young (2048K), 1 survivors (2048K)
 Metaspace       used 9465K, committed 9664K, reserved 1064960K
  class space    used 934K, committed 1024K, reserved 1048576K
}
Event: 4.211 GC heap before
{Heap before GC invocations=5 (full 0):
 garbage-first heap   total 251904K, used 112841K [0x000000070a200000, 0x0000000800000000)
  region size 2048K, 2 young (4096K), 1 survivors (2048K)
 Metaspace       used 9469K, committed 9664K, reserved 1064960K
  class space    used 934K, committed 1024K, reserved 1048576K
}
Event: 4.213 GC heap after
{Heap after GC invocations=6 (full 0):
 garbage-first heap   total 251904K, used 39100K [0x000000070a200000, 0x0000000800000000)
  region size 2048K, 1 young (2048K), 1 survivors (2048K)
 Metaspace       used 9469K, committed 9664K, reserved 1064960K
  class space    used 934K, committed 1024K, reserved 1048576K
}
Event: 4.871 GC heap before
{Heap before GC invocations=6 (full 0):
 garbage-first heap   total 251904K, used 114876K [0x000000070a200000, 0x0000000800000000)
  region size 2048K, 3 young (6144K), 1 survivors (2048K)
 Metaspace       used 9505K, committed 9728K, reserved 1064960K
  class space    used 934K, committed 1024K, reserved 1048576K
}
Event: 4.872 GC heap after
{Heap after GC invocations=7 (full 0):
 garbage-first heap   total 251904K, used 94407K [0x000000070a200000, 0x0000000800000000)
  region size 2048K, 1 young (2048K), 1 survivors (2048K)
 Metaspace       used 9505K, committed 9728K, reserved 1064960K
  class space    used 934K, committed 1024K, reserved 1048576K
}
Event: 5.048 GC heap before
{Heap before GC invocations=7 (full 0):
 garbage-first heap   total 251904K, used 114887K [0x000000070a200000, 0x0000000800000000)
  region size 2048K, 3 young (6144K), 1 survivors (2048K)
 Metaspace       used 9517K, committed 9728K, reserved 1064960K
  class space    used 934K, committed 1024K, reserved 1048576K
}
Event: 5.050 GC heap after
{Heap after GC invocations=8 (full 0):
 garbage-first heap   total 251904K, used 39092K [0x000000070a200000, 0x0000000800000000)
  region size 2048K, 1 young (2048K), 1 survivors (2048K)
 Metaspace       used 9517K, committed 9728K, reserved 1064960K
  class space    used 934K, committed 1024K, reserved 1048576K
}

Deoptimization events (20 events):
Event: 2.099 Thread 0x0000021ff28060d0 Uncommon trap: trap_request=0xffffff45 fr.pc=0x0000021fd682fd14 relative=0x00000000000003d4
Event: 2.099 Thread 0x0000021ff28060d0 Uncommon trap: reason=unstable_if action=reinterpret pc=0x0000021fd682fd14 method=java.lang.Character.isSurrogate(C)Z @ 3 c2
Event: 2.099 Thread 0x0000021ff28060d0 DEOPT PACKING pc=0x0000021fd682fd14 sp=0x000000ff2813d940
Event: 2.099 Thread 0x0000021ff28060d0 DEOPT UNPACKING pc=0x0000021fcec7d72e sp=0x000000ff2813d858 mode 2
Event: 2.099 Thread 0x0000021ff28060d0 Uncommon trap: trap_request=0xffffff45 fr.pc=0x0000021fd681eeb8 relative=0x0000000000000038
Event: 2.099 Thread 0x0000021ff28060d0 Uncommon trap: reason=unstable_if action=reinterpret pc=0x0000021fd681eeb8 method=java.lang.Character.isSurrogate(C)Z @ 3 c2
Event: 2.099 Thread 0x0000021ff28060d0 DEOPT PACKING pc=0x0000021fd681eeb8 sp=0x000000ff2813d8b0
Event: 2.099 Thread 0x0000021ff28060d0 DEOPT UNPACKING pc=0x0000021fcec7d72e sp=0x000000ff2813d848 mode 2
Event: 2.139 Thread 0x0000021ff28060d0 DEOPT PACKING pc=0x0000021fcf5588c0 sp=0x000000ff2813d9b0
Event: 2.139 Thread 0x0000021ff28060d0 DEOPT UNPACKING pc=0x0000021fcec7dece sp=0x000000ff2813cde8 mode 0
Event: 2.168 Thread 0x0000021ff28060d0 Uncommon trap: trap_request=0xffffff45 fr.pc=0x0000021fd6836cb0 relative=0x0000000000000290
Event: 2.168 Thread 0x0000021ff28060d0 Uncommon trap: reason=unstable_if action=reinterpret pc=0x0000021fd6836cb0 method=java.util.HashMap.keysToArray([Ljava/lang/Object;)[Ljava/lang/Object; @ 9 c2
Event: 2.168 Thread 0x0000021ff28060d0 DEOPT PACKING pc=0x0000021fd6836cb0 sp=0x000000ff2813ddb0
Event: 2.168 Thread 0x0000021ff28060d0 DEOPT UNPACKING pc=0x0000021fcec7d72e sp=0x000000ff2813dd58 mode 2
Event: 2.325 Thread 0x0000021ff28060d0 DEOPT PACKING pc=0x0000021fcf5f9370 sp=0x000000ff2813da90
Event: 2.325 Thread 0x0000021ff28060d0 DEOPT UNPACKING pc=0x0000021fcec7dece sp=0x000000ff2813cf68 mode 0
Event: 2.346 Thread 0x0000021ff28060d0 Uncommon trap: trap_request=0xffffff76 fr.pc=0x0000021fd6823e5c relative=0x000000000000023c
Event: 2.346 Thread 0x0000021ff28060d0 Uncommon trap: reason=predicate action=maybe_recompile pc=0x0000021fd6823e5c method=java.util.ArrayList.indexOfRange(Ljava/lang/Object;II)I @ 45 c2
Event: 2.346 Thread 0x0000021ff28060d0 DEOPT PACKING pc=0x0000021fd6823e5c sp=0x000000ff2813e320
Event: 2.346 Thread 0x0000021ff28060d0 DEOPT UNPACKING pc=0x0000021fcec7d72e sp=0x000000ff2813e298 mode 2

Classes unloaded (0 events):
No events

Classes redefined (0 events):
No events

Internal exceptions (20 events):
Event: 0.265 Thread 0x0000021feb3fc390 Exception <a 'java/lang/NoSuchMethodError'{0x000000071900d548}: 'void java.lang.invoke.DirectMethodHandle$Holder.invokeStatic(java.lang.Object, java.lang.Object)'> (0x000000071900d548) 
thrown [t:\workspace\open\src\hotspot\share\interpreter\linkResolver.cpp, line 790]
Event: 0.273 Thread 0x0000021fc74c2d70 Exception <a 'java/lang/ClassNotFoundException'{0x00000007193bb700}: sun/awt/resources/spi/awtProvider> (0x00000007193bb700) 
thrown [t:\workspace\open\src\hotspot\share\classfile\systemDictionary.cpp, line 256]
Event: 0.303 Thread 0x0000021fc74c2d70 Exception <a 'java/io/FileNotFoundException'{0x000000071908f098}> (0x000000071908f098) 
thrown [t:\workspace\open\src\hotspot\share\prims\jni.cpp, line 579]
Event: 0.320 Thread 0x0000021fc74c2d70 Exception <a 'java/io/FileNotFoundException'{0x00000007190bdb60}> (0x00000007190bdb60) 
thrown [t:\workspace\open\src\hotspot\share\prims\jni.cpp, line 579]
Event: 0.613 Thread 0x0000021fc74c2d70 Exception <a 'java/lang/NoSuchMethodError'{0x00000007191dbe98}: 'java.lang.Object java.lang.invoke.DirectMethodHandle$Holder.newInvokeSpecial(java.lang.Object, java.lang.Object, java.lang.Object, java.lang.Object, java.lang.Object)'> (0x00000007191dbe98) 
thrown [t:\workspace\open\src\hotspot\share\interpreter\linkResolver.cpp, line 790]
Event: 0.615 Thread 0x0000021fc74c2d70 Exception <a 'java/lang/NoSuchMethodError'{0x00000007191e7a08}: 'java.lang.Object java.lang.invoke.DirectMethodHandle$Holder.invokeStatic(java.lang.Object, int, java.lang.Object, java.lang.Object, java.lang.Object, java.lang.Object)'> (0x00000007191e7a08) 
thrown [t:\workspace\open\src\hotspot\share\interpreter\linkResolver.cpp, line 790]
Event: 0.623 Thread 0x0000021fc74c2d70 Exception <a 'java/lang/NoSuchMethodError'{0x0000000718e0e238}: 'java.lang.Object java.lang.invoke.DirectMethodHandle$Holder.invokeStatic(java.lang.Object, int, java.lang.Object)'> (0x0000000718e0e238) 
thrown [t:\workspace\open\src\hotspot\share\interpreter\linkResolver.cpp, line 790]
Event: 0.668 Thread 0x0000021fc74c2d70 Exception <a 'java/lang/ClassNotFoundException'{0x0000000718ec64f8}: com/sun/swing/internal/plaf/metal/resources/spi/metalProvider> (0x0000000718ec64f8) 
thrown [t:\workspace\open\src\hotspot\share\classfile\systemDictionary.cpp, line 256]
Event: 0.669 Thread 0x0000021fc74c2d70 Exception <a 'java/lang/ClassNotFoundException'{0x0000000718eca518}: com/sun/swing/internal/plaf/basic/resources/spi/basicProvider> (0x0000000718eca518) 
thrown [t:\workspace\open\src\hotspot\share\classfile\systemDictionary.cpp, line 256]
Event: 0.695 Thread 0x0000021feb580290 Exception <a 'java/lang/NoSuchMethodError'{0x0000000719161ea8}: 'void java.lang.invoke.DirectMethodHandle$Holder.invokeVirtual(java.lang.Object, java.lang.Object)'> (0x0000000719161ea8) 
thrown [t:\workspace\open\src\hotspot\share\interpreter\linkResolver.cpp, line 790]
Event: 0.719 Thread 0x0000021fc74c2d70 Exception <a 'java/lang/NoSuchMethodError'{0x0000000718f1e8e8}: 'void java.lang.invoke.DirectMethodHandle$Holder.invokeStaticInit(java.lang.Object)'> (0x0000000718f1e8e8) 
thrown [t:\workspace\open\src\hotspot\share\interpreter\linkResolver.cpp, line 790]
Event: 1.773 Thread 0x0000021ff28060d0 Exception <a 'java/lang/NoSuchMethodError'{0x0000000718a2c3b0}: 'java.lang.Object java.lang.invoke.DirectMethodHandle$Holder.invokeStaticInit(java.lang.Object, int, int, int, int)'> (0x0000000718a2c3b0) 
thrown [t:\workspace\open\src\hotspot\share\interpreter\linkResolver.cpp, line 790]
Event: 1.815 Thread 0x0000021ff28060d0 Exception <a 'java/lang/NoSuchMethodError'{0x0000000718af4f38}: 'java.lang.Object java.lang.invoke.DirectMethodHandle$Holder.invokeStaticInit(java.lang.Object, java.lang.Object, int, int, int, int)'> (0x0000000718af4f38) 
thrown [t:\workspace\open\src\hotspot\share\interpreter\linkResolver.cpp, line 790]
Event: 1.822 Thread 0x0000021ff28060d0 Exception <a 'java/lang/NullPointerException'{0x0000000718b01368}> (0x0000000718b01368) 
thrown [t:\workspace\open\src\hotspot\share\interpreter\linkResolver.cpp, line 1385]
Event: 1.866 Thread 0x0000021ff28060d0 Exception <a 'java/io/FileNotFoundException'{0x0000000718bc3498}> (0x0000000718bc3498) 
thrown [t:\workspace\open\src\hotspot\share\prims\jni.cpp, line 579]
Event: 1.876 Thread 0x0000021ff28060d0 Exception <a 'java/io/FileNotFoundException'{0x0000000718be3600}> (0x0000000718be3600) 
thrown [t:\workspace\open\src\hotspot\share\prims\jni.cpp, line 579]
Event: 1.905 Thread 0x0000021ff28060d0 Exception <a 'java/io/FileNotFoundException'{0x00000007188783c0}> (0x00000007188783c0) 
thrown [t:\workspace\open\src\hotspot\share\prims\jni.cpp, line 579]
Event: 1.918 Thread 0x0000021ff28060d0 Exception <a 'java/io/FileNotFoundException'{0x00000007188c3918}> (0x00000007188c3918) 
thrown [t:\workspace\open\src\hotspot\share\prims\jni.cpp, line 579]
Event: 2.305 Thread 0x0000021ff28060d0 Exception <a 'java/io/FileNotFoundException'{0x0000000718938ea8}> (0x0000000718938ea8) 
thrown [t:\workspace\open\src\hotspot\share\prims\jni.cpp, line 579]
Event: 3.894 Thread 0x0000021ff28060d0 Exception <a 'java/io/FileNotFoundException'{0x000000071966c7a0}> (0x000000071966c7a0) 
thrown [t:\workspace\open\src\hotspot\share\prims\jni.cpp, line 579]

Events (20 events):
Event: 3.915 Loaded shared library C:\Users\JNNGL\IdeaProjects\TotalComputers\rootfs\test\usr\Applications\Web Browser.app\vulkan-1.dll
Event: 3.917 Loaded shared library C:\Users\JNNGL\IdeaProjects\TotalComputers\rootfs\test\usr\Applications\Web Browser.app\swiftshader\libEGL.dll
Event: 3.919 Loaded shared library C:\Users\JNNGL\IdeaProjects\TotalComputers\rootfs\test\usr\Applications\Web Browser.app\swiftshader\libGLESv2.dll
Event: 3.921 Loaded shared library C:\Users\JNNGL\IdeaProjects\TotalComputers\rootfs\test\usr\Applications\Web Browser.app\application.dll
Event: 3.927 loading class java/awt/geom/Ellipse2D$Float
Event: 3.927 loading class java/awt/geom/Ellipse2D
Event: 3.927 loading class java/awt/geom/Ellipse2D done
Event: 3.927 loading class java/awt/geom/Ellipse2D$Float done
Event: 3.927 loading class java/awt/geom/EllipseIterator
Event: 3.927 loading class java/awt/geom/EllipseIterator done
Event: 3.927 loading class sun/java2d/loops/FontInfo
Event: 3.927 loading class sun/java2d/loops/FontInfo done
Event: 4.049 Executing  VM operation: G1TryInitiateConcMark
Event: 4.051 Executing  VM operation: G1TryInitiateConcMark done
Event: 4.211 Executing  VM operation: G1TryInitiateConcMark
Event: 4.213 Executing  VM operation: G1TryInitiateConcMark done
Event: 4.871 Executing  VM operation: G1TryInitiateConcMark
Event: 4.872 Executing  VM operation: G1TryInitiateConcMark done
Event: 5.048 Executing  VM operation: G1TryInitiateConcMark
Event: 5.050 Executing  VM operation: G1TryInitiateConcMark done


Dynamic libraries:
0x00007ff6cbbc0000 - 0x00007ff6cbbd0000 	C:\Program Files\Java\jdk-16.0.1\bin\java.exe
0x00007ffa0dc80000 - 0x00007ffa0de8f000 	C:\WINDOWS\SYSTEM32\ntdll.dll
0x00007ffa0bae0000 - 0x00007ffa0bb9d000 	C:\WINDOWS\System32\KERNEL32.DLL
0x00007ffa0b520000 - 0x00007ffa0b8ae000 	C:\WINDOWS\System32\KERNELBASE.dll
0x00007ffa0b2e0000 - 0x00007ffa0b3f1000 	C:\WINDOWS\System32\ucrtbase.dll
0x00007ffa02c70000 - 0x00007ffa02c89000 	C:\Program Files\Java\jdk-16.0.1\bin\VCRUNTIME140.dll
0x00007ff9dfc50000 - 0x00007ff9dfc68000 	C:\Program Files\Java\jdk-16.0.1\bin\jli.dll
0x00007ffa0d680000 - 0x00007ffa0d72e000 	C:\WINDOWS\System32\ADVAPI32.dll
0x00007ffa0c490000 - 0x00007ffa0c534000 	C:\WINDOWS\System32\msvcrt.dll
0x00007ffa0c740000 - 0x00007ffa0c7e2000 	C:\WINDOWS\System32\sechost.dll
0x00007ffa0c800000 - 0x00007ffa0c91f000 	C:\WINDOWS\System32\RPCRT4.dll
0x00007ffa0c260000 - 0x00007ffa0c40a000 	C:\WINDOWS\System32\USER32.dll
0x00007ffa0bab0000 - 0x00007ffa0bad6000 	C:\WINDOWS\System32\win32u.dll
0x00007ffa0d790000 - 0x00007ffa0d7b9000 	C:\WINDOWS\System32\GDI32.dll
0x00007ffa0b400000 - 0x00007ffa0b517000 	C:\WINDOWS\System32\gdi32full.dll
0x00007ffa0b8b0000 - 0x00007ffa0b94a000 	C:\WINDOWS\System32\msvcp_win.dll
0x00007ff9f2410000 - 0x00007ff9f26b1000 	C:\WINDOWS\WinSxS\amd64_microsoft.windows.common-controls_6595b64144ccf1df_6.0.22523.1000_none_26388f37a89e74b7\COMCTL32.dll
0x00007ffa03070000 - 0x00007ffa0307a000 	C:\WINDOWS\SYSTEM32\VERSION.dll
0x00007ffa0ce80000 - 0x00007ffa0ceb1000 	C:\WINDOWS\System32\IMM32.DLL
0x00007ffa08210000 - 0x00007ffa0821c000 	C:\Program Files\Java\jdk-16.0.1\bin\vcruntime140_1.dll
0x00007ff9be920000 - 0x00007ff9be9b1000 	C:\Program Files\Java\jdk-16.0.1\bin\msvcp140.dll
0x00007ff949d50000 - 0x00007ff94a8fb000 	C:\Program Files\Java\jdk-16.0.1\bin\server\jvm.dll
0x00007ffa0cc70000 - 0x00007ffa0cc78000 	C:\WINDOWS\System32\PSAPI.DLL
0x00007ffa06780000 - 0x00007ffa06789000 	C:\WINDOWS\SYSTEM32\WSOCK32.dll
0x00007ffa0c410000 - 0x00007ffa0c481000 	C:\WINDOWS\System32\WS2_32.dll
0x00007ffa03ea0000 - 0x00007ffa03ed4000 	C:\WINDOWS\SYSTEM32\WINMM.dll
0x00007ffa0a1a0000 - 0x00007ffa0a1b8000 	C:\WINDOWS\SYSTEM32\kernel.appcore.dll
0x00007ffa067a0000 - 0x00007ffa067aa000 	C:\Program Files\Java\jdk-16.0.1\bin\jimage.dll
0x00007ff9fb790000 - 0x00007ff9fb9b6000 	C:\WINDOWS\SYSTEM32\DBGHELP.DLL
0x00007ffa0bd40000 - 0x00007ffa0c0bc000 	C:\WINDOWS\System32\combase.dll
0x00007ffa0ca00000 - 0x00007ffa0cad7000 	C:\WINDOWS\System32\OLEAUT32.dll
0x00007ff9f3010000 - 0x00007ff9f3041000 	C:\WINDOWS\SYSTEM32\dbgcore.DLL
0x00007ffa0b140000 - 0x00007ffa0b1bb000 	C:\WINDOWS\System32\bcryptPrimitives.dll
0x00007ffa06510000 - 0x00007ffa0651e000 	C:\Program Files\Java\jdk-16.0.1\bin\instrument.dll
0x00007ff9dfc20000 - 0x00007ff9dfc45000 	C:\Program Files\Java\jdk-16.0.1\bin\java.dll
0x00007ffa0cec0000 - 0x00007ffa0d678000 	C:\WINDOWS\System32\SHELL32.dll
0x00007ffa091d0000 - 0x00007ffa09a26000 	C:\WINDOWS\SYSTEM32\windows.storage.dll
0x00007ffa09090000 - 0x00007ffa091cc000 	C:\WINDOWS\SYSTEM32\wintypes.dll
0x00007ffa0cb70000 - 0x00007ffa0cc61000 	C:\WINDOWS\System32\SHCORE.dll
0x00007ffa0cc80000 - 0x00007ffa0ccdb000 	C:\WINDOWS\System32\shlwapi.dll
0x00007ffa0b070000 - 0x00007ffa0b091000 	C:\WINDOWS\SYSTEM32\profapi.dll
0x00007ff9da6b0000 - 0x00007ff9da6c8000 	C:\Program Files\Java\jdk-16.0.1\bin\zip.dll
0x00007ff9dd0d0000 - 0x00007ff9dd0e9000 	C:\Program Files\Java\jdk-16.0.1\bin\net.dll
0x00007ffa03640000 - 0x00007ffa03752000 	C:\WINDOWS\SYSTEM32\WINHTTP.dll
0x00007ffa0a620000 - 0x00007ffa0a689000 	C:\WINDOWS\system32\mswsock.dll
0x00007ff9dd070000 - 0x00007ff9dd083000 	C:\Program Files\Java\jdk-16.0.1\bin\nio.dll
0x00007ff9da560000 - 0x00007ff9da57a000 	C:\Program Files\JetBrains\IntelliJ IDEA Community Edition 2021.2.1\bin\breakgen64.dll
0x00007ff973540000 - 0x00007ff9736c0000 	C:\Program Files\Java\jdk-16.0.1\bin\awt.dll
0x00007ffa08280000 - 0x00007ffa08313000 	C:\WINDOWS\SYSTEM32\apphelp.dll
0x00007ffa08660000 - 0x00007ffa0868b000 	C:\WINDOWS\system32\DWMAPI.DLL
0x00007ffa083d0000 - 0x00007ffa0847b000 	C:\WINDOWS\system32\uxtheme.dll
0x00007ff9a34f0000 - 0x00007ff9a35f2000 	C:\WINDOWS\system32\opengl32.dll
0x00007ff9a3410000 - 0x00007ff9a343d000 	C:\WINDOWS\SYSTEM32\GLU32.dll
0x00007ffa084e0000 - 0x00007ffa08518000 	C:\WINDOWS\SYSTEM32\dxcore.dll
0x00007ffa0c0c0000 - 0x00007ffa0c1de000 	C:\WINDOWS\System32\MSCTF.dll
0x00007ffa0cce0000 - 0x00007ffa0ce79000 	C:\WINDOWS\System32\ole32.dll
0x00007ff9f8e40000 - 0x00007ff9f8fe7000 	C:\WINDOWS\system32\d3d9.dll
0x00007ff9f69a0000 - 0x00007ff9f6aa7000 	C:\WINDOWS\System32\DriverStore\FileRepository\nvhmig.inf_amd64_c6685fe79c60e4b1\nvldumdx.dll
0x00007ffa0a970000 - 0x00007ffa0a982000 	C:\WINDOWS\SYSTEM32\msasn1.dll
0x00007ff9fea10000 - 0x00007ff9fea41000 	C:\WINDOWS\SYSTEM32\cryptnet.dll
0x00007ffa0b950000 - 0x00007ffa0baac000 	C:\WINDOWS\System32\CRYPT32.dll
0x00007ff9fc3d0000 - 0x00007ff9fc526000 	C:\WINDOWS\SYSTEM32\drvstore.dll
0x00007ffa0ad60000 - 0x00007ffa0ad8c000 	C:\WINDOWS\SYSTEM32\devobj.dll
0x00007ffa0ad10000 - 0x00007ffa0ad5d000 	C:\WINDOWS\SYSTEM32\cfgmgr32.dll
0x00007ffa0a920000 - 0x00007ffa0a961000 	C:\WINDOWS\SYSTEM32\wldp.dll
0x00007ffa0a870000 - 0x00007ffa0a87c000 	C:\WINDOWS\SYSTEM32\cryptbase.dll
0x00007ffa0b280000 - 0x00007ffa0b2e0000 	C:\WINDOWS\System32\WINTRUST.DLL
0x00007ffa0c700000 - 0x00007ffa0c71f000 	C:\WINDOWS\System32\imagehlp.dll
0x00007ffa0a880000 - 0x00007ffa0a898000 	C:\WINDOWS\SYSTEM32\CRYPTSP.dll
0x00007ffa0a100000 - 0x00007ffa0a135000 	C:\WINDOWS\system32\rsaenh.dll
0x00007ffa0aa00000 - 0x00007ffa0aa28000 	C:\WINDOWS\SYSTEM32\bcrypt.dll
0x00007ff9ba1e0000 - 0x00007ff9bb968000 	C:\WINDOWS\System32\DriverStore\FileRepository\nvhmig.inf_amd64_c6685fe79c60e4b1\nvd3dumx.dll
0x00007ff9fabb0000 - 0x00007ff9fabf4000 	C:\WINDOWS\SYSTEM32\directxdatabasehelper.dll
0x00007ff9e6f60000 - 0x00007ff9e7118000 	C:\WINDOWS\System32\DriverStore\FileRepository\u0372545.inf_amd64_56d459236871c3f2\B372333\aticfx64.dll
0x00007ff9d1e30000 - 0x00007ff9d1e64000 	C:\WINDOWS\System32\DriverStore\FileRepository\u0372545.inf_amd64_56d459236871c3f2\B372333\atiu9p64.dll
0x00007ff9b93f0000 - 0x00007ff9ba144000 	C:\WINDOWS\System32\DriverStore\FileRepository\u0372545.inf_amd64_56d459236871c3f2\B372333\atiumd64.dll
0x00000000759d0000 - 0x0000000076845000 	C:\WINDOWS\System32\DriverStore\FileRepository\u0372545.inf_amd64_56d459236871c3f2\B372333\atiumd6a.dll
0x00007ffa0d7c0000 - 0x00007ffa0dc33000 	C:\WINDOWS\System32\SETUPAPI.dll
0x00007ffa0b010000 - 0x00007ffa0b05d000 	C:\WINDOWS\SYSTEM32\POWRPROF.dll
0x00007ffa0aff0000 - 0x00007ffa0b003000 	C:\WINDOWS\SYSTEM32\UMPDC.dll
0x00007ff9e6a00000 - 0x00007ff9e6a30000 	C:\WINDOWS\SYSTEM32\amdihk64.dll
0x00007ff9b8870000 - 0x00007ff9b8b37000 	C:\WINDOWS\system32\nvspcap64.dll
0x00007ffa0a1c0000 - 0x00007ffa0a1f4000 	C:\WINDOWS\SYSTEM32\ntmarta.dll
0x00007ffa0a6b0000 - 0x00007ffa0a6d6000 	C:\WINDOWS\SYSTEM32\gpapi.dll
0x00007ff9ce860000 - 0x00007ff9ce8e9000 	C:\Program Files\Java\jdk-16.0.1\bin\freetype.dll
0x00007ff9be820000 - 0x00007ff9be916000 	C:\Program Files\Java\jdk-16.0.1\bin\harfbuzz.dll
0x00007ff9da500000 - 0x00007ff9da512000 	C:\Program Files\Java\jdk-16.0.1\bin\fontmanager.dll
0x00007ff9f4f20000 - 0x00007ff9f504b000 	C:\WINDOWS\SYSTEM32\textinputframework.dll
0x00007ffa07ff0000 - 0x00007ffa0811e000 	C:\WINDOWS\SYSTEM32\CoreMessaging.dll
0x00007ff9f9e50000 - 0x00007ff9fa1bb000 	C:\WINDOWS\SYSTEM32\CoreUIComponents.dll
0x00007ffa0a720000 - 0x00007ffa0a749000 	C:\WINDOWS\SYSTEM32\USERENV.dll
0x00007ffa09c80000 - 0x00007ffa09cad000 	C:\WINDOWS\SYSTEM32\IPHLPAPI.DLL
0x00007ffa0c730000 - 0x00007ffa0c739000 	C:\WINDOWS\System32\NSI.dll
0x00007ffa03530000 - 0x00007ffa03549000 	C:\WINDOWS\SYSTEM32\dhcpcsvc6.DLL
0x00007ffa03510000 - 0x00007ffa0352e000 	C:\WINDOWS\SYSTEM32\dhcpcsvc.DLL
0x00007ffa09cb0000 - 0x00007ffa09da8000 	C:\WINDOWS\SYSTEM32\DNSAPI.dll
0x00007ff9cf330000 - 0x00007ff9cf34f000 	C:\Users\JNNGL\IdeaProjects\TotalComputers\native.dll
0x00007ff95e5a0000 - 0x00007ff95e6d0000 	C:\Users\JNNGL\IdeaProjects\TotalComputers\rootfs\test\usr\Applications\Web Browser.app\chrome_elf.dll
0x00007ff955640000 - 0x00007ff955af2000 	C:\Users\JNNGL\IdeaProjects\TotalComputers\rootfs\test\usr\Applications\Web Browser.app\d3dcompiler_47.dll
0x00007ff92ead0000 - 0x00007ff9388af000 	C:\Users\JNNGL\IdeaProjects\TotalComputers\rootfs\test\usr\Applications\Web Browser.app\libcef.dll
0x00007ffa0c920000 - 0x00007ffa0c9f6000 	C:\WINDOWS\System32\COMDLG32.dll
0x00007ffa08530000 - 0x00007ffa08625000 	C:\WINDOWS\SYSTEM32\dxgi.dll
0x00007ffa06200000 - 0x00007ffa062fe000 	C:\WINDOWS\SYSTEM32\PROPSYS.dll
0x00007ff9d5020000 - 0x00007ff9d545c000 	C:\WINDOWS\SYSTEM32\UIAutomationCore.DLL
0x00007ff9f7780000 - 0x00007ff9f77e9000 	C:\WINDOWS\SYSTEM32\OLEACC.dll
0x00007ff9ed140000 - 0x00007ff9ed14c000 	C:\WINDOWS\SYSTEM32\Secur32.dll
0x00007ffa04110000 - 0x00007ffa04124000 	C:\WINDOWS\SYSTEM32\WTSAPI32.dll
0x00007ff9fc530000 - 0x00007ff9fc548000 	C:\WINDOWS\SYSTEM32\NETAPI32.dll
0x00007ffa09a30000 - 0x00007ffa09a3e000 	C:\WINDOWS\SYSTEM32\HID.DLL
0x00007ffa0a9d0000 - 0x00007ffa0a9f9000 	C:\WINDOWS\SYSTEM32\ncrypt.dll
0x00007ffa075d0000 - 0x00007ffa07836000 	C:\WINDOWS\SYSTEM32\DWrite.dll
0x00007ff9e5940000 - 0x00007ff9e5959000 	C:\WINDOWS\SYSTEM32\USP10.dll
0x00007ff9f76e0000 - 0x00007ff9f7779000 	C:\WINDOWS\SYSTEM32\WINSPOOL.DRV
0x00007ff9fc7e0000 - 0x00007ff9fc805000 	C:\WINDOWS\SYSTEM32\dxva2.dll
0x00007ff9f8c50000 - 0x00007ff9f8e3d000 	C:\WINDOWS\SYSTEM32\urlmon.dll
0x00007ff9e6c50000 - 0x00007ff9e6cab000 	C:\WINDOWS\SYSTEM32\CRYPTUI.dll
0x00007ff9e5580000 - 0x00007ff9e5592000 	C:\WINDOWS\SYSTEM32\credui.dll
0x00007ffa03300000 - 0x00007ffa03355000 	C:\WINDOWS\SYSTEM32\wevtapi.dll
0x00007ffa017a0000 - 0x00007ffa01b68000 	C:\WINDOWS\SYSTEM32\ESENT.dll
0x00007ff9f2ae0000 - 0x00007ff9f2fd5000 	C:\WINDOWS\SYSTEM32\WININET.dll
0x00007ff9e46a0000 - 0x00007ff9e494d000 	C:\WINDOWS\SYSTEM32\iertutil.dll
0x00007ffa09c70000 - 0x00007ffa09c7c000 	C:\WINDOWS\SYSTEM32\netutils.dll
0x00007ff9e4950000 - 0x00007ff9e4978000 	C:\WINDOWS\SYSTEM32\srvcli.dll
0x00007ffa0a410000 - 0x00007ffa0a451000 	C:\WINDOWS\SYSTEM32\SSPICLI.DLL
0x00007ffa06500000 - 0x00007ffa0650a000 	C:\WINDOWS\SYSTEM32\DSROLE.DLL
0x00007ffa032e0000 - 0x00007ffa032f7000 	C:\WINDOWS\SYSTEM32\WKSCLI.DLL
0x00007ff9fd240000 - 0x00007ff9fd259000 	C:\WINDOWS\SYSTEM32\SAMCLI.DLL
0x00007ffa0a990000 - 0x00007ffa0a9c7000 	C:\WINDOWS\SYSTEM32\NTASN1.dll

dbghelp: loaded successfully - version: 4.0.5 - missing functions: none
symbol engine: initialized successfully - sym options: 0x614 - pdb path: .;C:\Program Files\Java\jdk-16.0.1\bin;C:\WINDOWS\SYSTEM32;C:\WINDOWS\WinSxS\amd64_microsoft.windows.common-controls_6595b64144ccf1df_6.0.22523.1000_none_26388f37a89e74b7;C:\Program Files\Java\jdk-16.0.1\bin\server;C:\Program Files\JetBrains\IntelliJ IDEA Community Edition 2021.2.1\bin;C:\WINDOWS\System32\DriverStore\FileRepository\nvhmig.inf_amd64_c6685fe79c60e4b1;C:\WINDOWS\System32\DriverStore\FileRepository\u0372545.inf_amd64_56d459236871c3f2\B372333;C:\Users\JNNGL\IdeaProjects\TotalComputers;C:\Users\JNNGL\IdeaProjects\TotalComputers\rootfs\test\usr\Applications\Web Browser.app;C:\Users\JNNGL\IdeaProjects\TotalComputers\rootfs\test\usr\Applications\Web Browser.app\swiftshader

VM Arguments:
jvm_args: -Djava.library.path=C:\Users\JNNGL\IdeaProjects\TotalComputers;C:\Users\JNNGL\IdeaProjects\TotalComputers\win64 -javaagent:C:\Program Files\JetBrains\IntelliJ IDEA Community Edition 2021.2.1\lib\idea_rt.jar=52318:C:\Program Files\JetBrains\IntelliJ IDEA Community Edition 2021.2.1\bin -Dfile.encoding=UTF-8 
java_command: com.jnngl.totalcomputers.system.TotalOS$Test
java_class_path (initial): C:\Users\JNNGL\IdeaProjects\TotalComputers\out\production\TotalComputers;C:\Users\JNNGL\Desktop\server\craftbukkit-1.12.2.jar;C:\Users\JNNGL\IdeaProjects\TotalComputers\lwjgl\joml-1.10.3.jar;C:\Users\JNNGL\IdeaProjects\TotalComputers\lwjgl\lwjgl-glfw-natives-linux-arm32.jar;C:\Users\JNNGL\IdeaProjects\TotalComputers\lwjgl\lwjgl-glfw-natives-linux-arm64.jar;C:\Users\JNNGL\IdeaProjects\TotalComputers\lwjgl\lwjgl-glfw-natives-linux.jar;C:\Users\JNNGL\IdeaProjects\TotalComputers\lwjgl\lwjgl-glfw-natives-macos-arm64.jar;C:\Users\JNNGL\IdeaProjects\TotalComputers\lwjgl\lwjgl-glfw-natives-macos.jar;C:\Users\JNNGL\IdeaProjects\TotalComputers\lwjgl\lwjgl-glfw-natives-windows-arm64.jar;C:\Users\JNNGL\IdeaProjects\TotalComputers\lwjgl\lwjgl-glfw-natives-windows-x86.jar;C:\Users\JNNGL\IdeaProjects\TotalComputers\lwjgl\lwjgl-glfw-natives-windows.jar;C:\Users\JNNGL\IdeaProjects\TotalComputers\lwjgl\lwjgl-glfw.jar;C:\Users\JNNGL\IdeaProjects\TotalComputers\lwjgl\lwjgl-natives-linux-arm32.jar;C:\Users\JNNGL\IdeaProjects\TotalComputers\lwjgl\lwjgl-natives-linux-arm64.jar;C:\Users\JNNGL\IdeaProjects\TotalComputers\lwjgl\lwjgl-natives-linux.jar;C:\Users\JNNGL\IdeaProjects\TotalComputers\lwjgl\lwjgl-natives-macos-arm64.jar;C:\Users\JNNGL\IdeaProjects\TotalComputers\lwjgl\lwjgl-natives-macos.jar;C:\Users\JNNGL\IdeaProjects\TotalComputers\lwjgl\lwjgl-natives-windows-arm64.jar;C:\Users\JNNGL\IdeaProjects\TotalComputers\lwjgl\lwjgl-natives-windows-x86.jar;C:\Users\JNNGL\IdeaProjects\TotalComputers\lwjgl\lwjgl-natives-windows.jar;C:\Users\JNNGL\IdeaProjects\TotalComputers\lwjgl\lwjgl-opengl-natives-linux-arm32.jar;C:\Users\JNNGL\IdeaProjects\TotalComputers\lwjgl\lwjgl-opengl-natives-linux-arm64.jar;C:\Users\JNNGL\IdeaProjects\TotalComputers\lwjgl\lwjgl-opengl-natives-linux.jar;C:\Users\JNNGL\IdeaProjects\TotalComputers\lwjgl\lwjgl-opengl-natives-macos-arm64.jar;C:\Users\JNNGL\IdeaProjects\TotalComputers\lwjgl\lwjgl-opengl-natives-macos.jar;C:\Users\JNNGL\IdeaPro
Launcher Type: SUN_STANDARD

[Global flags]
     intx CICompilerCount                          = 12                                        {product} {ergonomic}
     uint ConcGCThreads                            = 3                                         {product} {ergonomic}
     uint G1ConcRefinementThreads                  = 13                                        {product} {ergonomic}
   size_t G1HeapRegionSize                         = 2097152                                   {product} {ergonomic}
    uintx GCDrainStackTargetSize                   = 64                                        {product} {ergonomic}
   size_t InitialHeapSize                          = 257949696                                 {product} {ergonomic}
   size_t MarkStackSize                            = 4194304                                   {product} {ergonomic}
   size_t MaxHeapSize                              = 4125097984                                {product} {ergonomic}
   size_t MaxNewSize                               = 2474639360                                {product} {ergonomic}
   size_t MinHeapDeltaBytes                        = 2097152                                   {product} {ergonomic}
   size_t MinHeapSize                              = 8388608                                   {product} {ergonomic}
    uintx NonNMethodCodeHeapSize                   = 7602480                                {pd product} {ergonomic}
    uintx NonProfiledCodeHeapSize                  = 122027880                              {pd product} {ergonomic}
    uintx ProfiledCodeHeapSize                     = 122027880                              {pd product} {ergonomic}
    uintx ReservedCodeCacheSize                    = 251658240                              {pd product} {ergonomic}
     bool SegmentedCodeCache                       = true                                      {product} {ergonomic}
   size_t SoftMaxHeapSize                          = 4125097984                             {manageable} {ergonomic}
     bool UseCompressedClassPointers               = true                           {product lp64_product} {ergonomic}
     bool UseCompressedOops                        = true                           {product lp64_product} {ergonomic}
     bool UseG1GC                                  = true                                      {product} {ergonomic}
     bool UseLargePagesIndividualAllocation        = false                                  {pd product} {ergonomic}

Logging:
Log output configuration:
 #0: stdout all=warning uptime,level,tags
 #1: stderr all=off uptime,level,tags

Environment Variables:
PATH=C:\Program Files\NVIDIA GPU Computing Toolkit\CUDA\v11.5\bin;C:\Program Files\ImageMagick-7.1.0-Q16-HDRI;C:\Program Files (x86)\VMware\VMware Player\bin\;C:\VulkanSDK\1.2.176.1\Bin;C:\Program Files\NVIDIA GPU Computing Toolkit\CUDA\v11.3\bin;C:\Program Files\NVIDIA GPU Computing Toolkit\CUDA\v11.3\libnvvp;C:\Program Files\Common Files\Oracle\Java\javapath;C:\windows\system32;C:\windows;C:\windows\System32\Wbem;C:\windows\System32\WindowsPowerShell\v1.0\;C:\windows\System32\OpenSSH\;C:\Program Files (x86)\NVIDIA Corporation\PhysX\Common;C:\Program Files\NVIDIA Corporation\NVIDIA NvDLISR;C:\Program Files\Git\cmd;C:\Program Files (x86)\Microsoft Visual Studio\2019\Community\VC\Tools\MSVC\14.28.29910\bin\Hostx64\x64;C:\Program Files\mingw-w64\x86_64-8.1.0-posix-seh-rt_v6-rev0\mingw64\bin;C:\WINDOWS\system32;C:\WINDOWS;C:\WINDOWS\System32\Wbem;C:\WINDOWS\System32\WindowsPowerShell\v1.0\;C:\WINDOWS\System32\OpenSSH\;C:\Program Files\NVIDIA Corporation\Nsight Compute 2021.3.1\;C:\Program Files\dotnet\;%SystemRoot%\system32;%SystemRoot%;%SystemRoot%\System32\Wbem;%SYSTEMROOT%\System32\WindowsPowerShell\v1.0\;%SYSTEMROOT%\System32\OpenSSH\;C:\Users\JNNGL\AppData\Local\Microsoft\WindowsApps;C:\Program Files\CMake\bin;C:\Users\JNNGL\AppData\Local\Programs\Microsoft VS Code\bin;C:\Gradle\gradle-7.0.2\bin;C:\Users\JNNGL\AppData\Local\GitHubDesktop\bin;C:\Program Files (x86)\Microsoft Visual Studio\2019\Community\VC\Tools\MSVC\14.28.29910\bin\Hostx64\x64;C:\Program Files\mingw-w64\x86_64-8.1.0-posix-seh-rt_v6-rev0\mingw64\bin;C:\Users\JNNGL\.dotnet\tools;C:\Program Files\qemu;
USERNAME=JNNGL
OS=Windows_NT
PROCESSOR_IDENTIFIER=AMD64 Family 23 Model 96 Stepping 1, AuthenticAMD



---------------  S Y S T E M  ---------------

OS:
 Windows 10 , 64 bit Build 22523 (10.0.22523.1000)
OS uptime: 1 days 18:54 hours

CPU: total 16 (initial active 16) (16 cores per cpu, 2 threads per core) family 23 model 96 stepping 1 microcode 0x0, cx8, cmov, fxsr, ht, mmx, 3dnowpref, sse, sse2, sse3, ssse3, sse4a, sse4.1, sse4.2, popcnt, lzcnt, tsc, tscinvbit, avx, avx2, aes, clmul, bmi1, bmi2, adx, sha, fma, vzeroupper, clflush, clflushopt

Memory: 4k page, system-wide physical 15731M (4709M free)
TotalPageFile size 24188M (AvailPageFile size 4007M)
current process WorkingSet (physical memory assigned to process): 299M, peak: 300M
current process commit charge ("private bytes"): 483M, peak: 483M

vm_info: Java HotSpot(TM) 64-Bit Server VM (16.0.1+9-24) for windows-amd64 JRE (16.0.1+9-24), built on Mar 26 2021 19:31:42 by "mach5one" with MS VC++ 16.7 (VS2019)

END.
