#
# A fatal error has been detected by the Java Runtime Environment:
#
#  EXCEPTION_ACCESS_VIOLATION (0xc0000005) at pc=0x00007ff949d5c700, pid=30728, tid=19636
#
# JRE version: Java(TM) SE Runtime Environment (16.0.1+9) (build 16.0.1+9-24)
# Java VM: Java HotSpot(TM) 64-Bit Server VM (16.0.1+9-24, mixed mode, sharing, tiered, compressed oops, compressed class ptrs, g1 gc, windows-amd64)
# Problematic frame:
# V  [jvm.dll+0xc700]
#
# No core dump will be written. Minidumps are not enabled by default on client versions of Windows
#
# If you would like to submit a bug report, please visit:
#   https://bugreport.java.com/bugreport/crash.jsp
#

---------------  S U M M A R Y ------------

Command Line: -Djava.library.path=C:\Users\JNNGL\IdeaProjects\TotalComputers;C:\Users\JNNGL\IdeaProjects\TotalComputers\win64 -javaagent:C:\Program Files\JetBrains\IntelliJ IDEA Community Edition 2021.2.1\lib\idea_rt.jar=53772:C:\Program Files\JetBrains\IntelliJ IDEA Community Edition 2021.2.1\bin -Dfile.encoding=UTF-8 com.jnngl.totalcomputers.system.TotalOS$Test

Host: AMD Ryzen 7 4800H with Radeon Graphics         , 16 cores, 15G,  Windows 10 , 64 bit Build 22523 (10.0.22523.1000)
Time: Sun Feb 27 15:03:55 2022  Windows 10 , 64 bit Build 22523 (10.0.22523.1000) elapsed time: 6.975088 seconds (0d 0h 0m 6s)

---------------  T H R E A D  ---------------

Current thread (0x00000188efbccc70):  JavaThread "AWT-EventQueue-0" [_thread_in_vm, id=19636, stack(0x0000006976000000,0x0000006976100000)]

Stack: [0x0000006976000000,0x0000006976100000],  sp=0x00000069760fcd78,  free space=1011k
Native frames: (J=compiled Java code, j=interpreted, Vv=VM code, C=native code)
V  [jvm.dll+0xc700]

Java frames: (J=compiled Java code, j=interpreted, Vv=VM code)
j  com.jnngl.system.NativeWindowApplication._Render(Ljava/awt/Graphics2D;)V+0
j  com.jnngl.system.NativeWindowApplication.ExtRender(Ljava/awt/Graphics2D;)V+2
j  com.jnngl.system.NativeWindowApplication.render(Ljava/awt/Graphics2D;)V+2
j  com.jnngl.totalcomputers.system.desktop.WindowApplication.renderCanvas()V+10
v  ~StubRoutines::call_stub
j  com.jnngl.system.NativeWindowApplication._Update()V+0
j  com.jnngl.system.NativeWindowApplication.ExtUpdate()V+1
j  com.jnngl.system.NativeWindowApplication.update()V+1
j  com.jnngl.totalcomputers.system.states.Desktop.update()V+30
j  com.jnngl.totalcomputers.system.states.StateManager.update()V+11
j  com.jnngl.totalcomputers.system.TotalOS.renderFrame()V+4
j  com.jnngl.totalcomputers.system.TotalOS$Test.paint(Ljava/awt/Graphics;)V+4
J 2013 c1 javax.swing.JComponent.paintChildren(Ljava/awt/Graphics;)V java.desktop@16.0.1 (691 bytes) @ 0x00000188cca2ff34 [0x00000188cca2c800+0x0000000000003734]
J 2007 c1 javax.swing.JComponent.paint(Ljava/awt/Graphics;)V java.desktop@16.0.1 (409 bytes) @ 0x00000188cca2a3cc [0x00000188cca28740+0x0000000000001c8c]
J 2013 c1 javax.swing.JComponent.paintChildren(Ljava/awt/Graphics;)V java.desktop@16.0.1 (691 bytes) @ 0x00000188cca2ff34 [0x00000188cca2c800+0x0000000000003734]
J 2007 c1 javax.swing.JComponent.paint(Ljava/awt/Graphics;)V java.desktop@16.0.1 (409 bytes) @ 0x00000188cca2a3cc [0x00000188cca28740+0x0000000000001c8c]
j  javax.swing.JLayeredPane.paint(Ljava/awt/Graphics;)V+73 java.desktop@16.0.1
J 2013 c1 javax.swing.JComponent.paintChildren(Ljava/awt/Graphics;)V java.desktop@16.0.1 (691 bytes) @ 0x00000188cca2ff34 [0x00000188cca2c800+0x0000000000003734]
j  javax.swing.JComponent.paintToOffscreen(Ljava/awt/Graphics;IIIIII)V+72 java.desktop@16.0.1
j  javax.swing.RepaintManager$PaintManager.paintDoubleBufferedFPScales(Ljavax/swing/JComponent;Ljava/awt/Image;Ljava/awt/Graphics;IIII)V+320 java.desktop@16.0.1
j  javax.swing.RepaintManager$PaintManager.paintDoubleBuffered(Ljavax/swing/JComponent;Ljava/awt/Image;Ljava/awt/Graphics;IIII)V+28 java.desktop@16.0.1
j  javax.swing.RepaintManager$PaintManager.paint(Ljavax/swing/JComponent;Ljavax/swing/JComponent;Ljava/awt/Graphics;IIII)Z+128 java.desktop@16.0.1
j  javax.swing.RepaintManager.paint(Ljavax/swing/JComponent;Ljavax/swing/JComponent;Ljava/awt/Graphics;IIII)V+52 java.desktop@16.0.1
J 2007 c1 javax.swing.JComponent.paint(Ljava/awt/Graphics;)V java.desktop@16.0.1 (409 bytes) @ 0x00000188cca2a614 [0x00000188cca28740+0x0000000000001ed4]
j  java.awt.GraphicsCallback$PaintCallback.run(Ljava/awt/Component;Ljava/awt/Graphics;)V+2 java.desktop@16.0.1
j  sun.awt.SunGraphicsCallback.runOneComponent(Ljava/awt/Component;Ljava/awt/Rectangle;Ljava/awt/Graphics;Ljava/awt/Shape;I)V+130 java.desktop@16.0.1
j  sun.awt.SunGraphicsCallback.runComponents([Ljava/awt/Component;Ljava/awt/Graphics;I)V+157 java.desktop@16.0.1
j  java.awt.Container.paint(Ljava/awt/Graphics;)V+58 java.desktop@16.0.1
j  java.awt.Window.paint(Ljava/awt/Graphics;)V+68 java.desktop@16.0.1
j  javax.swing.RepaintManager$4.run()Ljava/lang/Void;+142 java.desktop@16.0.1
j  javax.swing.RepaintManager$4.run()Ljava/lang/Object;+1 java.desktop@16.0.1
J 1864 c1 java.security.ProtectionDomain$JavaSecurityAccessImpl.doIntersectionPrivilege(Ljava/security/PrivilegedAction;Ljava/security/AccessControlContext;Ljava/security/AccessControlContext;)Ljava/lang/Object; java.base@16.0.1 (22 bytes) @ 0x00000188cc9ccdd4 [0x00000188cc9ccb40+0x0000000000000294]
j  javax.swing.RepaintManager.paintDirtyRegions(Ljava/util/Map;)V+154 java.desktop@16.0.1
j  javax.swing.RepaintManager.paintDirtyRegions()V+46 java.desktop@16.0.1
j  javax.swing.RepaintManager.prePaintDirtyRegions()V+73 java.desktop@16.0.1
j  javax.swing.RepaintManager$ProcessingRunnable.run()V+37 java.desktop@16.0.1
j  java.awt.event.InvocationEvent.dispatch()V+47 java.desktop@16.0.1
j  java.awt.EventQueue.dispatchEventImpl(Ljava/awt/AWTEvent;Ljava/lang/Object;)V+21 java.desktop@16.0.1
J 2065 c1 java.awt.EventQueue$4.run()Ljava/lang/Void; java.desktop@16.0.1 (60 bytes) @ 0x00000188cca48744 [0x00000188cca48600+0x0000000000000144]
J 2060 c1 java.awt.EventQueue.dispatchEvent(Ljava/awt/AWTEvent;)V java.desktop@16.0.1 (80 bytes) @ 0x00000188cca493ac [0x00000188cca48de0+0x00000000000005cc]
J 2067 c1 java.awt.EventDispatchThread.pumpOneEventForFilters(I)V java.desktop@16.0.1 (113 bytes) @ 0x00000188cca4c5c4 [0x00000188cca4bf20+0x00000000000006a4]
j  java.awt.EventDispatchThread.pumpEventsForFilter(ILjava/awt/Conditional;Ljava/awt/EventFilter;)V+35 java.desktop@16.0.1
j  java.awt.EventDispatchThread.pumpEventsForHierarchy(ILjava/awt/Conditional;Ljava/awt/Component;)V+11 java.desktop@16.0.1
j  java.awt.EventDispatchThread.pumpEvents(ILjava/awt/Conditional;)V+4 java.desktop@16.0.1
j  java.awt.EventDispatchThread.pumpEvents(Ljava/awt/Conditional;)V+3 java.desktop@16.0.1
j  java.awt.EventDispatchThread.run()V+9 java.desktop@16.0.1
v  ~StubRoutines::call_stub

siginfo: EXCEPTION_ACCESS_VIOLATION (0xc0000005), reading address 0x00000188f506b000


Register to memory mapping:

RIP=0x00007ff949d5c700 jvm.dll
RAX=0x0 is NULL
RBX=0x00000188efbccc70 is a thread
RCX=0x00000188f4f9a110 points into unknown readable memory: 0xffffffffffffffff | ff ff ff ff ff ff ff ff
RDX=0x000000070e6d0f00 is pointing into object: [I 
{0x000000070e600000} - klass: {type array int}
 - length: 720896
RSP=0x00000069760fcd78 is pointing into the stack for thread: 0x00000188efbccc70
RBP=0x0 is NULL
RSI=0x00000000000b0000 is an unknown value
RDI=0x000000070e600000 is an oop: [I 
{0x000000070e600000} - klass: {type array int}
 - length: 720896
R8 =0x000000000007bc44 is an unknown value
R9 =0x00000181e699a100 is an unknown value
R10=0x00007ff94a7c33d0 jvm.dll
R11=0x00000069760fcd50 is pointing into the stack for thread: 0x00000188efbccc70
R12=0x0 is NULL
R13={method} {0x00000188f6d04288} '_Render' '(Ljava/awt/Graphics2D;)V' in 'com/jnngl/system/NativeWindowApplication'
R14=0x0 is NULL
R15=0x0000000000000010 is an unknown value


Registers:
RAX=0x0000000000000000, RBX=0x00000188efbccc70, RCX=0x00000188f4f9a110, RDX=0x000000070e6d0f00
RSP=0x00000069760fcd78, RBP=0x0000000000000000, RSI=0x00000000000b0000, RDI=0x000000070e600000
R8 =0x000000000007bc44, R9 =0x00000181e699a100, R10=0x00007ff94a7c33d0, R11=0x00000069760fcd50
R12=0x0000000000000000, R13=0x00000188f6d04280, R14=0x0000000000000000, R15=0x0000000000000010
RIP=0x00007ff949d5c700, EFLAGS=0x0000000000010206

Top of Stack: (sp=0x00000069760fcd78)
0x00000069760fcd78:   00007ff94a12fba3 00000188efbccc70
0x00000069760fcd88:   0000000000000000 00000000000b0000
0x00000069760fcd98:   00000000000003d8 00000188efbccc70
0x00000069760fcda8:   0000000000000000 00000188efbccc70
0x00000069760fcdb8:   0000000000000000 00000188efbccc70
0x00000069760fcdc8:   00000069760fcf88 00000188f4f9a110
0x00000069760fcdd8:   00007ff953de5a56 00000188e8e26ca8
0x00000069760fcde8:   00000069760fcf60 00000000000b0000
0x00000069760fcdf8:   0000000000000000 00000188f4f9a110
0x00000069760fce08:   00000069760fcf88 0000000000000200
0x00000069760fce18:   00007ff953db3d47 0000000000000160
0x00000069760fce28:   00000069760fce90 00000069760fce90
0x00000069760fce38:   00000069760fcf80 00000069760fcf80
0x00000069760fce48:   00000069760fcf80 00000069760fcf80
0x00000069760fce58:   00000188f6c71568 00000069760fcf80
0x00000069760fce68:   00007ff953db4c49 00000069760fce90 

Instructions: (pc=0x00007ff949d5c700)
0x00007ff949d5c600:   48 8d 05 e9 b6 81 00 48 83 c4 28 c3 48 8d 05 fd
0x00007ff949d5c610:   b6 81 00 48 83 c4 28 c3 80 3d ea 61 a6 00 00 48
0x00007ff949d5c620:   8d 0d 22 b6 81 00 48 8d 05 3b b6 81 00 48 0f 45
0x00007ff949d5c630:   c1 48 83 c4 28 c3 cc cc cc cc cc cc cc cc cc cc
0x00007ff949d5c640:   48 8d 05 c1 b5 81 00 c3 cc cc cc cc cc cc cc cc
0x00007ff949d5c650:   48 8d 05 91 b7 81 00 c3 cc cc cc cc cc cc cc cc
0x00007ff949d5c660:   48 8d 05 71 b7 81 00 c3 cc cc cc cc cc cc cc cc
0x00007ff949d5c670:   48 8d 05 b9 b5 81 00 c3 cc cc cc cc cc cc cc cc
0x00007ff949d5c680:   48 8b c2 48 8b d1 48 8b c8 e9 5e 91 81 00 cc cc
0x00007ff949d5c690:   4c 8b c9 48 3b ca 76 1b 4d 85 c0 74 45 4c 2b ca
0x00007ff949d5c6a0:   41 0f b7 04 11 66 89 02 48 8d 52 02 49 83 e8 01
0x00007ff949d5c6b0:   75 ee c3 4b 8d 04 00 48 8d 4a fe 48 03 c8 4d 85
0x00007ff949d5c6c0:   c0 74 1f 48 2b c1 4a 8d 14 08 66 0f 1f 44 00 00
0x00007ff949d5c6d0:   0f b7 44 0a fe 66 89 01 48 8d 49 fe 49 83 e8 01
0x00007ff949d5c6e0:   75 ee c3 cc cc cc cc cc cc cc cc cc cc cc cc cc
0x00007ff949d5c6f0:   4c 8b c9 48 3b ca 76 19 4d 85 c0 74 43 4c 2b ca
0x00007ff949d5c700:   41 8b 04 11 89 02 48 8d 52 04 49 83 e8 01 75 f0
0x00007ff949d5c710:   c3 4a 8d 04 85 00 00 00 00 48 8d 4a fc 48 03 c8
0x00007ff949d5c720:   4d 85 c0 74 1b 48 2b c1 4a 8d 14 08 0f 1f 40 00
0x00007ff949d5c730:   8b 44 0a fc 89 01 48 8d 49 fc 49 83 e8 01 75 f0
0x00007ff949d5c740:   c3 cc cc cc cc cc cc cc cc cc cc cc cc cc cc cc
0x00007ff949d5c750:   4c 8b c9 48 3b ca 76 1a 4d 85 c0 74 45 4c 2b ca
0x00007ff949d5c760:   49 8b 04 11 48 89 02 48 8d 52 08 49 83 e8 01 75
0x00007ff949d5c770:   ef c3 4a 8d 04 c5 00 00 00 00 48 8d 4a f8 48 03
0x00007ff949d5c780:   c8 4d 85 c0 74 1c 48 2b c1 4a 8d 14 08 0f 1f 00
0x00007ff949d5c790:   48 8b 44 0a f8 48 89 01 48 8d 49 f8 49 83 e8 01
0x00007ff949d5c7a0:   75 ee c3 cc cc cc cc cc cc cc cc cc cc cc cc cc
0x00007ff949d5c7b0:   e9 bb 39 23 00 cc cc cc cc cc cc cc cc cc cc cc
0x00007ff949d5c7c0:   4c 8b ca 49 83 f8 08 77 53 48 8d 15 30 38 ff ff
0x00007ff949d5c7d0:   42 8b 84 82 30 c8 00 00 48 03 c2 ff e0 48 8b 41
0x00007ff949d5c7e0:   38 49 89 41 38 48 8b 41 30 49 89 41 30 48 8b 41
0x00007ff949d5c7f0:   28 49 89 41 28 48 8b 41 20 49 89 41 20 48 8b 41 


Stack slot to memory mapping:
stack at sp + 0 slots: 0x00007ff94a12fba3 jvm.dll
stack at sp + 1 slots: 0x00000188efbccc70 is a thread
stack at sp + 2 slots: 0x0 is NULL
stack at sp + 3 slots: 0x00000000000b0000 is an unknown value
stack at sp + 4 slots: 0x00000000000003d8 is an unknown value
stack at sp + 5 slots: 0x00000188efbccc70 is a thread
stack at sp + 6 slots: 0x0 is NULL
stack at sp + 7 slots: 0x00000188efbccc70 is a thread


---------------  P R O C E S S  ---------------

Threads class SMR info:
_java_thread_list=0x00000188efcf5a90, length=21, elements={
0x00000188e79b9440, 0x00000188e79bbfd0, 0x00000188e79cd4c0, 0x00000188e79cdec0,
0x00000188e79ce8c0, 0x00000188e79cf2c0, 0x00000188e8408140, 0x00000188e79de940,
0x00000188e84426b0, 0x00000188e852e2d0, 0x00000188e85312a0, 0x00000188e8541a10,
0x00000188e87a8450, 0x00000188e87a8d70, 0x00000188e89ef650, 0x00000188e89f35c0,
0x00000188e89f6a20, 0x00000188efbccc70, 0x00000188efc25210, 0x00000188c4806340,
0x00000188e859db00
}

Java Threads: ( => current thread )
  0x00000188e79b9440 JavaThread "Reference Handler" daemon [_thread_blocked, id=17904, stack(0x0000006974100000,0x0000006974200000)]
  0x00000188e79bbfd0 JavaThread "Finalizer" daemon [_thread_blocked, id=28712, stack(0x0000006974200000,0x0000006974300000)]
  0x00000188e79cd4c0 JavaThread "Signal Dispatcher" daemon [_thread_blocked, id=31208, stack(0x0000006974300000,0x0000006974400000)]
  0x00000188e79cdec0 JavaThread "Attach Listener" daemon [_thread_blocked, id=27536, stack(0x0000006974400000,0x0000006974500000)]
  0x00000188e79ce8c0 JavaThread "Service Thread" daemon [_thread_blocked, id=23896, stack(0x0000006974500000,0x0000006974600000)]
  0x00000188e79cf2c0 JavaThread "Monitor Deflation Thread" daemon [_thread_blocked, id=30336, stack(0x0000006974600000,0x0000006974700000)]
  0x00000188e8408140 JavaThread "C2 CompilerThread0" daemon [_thread_blocked, id=16728, stack(0x0000006974700000,0x0000006974800000)]
  0x00000188e79de940 JavaThread "C1 CompilerThread0" daemon [_thread_blocked, id=31284, stack(0x0000006974800000,0x0000006974900000)]
  0x00000188e84426b0 JavaThread "Sweeper thread" daemon [_thread_blocked, id=30748, stack(0x0000006974900000,0x0000006974a00000)]
  0x00000188e852e2d0 JavaThread "Common-Cleaner" daemon [_thread_blocked, id=13388, stack(0x0000006974a00000,0x0000006974b00000)]
  0x00000188e85312a0 JavaThread "C1 CompilerThread1" daemon [_thread_blocked, id=25084, stack(0x0000006974b00000,0x0000006974c00000)]
  0x00000188e8541a10 JavaThread "C1 CompilerThread2" daemon [_thread_blocked, id=9188, stack(0x0000006974c00000,0x0000006974d00000)]
  0x00000188e87a8450 JavaThread "Monitor Ctrl-Break" daemon [_thread_in_native, id=18024, stack(0x0000006974f00000,0x0000006975000000)]
  0x00000188e87a8d70 JavaThread "Notification Thread" daemon [_thread_blocked, id=31172, stack(0x0000006975000000,0x0000006975100000)]
  0x00000188e89ef650 JavaThread "Java2D Disposer" daemon [_thread_blocked, id=24316, stack(0x0000006975200000,0x0000006975300000)]
  0x00000188e89f35c0 JavaThread "AWT-Shutdown" [_thread_blocked, id=3564, stack(0x0000006975300000,0x0000006975400000)]
  0x00000188e89f6a20 JavaThread "AWT-Windows" daemon [_thread_in_native, id=32740, stack(0x0000006975400000,0x0000006975500000)]
=>0x00000188efbccc70 JavaThread "AWT-EventQueue-0" [_thread_in_vm, id=19636, stack(0x0000006976000000,0x0000006976100000)]
  0x00000188efc25210 JavaThread "pool-1-thread-1" [_thread_blocked, id=5156, stack(0x0000006976100000,0x0000006976200000)]
  0x00000188c4806340 JavaThread "DestroyJavaVM" [_thread_blocked, id=2372, stack(0x0000006973a00000,0x0000006973b00000)]
  0x00000188e859db00 JavaThread "D3D Screen Updater" daemon [_thread_blocked, id=10228, stack(0x0000006976200000,0x0000006976300000)]

Other Threads:
  0x00000188e79b28e0 VMThread "VM Thread" [stack: 0x0000006974000000,0x0000006974100000] [id=96]
  0x00000188e87a96a0 WatcherThread [stack: 0x0000006975100000,0x0000006975200000] [id=2580]
  0x00000188c4852e40 GCTaskThread "GC Thread#0" [stack: 0x0000006973b00000,0x0000006973c00000] [id=14480]
  0x00000188e8ccaca0 GCTaskThread "GC Thread#1" [stack: 0x0000006976550000,0x0000006976650000] [id=15412]
  0x00000188e8ccbf00 GCTaskThread "GC Thread#2" [stack: 0x0000006976650000,0x0000006976750000] [id=10856]
  0x00000188f01d2c10 GCTaskThread "GC Thread#3" [stack: 0x0000006976750000,0x0000006976850000] [id=27740]
  0x00000188f01d0a60 GCTaskThread "GC Thread#4" [stack: 0x0000006976850000,0x0000006976950000] [id=8948]
  0x00000188f01d0750 GCTaskThread "GC Thread#5" [stack: 0x0000006976950000,0x0000006976a50000] [id=15092]
  0x00000188f01d0d70 GCTaskThread "GC Thread#6" [stack: 0x0000006976a50000,0x0000006976b50000] [id=2984]
  0x00000188f01d3b60 GCTaskThread "GC Thread#7" [stack: 0x0000006976b50000,0x0000006976c50000] [id=29028]
  0x00000188f01d1080 GCTaskThread "GC Thread#8" [stack: 0x0000006976c50000,0x0000006976d50000] [id=3516]
  0x00000188f01d2f20 GCTaskThread "GC Thread#9" [stack: 0x0000006976d50000,0x0000006976e50000] [id=29296]
  0x00000188f01d3230 GCTaskThread "GC Thread#10" [stack: 0x0000006976350000,0x0000006976450000] [id=15460]
  0x00000188c48634a0 ConcurrentGCThread "G1 Main Marker" [stack: 0x0000006973c00000,0x0000006973d00000] [id=12412]
  0x00000188c4865630 ConcurrentGCThread "G1 Conc#0" [stack: 0x0000006973d00000,0x0000006973e00000] [id=3508]
  0x00000188c48ce660 ConcurrentGCThread "G1 Refine#0" [stack: 0x0000006973e00000,0x0000006973f00000] [id=12316]
  0x00000188e7862630 ConcurrentGCThread "G1 Service" [stack: 0x0000006973f00000,0x0000006974000000] [id=6740]

Threads with active compile tasks:

VM state: not at safepoint (normal execution)

VM Mutex/Monitor currently owned by a thread: None

Heap address: 0x000000070a200000, size: 3934 MB, Compressed Oops mode: Zero based, Oop shift amount: 3

CDS archive(s) mapped at: [0x0000000800000000-0x0000000800bb0000-0x0000000800bb0000), size 12255232, SharedBaseAddress: 0x0000000800000000, ArchiveRelocationMode: 0.
Compressed class space mapped at: 0x0000000800c00000-0x0000000840c00000, reserved size: 1073741824
Narrow klass base: 0x0000000800000000, Narrow klass shift: 3, Narrow klass range: 0x100000000

GC Precious Log:
 CPUs: 16 total, 16 available
 Memory: 15731M
 Large Page Support: Disabled
 NUMA Support: Disabled
 Compressed Oops: Enabled (Zero based)
 Heap Region Size: 2M
 Heap Min Capacity: 8M
 Heap Initial Capacity: 246M
 Heap Max Capacity: 3934M
 Pre-touch: Disabled
 Parallel Workers: 13
 Concurrent Workers: 3
 Concurrent Refinement Workers: 13
 Periodic GC: Disabled

Heap:
 garbage-first heap   total 303104K, used 114901K [0x000000070a200000, 0x0000000800000000)
  region size 2048K, 4 young (8192K), 1 survivors (2048K)
 Metaspace       used 9702K, committed 9920K, reserved 1064960K
  class space    used 935K, committed 1024K, reserved 1048576K

Heap Regions: E=young(eden), S=young(survivor), O=old, HS=humongous(starts), HC=humongous(continues), CS=collection set, F=free, OA=open archive, CA=closed archive, TAMS=top-at-mark-start (previous, next)
|   0|0x000000070a200000, 0x000000070a400000, 0x000000070a400000|100%|HS|  |TAMS 0x000000070a200000, 0x000000070a400000| Complete 
|   1|0x000000070a400000, 0x000000070a600000, 0x000000070a600000|100%|HC|  |TAMS 0x000000070a400000, 0x000000070a600000| Complete 
|   2|0x000000070a600000, 0x000000070a800000, 0x000000070a800000|100%|HS|  |TAMS 0x000000070a600000, 0x000000070a800000| Complete 
|   3|0x000000070a800000, 0x000000070aa00000, 0x000000070aa00000|100%|HC|  |TAMS 0x000000070a800000, 0x000000070aa00000| Complete 
|   4|0x000000070aa00000, 0x000000070ac00000, 0x000000070ac00000|100%|HS|  |TAMS 0x000000070aa00000, 0x000000070ac00000| Complete 
|   5|0x000000070ac00000, 0x000000070ae00000, 0x000000070ae00000|100%|HS|  |TAMS 0x000000070ac00000, 0x000000070ae00000| Complete 
|   6|0x000000070ae00000, 0x000000070b000000, 0x000000070b000000|100%|HC|  |TAMS 0x000000070ae00000, 0x000000070b000000| Complete 
|   7|0x000000070b000000, 0x000000070b200000, 0x000000070b200000|100%|HS|  |TAMS 0x000000070b000000, 0x000000070b000000| Complete 
|   8|0x000000070b200000, 0x000000070b400000, 0x000000070b400000|100%|HC|  |TAMS 0x000000070b200000, 0x000000070b200000| Complete 
|   9|0x000000070b400000, 0x000000070b600000, 0x000000070b600000|100%|HC|  |TAMS 0x000000070b400000, 0x000000070b400000| Complete 
|  10|0x000000070b600000, 0x000000070b800000, 0x000000070b800000|100%|HS|  |TAMS 0x000000070b600000, 0x000000070b600000| Complete 
|  11|0x000000070b800000, 0x000000070ba00000, 0x000000070ba00000|100%|HC|  |TAMS 0x000000070b800000, 0x000000070b800000| Complete 
|  12|0x000000070ba00000, 0x000000070bc00000, 0x000000070bc00000|100%|HC|  |TAMS 0x000000070ba00000, 0x000000070ba00000| Complete 
|  13|0x000000070bc00000, 0x000000070be00000, 0x000000070be00000|100%|HS|  |TAMS 0x000000070bc00000, 0x000000070bc00000| Complete 
|  14|0x000000070be00000, 0x000000070c000000, 0x000000070c000000|100%|HC|  |TAMS 0x000000070be00000, 0x000000070be00000| Complete 
|  15|0x000000070c000000, 0x000000070c200000, 0x000000070c200000|100%|HC|  |TAMS 0x000000070c000000, 0x000000070c000000| Complete 
|  16|0x000000070c200000, 0x000000070c400000, 0x000000070c400000|100%|HS|  |TAMS 0x000000070c200000, 0x000000070c200000| Complete 
|  17|0x000000070c400000, 0x000000070c600000, 0x000000070c600000|100%|HC|  |TAMS 0x000000070c400000, 0x000000070c400000| Complete 
|  18|0x000000070c600000, 0x000000070c800000, 0x000000070c800000|100%|HC|  |TAMS 0x000000070c600000, 0x000000070c600000| Complete 
|  19|0x000000070c800000, 0x000000070ca00000, 0x000000070ca00000|100%|HS|  |TAMS 0x000000070c800000, 0x000000070c800000| Complete 
|  20|0x000000070ca00000, 0x000000070cc00000, 0x000000070cc00000|100%|HC|  |TAMS 0x000000070ca00000, 0x000000070ca00000| Complete 
|  21|0x000000070cc00000, 0x000000070ce00000, 0x000000070ce00000|100%|HC|  |TAMS 0x000000070cc00000, 0x000000070cc00000| Complete 
|  22|0x000000070ce00000, 0x000000070d000000, 0x000000070d000000|100%|HS|  |TAMS 0x000000070ce00000, 0x000000070ce00000| Complete 
|  23|0x000000070d000000, 0x000000070d200000, 0x000000070d200000|100%|HC|  |TAMS 0x000000070d000000, 0x000000070d000000| Complete 
|  24|0x000000070d200000, 0x000000070d400000, 0x000000070d400000|100%|HC|  |TAMS 0x000000070d200000, 0x000000070d200000| Complete 
|  25|0x000000070d400000, 0x000000070d600000, 0x000000070d600000|100%|HS|  |TAMS 0x000000070d400000, 0x000000070d400000| Complete 
|  26|0x000000070d600000, 0x000000070d800000, 0x000000070d800000|100%|HC|  |TAMS 0x000000070d600000, 0x000000070d600000| Complete 
|  27|0x000000070d800000, 0x000000070da00000, 0x000000070da00000|100%|HC|  |TAMS 0x000000070d800000, 0x000000070d800000| Complete 
|  28|0x000000070da00000, 0x000000070dc00000, 0x000000070dc00000|100%|HS|  |TAMS 0x000000070da00000, 0x000000070da00000| Complete 
|  29|0x000000070dc00000, 0x000000070de00000, 0x000000070de00000|100%|HC|  |TAMS 0x000000070dc00000, 0x000000070dc00000| Complete 
|  30|0x000000070de00000, 0x000000070e000000, 0x000000070e000000|100%|HC|  |TAMS 0x000000070de00000, 0x000000070de00000| Complete 
|  31|0x000000070e000000, 0x000000070e200000, 0x000000070e200000|100%|HS|  |TAMS 0x000000070e000000, 0x000000070e000000| Complete 
|  32|0x000000070e200000, 0x000000070e400000, 0x000000070e400000|100%|HC|  |TAMS 0x000000070e200000, 0x000000070e200000| Complete 
|  33|0x000000070e400000, 0x000000070e600000, 0x000000070e600000|100%|HC|  |TAMS 0x000000070e400000, 0x000000070e400000| Complete 
|  34|0x000000070e600000, 0x000000070e800000, 0x000000070e800000|100%|HS|  |TAMS 0x000000070e600000, 0x000000070e600000| Complete 
|  35|0x000000070e800000, 0x000000070ea00000, 0x000000070ea00000|100%|HC|  |TAMS 0x000000070e800000, 0x000000070e800000| Complete 
|  36|0x000000070ea00000, 0x000000070ea00000, 0x000000070ec00000|  0%| F|  |TAMS 0x000000070ea00000, 0x000000070ea00000| Untracked 
|  37|0x000000070ec00000, 0x000000070ec00000, 0x000000070ee00000|  0%| F|  |TAMS 0x000000070ec00000, 0x000000070ec00000| Untracked 
|  38|0x000000070ee00000, 0x000000070ee00000, 0x000000070f000000|  0%| F|  |TAMS 0x000000070ee00000, 0x000000070ee00000| Untracked 
|  39|0x000000070f000000, 0x000000070f000000, 0x000000070f200000|  0%| F|  |TAMS 0x000000070f000000, 0x000000070f000000| Untracked 
|  40|0x000000070f200000, 0x000000070f200000, 0x000000070f400000|  0%| F|  |TAMS 0x000000070f200000, 0x000000070f200000| Untracked 
|  41|0x000000070f400000, 0x000000070f400000, 0x000000070f600000|  0%| F|  |TAMS 0x000000070f400000, 0x000000070f400000| Untracked 
|  42|0x000000070f600000, 0x000000070f600000, 0x000000070f800000|  0%| F|  |TAMS 0x000000070f600000, 0x000000070f600000| Untracked 
|  43|0x000000070f800000, 0x000000070f800000, 0x000000070fa00000|  0%| F|  |TAMS 0x000000070f800000, 0x000000070f800000| Untracked 
|  44|0x000000070fa00000, 0x000000070fa00000, 0x000000070fc00000|  0%| F|  |TAMS 0x000000070fa00000, 0x000000070fa00000| Untracked 
|  45|0x000000070fc00000, 0x000000070fc00000, 0x000000070fe00000|  0%| F|  |TAMS 0x000000070fc00000, 0x000000070fc00000| Untracked 
|  46|0x000000070fe00000, 0x000000070fe00000, 0x0000000710000000|  0%| F|  |TAMS 0x000000070fe00000, 0x000000070fe00000| Untracked 
|  47|0x0000000710000000, 0x0000000710000000, 0x0000000710200000|  0%| F|  |TAMS 0x0000000710000000, 0x0000000710000000| Untracked 
|  48|0x0000000710200000, 0x0000000710200000, 0x0000000710400000|  0%| F|  |TAMS 0x0000000710200000, 0x0000000710200000| Untracked 
|  49|0x0000000710400000, 0x0000000710600000, 0x0000000710600000|100%|HS|  |TAMS 0x0000000710400000, 0x0000000710600000| Complete 
|  50|0x0000000710600000, 0x0000000710800000, 0x0000000710800000|100%|HC|  |TAMS 0x0000000710600000, 0x0000000710800000| Complete 
|  51|0x0000000710800000, 0x0000000710a00000, 0x0000000710a00000|100%|HC|  |TAMS 0x0000000710800000, 0x0000000710a00000| Complete 
|  52|0x0000000710a00000, 0x0000000710c00000, 0x0000000710c00000|100%|HS|  |TAMS 0x0000000710a00000, 0x0000000710c00000| Complete 
|  53|0x0000000710c00000, 0x0000000710e00000, 0x0000000710e00000|100%|HC|  |TAMS 0x0000000710c00000, 0x0000000710e00000| Complete 
|  54|0x0000000710e00000, 0x0000000711000000, 0x0000000711000000|100%|HC|  |TAMS 0x0000000710e00000, 0x0000000711000000| Complete 
|  55|0x0000000711000000, 0x0000000711200000, 0x0000000711200000|100%| O|  |TAMS 0x0000000711000000, 0x0000000711200000| Untracked 
|  56|0x0000000711200000, 0x0000000711400000, 0x0000000711400000|100%| O|  |TAMS 0x0000000711200000, 0x0000000711400000| Untracked 
|  57|0x0000000711400000, 0x0000000711458200, 0x0000000711600000| 17%| O|  |TAMS 0x0000000711400000, 0x0000000711458200| Untracked 
|  58|0x0000000711600000, 0x0000000711800000, 0x0000000711800000|100%|HS|  |TAMS 0x0000000711600000, 0x0000000711800000| Complete 
|  59|0x0000000711800000, 0x0000000711a00000, 0x0000000711a00000|100%|HC|  |TAMS 0x0000000711800000, 0x0000000711a00000| Complete 
|  60|0x0000000711a00000, 0x0000000711c00000, 0x0000000711c00000|100%|HC|  |TAMS 0x0000000711a00000, 0x0000000711c00000| Complete 
|  61|0x0000000711c00000, 0x0000000711e00000, 0x0000000711e00000|100%|HS|  |TAMS 0x0000000711c00000, 0x0000000711e00000| Complete 
|  62|0x0000000711e00000, 0x0000000712000000, 0x0000000712000000|100%|HC|  |TAMS 0x0000000711e00000, 0x0000000712000000| Complete 
|  63|0x0000000712000000, 0x0000000712200000, 0x0000000712200000|100%|HC|  |TAMS 0x0000000712000000, 0x0000000712200000| Complete 
|  64|0x0000000712200000, 0x0000000712400000, 0x0000000712400000|100%|HS|  |TAMS 0x0000000712200000, 0x0000000712400000| Complete 
|  65|0x0000000712400000, 0x0000000712600000, 0x0000000712600000|100%|HC|  |TAMS 0x0000000712400000, 0x0000000712600000| Complete 
|  66|0x0000000712600000, 0x0000000712800000, 0x0000000712800000|100%|HC|  |TAMS 0x0000000712600000, 0x0000000712800000| Complete 
|  67|0x0000000712800000, 0x0000000712800000, 0x0000000712a00000|  0%| F|  |TAMS 0x0000000712800000, 0x0000000712800000| Untracked 
|  68|0x0000000712a00000, 0x0000000712a00000, 0x0000000712c00000|  0%| F|  |TAMS 0x0000000712a00000, 0x0000000712a00000| Untracked 
|  69|0x0000000712c00000, 0x0000000712c00000, 0x0000000712e00000|  0%| F|  |TAMS 0x0000000712c00000, 0x0000000712c00000| Untracked 
|  70|0x0000000712e00000, 0x0000000712e00000, 0x0000000713000000|  0%| F|  |TAMS 0x0000000712e00000, 0x0000000712e00000| Untracked 
|  71|0x0000000713000000, 0x0000000713000000, 0x0000000713200000|  0%| F|  |TAMS 0x0000000713000000, 0x0000000713000000| Untracked 
|  72|0x0000000713200000, 0x0000000713200000, 0x0000000713400000|  0%| F|  |TAMS 0x0000000713200000, 0x0000000713200000| Untracked 
|  73|0x0000000713400000, 0x0000000713400000, 0x0000000713600000|  0%| F|  |TAMS 0x0000000713400000, 0x0000000713400000| Untracked 
|  74|0x0000000713600000, 0x0000000713600000, 0x0000000713800000|  0%| F|  |TAMS 0x0000000713600000, 0x0000000713600000| Untracked 
|  75|0x0000000713800000, 0x0000000713800000, 0x0000000713a00000|  0%| F|  |TAMS 0x0000000713800000, 0x0000000713800000| Untracked 
|  76|0x0000000713a00000, 0x0000000713a00000, 0x0000000713c00000|  0%| F|  |TAMS 0x0000000713a00000, 0x0000000713a00000| Untracked 
|  77|0x0000000713c00000, 0x0000000713c00000, 0x0000000713e00000|  0%| F|  |TAMS 0x0000000713c00000, 0x0000000713c00000| Untracked 
|  78|0x0000000713e00000, 0x0000000713e00000, 0x0000000714000000|  0%| F|  |TAMS 0x0000000713e00000, 0x0000000713e00000| Untracked 
|  79|0x0000000714000000, 0x0000000714000000, 0x0000000714200000|  0%| F|  |TAMS 0x0000000714000000, 0x0000000714000000| Untracked 
|  80|0x0000000714200000, 0x0000000714200000, 0x0000000714400000|  0%| F|  |TAMS 0x0000000714200000, 0x0000000714200000| Untracked 
|  81|0x0000000714400000, 0x0000000714400000, 0x0000000714600000|  0%| F|  |TAMS 0x0000000714400000, 0x0000000714400000| Untracked 
|  82|0x0000000714600000, 0x0000000714600000, 0x0000000714800000|  0%| F|  |TAMS 0x0000000714600000, 0x0000000714600000| Untracked 
|  83|0x0000000714800000, 0x0000000714800000, 0x0000000714a00000|  0%| F|  |TAMS 0x0000000714800000, 0x0000000714800000| Untracked 
|  84|0x0000000714a00000, 0x0000000714a00000, 0x0000000714c00000|  0%| F|  |TAMS 0x0000000714a00000, 0x0000000714a00000| Untracked 
|  85|0x0000000714c00000, 0x0000000714c00000, 0x0000000714e00000|  0%| F|  |TAMS 0x0000000714c00000, 0x0000000714c00000| Untracked 
|  86|0x0000000714e00000, 0x0000000714e00000, 0x0000000715000000|  0%| F|  |TAMS 0x0000000714e00000, 0x0000000714e00000| Untracked 
|  87|0x0000000715000000, 0x0000000715000000, 0x0000000715200000|  0%| F|  |TAMS 0x0000000715000000, 0x0000000715000000| Untracked 
|  88|0x0000000715200000, 0x0000000715200000, 0x0000000715400000|  0%| F|  |TAMS 0x0000000715200000, 0x0000000715200000| Untracked 
|  89|0x0000000715400000, 0x0000000715400000, 0x0000000715600000|  0%| F|  |TAMS 0x0000000715400000, 0x0000000715400000| Untracked 
|  90|0x0000000715600000, 0x0000000715600000, 0x0000000715800000|  0%| F|  |TAMS 0x0000000715600000, 0x0000000715600000| Untracked 
|  91|0x0000000715800000, 0x0000000715800000, 0x0000000715a00000|  0%| F|  |TAMS 0x0000000715800000, 0x0000000715800000| Untracked 
|  92|0x0000000715a00000, 0x0000000715a00000, 0x0000000715c00000|  0%| F|  |TAMS 0x0000000715a00000, 0x0000000715a00000| Untracked 
|  93|0x0000000715c00000, 0x0000000715c00000, 0x0000000715e00000|  0%| F|  |TAMS 0x0000000715c00000, 0x0000000715c00000| Untracked 
|  94|0x0000000715e00000, 0x0000000715e00000, 0x0000000716000000|  0%| F|  |TAMS 0x0000000715e00000, 0x0000000715e00000| Untracked 
|  95|0x0000000716000000, 0x0000000716000000, 0x0000000716200000|  0%| F|  |TAMS 0x0000000716000000, 0x0000000716000000| Untracked 
|  96|0x0000000716200000, 0x0000000716200000, 0x0000000716400000|  0%| F|  |TAMS 0x0000000716200000, 0x0000000716200000| Untracked 
|  97|0x0000000716400000, 0x0000000716400000, 0x0000000716600000|  0%| F|  |TAMS 0x0000000716400000, 0x0000000716400000| Untracked 
|  98|0x0000000716600000, 0x0000000716600000, 0x0000000716800000|  0%| F|  |TAMS 0x0000000716600000, 0x0000000716600000| Untracked 
|  99|0x0000000716800000, 0x0000000716800000, 0x0000000716a00000|  0%| F|  |TAMS 0x0000000716800000, 0x0000000716800000| Untracked 
| 100|0x0000000716a00000, 0x0000000716a00000, 0x0000000716c00000|  0%| F|  |TAMS 0x0000000716a00000, 0x0000000716a00000| Untracked 
| 101|0x0000000716c00000, 0x0000000716c00000, 0x0000000716e00000|  0%| F|  |TAMS 0x0000000716c00000, 0x0000000716c00000| Untracked 
| 102|0x0000000716e00000, 0x0000000716e00000, 0x0000000717000000|  0%| F|  |TAMS 0x0000000716e00000, 0x0000000716e00000| Untracked 
| 103|0x0000000717000000, 0x0000000717000000, 0x0000000717200000|  0%| F|  |TAMS 0x0000000717000000, 0x0000000717000000| Untracked 
| 104|0x0000000717200000, 0x0000000717200000, 0x0000000717400000|  0%| F|  |TAMS 0x0000000717200000, 0x0000000717200000| Untracked 
| 105|0x0000000717400000, 0x0000000717400000, 0x0000000717600000|  0%| F|  |TAMS 0x0000000717400000, 0x0000000717400000| Untracked 
| 106|0x0000000717600000, 0x0000000717600000, 0x0000000717800000|  0%| F|  |TAMS 0x0000000717600000, 0x0000000717600000| Untracked 
| 107|0x0000000717800000, 0x0000000717800000, 0x0000000717a00000|  0%| F|  |TAMS 0x0000000717800000, 0x0000000717800000| Untracked 
| 108|0x0000000717a00000, 0x0000000717a00000, 0x0000000717c00000|  0%| F|  |TAMS 0x0000000717a00000, 0x0000000717a00000| Untracked 
| 109|0x0000000717c00000, 0x0000000717c00000, 0x0000000717e00000|  0%| F|  |TAMS 0x0000000717c00000, 0x0000000717c00000| Untracked 
| 110|0x0000000717e00000, 0x0000000717e00000, 0x0000000718000000|  0%| F|  |TAMS 0x0000000717e00000, 0x0000000717e00000| Untracked 
| 111|0x0000000718000000, 0x0000000718000000, 0x0000000718200000|  0%| F|  |TAMS 0x0000000718000000, 0x0000000718000000| Untracked 
| 112|0x0000000718200000, 0x0000000718200000, 0x0000000718400000|  0%| F|  |TAMS 0x0000000718200000, 0x0000000718200000| Untracked 
| 113|0x0000000718400000, 0x0000000718400000, 0x0000000718600000|  0%| F|  |TAMS 0x0000000718400000, 0x0000000718400000| Untracked 
| 114|0x0000000718600000, 0x0000000718600000, 0x0000000718800000|  0%| F|  |TAMS 0x0000000718600000, 0x0000000718600000| Untracked 
| 115|0x0000000718800000, 0x0000000718800000, 0x0000000718a00000|  0%| F|  |TAMS 0x0000000718800000, 0x0000000718800000| Untracked 
| 116|0x0000000718a00000, 0x0000000718a00000, 0x0000000718c00000|  0%| F|  |TAMS 0x0000000718a00000, 0x0000000718a00000| Untracked 
| 117|0x0000000718c00000, 0x0000000718c00000, 0x0000000718e00000|  0%| F|  |TAMS 0x0000000718c00000, 0x0000000718c00000| Untracked 
| 118|0x0000000718e00000, 0x0000000718e00000, 0x0000000719000000|  0%| F|  |TAMS 0x0000000718e00000, 0x0000000718e00000| Untracked 
| 119|0x0000000719000000, 0x0000000719000000, 0x0000000719200000|  0%| F|  |TAMS 0x0000000719000000, 0x0000000719000000| Untracked 
| 120|0x0000000719200000, 0x0000000719200000, 0x0000000719400000|  0%| F|  |TAMS 0x0000000719200000, 0x0000000719200000| Untracked 
| 121|0x0000000719400000, 0x0000000719400000, 0x0000000719600000|  0%| F|  |TAMS 0x0000000719400000, 0x0000000719400000| Untracked 
| 122|0x0000000719600000, 0x0000000719600000, 0x0000000719800000|  0%| F|  |TAMS 0x0000000719600000, 0x0000000719600000| Untracked 
| 123|0x0000000719800000, 0x0000000719800000, 0x0000000719a00000|  0%| F|  |TAMS 0x0000000719800000, 0x0000000719800000| Untracked 
| 124|0x0000000719a00000, 0x0000000719a00000, 0x0000000719c00000|  0%| F|  |TAMS 0x0000000719a00000, 0x0000000719a00000| Untracked 
| 125|0x0000000719c00000, 0x0000000719c00000, 0x0000000719e00000|  0%| F|  |TAMS 0x0000000719c00000, 0x0000000719c00000| Untracked 
| 126|0x0000000719e00000, 0x0000000719e00000, 0x000000071a000000|  0%| F|  |TAMS 0x0000000719e00000, 0x0000000719e00000| Untracked 
| 127|0x000000071a000000, 0x000000071a000000, 0x000000071a200000|  0%| F|  |TAMS 0x000000071a000000, 0x000000071a000000| Untracked 
| 128|0x000000071a200000, 0x000000071a200000, 0x000000071a400000|  0%| F|  |TAMS 0x000000071a200000, 0x000000071a200000| Untracked 
| 129|0x000000071a400000, 0x000000071a400000, 0x000000071a600000|  0%| F|  |TAMS 0x000000071a400000, 0x000000071a400000| Untracked 
| 130|0x000000071a600000, 0x000000071a600000, 0x000000071a800000|  0%| F|  |TAMS 0x000000071a600000, 0x000000071a600000| Untracked 
| 131|0x000000071a800000, 0x000000071a800000, 0x000000071aa00000|  0%| F|  |TAMS 0x000000071a800000, 0x000000071a800000| Untracked 
| 132|0x000000071aa00000, 0x000000071aa00000, 0x000000071ac00000|  0%| F|  |TAMS 0x000000071aa00000, 0x000000071aa00000| Untracked 
| 133|0x000000071ac00000, 0x000000071ac00000, 0x000000071ae00000|  0%| F|  |TAMS 0x000000071ac00000, 0x000000071ac00000| Untracked 
| 134|0x000000071ae00000, 0x000000071ae00000, 0x000000071b000000|  0%| F|  |TAMS 0x000000071ae00000, 0x000000071ae00000| Untracked 
| 135|0x000000071b000000, 0x000000071b000000, 0x000000071b200000|  0%| F|  |TAMS 0x000000071b000000, 0x000000071b000000| Untracked 
| 136|0x000000071b200000, 0x000000071b200000, 0x000000071b400000|  0%| F|  |TAMS 0x000000071b200000, 0x000000071b200000| Untracked 
| 137|0x000000071b400000, 0x000000071b400000, 0x000000071b600000|  0%| F|  |TAMS 0x000000071b400000, 0x000000071b400000| Untracked 
| 138|0x000000071b600000, 0x000000071b600000, 0x000000071b800000|  0%| F|  |TAMS 0x000000071b600000, 0x000000071b600000| Untracked 
| 139|0x000000071b800000, 0x000000071b800000, 0x000000071ba00000|  0%| F|  |TAMS 0x000000071b800000, 0x000000071b800000| Untracked 
| 140|0x000000071ba00000, 0x000000071ba00000, 0x000000071bc00000|  0%| F|  |TAMS 0x000000071ba00000, 0x000000071ba00000| Untracked 
| 141|0x000000071bc00000, 0x000000071bc00000, 0x000000071be00000|  0%| F|  |TAMS 0x000000071bc00000, 0x000000071bc00000| Untracked 
| 142|0x000000071be00000, 0x000000071be00000, 0x000000071c000000|  0%| F|  |TAMS 0x000000071be00000, 0x000000071be00000| Untracked 
| 143|0x000000071c000000, 0x000000071c000000, 0x000000071c200000|  0%| F|  |TAMS 0x000000071c000000, 0x000000071c000000| Untracked 
| 144|0x000000071c200000, 0x000000071c400000, 0x000000071c400000|100%| E|  |TAMS 0x000000071c200000, 0x000000071c200000| Complete 
| 145|0x000000071c400000, 0x000000071c5dd340, 0x000000071c600000| 93%| S|CS|TAMS 0x000000071c400000, 0x000000071c400000| Complete 
| 146|0x000000071c600000, 0x000000071c800000, 0x000000071c800000|100%| E|CS|TAMS 0x000000071c600000, 0x000000071c600000| Complete 
| 147|0x000000071c800000, 0x000000071ca00000, 0x000000071ca00000|100%| E|CS|TAMS 0x000000071c800000, 0x000000071c800000| Complete 

Card table byte_map: [0x00000188dbfa0000,0x00000188dc750000] _byte_map_base: 0x00000188d874f000

Marking Bits (Prev, Next): (CMBitMap*) 0x00000188c48533b0, (CMBitMap*) 0x00000188c48533f0
 Prev Bits: [0x00000188dcf00000, 0x00000188e0c78000)
 Next Bits: [0x00000188e0c80000, 0x00000188e49f8000)

Polling page: 0x00000188c2730000

Metaspace:

Usage:
  Non-class:      8.56 MB used.
      Class:    935.91 KB used.
       Both:      9.48 MB used.

Virtual space:
  Non-class space:       16.00 MB reserved,       8.69 MB ( 54%) committed,  2 nodes.
      Class space:        1.00 GB reserved,       1.00 MB ( <1%) committed,  1 nodes.
              Both:        1.02 GB reserved,       9.69 MB ( <1%) committed. 

Chunk freelists:
   Non-Class:  2.97 MB
       Class:  3.02 MB
        Both:  5.98 MB

MaxMetaspaceSize: 17179869184.00 GB
CompressedClassSpaceSize: 1.00 GB
 - commit_granule_bytes: 65536.
 - commit_granule_words: 8192.
 - virtual_space_node_default_size: 1048576.
 - enlarge_chunks_in_place: 1.
 - new_chunks_are_fully_committed: 0.
 - uncommit_free_chunks: 1.
 - use_allocation_guard: 0.
 - handle_deallocations: 1.


Internal statistics:

num_allocs_failed_limit: 0.
num_arena_births: 122.
num_arena_deaths: 0.
num_vsnodes_births: 3.
num_vsnodes_deaths: 0.
num_space_committed: 155.
num_space_uncommitted: 0.
num_chunks_returned_to_freelist: 0.
num_chunks_taken_from_freelist: 174.
num_chunk_merges: 0.
num_chunk_splits: 103.
num_chunks_enlarged: 55.
num_purges: 0.

CodeHeap 'non-profiled nmethods': size=119168Kb used=804Kb max_used=804Kb free=118363Kb
 bounds [0x00000188d3b10000, 0x00000188d3d80000, 0x00000188daf70000]
CodeHeap 'profiled nmethods': size=119104Kb used=3702Kb max_used=3702Kb free=115401Kb
 bounds [0x00000188cc6c0000, 0x00000188cca60000, 0x00000188d3b10000]
CodeHeap 'non-nmethods': size=7488Kb used=2433Kb max_used=2492Kb free=5054Kb
 bounds [0x00000188cbf70000, 0x00000188cc1f0000, 0x00000188cc6c0000]
 total_blobs=2728 nmethods=2091 adapters=548
 compilation: enabled
              stopped_count=0, restarted_count=0
 full_count=0

Compilation events (20 events):
Event: 6.760 Thread 0x00000188e79de940 nmethod 2079 0x00000188cca59010 code [0x00000188cca591e0, 0x00000188cca59608]
Event: 6.760 Thread 0x00000188e79de940 2081       3       sun.awt.image.BufImgSurfaceData::createDataIC (75 bytes)
Event: 6.761 Thread 0x00000188e79de940 nmethod 2081 0x00000188cca59810 code [0x00000188cca59a40, 0x00000188cca5a418]
Event: 6.765 Thread 0x00000188e8408140 nmethod 2078% 0x00000188d3bd6c10 code [0x00000188d3bd6dc0, 0x00000188d3bd7bd8]
Event: 6.787 Thread 0x00000188e85312a0 2082       3       java.util.concurrent.locks.AbstractQueuedSynchronizer$ConditionObject::canReacquire (28 bytes)
Event: 6.787 Thread 0x00000188e85312a0 nmethod 2082 0x00000188cca5a790 code [0x00000188cca5a940, 0x00000188cca5ac98]
Event: 6.808 Thread 0x00000188e85312a0 2083       3       sun.java2d.pipe.Region::getIntersection (21 bytes)
Event: 6.809 Thread 0x00000188e85312a0 nmethod 2083 0x00000188cca5ae10 code [0x00000188cca5afc0, 0x00000188cca5b128]
Event: 6.811 Thread 0x00000188e8408140 2084  s    4       sun.java2d.loops.GraphicsPrimitiveMgr::locatePrim (95 bytes)
Event: 6.817 Thread 0x00000188e8408140 nmethod 2084 0x00000188d3bd8090 code [0x00000188d3bd8240, 0x00000188d3bd8a58]
Event: 6.914 Thread 0x00000188e79de940 2085       3       sun.java2d.SurfaceData::canRenderParallelograms (137 bytes)
Event: 6.914 Thread 0x00000188e85312a0 2086       3       sun.java2d.SurfaceData::getTextPipe (120 bytes)
Event: 6.915 Thread 0x00000188e85312a0 nmethod 2086 0x00000188cca5b210 code [0x00000188cca5b420, 0x00000188cca5b8e8]
Event: 6.915 Thread 0x00000188e79de940 nmethod 2085 0x00000188cca5ba10 code [0x00000188cca5bc20, 0x00000188cca5c458]
Event: 6.930 Thread 0x00000188e79de940 2087       3       java.util.concurrent.TimeUnit::toNanos (45 bytes)
Event: 6.930 Thread 0x00000188e8541a10 2088       1       java.util.concurrent.ThreadPoolExecutor::getQueue (5 bytes)
Event: 6.930 Thread 0x00000188e85312a0 2089       3       java.util.concurrent.ThreadPoolExecutor::workerCountOf (5 bytes)
Event: 6.930 Thread 0x00000188e8541a10 nmethod 2088 0x00000188d3bd9090 code [0x00000188d3bd9220, 0x00000188d3bd92f8]
Event: 6.930 Thread 0x00000188e79de940 nmethod 2087 0x00000188cca5c610 code [0x00000188cca5c7c0, 0x00000188cca5ca38]
Event: 6.930 Thread 0x00000188e85312a0 nmethod 2089 0x00000188cca5cb10 code [0x00000188cca5cca0, 0x00000188cca5cd98]

GC Heap History (20 events):
Event: 2.865 GC heap before
{Heap before GC invocations=2 (full 0):
 garbage-first heap   total 251904K, used 116138K [0x000000070a200000, 0x0000000800000000)
  region size 2048K, 4 young (8192K), 1 survivors (2048K)
 Metaspace       used 9337K, committed 9536K, reserved 1064960K
  class space    used 930K, committed 1024K, reserved 1048576K
}
Event: 2.866 GC heap after
{Heap after GC invocations=3 (full 0):
 garbage-first heap   total 251904K, used 112133K [0x000000070a200000, 0x0000000800000000)
  region size 2048K, 1 young (2048K), 1 survivors (2048K)
 Metaspace       used 9337K, committed 9536K, reserved 1064960K
  class space    used 930K, committed 1024K, reserved 1048576K
}
Event: 2.918 GC heap before
{Heap before GC invocations=3 (full 0):
 garbage-first heap   total 251904K, used 120325K [0x000000070a200000, 0x0000000800000000)
  region size 2048K, 3 young (6144K), 1 survivors (2048K)
 Metaspace       used 9338K, committed 9536K, reserved 1064960K
  class space    used 930K, committed 1024K, reserved 1048576K
}
Event: 2.919 GC heap after
{Heap after GC invocations=4 (full 0):
 garbage-first heap   total 251904K, used 26055K [0x000000070a200000, 0x0000000800000000)
  region size 2048K, 1 young (2048K), 1 survivors (2048K)
 Metaspace       used 9338K, committed 9536K, reserved 1064960K
  class space    used 930K, committed 1024K, reserved 1048576K
}
Event: 3.646 GC heap before
{Heap before GC invocations=4 (full 0):
 garbage-first heap   total 251904K, used 118215K [0x000000070a200000, 0x0000000800000000)
  region size 2048K, 5 young (10240K), 1 survivors (2048K)
 Metaspace       used 9419K, committed 9600K, reserved 1064960K
  class space    used 930K, committed 1024K, reserved 1048576K
}
Event: 3.647 GC heap after
{Heap after GC invocations=5 (full 0):
 garbage-first heap   total 251904K, used 105927K [0x000000070a200000, 0x0000000800000000)
  region size 2048K, 1 young (2048K), 1 survivors (2048K)
 Metaspace       used 9419K, committed 9600K, reserved 1064960K
  class space    used 930K, committed 1024K, reserved 1048576K
}
Event: 3.697 GC heap before
{Heap before GC invocations=5 (full 0):
 garbage-first heap   total 251904K, used 112071K [0x000000070a200000, 0x0000000800000000)
  region size 2048K, 2 young (4096K), 1 survivors (2048K)
 Metaspace       used 9422K, committed 9664K, reserved 1064960K
  class space    used 930K, committed 1024K, reserved 1048576K
}
Event: 3.698 GC heap after
{Heap after GC invocations=6 (full 0):
 garbage-first heap   total 251904K, used 26062K [0x000000070a200000, 0x0000000800000000)
  region size 2048K, 1 young (2048K), 1 survivors (2048K)
 Metaspace       used 9422K, committed 9664K, reserved 1064960K
  class space    used 930K, committed 1024K, reserved 1048576K
}
Event: 4.415 GC heap before
{Heap before GC invocations=6 (full 0):
 garbage-first heap   total 251904K, used 116174K [0x000000070a200000, 0x0000000800000000)
  region size 2048K, 4 young (8192K), 1 survivors (2048K)
 Metaspace       used 9445K, committed 9664K, reserved 1064960K
  class space    used 930K, committed 1024K, reserved 1048576K
}
Event: 4.416 GC heap after
{Heap after GC invocations=7 (full 0):
 garbage-first heap   total 251904K, used 105931K [0x000000070a200000, 0x0000000800000000)
  region size 2048K, 1 young (2048K), 1 survivors (2048K)
 Metaspace       used 9445K, committed 9664K, reserved 1064960K
  class space    used 930K, committed 1024K, reserved 1048576K
}
Event: 4.467 GC heap before
{Heap before GC invocations=7 (full 0):
 garbage-first heap   total 251904K, used 114123K [0x000000070a200000, 0x0000000800000000)
  region size 2048K, 3 young (6144K), 1 survivors (2048K)
 Metaspace       used 9459K, committed 9664K, reserved 1064960K
  class space    used 930K, committed 1024K, reserved 1048576K
}
Event: 4.468 GC heap after
{Heap after GC invocations=8 (full 0):
 garbage-first heap   total 251904K, used 26054K [0x000000070a200000, 0x0000000800000000)
  region size 2048K, 1 young (2048K), 1 survivors (2048K)
 Metaspace       used 9459K, committed 9664K, reserved 1064960K
  class space    used 930K, committed 1024K, reserved 1048576K
}
Event: 5.194 GC heap before
{Heap before GC invocations=8 (full 0):
 garbage-first heap   total 251904K, used 116166K [0x000000070a200000, 0x0000000800000000)
  region size 2048K, 4 young (8192K), 1 survivors (2048K)
 Metaspace       used 9533K, committed 9728K, reserved 1064960K
  class space    used 930K, committed 1024K, reserved 1048576K
}
Event: 5.195 GC heap after
{Heap after GC invocations=9 (full 0):
 garbage-first heap   total 303104K, used 105922K [0x000000070a200000, 0x0000000800000000)
  region size 2048K, 1 young (2048K), 1 survivors (2048K)
 Metaspace       used 9533K, committed 9728K, reserved 1064960K
  class space    used 930K, committed 1024K, reserved 1048576K
}
Event: 5.455 GC heap before
{Heap before GC invocations=9 (full 0):
 garbage-first heap   total 303104K, used 138690K [0x000000070a200000, 0x0000000800000000)
  region size 2048K, 3 young (6144K), 1 survivors (2048K)
 Metaspace       used 9551K, committed 9792K, reserved 1064960K
  class space    used 930K, committed 1024K, reserved 1048576K
}
Event: 5.456 GC heap after
{Heap after GC invocations=10 (full 0):
 garbage-first heap   total 303104K, used 50640K [0x000000070a200000, 0x0000000800000000)
  region size 2048K, 1 young (2048K), 1 survivors (2048K)
 Metaspace       used 9551K, committed 9792K, reserved 1064960K
  class space    used 930K, committed 1024K, reserved 1048576K
}
Event: 6.228 GC heap before
{Heap before GC invocations=10 (full 0):
 garbage-first heap   total 303104K, used 140752K [0x000000070a200000, 0x0000000800000000)
  region size 2048K, 4 young (8192K), 1 survivors (2048K)
 Metaspace       used 9656K, committed 9856K, reserved 1064960K
  class space    used 934K, committed 1024K, reserved 1048576K
}
Event: 6.230 GC heap after
{Heap after GC invocations=11 (full 0):
 garbage-first heap   total 303104K, used 106652K [0x000000070a200000, 0x0000000800000000)
  region size 2048K, 1 young (2048K), 1 survivors (2048K)
 Metaspace       used 9656K, committed 9856K, reserved 1064960K
  class space    used 934K, committed 1024K, reserved 1048576K
}
Event: 6.500 GC heap before
{Heap before GC invocations=11 (full 0):
 garbage-first heap   total 303104K, used 139420K [0x000000070a200000, 0x0000000800000000)
  region size 2048K, 3 young (6144K), 1 survivors (2048K)
 Metaspace       used 9667K, committed 9856K, reserved 1064960K
  class space    used 935K, committed 1024K, reserved 1048576K
}
Event: 6.501 GC heap after
{Heap after GC invocations=12 (full 0):
 garbage-first heap   total 303104K, used 51413K [0x000000070a200000, 0x0000000800000000)
  region size 2048K, 1 young (2048K), 1 survivors (2048K)
 Metaspace       used 9667K, committed 9856K, reserved 1064960K
  class space    used 935K, committed 1024K, reserved 1048576K
}

Deoptimization events (20 events):
Event: 1.894 Thread 0x00000188efbccc70 DEOPT PACKING pc=0x00000188d3b5f938 sp=0x00000069760fd9d0
Event: 1.894 Thread 0x00000188efbccc70 DEOPT UNPACKING pc=0x00000188cbfbd72e sp=0x00000069760fd968 mode 2
Event: 1.937 Thread 0x00000188efbccc70 DEOPT PACKING pc=0x00000188cc89fec0 sp=0x00000069760fdad0
Event: 1.937 Thread 0x00000188efbccc70 DEOPT UNPACKING pc=0x00000188cbfbdece sp=0x00000069760fcf08 mode 0
Event: 2.051 Thread 0x00000188efbccc70 DEOPT PACKING pc=0x00000188cc946035 sp=0x00000069760fde00
Event: 2.051 Thread 0x00000188efbccc70 DEOPT UNPACKING pc=0x00000188cbfbdece sp=0x00000069760fd298 mode 0
Event: 2.052 Thread 0x00000188efbccc70 DEOPT PACKING pc=0x00000188cc93cff0 sp=0x00000069760fdbb0
Event: 2.052 Thread 0x00000188efbccc70 DEOPT UNPACKING pc=0x00000188cbfbdece sp=0x00000069760fd088 mode 0
Event: 2.052 Thread 0x00000188efbccc70 DEOPT PACKING pc=0x00000188cc946035 sp=0x00000069760fde00
Event: 2.052 Thread 0x00000188efbccc70 DEOPT UNPACKING pc=0x00000188cbfbdece sp=0x00000069760fd298 mode 0
Event: 2.053 Thread 0x00000188efbccc70 DEOPT PACKING pc=0x00000188cc946035 sp=0x00000069760fde00
Event: 2.054 Thread 0x00000188efbccc70 DEOPT UNPACKING pc=0x00000188cbfbdece sp=0x00000069760fd298 mode 0
Event: 2.067 Thread 0x00000188efbccc70 Uncommon trap: trap_request=0xffffff76 fr.pc=0x00000188d3b6565c relative=0x000000000000023c
Event: 2.067 Thread 0x00000188efbccc70 Uncommon trap: reason=predicate action=maybe_recompile pc=0x00000188d3b6565c method=java.util.ArrayList.indexOfRange(Ljava/lang/Object;II)I @ 45 c2
Event: 2.067 Thread 0x00000188efbccc70 DEOPT PACKING pc=0x00000188d3b6565c sp=0x00000069760fe440
Event: 2.067 Thread 0x00000188efbccc70 DEOPT UNPACKING pc=0x00000188cbfbd72e sp=0x00000069760fe3b8 mode 2
Event: 5.604 Thread 0x00000188efbccc70 DEOPT PACKING pc=0x00000188cc98cb44 sp=0x00000069760fcf70
Event: 5.604 Thread 0x00000188efbccc70 DEOPT UNPACKING pc=0x00000188cbfbdece sp=0x00000069760fc460 mode 0
Event: 6.811 Thread 0x00000188efbccc70 DEOPT PACKING pc=0x00000188cc95c7e1 sp=0x00000069760fd000
Event: 6.811 Thread 0x00000188efbccc70 DEOPT UNPACKING pc=0x00000188cbfbdece sp=0x00000069760fc4e0 mode 0

Classes unloaded (0 events):
No events

Classes redefined (0 events):
No events

Internal exceptions (20 events):
Event: 0.174 Thread 0x00000188e87a8450 Exception <a 'java/lang/NoSuchMethodError'{0x00000007193e58f8}: 'void java.lang.invoke.DirectMethodHandle$Holder.invokeStatic(java.lang.Object, java.lang.Object)'> (0x00000007193e58f8) 
thrown [t:\workspace\open\src\hotspot\share\interpreter\linkResolver.cpp, line 790]
Event: 0.181 Thread 0x00000188c4806340 Exception <a 'java/lang/ClassNotFoundException'{0x0000000719380e28}: sun/awt/resources/spi/awtProvider> (0x0000000719380e28) 
thrown [t:\workspace\open\src\hotspot\share\classfile\systemDictionary.cpp, line 256]
Event: 0.203 Thread 0x00000188c4806340 Exception <a 'java/io/FileNotFoundException'{0x000000071900af08}> (0x000000071900af08) 
thrown [t:\workspace\open\src\hotspot\share\prims\jni.cpp, line 579]
Event: 0.211 Thread 0x00000188c4806340 Exception <a 'java/io/FileNotFoundException'{0x00000007190399d0}> (0x00000007190399d0) 
thrown [t:\workspace\open\src\hotspot\share\prims\jni.cpp, line 579]
Event: 0.479 Thread 0x00000188c4806340 Exception <a 'java/lang/NoSuchMethodError'{0x0000000719157e10}: 'java.lang.Object java.lang.invoke.DirectMethodHandle$Holder.newInvokeSpecial(java.lang.Object, java.lang.Object, java.lang.Object, java.lang.Object, java.lang.Object)'> (0x0000000719157e10) 
thrown [t:\workspace\open\src\hotspot\share\interpreter\linkResolver.cpp, line 790]
Event: 0.481 Thread 0x00000188c4806340 Exception <a 'java/lang/NoSuchMethodError'{0x00000007191638f8}: 'java.lang.Object java.lang.invoke.DirectMethodHandle$Holder.invokeStatic(java.lang.Object, int, java.lang.Object, java.lang.Object, java.lang.Object, java.lang.Object)'> (0x00000007191638f8) 
thrown [t:\workspace\open\src\hotspot\share\interpreter\linkResolver.cpp, line 790]
Event: 0.487 Thread 0x00000188c4806340 Exception <a 'java/lang/NoSuchMethodError'{0x00000007191899c0}: 'java.lang.Object java.lang.invoke.DirectMethodHandle$Holder.invokeStatic(java.lang.Object, int, java.lang.Object)'> (0x00000007191899c0) 
thrown [t:\workspace\open\src\hotspot\share\interpreter\linkResolver.cpp, line 790]
Event: 0.516 Thread 0x00000188c4806340 Exception <a 'java/lang/ClassNotFoundException'{0x0000000718e42120}: com/sun/swing/internal/plaf/metal/resources/spi/metalProvider> (0x0000000718e42120) 
thrown [t:\workspace\open\src\hotspot\share\classfile\systemDictionary.cpp, line 256]
Event: 0.517 Thread 0x00000188c4806340 Exception <a 'java/lang/ClassNotFoundException'{0x0000000718e46140}: com/sun/swing/internal/plaf/basic/resources/spi/basicProvider> (0x0000000718e46140) 
thrown [t:\workspace\open\src\hotspot\share\classfile\systemDictionary.cpp, line 256]
Event: 0.549 Thread 0x00000188e89f6a20 Exception <a 'java/lang/NoSuchMethodError'{0x00000007190f1768}: 'void java.lang.invoke.DirectMethodHandle$Holder.invokeVirtual(java.lang.Object, java.lang.Object)'> (0x00000007190f1768) 
thrown [t:\workspace\open\src\hotspot\share\interpreter\linkResolver.cpp, line 790]
Event: 0.564 Thread 0x00000188c4806340 Exception <a 'java/lang/NoSuchMethodError'{0x0000000718e9a530}: 'void java.lang.invoke.DirectMethodHandle$Holder.invokeStaticInit(java.lang.Object)'> (0x0000000718e9a530) 
thrown [t:\workspace\open\src\hotspot\share\interpreter\linkResolver.cpp, line 790]
Event: 1.662 Thread 0x00000188efbccc70 Exception <a 'java/lang/NoSuchMethodError'{0x0000000718a4ffd0}: 'java.lang.Object java.lang.invoke.DirectMethodHandle$Holder.invokeStaticInit(java.lang.Object, int, int, int, int)'> (0x0000000718a4ffd0) 
thrown [t:\workspace\open\src\hotspot\share\interpreter\linkResolver.cpp, line 790]
Event: 1.688 Thread 0x00000188efbccc70 Exception <a 'java/lang/NoSuchMethodError'{0x0000000718b163b8}: 'java.lang.Object java.lang.invoke.DirectMethodHandle$Holder.invokeStaticInit(java.lang.Object, java.lang.Object, int, int, int, int)'> (0x0000000718b163b8) 
thrown [t:\workspace\open\src\hotspot\share\interpreter\linkResolver.cpp, line 790]
Event: 1.692 Thread 0x00000188efbccc70 Exception <a 'java/lang/NullPointerException'{0x0000000718b227e8}> (0x0000000718b227e8) 
thrown [t:\workspace\open\src\hotspot\share\interpreter\linkResolver.cpp, line 1385]
Event: 1.723 Thread 0x00000188efbccc70 Exception <a 'java/io/FileNotFoundException'{0x0000000718be5498}> (0x0000000718be5498) 
thrown [t:\workspace\open\src\hotspot\share\prims\jni.cpp, line 579]
Event: 1.726 Thread 0x00000188efbccc70 Exception <a 'java/io/FileNotFoundException'{0x0000000718805af8}> (0x0000000718805af8) 
thrown [t:\workspace\open\src\hotspot\share\prims\jni.cpp, line 579]
Event: 1.741 Thread 0x00000188efbccc70 Exception <a 'java/io/FileNotFoundException'{0x000000071889a568}> (0x000000071889a568) 
thrown [t:\workspace\open\src\hotspot\share\prims\jni.cpp, line 579]
Event: 1.747 Thread 0x00000188efbccc70 Exception <a 'java/io/FileNotFoundException'{0x00000007188e5ba0}> (0x00000007188e5ba0) 
thrown [t:\workspace\open\src\hotspot\share\prims\jni.cpp, line 579]
Event: 2.040 Thread 0x00000188efbccc70 Exception <a 'java/io/FileNotFoundException'{0x0000000719424df8}> (0x0000000719424df8) 
thrown [t:\workspace\open\src\hotspot\share\prims\jni.cpp, line 579]
Event: 5.916 Thread 0x00000188efbccc70 Exception <a 'java/io/FileNotFoundException'{0x000000071c862350}> (0x000000071c862350) 
thrown [t:\workspace\open\src\hotspot\share\prims\jni.cpp, line 579]

Events (20 events):
Event: 5.928 Loaded shared library C:\Users\JNNGL\IdeaProjects\TotalComputers\rootfs\test\usr\Applications\Web Browser.app\libcef.dll
Event: 5.930 Loaded shared library C:\Users\JNNGL\IdeaProjects\TotalComputers\rootfs\test\usr\Applications\Web Browser.app\libEGL.dll
Event: 5.934 Loaded shared library C:\Users\JNNGL\IdeaProjects\TotalComputers\rootfs\test\usr\Applications\Web Browser.app\libGLESv2.dll
Event: 5.937 Loaded shared library C:\Users\JNNGL\IdeaProjects\TotalComputers\rootfs\test\usr\Applications\Web Browser.app\vk_swiftshader.dll
Event: 5.939 Loaded shared library C:\Users\JNNGL\IdeaProjects\TotalComputers\rootfs\test\usr\Applications\Web Browser.app\vulkan-1.dll
Event: 5.940 Loaded shared library C:\Users\JNNGL\IdeaProjects\TotalComputers\rootfs\test\usr\Applications\Web Browser.app\swiftshader\libEGL.dll
Event: 5.942 Loaded shared library C:\Users\JNNGL\IdeaProjects\TotalComputers\rootfs\test\usr\Applications\Web Browser.app\swiftshader\libGLESv2.dll
Event: 5.945 Loaded shared library C:\Users\JNNGL\IdeaProjects\TotalComputers\rootfs\test\usr\Applications\Web Browser.app\application.dll
Event: 5.949 loading class java/awt/geom/Ellipse2D$Float
Event: 5.949 loading class java/awt/geom/Ellipse2D
Event: 5.949 loading class java/awt/geom/Ellipse2D done
Event: 5.949 loading class java/awt/geom/Ellipse2D$Float done
Event: 5.949 loading class java/awt/geom/EllipseIterator
Event: 5.949 loading class java/awt/geom/EllipseIterator done
Event: 5.950 loading class sun/java2d/loops/FontInfo
Event: 5.950 loading class sun/java2d/loops/FontInfo done
Event: 6.228 Executing  VM operation: G1TryInitiateConcMark
Event: 6.230 Executing  VM operation: G1TryInitiateConcMark done
Event: 6.500 Executing  VM operation: G1TryInitiateConcMark
Event: 6.501 Executing  VM operation: G1TryInitiateConcMark done


Dynamic libraries:
0x00007ff6cbbc0000 - 0x00007ff6cbbd0000 	C:\Program Files\Java\jdk-16.0.1\bin\java.exe
0x00007ffa0dc80000 - 0x00007ffa0de8f000 	C:\WINDOWS\SYSTEM32\ntdll.dll
0x00007ffa0bae0000 - 0x00007ffa0bb9d000 	C:\WINDOWS\System32\KERNEL32.DLL
0x00007ffa0b520000 - 0x00007ffa0b8ae000 	C:\WINDOWS\System32\KERNELBASE.dll
0x00007ffa0b2e0000 - 0x00007ffa0b3f1000 	C:\WINDOWS\System32\ucrtbase.dll
0x00007ffa02c70000 - 0x00007ffa02c89000 	C:\Program Files\Java\jdk-16.0.1\bin\VCRUNTIME140.dll
0x00007ff9dfc50000 - 0x00007ff9dfc68000 	C:\Program Files\Java\jdk-16.0.1\bin\jli.dll
0x00007ffa0d680000 - 0x00007ffa0d72e000 	C:\WINDOWS\System32\ADVAPI32.dll
0x00007ffa0c490000 - 0x00007ffa0c534000 	C:\WINDOWS\System32\msvcrt.dll
0x00007ffa0c740000 - 0x00007ffa0c7e2000 	C:\WINDOWS\System32\sechost.dll
0x00007ffa0c800000 - 0x00007ffa0c91f000 	C:\WINDOWS\System32\RPCRT4.dll
0x00007ffa0c260000 - 0x00007ffa0c40a000 	C:\WINDOWS\System32\USER32.dll
0x00007ffa0bab0000 - 0x00007ffa0bad6000 	C:\WINDOWS\System32\win32u.dll
0x00007ff9f2410000 - 0x00007ff9f26b1000 	C:\WINDOWS\WinSxS\amd64_microsoft.windows.common-controls_6595b64144ccf1df_6.0.22523.1000_none_26388f37a89e74b7\COMCTL32.dll
0x00007ffa0d790000 - 0x00007ffa0d7b9000 	C:\WINDOWS\System32\GDI32.dll
0x00007ffa0b400000 - 0x00007ffa0b517000 	C:\WINDOWS\System32\gdi32full.dll
0x00007ffa0b8b0000 - 0x00007ffa0b94a000 	C:\WINDOWS\System32\msvcp_win.dll
0x00007ffa03070000 - 0x00007ffa0307a000 	C:\WINDOWS\SYSTEM32\VERSION.dll
0x00007ffa0ce80000 - 0x00007ffa0ceb1000 	C:\WINDOWS\System32\IMM32.DLL
0x00007ffa08210000 - 0x00007ffa0821c000 	C:\Program Files\Java\jdk-16.0.1\bin\vcruntime140_1.dll
0x00007ff9be920000 - 0x00007ff9be9b1000 	C:\Program Files\Java\jdk-16.0.1\bin\msvcp140.dll
0x00007ff949d50000 - 0x00007ff94a8fb000 	C:\Program Files\Java\jdk-16.0.1\bin\server\jvm.dll
0x00007ffa0cc70000 - 0x00007ffa0cc78000 	C:\WINDOWS\System32\PSAPI.DLL
0x00007ffa06780000 - 0x00007ffa06789000 	C:\WINDOWS\SYSTEM32\WSOCK32.dll
0x00007ffa03ea0000 - 0x00007ffa03ed4000 	C:\WINDOWS\SYSTEM32\WINMM.dll
0x00007ffa0c410000 - 0x00007ffa0c481000 	C:\WINDOWS\System32\WS2_32.dll
0x00007ffa0a1a0000 - 0x00007ffa0a1b8000 	C:\WINDOWS\SYSTEM32\kernel.appcore.dll
0x00007ffa067a0000 - 0x00007ffa067aa000 	C:\Program Files\Java\jdk-16.0.1\bin\jimage.dll
0x00007ff9fb790000 - 0x00007ff9fb9b6000 	C:\WINDOWS\SYSTEM32\DBGHELP.DLL
0x00007ffa0bd40000 - 0x00007ffa0c0bc000 	C:\WINDOWS\System32\combase.dll
0x00007ffa0ca00000 - 0x00007ffa0cad7000 	C:\WINDOWS\System32\OLEAUT32.dll
0x00007ff9f3010000 - 0x00007ff9f3041000 	C:\WINDOWS\SYSTEM32\dbgcore.DLL
0x00007ffa0b140000 - 0x00007ffa0b1bb000 	C:\WINDOWS\System32\bcryptPrimitives.dll
0x00007ff9e0660000 - 0x00007ff9e066e000 	C:\Program Files\Java\jdk-16.0.1\bin\instrument.dll
0x00007ff9dfc20000 - 0x00007ff9dfc45000 	C:\Program Files\Java\jdk-16.0.1\bin\java.dll
0x00007ffa0cec0000 - 0x00007ffa0d678000 	C:\WINDOWS\System32\SHELL32.dll
0x00007ffa091d0000 - 0x00007ffa09a26000 	C:\WINDOWS\SYSTEM32\windows.storage.dll
0x00007ffa09090000 - 0x00007ffa091cc000 	C:\WINDOWS\SYSTEM32\wintypes.dll
0x00007ffa0cb70000 - 0x00007ffa0cc61000 	C:\WINDOWS\System32\SHCORE.dll
0x00007ffa0cc80000 - 0x00007ffa0ccdb000 	C:\WINDOWS\System32\shlwapi.dll
0x00007ffa0b070000 - 0x00007ffa0b091000 	C:\WINDOWS\SYSTEM32\profapi.dll
0x00007ff9da6b0000 - 0x00007ff9da6c8000 	C:\Program Files\Java\jdk-16.0.1\bin\zip.dll
0x00007ff9dd0d0000 - 0x00007ff9dd0e9000 	C:\Program Files\Java\jdk-16.0.1\bin\net.dll
0x00007ffa03640000 - 0x00007ffa03752000 	C:\WINDOWS\SYSTEM32\WINHTTP.dll
0x00007ffa0a620000 - 0x00007ffa0a689000 	C:\WINDOWS\system32\mswsock.dll
0x00007ff9dd070000 - 0x00007ff9dd083000 	C:\Program Files\Java\jdk-16.0.1\bin\nio.dll
0x00007ff9d67f0000 - 0x00007ff9d680a000 	C:\Program Files\JetBrains\IntelliJ IDEA Community Edition 2021.2.1\bin\breakgen64.dll
0x00007ff9584f0000 - 0x00007ff958670000 	C:\Program Files\Java\jdk-16.0.1\bin\awt.dll
0x00007ffa08280000 - 0x00007ffa08313000 	C:\WINDOWS\SYSTEM32\apphelp.dll
0x00007ffa08660000 - 0x00007ffa0868b000 	C:\WINDOWS\system32\DWMAPI.DLL
0x00007ffa083d0000 - 0x00007ffa0847b000 	C:\WINDOWS\system32\uxtheme.dll
0x00007ff9a34f0000 - 0x00007ff9a35f2000 	C:\WINDOWS\system32\opengl32.dll
0x00007ff9a3410000 - 0x00007ff9a343d000 	C:\WINDOWS\SYSTEM32\GLU32.dll
0x00007ffa084e0000 - 0x00007ffa08518000 	C:\WINDOWS\SYSTEM32\dxcore.dll
0x00007ffa0c0c0000 - 0x00007ffa0c1de000 	C:\WINDOWS\System32\MSCTF.dll
0x00007ffa0cce0000 - 0x00007ffa0ce79000 	C:\WINDOWS\System32\ole32.dll
0x00007ff9f8e40000 - 0x00007ff9f8fe7000 	C:\WINDOWS\system32\d3d9.dll
0x00007ff9f69a0000 - 0x00007ff9f6aa7000 	C:\WINDOWS\System32\DriverStore\FileRepository\nvhmig.inf_amd64_c6685fe79c60e4b1\nvldumdx.dll
0x00007ffa0a970000 - 0x00007ffa0a982000 	C:\WINDOWS\SYSTEM32\msasn1.dll
0x00007ff9fea10000 - 0x00007ff9fea41000 	C:\WINDOWS\SYSTEM32\cryptnet.dll
0x00007ffa0b950000 - 0x00007ffa0baac000 	C:\WINDOWS\System32\CRYPT32.dll
0x00007ff9fc3d0000 - 0x00007ff9fc526000 	C:\WINDOWS\SYSTEM32\drvstore.dll
0x00007ffa0ad60000 - 0x00007ffa0ad8c000 	C:\WINDOWS\SYSTEM32\devobj.dll
0x00007ffa0ad10000 - 0x00007ffa0ad5d000 	C:\WINDOWS\SYSTEM32\cfgmgr32.dll
0x00007ffa0a920000 - 0x00007ffa0a961000 	C:\WINDOWS\SYSTEM32\wldp.dll
0x00007ffa0a870000 - 0x00007ffa0a87c000 	C:\WINDOWS\SYSTEM32\cryptbase.dll
0x00007ffa0b280000 - 0x00007ffa0b2e0000 	C:\WINDOWS\System32\WINTRUST.DLL
0x00007ffa0c700000 - 0x00007ffa0c71f000 	C:\WINDOWS\System32\imagehlp.dll
0x00007ffa0a880000 - 0x00007ffa0a898000 	C:\WINDOWS\SYSTEM32\CRYPTSP.dll
0x00007ffa0a100000 - 0x00007ffa0a135000 	C:\WINDOWS\system32\rsaenh.dll
0x00007ffa0aa00000 - 0x00007ffa0aa28000 	C:\WINDOWS\SYSTEM32\bcrypt.dll
0x00007ff9ba1e0000 - 0x00007ff9bb968000 	C:\WINDOWS\System32\DriverStore\FileRepository\nvhmig.inf_amd64_c6685fe79c60e4b1\nvd3dumx.dll
0x00007ff9fabb0000 - 0x00007ff9fabf4000 	C:\WINDOWS\SYSTEM32\directxdatabasehelper.dll
0x00007ff9e6f60000 - 0x00007ff9e7118000 	C:\WINDOWS\System32\DriverStore\FileRepository\u0372545.inf_amd64_56d459236871c3f2\B372333\aticfx64.dll
0x00007ff9d1e30000 - 0x00007ff9d1e64000 	C:\WINDOWS\System32\DriverStore\FileRepository\u0372545.inf_amd64_56d459236871c3f2\B372333\atiu9p64.dll
0x00007ff9b93f0000 - 0x00007ff9ba144000 	C:\WINDOWS\System32\DriverStore\FileRepository\u0372545.inf_amd64_56d459236871c3f2\B372333\atiumd64.dll
0x00000000759d0000 - 0x0000000076845000 	C:\WINDOWS\System32\DriverStore\FileRepository\u0372545.inf_amd64_56d459236871c3f2\B372333\atiumd6a.dll
0x00007ffa0d7c0000 - 0x00007ffa0dc33000 	C:\WINDOWS\System32\SETUPAPI.dll
0x00007ffa0b010000 - 0x00007ffa0b05d000 	C:\WINDOWS\SYSTEM32\POWRPROF.dll
0x00007ffa0aff0000 - 0x00007ffa0b003000 	C:\WINDOWS\SYSTEM32\UMPDC.dll
0x00007ff9e6a00000 - 0x00007ff9e6a30000 	C:\WINDOWS\SYSTEM32\amdihk64.dll
0x00007ff9b8870000 - 0x00007ff9b8b37000 	C:\WINDOWS\system32\nvspcap64.dll
0x00007ffa0a1c0000 - 0x00007ffa0a1f4000 	C:\WINDOWS\SYSTEM32\ntmarta.dll
0x00007ffa0a6b0000 - 0x00007ffa0a6d6000 	C:\WINDOWS\SYSTEM32\gpapi.dll
0x00007ff9bb980000 - 0x00007ff9bba09000 	C:\Program Files\Java\jdk-16.0.1\bin\freetype.dll
0x00007ff9732f0000 - 0x00007ff9733e6000 	C:\Program Files\Java\jdk-16.0.1\bin\harfbuzz.dll
0x00007ff9be850000 - 0x00007ff9be862000 	C:\Program Files\Java\jdk-16.0.1\bin\fontmanager.dll
0x00007ff9f4f20000 - 0x00007ff9f504b000 	C:\WINDOWS\SYSTEM32\textinputframework.dll
0x00007ffa07ff0000 - 0x00007ffa0811e000 	C:\WINDOWS\SYSTEM32\CoreMessaging.dll
0x00007ff9f9e50000 - 0x00007ff9fa1bb000 	C:\WINDOWS\SYSTEM32\CoreUIComponents.dll
0x00007ffa0a720000 - 0x00007ffa0a749000 	C:\WINDOWS\SYSTEM32\USERENV.dll
0x00007ffa09c80000 - 0x00007ffa09cad000 	C:\WINDOWS\SYSTEM32\IPHLPAPI.DLL
0x00007ffa0c730000 - 0x00007ffa0c739000 	C:\WINDOWS\System32\NSI.dll
0x00007ffa03530000 - 0x00007ffa03549000 	C:\WINDOWS\SYSTEM32\dhcpcsvc6.DLL
0x00007ffa03510000 - 0x00007ffa0352e000 	C:\WINDOWS\SYSTEM32\dhcpcsvc.DLL
0x00007ffa09cb0000 - 0x00007ffa09da8000 	C:\WINDOWS\SYSTEM32\DNSAPI.dll
0x00007ff9d3cc0000 - 0x00007ff9d3cdf000 	C:\Users\JNNGL\IdeaProjects\TotalComputers\native.dll
0x00007ff95e5a0000 - 0x00007ff95e6d0000 	C:\Users\JNNGL\IdeaProjects\TotalComputers\rootfs\test\usr\Applications\Web Browser.app\chrome_elf.dll
0x00007ff947ad0000 - 0x00007ff947f82000 	C:\Users\JNNGL\IdeaProjects\TotalComputers\rootfs\test\usr\Applications\Web Browser.app\d3dcompiler_47.dll
0x00007ff92ead0000 - 0x00007ff9388af000 	C:\Users\JNNGL\IdeaProjects\TotalComputers\rootfs\test\usr\Applications\Web Browser.app\libcef.dll
0x00007ffa0c920000 - 0x00007ffa0c9f6000 	C:\WINDOWS\System32\COMDLG32.dll
0x00007ffa06200000 - 0x00007ffa062fe000 	C:\WINDOWS\SYSTEM32\PROPSYS.dll
0x00007ff9d5020000 - 0x00007ff9d545c000 	C:\WINDOWS\SYSTEM32\UIAutomationCore.DLL
0x00007ffa08530000 - 0x00007ffa08625000 	C:\WINDOWS\SYSTEM32\dxgi.dll
0x00007ff9f7780000 - 0x00007ff9f77e9000 	C:\WINDOWS\SYSTEM32\OLEACC.dll
0x00007ff9ed140000 - 0x00007ff9ed14c000 	C:\WINDOWS\SYSTEM32\Secur32.dll
0x00007ffa04110000 - 0x00007ffa04124000 	C:\WINDOWS\SYSTEM32\WTSAPI32.dll
0x00007ff9fc530000 - 0x00007ff9fc548000 	C:\WINDOWS\SYSTEM32\NETAPI32.dll
0x00007ffa09a30000 - 0x00007ffa09a3e000 	C:\WINDOWS\SYSTEM32\HID.DLL
0x00007ffa075d0000 - 0x00007ffa07836000 	C:\WINDOWS\SYSTEM32\DWrite.dll
0x00007ffa0a9d0000 - 0x00007ffa0a9f9000 	C:\WINDOWS\SYSTEM32\ncrypt.dll
0x00007ff9e5940000 - 0x00007ff9e5959000 	C:\WINDOWS\SYSTEM32\USP10.dll
0x00007ff9f76e0000 - 0x00007ff9f7779000 	C:\WINDOWS\SYSTEM32\WINSPOOL.DRV
0x00007ff9fc7e0000 - 0x00007ff9fc805000 	C:\WINDOWS\SYSTEM32\dxva2.dll
0x00007ff9e6c50000 - 0x00007ff9e6cab000 	C:\WINDOWS\SYSTEM32\CRYPTUI.dll
0x00007ff9f8c50000 - 0x00007ff9f8e3d000 	C:\WINDOWS\SYSTEM32\urlmon.dll
0x00007ff9e5580000 - 0x00007ff9e5592000 	C:\WINDOWS\SYSTEM32\credui.dll
0x00007ffa03300000 - 0x00007ffa03355000 	C:\WINDOWS\SYSTEM32\wevtapi.dll
0x00007ff9f2ae0000 - 0x00007ff9f2fd5000 	C:\WINDOWS\SYSTEM32\WININET.dll
0x00007ffa017a0000 - 0x00007ffa01b68000 	C:\WINDOWS\SYSTEM32\ESENT.dll
0x00007ff9e46a0000 - 0x00007ff9e494d000 	C:\WINDOWS\SYSTEM32\iertutil.dll
0x00007ff9e4950000 - 0x00007ff9e4978000 	C:\WINDOWS\SYSTEM32\srvcli.dll
0x00007ffa09c70000 - 0x00007ffa09c7c000 	C:\WINDOWS\SYSTEM32\netutils.dll
0x00007ffa0a410000 - 0x00007ffa0a451000 	C:\WINDOWS\SYSTEM32\SSPICLI.DLL
0x00007ffa06500000 - 0x00007ffa0650a000 	C:\WINDOWS\SYSTEM32\DSROLE.DLL
0x00007ffa032e0000 - 0x00007ffa032f7000 	C:\WINDOWS\SYSTEM32\WKSCLI.DLL
0x00007ff9fd240000 - 0x00007ff9fd259000 	C:\WINDOWS\SYSTEM32\SAMCLI.DLL
0x00007ffa0a990000 - 0x00007ffa0a9c7000 	C:\WINDOWS\SYSTEM32\NTASN1.dll

dbghelp: loaded successfully - version: 4.0.5 - missing functions: none
symbol engine: initialized successfully - sym options: 0x614 - pdb path: .;C:\Program Files\Java\jdk-16.0.1\bin;C:\WINDOWS\SYSTEM32;C:\WINDOWS\WinSxS\amd64_microsoft.windows.common-controls_6595b64144ccf1df_6.0.22523.1000_none_26388f37a89e74b7;C:\Program Files\Java\jdk-16.0.1\bin\server;C:\Program Files\JetBrains\IntelliJ IDEA Community Edition 2021.2.1\bin;C:\WINDOWS\System32\DriverStore\FileRepository\nvhmig.inf_amd64_c6685fe79c60e4b1;C:\WINDOWS\System32\DriverStore\FileRepository\u0372545.inf_amd64_56d459236871c3f2\B372333;C:\Users\JNNGL\IdeaProjects\TotalComputers;C:\Users\JNNGL\IdeaProjects\TotalComputers\rootfs\test\usr\Applications\Web Browser.app;C:\Users\JNNGL\IdeaProjects\TotalComputers\rootfs\test\usr\Applications\Web Browser.app\swiftshader

VM Arguments:
jvm_args: -Djava.library.path=C:\Users\JNNGL\IdeaProjects\TotalComputers;C:\Users\JNNGL\IdeaProjects\TotalComputers\win64 -javaagent:C:\Program Files\JetBrains\IntelliJ IDEA Community Edition 2021.2.1\lib\idea_rt.jar=53772:C:\Program Files\JetBrains\IntelliJ IDEA Community Edition 2021.2.1\bin -Dfile.encoding=UTF-8 
java_command: com.jnngl.totalcomputers.system.TotalOS$Test
java_class_path (initial): C:\Users\JNNGL\IdeaProjects\TotalComputers\out\production\TotalComputers;C:\Users\JNNGL\Desktop\server\craftbukkit-1.12.2.jar;C:\Users\JNNGL\IdeaProjects\TotalComputers\lwjgl\joml-1.10.3.jar;C:\Users\JNNGL\IdeaProjects\TotalComputers\lwjgl\lwjgl-glfw-natives-linux-arm32.jar;C:\Users\JNNGL\IdeaProjects\TotalComputers\lwjgl\lwjgl-glfw-natives-linux-arm64.jar;C:\Users\JNNGL\IdeaProjects\TotalComputers\lwjgl\lwjgl-glfw-natives-linux.jar;C:\Users\JNNGL\IdeaProjects\TotalComputers\lwjgl\lwjgl-glfw-natives-macos-arm64.jar;C:\Users\JNNGL\IdeaProjects\TotalComputers\lwjgl\lwjgl-glfw-natives-macos.jar;C:\Users\JNNGL\IdeaProjects\TotalComputers\lwjgl\lwjgl-glfw-natives-windows-arm64.jar;C:\Users\JNNGL\IdeaProjects\TotalComputers\lwjgl\lwjgl-glfw-natives-windows-x86.jar;C:\Users\JNNGL\IdeaProjects\TotalComputers\lwjgl\lwjgl-glfw-natives-windows.jar;C:\Users\JNNGL\IdeaProjects\TotalComputers\lwjgl\lwjgl-glfw.jar;C:\Users\JNNGL\IdeaProjects\TotalComputers\lwjgl\lwjgl-natives-linux-arm32.jar;C:\Users\JNNGL\IdeaProjects\TotalComputers\lwjgl\lwjgl-natives-linux-arm64.jar;C:\Users\JNNGL\IdeaProjects\TotalComputers\lwjgl\lwjgl-natives-linux.jar;C:\Users\JNNGL\IdeaProjects\TotalComputers\lwjgl\lwjgl-natives-macos-arm64.jar;C:\Users\JNNGL\IdeaProjects\TotalComputers\lwjgl\lwjgl-natives-macos.jar;C:\Users\JNNGL\IdeaProjects\TotalComputers\lwjgl\lwjgl-natives-windows-arm64.jar;C:\Users\JNNGL\IdeaProjects\TotalComputers\lwjgl\lwjgl-natives-windows-x86.jar;C:\Users\JNNGL\IdeaProjects\TotalComputers\lwjgl\lwjgl-natives-windows.jar;C:\Users\JNNGL\IdeaProjects\TotalComputers\lwjgl\lwjgl-opengl-natives-linux-arm32.jar;C:\Users\JNNGL\IdeaProjects\TotalComputers\lwjgl\lwjgl-opengl-natives-linux-arm64.jar;C:\Users\JNNGL\IdeaProjects\TotalComputers\lwjgl\lwjgl-opengl-natives-linux.jar;C:\Users\JNNGL\IdeaProjects\TotalComputers\lwjgl\lwjgl-opengl-natives-macos-arm64.jar;C:\Users\JNNGL\IdeaProjects\TotalComputers\lwjgl\lwjgl-opengl-natives-macos.jar;C:\Users\JNNGL\IdeaPro
Launcher Type: SUN_STANDARD

[Global flags]
     intx CICompilerCount                          = 12                                        {product} {ergonomic}
     uint ConcGCThreads                            = 3                                         {product} {ergonomic}
     uint G1ConcRefinementThreads                  = 13                                        {product} {ergonomic}
   size_t G1HeapRegionSize                         = 2097152                                   {product} {ergonomic}
    uintx GCDrainStackTargetSize                   = 64                                        {product} {ergonomic}
   size_t InitialHeapSize                          = 257949696                                 {product} {ergonomic}
   size_t MarkStackSize                            = 4194304                                   {product} {ergonomic}
   size_t MaxHeapSize                              = 4125097984                                {product} {ergonomic}
   size_t MaxNewSize                               = 2474639360                                {product} {ergonomic}
   size_t MinHeapDeltaBytes                        = 2097152                                   {product} {ergonomic}
   size_t MinHeapSize                              = 8388608                                   {product} {ergonomic}
    uintx NonNMethodCodeHeapSize                   = 7602480                                {pd product} {ergonomic}
    uintx NonProfiledCodeHeapSize                  = 122027880                              {pd product} {ergonomic}
    uintx ProfiledCodeHeapSize                     = 122027880                              {pd product} {ergonomic}
    uintx ReservedCodeCacheSize                    = 251658240                              {pd product} {ergonomic}
     bool SegmentedCodeCache                       = true                                      {product} {ergonomic}
   size_t SoftMaxHeapSize                          = 4125097984                             {manageable} {ergonomic}
     bool UseCompressedClassPointers               = true                           {product lp64_product} {ergonomic}
     bool UseCompressedOops                        = true                           {product lp64_product} {ergonomic}
     bool UseG1GC                                  = true                                      {product} {ergonomic}
     bool UseLargePagesIndividualAllocation        = false                                  {pd product} {ergonomic}

Logging:
Log output configuration:
 #0: stdout all=warning uptime,level,tags
 #1: stderr all=off uptime,level,tags

Environment Variables:
PATH=C:\Program Files\NVIDIA GPU Computing Toolkit\CUDA\v11.5\bin;C:\Program Files\ImageMagick-7.1.0-Q16-HDRI;C:\Program Files (x86)\VMware\VMware Player\bin\;C:\VulkanSDK\1.2.176.1\Bin;C:\Program Files\NVIDIA GPU Computing Toolkit\CUDA\v11.3\bin;C:\Program Files\NVIDIA GPU Computing Toolkit\CUDA\v11.3\libnvvp;C:\Program Files\Common Files\Oracle\Java\javapath;C:\windows\system32;C:\windows;C:\windows\System32\Wbem;C:\windows\System32\WindowsPowerShell\v1.0\;C:\windows\System32\OpenSSH\;C:\Program Files (x86)\NVIDIA Corporation\PhysX\Common;C:\Program Files\NVIDIA Corporation\NVIDIA NvDLISR;C:\Program Files\Git\cmd;C:\Program Files (x86)\Microsoft Visual Studio\2019\Community\VC\Tools\MSVC\14.28.29910\bin\Hostx64\x64;C:\Program Files\mingw-w64\x86_64-8.1.0-posix-seh-rt_v6-rev0\mingw64\bin;C:\WINDOWS\system32;C:\WINDOWS;C:\WINDOWS\System32\Wbem;C:\WINDOWS\System32\WindowsPowerShell\v1.0\;C:\WINDOWS\System32\OpenSSH\;C:\Program Files\NVIDIA Corporation\Nsight Compute 2021.3.1\;C:\Program Files\dotnet\;%SystemRoot%\system32;%SystemRoot%;%SystemRoot%\System32\Wbem;%SYSTEMROOT%\System32\WindowsPowerShell\v1.0\;%SYSTEMROOT%\System32\OpenSSH\;C:\Users\JNNGL\AppData\Local\Microsoft\WindowsApps;C:\Program Files\CMake\bin;C:\Users\JNNGL\AppData\Local\Programs\Microsoft VS Code\bin;C:\Gradle\gradle-7.0.2\bin;C:\Users\JNNGL\AppData\Local\GitHubDesktop\bin;C:\Program Files (x86)\Microsoft Visual Studio\2019\Community\VC\Tools\MSVC\14.28.29910\bin\Hostx64\x64;C:\Program Files\mingw-w64\x86_64-8.1.0-posix-seh-rt_v6-rev0\mingw64\bin;C:\Users\JNNGL\.dotnet\tools;C:\Program Files\qemu;
USERNAME=JNNGL
OS=Windows_NT
PROCESSOR_IDENTIFIER=AMD64 Family 23 Model 96 Stepping 1, AuthenticAMD



---------------  S Y S T E M  ---------------

OS:
 Windows 10 , 64 bit Build 22523 (10.0.22523.1000)
OS uptime: 1 days 19:12 hours

CPU: total 16 (initial active 16) (16 cores per cpu, 2 threads per core) family 23 model 96 stepping 1 microcode 0x0, cx8, cmov, fxsr, ht, mmx, 3dnowpref, sse, sse2, sse3, ssse3, sse4a, sse4.1, sse4.2, popcnt, lzcnt, tsc, tscinvbit, avx, avx2, aes, clmul, bmi1, bmi2, adx, sha, fma, vzeroupper, clflush, clflushopt

Memory: 4k page, system-wide physical 15731M (4591M free)
TotalPageFile size 23969M (AvailPageFile size 3134M)
current process WorkingSet (physical memory assigned to process): 274M, peak: 274M
current process commit charge ("private bytes"): 490M, peak: 498M

vm_info: Java HotSpot(TM) 64-Bit Server VM (16.0.1+9-24) for windows-amd64 JRE (16.0.1+9-24), built on Mar 26 2021 19:31:42 by "mach5one" with MS VC++ 16.7 (VS2019)

END.
