#
# A fatal error has been detected by the Java Runtime Environment:
#
#  EXCEPTION_ACCESS_VIOLATION (0xc0000005) at pc=0x00007ff95e5139e8, pid=13616, tid=25788
#
# JRE version: Java(TM) SE Runtime Environment (16.0.1+9) (build 16.0.1+9-24)
# Java VM: Java HotSpot(TM) 64-Bit Server VM (16.0.1+9-24, mixed mode, sharing, tiered, compressed oops, compressed class ptrs, g1 gc, windows-amd64)
# Problematic frame:
# C  0x00007ff95e5139e8
#
# No core dump will be written. Minidumps are not enabled by default on client versions of Windows
#
# If you would like to submit a bug report, please visit:
#   https://bugreport.java.com/bugreport/crash.jsp
# The crash happened outside the Java Virtual Machine in native code.
# See problematic frame for where to report the bug.
#

---------------  S U M M A R Y ------------

Command Line: -Djava.library.path=C:\Users\JNNGL\IdeaProjects\TotalComputers;C:\Users\JNNGL\IdeaProjects\TotalComputers\win64 -javaagent:C:\Program Files\JetBrains\IntelliJ IDEA Community Edition 2021.2.1\lib\idea_rt.jar=64177:C:\Program Files\JetBrains\IntelliJ IDEA Community Edition 2021.2.1\bin -Dfile.encoding=UTF-8 com.jnngl.totalcomputers.system.TotalOS$Test

Host: AMD Ryzen 7 4800H with Radeon Graphics         , 16 cores, 15G,  Windows 10 , 64 bit Build 22523 (10.0.22523.1000)
Time: Sun Feb 27 18:43:45 2022  Windows 10 , 64 bit Build 22523 (10.0.22523.1000) elapsed time: 19.405972 seconds (0d 0h 0m 19s)

---------------  T H R E A D  ---------------

Current thread (0x000001f110428e60):  JavaThread "AWT-EventQueue-0" [_thread_in_native, id=25788, stack(0x000000eb81890000,0x000000eb81990000)]

Stack: [0x000000eb81890000,0x000000eb81990000],  sp=0x000000eb8198e620,  free space=1017k
Native frames: (J=compiled Java code, j=interpreted, Vv=VM code, C=native code)
C  0x00007ff95e5139e8

Java frames: (J=compiled Java code, j=interpreted, Vv=VM code)
j  com.jnngl.system.NativeWindowApplication._OnClose()Z+0
j  com.jnngl.system.NativeWindowApplication.ExtOnClose()Z+1
j  com.jnngl.system.NativeWindowApplication.onClose()Z+1
j  com.jnngl.totalcomputers.system.desktop.WindowApplication.close()Z+1
j  com.jnngl.totalcomputers.system.states.Desktop.processInput(IILcom/jnngl/totalcomputers/TotalComputers$InputInfo$InteractType;)V+328
j  com.jnngl.totalcomputers.system.states.StateManager.processInput(IILcom/jnngl/totalcomputers/TotalComputers$InputInfo$InteractType;)V+14
j  com.jnngl.totalcomputers.system.TotalOS.processTouch(IILcom/jnngl/totalcomputers/TotalComputers$InputInfo$InteractType;Z)V+87
j  com.jnngl.totalcomputers.system.TotalOS$Test.mouseClicked(Ljava/awt/event/MouseEvent;)V+23
j  java.awt.Component.processMouseEvent(Ljava/awt/event/MouseEvent;)V+74 java.desktop@16.0.1
j  java.awt.Component.processEvent(Ljava/awt/AWTEvent;)V+81 java.desktop@16.0.1
j  java.awt.Container.processEvent(Ljava/awt/AWTEvent;)V+18 java.desktop@16.0.1
j  java.awt.Window.processEvent(Ljava/awt/AWTEvent;)V+97 java.desktop@16.0.1
j  java.awt.Component.dispatchEventImpl(Ljava/awt/AWTEvent;)V+496 java.desktop@16.0.1
j  java.awt.Container.dispatchEventImpl(Ljava/awt/AWTEvent;)V+42 java.desktop@16.0.1
j  java.awt.Window.dispatchEventImpl(Ljava/awt/AWTEvent;)V+19 java.desktop@16.0.1
J 2144 c1 java.awt.EventQueue.dispatchEventImpl(Ljava/awt/AWTEvent;Ljava/lang/Object;)V java.desktop@16.0.1 (136 bytes) @ 0x000001f16d2250f4 [0x000001f16d224c00+0x00000000000004f4]
J 2143 c1 java.awt.EventQueue$4.run()Ljava/lang/Void; java.desktop@16.0.1 (60 bytes) @ 0x000001f16d222cc4 [0x000001f16d222b80+0x0000000000000144]
J 2142 c1 java.awt.EventQueue$4.run()Ljava/lang/Object; java.desktop@16.0.1 (5 bytes) @ 0x000001f16d220c44 [0x000001f16d220bc0+0x0000000000000084]
J 1943 c1 java.security.ProtectionDomain$JavaSecurityAccessImpl.doIntersectionPrivilege(Ljava/security/PrivilegedAction;Ljava/security/AccessControlContext;Ljava/security/AccessControlContext;)Ljava/lang/Object; java.base@16.0.1 (22 bytes) @ 0x000001f16d1bb1d4 [0x000001f16d1baf40+0x0000000000000294]
J 2138 c1 java.awt.EventQueue.dispatchEvent(Ljava/awt/AWTEvent;)V java.desktop@16.0.1 (80 bytes) @ 0x000001f16d221bf4 [0x000001f16d2210e0+0x0000000000000b14]
J 2160 c1 java.awt.EventDispatchThread.pumpOneEventForFilters(I)V java.desktop@16.0.1 (113 bytes) @ 0x000001f16d22d444 [0x000001f16d22cda0+0x00000000000006a4]
j  java.awt.EventDispatchThread.pumpEventsForFilter(ILjava/awt/Conditional;Ljava/awt/EventFilter;)V+35 java.desktop@16.0.1
j  java.awt.EventDispatchThread.pumpEventsForHierarchy(ILjava/awt/Conditional;Ljava/awt/Component;)V+11 java.desktop@16.0.1
j  java.awt.EventDispatchThread.pumpEvents(ILjava/awt/Conditional;)V+4 java.desktop@16.0.1
j  java.awt.EventDispatchThread.pumpEvents(Ljava/awt/Conditional;)V+3 java.desktop@16.0.1
j  java.awt.EventDispatchThread.run()V+9 java.desktop@16.0.1
v  ~StubRoutines::call_stub

siginfo: EXCEPTION_ACCESS_VIOLATION (0xc0000005), reading address 0x0000000000000000


Register to memory mapping:

RIP=0x00007ff95e5139e8 points into unknown readable memory: 0x3024548d48018b48 | 48 8b 01 48 8d 54 24 30
RAX=0x000001f111b5ea20 points into unknown readable memory: 0x000000eb8198e6e0 | e0 e6 98 81 eb 00 00 00
RBX={method} {0x000001f1165020a8} '_OnClose' '()Z' in 'com/jnngl/system/NativeWindowApplication'
RCX=0x0 is NULL
RDX=0x000001f162c90000 points into unknown readable memory: 0x0000000000000000 | 00 00 00 00 00 00 00 00
RSP=0x000000eb8198e620 is pointing into the stack for thread: 0x000001f110428e60
RBP=0x000000eb8198e6c0 is pointing into the stack for thread: 0x000001f110428e60
RSI=0x00000000000010cd is an unknown value
RDI=0x00000000000a1146 is an unknown value
R8 =0x000001f162c1b580 points into unknown readable memory: 0x000001f162c10cc0 | c0 0c c1 62 f1 01 00 00
R9 =0x0000000000000001 is an unknown value
R10=0x0000000000000003 is an unknown value
R11=0x000000eb8198e0e0 is pointing into the stack for thread: 0x000001f110428e60
R12=0x0 is NULL
R13={method} {0x000001f1165020a8} '_OnClose' '()Z' in 'com/jnngl/system/NativeWindowApplication'
R14=0x000000eb8198e6e0 is pointing into the stack for thread: 0x000001f110428e60
R15=0x000001f110428e60 is a thread


Registers:
RAX=0x000001f111b5ea20, RBX=0x000001f1165020a0, RCX=0x0000000000000000, RDX=0x000001f162c90000
RSP=0x000000eb8198e620, RBP=0x000000eb8198e6c0, RSI=0x00000000000010cd, RDI=0x00000000000a1146
R8 =0x000001f162c1b580, R9 =0x0000000000000001, R10=0x0000000000000003, R11=0x000000eb8198e0e0
R12=0x0000000000000000, R13=0x000001f1165020a0, R14=0x000000eb8198e6e0, R15=0x000001f110428e60
RIP=0x00007ff95e5139e8, EFLAGS=0x0000000000010246

Top of Stack: (sp=0x000000eb8198e620)
0x000000eb8198e620:   000000071107b650 0000000000000000
0x000000eb8198e630:   000000eb8198e6e0 000000071107b650
0x000000eb8198e640:   000001f1165020a0 000001f16c73dd22
0x000000eb8198e650:   0000000000000001 0000000711090398
0x000000eb8198e660:   00000007110908d8 0000000000000009
0x000000eb8198e670:   000000071107bc30 000000eb8198e678
0x000000eb8198e680:   0000000000000000 000000eb8198e6e0
0x000000eb8198e690:   000001f116503198 0000000000000000
0x000000eb8198e6a0:   0000000711587568 000001f1165020a0
0x000000eb8198e6b0:   0000000000000000 000000eb8198e6e0
0x000000eb8198e6c0:   000000eb8198e730 000001f16c739626
0x000000eb8198e6d0:   0000000000000000 000001f16c73b2c0
0x000000eb8198e6e0:   000000071c201d88 000000eb8198e6e8
0x000000eb8198e6f0:   000001f1165024a1 000000eb8198e740
0x000000eb8198e700:   000001f116503198 0000000000000000
0x000000eb8198e710:   0000000711587568 000001f1165024b8 

Instructions: (pc=0x00007ff95e5139e8)
0x00007ff95e5138e8:   00 00 66 44 89 b5 e0 02 00 00 48 8b 95 d8 02 00
0x00007ff95e5138f8:   00 48 83 fa 10 72 30 48 ff c2 48 8b 8d c0 02 00
0x00007ff95e513908:   00 48 8b c1 48 81 fa 00 10 00 00 72 15 48 83 c2
0x00007ff95e513918:   27 48 8b 49 f8 48 2b c1 48 83 c0 f8 48 83 f8 1f
0x00007ff95e513928:   77 57 e8 59 4d 03 00 4c 89 b5 d0 02 00 00 48 c7
0x00007ff95e513938:   85 d8 02 00 00 0f 00 00 00 c6 85 c0 02 00 00 00
0x00007ff95e513948:   48 8d 8d c0 00 00 00 e8 0c ee ff ff 90 48 8b 8d
0x00007ff95e513958:   70 03 00 00 48 33 cc e8 3c 51 03 00 4c 8d 9c 24
0x00007ff95e513968:   80 04 00 00 49 8b 5b 20 49 8b 73 28 49 8b 7b 30
0x00007ff95e513978:   49 8b e3 41 5f 41 5e 5d c3 e8 66 b2 03 00 90 e8
0x00007ff95e513988:   60 b2 03 00 cc e8 5a b2 03 00 cc cc cc cc cc cc
0x00007ff95e513998:   cc cc cc cc cc cc cc cc 48 83 ec 28 4c 8b 02 4d
0x00007ff95e5139a8:   85 c0 74 16 49 8b 40 08 48 63 48 04 49 83 c0 08
0x00007ff95e5139b8:   49 03 c8 48 8b 01 ff 50 08 90 48 83 c4 28 c3 cc
0x00007ff95e5139c8:   cc cc cc cc cc cc cc cc 48 83 ec 28 80 3d 35 0d
0x00007ff95e5139d8:   07 00 00 0f 85 99 00 00 00 48 8b 0d 48 0d 07 00
0x00007ff95e5139e8:   48 8b 01 48 8d 54 24 30 ff 50 08 90 48 8b 08 48
0x00007ff95e5139f8:   8b 01 b2 01 ff 50 08 90 48 8b 44 24 30 48 85 c0
0x00007ff95e513a08:   74 16 48 8b 48 08 48 63 51 04 48 8d 48 08 48 03
0x00007ff95e513a18:   ca 48 8b 01 ff 50 08 90 48 8b 05 09 0d 07 00 48
0x00007ff95e513a28:   c7 05 fe 0c 07 00 00 00 00 00 48 85 c0 74 16 48
0x00007ff95e513a38:   8b 48 08 48 63 51 04 48 8d 48 08 48 03 ca 48 8b
0x00007ff95e513a48:   01 ff 50 08 90 48 8b 05 e4 0c 07 00 48 c7 05 d9
0x00007ff95e513a58:   0c 07 00 00 00 00 00 48 85 c0 74 16 48 8b 48 08
0x00007ff95e513a68:   48 63 51 04 48 8d 48 08 48 03 ca 48 8b 01 ff 50
0x00007ff95e513a78:   08 90 b0 01 48 83 c4 28 c3 cc cc cc cc cc cc cc
0x00007ff95e513a88:   cc cc cc cc cc cc cc cc 48 89 5c 24 08 48 89 6c
0x00007ff95e513a98:   24 10 48 89 74 24 18 57 48 83 ec 20 48 8b f2 48
0x00007ff95e513aa8:   8b d9 80 79 28 00 74 05 48 8b 12 eb 65 48 63 7c
0x00007ff95e513ab8:   24 60 48 63 6c 24 58 3b 69 18 75 05 3b 79 1c 74
0x00007ff95e513ac8:   27 48 8b 49 20 e8 92 b1 03 00 89 6b 18 89 7b 1c
0x00007ff95e513ad8:   c6 43 29 01 48 8b cf 48 0f af cd 48 c1 e1 02 e8 


Stack slot to memory mapping:
stack at sp + 0 slots: 0x000000071107b650 is an oop: javax.swing.JRootPane 
{0x000000071107b650} - klass: 'javax/swing/JRootPane'
stack at sp + 1 slots: 0x0 is NULL
stack at sp + 2 slots: 0x000000eb8198e6e0 is pointing into the stack for thread: 0x000001f110428e60
stack at sp + 3 slots: 0x000000071107b650 is an oop: javax.swing.JRootPane 
{0x000000071107b650} - klass: 'javax/swing/JRootPane'
stack at sp + 4 slots: {method} {0x000001f1165020a8} '_OnClose' '()Z' in 'com/jnngl/system/NativeWindowApplication'
stack at sp + 5 slots: 0x000001f16c73dd22 is at code_begin+1026 in an Interpreter codelet
method entry point (kind = native)  [0x000001f16c73d920, 0x000001f16c73e300]  2528 bytes
stack at sp + 6 slots: 0x0000000000000001 is an unknown value
stack at sp + 7 slots: 0x0000000711090398 is an oop: sun.java2d.d3d.D3DGraphicsConfig 
{0x0000000711090398} - klass: 'sun/java2d/d3d/D3DGraphicsConfig'


---------------  P R O C E S S  ---------------

Threads class SMR info:
_java_thread_list=0x000001f1172b7ac0, length=19, elements={
0x000001f1082242c0, 0x000001f1082267a0, 0x000001f108241b90, 0x000001f108242590,
0x000001f108242f90, 0x000001f108244130, 0x000001f108245e10, 0x000001f108c00080,
0x000001f108c069f0, 0x000001f108cfe500, 0x000001f108f78e50, 0x000001f108f79780,
0x000001f1091e62f0, 0x000001f1091eb760, 0x000001f1091eebc0, 0x000001f110428e60,
0x000001f1104c5440, 0x000001f1104c5960, 0x000001f164fc4150
}

Java Threads: ( => current thread )
  0x000001f1082242c0 JavaThread "Reference Handler" daemon [_thread_blocked, id=25288, stack(0x000000ebff800000,0x000000ebff900000)]
  0x000001f1082267a0 JavaThread "Finalizer" daemon [_thread_blocked, id=9968, stack(0x000000ebff900000,0x000000ebffa00000)]
  0x000001f108241b90 JavaThread "Signal Dispatcher" daemon [_thread_blocked, id=404, stack(0x000000ebffa00000,0x000000ebffb00000)]
  0x000001f108242590 JavaThread "Attach Listener" daemon [_thread_blocked, id=25684, stack(0x000000ebffb00000,0x000000ebffc00000)]
  0x000001f108242f90 JavaThread "Service Thread" daemon [_thread_blocked, id=20256, stack(0x000000ebffc00000,0x000000ebffd00000)]
  0x000001f108244130 JavaThread "Monitor Deflation Thread" daemon [_thread_blocked, id=18460, stack(0x000000ebffd00000,0x000000ebffe00000)]
  0x000001f108245e10 JavaThread "C2 CompilerThread0" daemon [_thread_blocked, id=21876, stack(0x000000ebffe00000,0x000000ebfff00000)]
  0x000001f108c00080 JavaThread "C1 CompilerThread0" daemon [_thread_blocked, id=24860, stack(0x000000ebfff00000,0x000000ec00000000)]
  0x000001f108c069f0 JavaThread "Sweeper thread" daemon [_thread_blocked, id=26740, stack(0x000000eb80000000,0x000000eb80100000)]
  0x000001f108cfe500 JavaThread "Common-Cleaner" daemon [_thread_blocked, id=10816, stack(0x000000eb80100000,0x000000eb80200000)]
  0x000001f108f78e50 JavaThread "Monitor Ctrl-Break" daemon [_thread_in_native, id=29024, stack(0x000000eb80700000,0x000000eb80800000)]
  0x000001f108f79780 JavaThread "Notification Thread" daemon [_thread_blocked, id=26688, stack(0x000000eb80800000,0x000000eb80900000)]
  0x000001f1091e62f0 JavaThread "Java2D Disposer" daemon [_thread_blocked, id=10208, stack(0x000000eb80a00000,0x000000eb80b00000)]
  0x000001f1091eb760 JavaThread "AWT-Shutdown" [_thread_blocked, id=5436, stack(0x000000eb80b00000,0x000000eb80c00000)]
  0x000001f1091eebc0 JavaThread "AWT-Windows" daemon [_thread_in_native, id=25568, stack(0x000000eb80c00000,0x000000eb80d00000)]
=>0x000001f110428e60 JavaThread "AWT-EventQueue-0" [_thread_in_native, id=25788, stack(0x000000eb81890000,0x000000eb81990000)]
  0x000001f1104c5440 JavaThread "pool-1-thread-1" [_thread_blocked, id=30100, stack(0x000000eb81990000,0x000000eb81a90000)]
  0x000001f1104c5960 JavaThread "D3D Screen Updater" daemon [_thread_blocked, id=23208, stack(0x000000eb81a90000,0x000000eb81b90000)]
  0x000001f164fc4150 JavaThread "DestroyJavaVM" [_thread_blocked, id=29820, stack(0x000000ebff100000,0x000000ebff200000)]

Other Threads:
  0x000001f108220fe0 VMThread "VM Thread" [stack: 0x000000ebff700000,0x000000ebff800000] [id=21404]
  0x000001f108fcef70 WatcherThread [stack: 0x000000eb80900000,0x000000eb80a00000] [id=19212]
  0x000001f165014460 GCTaskThread "GC Thread#0" [stack: 0x000000ebff200000,0x000000ebff300000] [id=29296]
  0x000001f1094c7280 GCTaskThread "GC Thread#1" [stack: 0x000000eb81d20000,0x000000eb81e20000] [id=26500]
  0x000001f1094c7590 GCTaskThread "GC Thread#2" [stack: 0x000000eb81e20000,0x000000eb81f20000] [id=27180]
  0x000001f1109157a0 GCTaskThread "GC Thread#3" [stack: 0x000000eb81f20000,0x000000eb82020000] [id=26480]
  0x000001f110914540 GCTaskThread "GC Thread#4" [stack: 0x000000eb82020000,0x000000eb82120000] [id=31440]
  0x000001f110917c60 GCTaskThread "GC Thread#5" [stack: 0x000000eb82120000,0x000000eb82220000] [id=29800]
  0x000001f110914850 GCTaskThread "GC Thread#6" [stack: 0x000000eb82220000,0x000000eb82320000] [id=29500]
  0x000001f110914b60 GCTaskThread "GC Thread#7" [stack: 0x000000eb82320000,0x000000eb82420000] [id=25980]
  0x000001f110917640 GCTaskThread "GC Thread#8" [stack: 0x000000eb82420000,0x000000eb82520000] [id=23740]
  0x000001f110917950 GCTaskThread "GC Thread#9" [stack: 0x000000eb82520000,0x000000eb82620000] [id=29832]
  0x000001f110914e70 GCTaskThread "GC Thread#10" [stack: 0x000000eb81c20000,0x000000eb81d20000] [id=30172]
  0x000001f165024cd0 ConcurrentGCThread "G1 Main Marker" [stack: 0x000000ebff300000,0x000000ebff400000] [id=8556]
  0x000001f165026df0 ConcurrentGCThread "G1 Conc#0" [stack: 0x000000ebff400000,0x000000ebff500000] [id=11404]
  0x000001f16508ec70 ConcurrentGCThread "G1 Refine#0" [stack: 0x000000ebff500000,0x000000ebff600000] [id=30976]
  0x000001f1080d6b30 ConcurrentGCThread "G1 Service" [stack: 0x000000ebff600000,0x000000ebff700000] [id=24528]

Threads with active compile tasks:

VM state: not at safepoint (normal execution)

VM Mutex/Monitor currently owned by a thread: None

Heap address: 0x000000070a200000, size: 3934 MB, Compressed Oops mode: Zero based, Oop shift amount: 3

CDS archive(s) mapped at: [0x0000000800000000-0x0000000800bb0000-0x0000000800bb0000), size 12255232, SharedBaseAddress: 0x0000000800000000, ArchiveRelocationMode: 0.
Compressed class space mapped at: 0x0000000800c00000-0x0000000840c00000, reserved size: 1073741824
Narrow klass base: 0x0000000800000000, Narrow klass shift: 3, Narrow klass range: 0x100000000

GC Precious Log:
 CPUs: 16 total, 16 available
 Memory: 15731M
 Large Page Support: Disabled
 NUMA Support: Disabled
 Compressed Oops: Enabled (Zero based)
 Heap Region Size: 2M
 Heap Min Capacity: 8M
 Heap Initial Capacity: 246M
 Heap Max Capacity: 3934M
 Pre-touch: Disabled
 Parallel Workers: 13
 Concurrent Workers: 3
 Concurrent Refinement Workers: 13
 Periodic GC: Disabled

Heap:
 garbage-first heap   total 303104K, used 127265K [0x000000070a200000, 0x0000000800000000)
  region size 2048K, 3 young (6144K), 1 survivors (2048K)
 Metaspace       used 9964K, committed 10176K, reserved 1064960K
  class space    used 945K, committed 1024K, reserved 1048576K

Heap Regions: E=young(eden), S=young(survivor), O=old, HS=humongous(starts), HC=humongous(continues), CS=collection set, F=free, OA=open archive, CA=closed archive, TAMS=top-at-mark-start (previous, next)
|   0|0x000000070a200000, 0x000000070a400000, 0x000000070a400000|100%|HS|  |TAMS 0x000000070a200000, 0x000000070a400000| Complete 
|   1|0x000000070a400000, 0x000000070a600000, 0x000000070a600000|100%|HC|  |TAMS 0x000000070a400000, 0x000000070a600000| Complete 
|   2|0x000000070a600000, 0x000000070a800000, 0x000000070a800000|100%|HS|  |TAMS 0x000000070a600000, 0x000000070a800000| Complete 
|   3|0x000000070a800000, 0x000000070aa00000, 0x000000070aa00000|100%|HC|  |TAMS 0x000000070a800000, 0x000000070aa00000| Complete 
|   4|0x000000070aa00000, 0x000000070ac00000, 0x000000070ac00000|100%|HS|  |TAMS 0x000000070aa00000, 0x000000070ac00000| Complete 
|   5|0x000000070ac00000, 0x000000070ae00000, 0x000000070ae00000|100%|HS|  |TAMS 0x000000070ac00000, 0x000000070ae00000| Complete 
|   6|0x000000070ae00000, 0x000000070b000000, 0x000000070b000000|100%|HC|  |TAMS 0x000000070ae00000, 0x000000070b000000| Complete 
|   7|0x000000070b000000, 0x000000070b200000, 0x000000070b200000|100%|HS|  |TAMS 0x000000070b000000, 0x000000070b200000| Complete 
|   8|0x000000070b200000, 0x000000070b400000, 0x000000070b400000|100%|HC|  |TAMS 0x000000070b200000, 0x000000070b400000| Complete 
|   9|0x000000070b400000, 0x000000070b600000, 0x000000070b600000|100%|HC|  |TAMS 0x000000070b400000, 0x000000070b600000| Complete 
|  10|0x000000070b600000, 0x000000070b800000, 0x000000070b800000|100%|HS|  |TAMS 0x000000070b600000, 0x000000070b800000| Complete 
|  11|0x000000070b800000, 0x000000070ba00000, 0x000000070ba00000|100%|HC|  |TAMS 0x000000070b800000, 0x000000070ba00000| Complete 
|  12|0x000000070ba00000, 0x000000070bc00000, 0x000000070bc00000|100%|HC|  |TAMS 0x000000070ba00000, 0x000000070bc00000| Complete 
|  13|0x000000070bc00000, 0x000000070be00000, 0x000000070be00000|100%|HS|  |TAMS 0x000000070bc00000, 0x000000070be00000| Complete 
|  14|0x000000070be00000, 0x000000070c000000, 0x000000070c000000|100%|HC|  |TAMS 0x000000070be00000, 0x000000070c000000| Complete 
|  15|0x000000070c000000, 0x000000070c200000, 0x000000070c200000|100%|HC|  |TAMS 0x000000070c000000, 0x000000070c200000| Complete 
|  16|0x000000070c200000, 0x000000070c400000, 0x000000070c400000|100%|HS|  |TAMS 0x000000070c200000, 0x000000070c400000| Complete 
|  17|0x000000070c400000, 0x000000070c600000, 0x000000070c600000|100%|HC|  |TAMS 0x000000070c400000, 0x000000070c600000| Complete 
|  18|0x000000070c600000, 0x000000070c800000, 0x000000070c800000|100%|HC|  |TAMS 0x000000070c600000, 0x000000070c800000| Complete 
|  19|0x000000070c800000, 0x000000070ca00000, 0x000000070ca00000|100%|HS|  |TAMS 0x000000070c800000, 0x000000070ca00000| Complete 
|  20|0x000000070ca00000, 0x000000070cc00000, 0x000000070cc00000|100%|HC|  |TAMS 0x000000070ca00000, 0x000000070cc00000| Complete 
|  21|0x000000070cc00000, 0x000000070ce00000, 0x000000070ce00000|100%|HC|  |TAMS 0x000000070cc00000, 0x000000070ce00000| Complete 
|  22|0x000000070ce00000, 0x000000070d000000, 0x000000070d000000|100%|HS|  |TAMS 0x000000070ce00000, 0x000000070d000000| Complete 
|  23|0x000000070d000000, 0x000000070d200000, 0x000000070d200000|100%|HC|  |TAMS 0x000000070d000000, 0x000000070d200000| Complete 
|  24|0x000000070d200000, 0x000000070d400000, 0x000000070d400000|100%|HC|  |TAMS 0x000000070d200000, 0x000000070d400000| Complete 
|  25|0x000000070d400000, 0x000000070d600000, 0x000000070d600000|100%|HS|  |TAMS 0x000000070d400000, 0x000000070d600000| Complete 
|  26|0x000000070d600000, 0x000000070d800000, 0x000000070d800000|100%|HC|  |TAMS 0x000000070d600000, 0x000000070d800000| Complete 
|  27|0x000000070d800000, 0x000000070da00000, 0x000000070da00000|100%|HC|  |TAMS 0x000000070d800000, 0x000000070da00000| Complete 
|  28|0x000000070da00000, 0x000000070dc00000, 0x000000070dc00000|100%|HS|  |TAMS 0x000000070da00000, 0x000000070dc00000| Complete 
|  29|0x000000070dc00000, 0x000000070de00000, 0x000000070de00000|100%|HC|  |TAMS 0x000000070dc00000, 0x000000070de00000| Complete 
|  30|0x000000070de00000, 0x000000070e000000, 0x000000070e000000|100%|HC|  |TAMS 0x000000070de00000, 0x000000070e000000| Complete 
|  31|0x000000070e000000, 0x000000070e200000, 0x000000070e200000|100%|HS|  |TAMS 0x000000070e000000, 0x000000070e200000| Complete 
|  32|0x000000070e200000, 0x000000070e400000, 0x000000070e400000|100%|HC|  |TAMS 0x000000070e200000, 0x000000070e400000| Complete 
|  33|0x000000070e400000, 0x000000070e600000, 0x000000070e600000|100%|HC|  |TAMS 0x000000070e400000, 0x000000070e600000| Complete 
|  34|0x000000070e600000, 0x000000070e800000, 0x000000070e800000|100%|HS|  |TAMS 0x000000070e600000, 0x000000070e800000| Complete 
|  35|0x000000070e800000, 0x000000070ea00000, 0x000000070ea00000|100%|HC|  |TAMS 0x000000070e800000, 0x000000070ea00000| Complete 
|  36|0x000000070ea00000, 0x000000070ec00000, 0x000000070ec00000|100%|HC|  |TAMS 0x000000070ea00000, 0x000000070ec00000| Complete 
|  37|0x000000070ec00000, 0x000000070ee00000, 0x000000070ee00000|100%|HS|  |TAMS 0x000000070ec00000, 0x000000070ee00000| Complete 
|  38|0x000000070ee00000, 0x000000070f000000, 0x000000070f000000|100%|HC|  |TAMS 0x000000070ee00000, 0x000000070f000000| Complete 
|  39|0x000000070f000000, 0x000000070f200000, 0x000000070f200000|100%|HC|  |TAMS 0x000000070f000000, 0x000000070f200000| Complete 
|  40|0x000000070f200000, 0x000000070f400000, 0x000000070f400000|100%|HS|  |TAMS 0x000000070f200000, 0x000000070f400000| Complete 
|  41|0x000000070f400000, 0x000000070f600000, 0x000000070f600000|100%|HC|  |TAMS 0x000000070f400000, 0x000000070f600000| Complete 
|  42|0x000000070f600000, 0x000000070f800000, 0x000000070f800000|100%|HC|  |TAMS 0x000000070f600000, 0x000000070f800000| Complete 
|  43|0x000000070f800000, 0x000000070fa00000, 0x000000070fa00000|100%|HS|  |TAMS 0x000000070f800000, 0x000000070fa00000| Complete 
|  44|0x000000070fa00000, 0x000000070fc00000, 0x000000070fc00000|100%|HC|  |TAMS 0x000000070fa00000, 0x000000070fc00000| Complete 
|  45|0x000000070fc00000, 0x000000070fe00000, 0x000000070fe00000|100%|HC|  |TAMS 0x000000070fc00000, 0x000000070fe00000| Complete 
|  46|0x000000070fe00000, 0x0000000710000000, 0x0000000710000000|100%|HS|  |TAMS 0x000000070fe00000, 0x0000000710000000| Complete 
|  47|0x0000000710000000, 0x0000000710200000, 0x0000000710200000|100%|HC|  |TAMS 0x0000000710000000, 0x0000000710200000| Complete 
|  48|0x0000000710200000, 0x0000000710400000, 0x0000000710400000|100%|HC|  |TAMS 0x0000000710200000, 0x0000000710400000| Complete 
|  49|0x0000000710400000, 0x0000000710600000, 0x0000000710600000|100%|HS|  |TAMS 0x0000000710400000, 0x0000000710400000| Complete 
|  50|0x0000000710600000, 0x0000000710800000, 0x0000000710800000|100%|HC|  |TAMS 0x0000000710600000, 0x0000000710600000| Complete 
|  51|0x0000000710800000, 0x0000000710a00000, 0x0000000710a00000|100%|HC|  |TAMS 0x0000000710800000, 0x0000000710800000| Complete 
|  52|0x0000000710a00000, 0x0000000710c00000, 0x0000000710c00000|100%|HS|  |TAMS 0x0000000710a00000, 0x0000000710a00000| Complete 
|  53|0x0000000710c00000, 0x0000000710e00000, 0x0000000710e00000|100%|HC|  |TAMS 0x0000000710c00000, 0x0000000710c00000| Complete 
|  54|0x0000000710e00000, 0x0000000711000000, 0x0000000711000000|100%|HC|  |TAMS 0x0000000710e00000, 0x0000000710e00000| Complete 
|  55|0x0000000711000000, 0x0000000711200000, 0x0000000711200000|100%| O|  |TAMS 0x0000000711000000, 0x0000000711200000| Untracked 
|  56|0x0000000711200000, 0x0000000711400000, 0x0000000711400000|100%| O|  |TAMS 0x0000000711200000, 0x0000000711400000| Untracked 
|  57|0x0000000711400000, 0x0000000711591e00, 0x0000000711600000| 78%| O|  |TAMS 0x0000000711400000, 0x0000000711591e00| Untracked 
|  58|0x0000000711600000, 0x0000000711800000, 0x0000000711800000|100%|HS|  |TAMS 0x0000000711600000, 0x0000000711600000| Complete 
|  59|0x0000000711800000, 0x0000000711a00000, 0x0000000711a00000|100%|HC|  |TAMS 0x0000000711800000, 0x0000000711800000| Complete 
|  60|0x0000000711a00000, 0x0000000711c00000, 0x0000000711c00000|100%|HC|  |TAMS 0x0000000711a00000, 0x0000000711a00000| Complete 
|  61|0x0000000711c00000, 0x0000000711c00000, 0x0000000711e00000|  0%| F|  |TAMS 0x0000000711c00000, 0x0000000711c00000| Untracked 
|  62|0x0000000711e00000, 0x0000000711e00000, 0x0000000712000000|  0%| F|  |TAMS 0x0000000711e00000, 0x0000000711e00000| Untracked 
|  63|0x0000000712000000, 0x0000000712000000, 0x0000000712200000|  0%| F|  |TAMS 0x0000000712000000, 0x0000000712000000| Untracked 
|  64|0x0000000712200000, 0x0000000712200000, 0x0000000712400000|  0%| F|  |TAMS 0x0000000712200000, 0x0000000712200000| Untracked 
|  65|0x0000000712400000, 0x0000000712400000, 0x0000000712600000|  0%| F|  |TAMS 0x0000000712400000, 0x0000000712400000| Untracked 
|  66|0x0000000712600000, 0x0000000712600000, 0x0000000712800000|  0%| F|  |TAMS 0x0000000712600000, 0x0000000712600000| Untracked 
|  67|0x0000000712800000, 0x0000000712800000, 0x0000000712a00000|  0%| F|  |TAMS 0x0000000712800000, 0x0000000712800000| Untracked 
|  68|0x0000000712a00000, 0x0000000712a00000, 0x0000000712c00000|  0%| F|  |TAMS 0x0000000712a00000, 0x0000000712a00000| Untracked 
|  69|0x0000000712c00000, 0x0000000712c00000, 0x0000000712e00000|  0%| F|  |TAMS 0x0000000712c00000, 0x0000000712c00000| Untracked 
|  70|0x0000000712e00000, 0x0000000712e00000, 0x0000000713000000|  0%| F|  |TAMS 0x0000000712e00000, 0x0000000712e00000| Untracked 
|  71|0x0000000713000000, 0x0000000713000000, 0x0000000713200000|  0%| F|  |TAMS 0x0000000713000000, 0x0000000713000000| Untracked 
|  72|0x0000000713200000, 0x0000000713200000, 0x0000000713400000|  0%| F|  |TAMS 0x0000000713200000, 0x0000000713200000| Untracked 
|  73|0x0000000713400000, 0x0000000713400000, 0x0000000713600000|  0%| F|  |TAMS 0x0000000713400000, 0x0000000713400000| Untracked 
|  74|0x0000000713600000, 0x0000000713600000, 0x0000000713800000|  0%| F|  |TAMS 0x0000000713600000, 0x0000000713600000| Untracked 
|  75|0x0000000713800000, 0x0000000713800000, 0x0000000713a00000|  0%| F|  |TAMS 0x0000000713800000, 0x0000000713800000| Untracked 
|  76|0x0000000713a00000, 0x0000000713a00000, 0x0000000713c00000|  0%| F|  |TAMS 0x0000000713a00000, 0x0000000713a00000| Untracked 
|  77|0x0000000713c00000, 0x0000000713c00000, 0x0000000713e00000|  0%| F|  |TAMS 0x0000000713c00000, 0x0000000713c00000| Untracked 
|  78|0x0000000713e00000, 0x0000000713e00000, 0x0000000714000000|  0%| F|  |TAMS 0x0000000713e00000, 0x0000000713e00000| Untracked 
|  79|0x0000000714000000, 0x0000000714000000, 0x0000000714200000|  0%| F|  |TAMS 0x0000000714000000, 0x0000000714000000| Untracked 
|  80|0x0000000714200000, 0x0000000714200000, 0x0000000714400000|  0%| F|  |TAMS 0x0000000714200000, 0x0000000714200000| Untracked 
|  81|0x0000000714400000, 0x0000000714400000, 0x0000000714600000|  0%| F|  |TAMS 0x0000000714400000, 0x0000000714400000| Untracked 
|  82|0x0000000714600000, 0x0000000714600000, 0x0000000714800000|  0%| F|  |TAMS 0x0000000714600000, 0x0000000714600000| Untracked 
|  83|0x0000000714800000, 0x0000000714800000, 0x0000000714a00000|  0%| F|  |TAMS 0x0000000714800000, 0x0000000714800000| Untracked 
|  84|0x0000000714a00000, 0x0000000714a00000, 0x0000000714c00000|  0%| F|  |TAMS 0x0000000714a00000, 0x0000000714a00000| Untracked 
|  85|0x0000000714c00000, 0x0000000714c00000, 0x0000000714e00000|  0%| F|  |TAMS 0x0000000714c00000, 0x0000000714c00000| Untracked 
|  86|0x0000000714e00000, 0x0000000714e00000, 0x0000000715000000|  0%| F|  |TAMS 0x0000000714e00000, 0x0000000714e00000| Untracked 
|  87|0x0000000715000000, 0x0000000715000000, 0x0000000715200000|  0%| F|  |TAMS 0x0000000715000000, 0x0000000715000000| Untracked 
|  88|0x0000000715200000, 0x0000000715200000, 0x0000000715400000|  0%| F|  |TAMS 0x0000000715200000, 0x0000000715200000| Untracked 
|  89|0x0000000715400000, 0x0000000715400000, 0x0000000715600000|  0%| F|  |TAMS 0x0000000715400000, 0x0000000715400000| Untracked 
|  90|0x0000000715600000, 0x0000000715600000, 0x0000000715800000|  0%| F|  |TAMS 0x0000000715600000, 0x0000000715600000| Untracked 
|  91|0x0000000715800000, 0x0000000715800000, 0x0000000715a00000|  0%| F|  |TAMS 0x0000000715800000, 0x0000000715800000| Untracked 
|  92|0x0000000715a00000, 0x0000000715a00000, 0x0000000715c00000|  0%| F|  |TAMS 0x0000000715a00000, 0x0000000715a00000| Untracked 
|  93|0x0000000715c00000, 0x0000000715c00000, 0x0000000715e00000|  0%| F|  |TAMS 0x0000000715c00000, 0x0000000715c00000| Untracked 
|  94|0x0000000715e00000, 0x0000000715e00000, 0x0000000716000000|  0%| F|  |TAMS 0x0000000715e00000, 0x0000000715e00000| Untracked 
|  95|0x0000000716000000, 0x0000000716000000, 0x0000000716200000|  0%| F|  |TAMS 0x0000000716000000, 0x0000000716000000| Untracked 
|  96|0x0000000716200000, 0x0000000716200000, 0x0000000716400000|  0%| F|  |TAMS 0x0000000716200000, 0x0000000716200000| Untracked 
|  97|0x0000000716400000, 0x0000000716400000, 0x0000000716600000|  0%| F|  |TAMS 0x0000000716400000, 0x0000000716400000| Untracked 
|  98|0x0000000716600000, 0x0000000716600000, 0x0000000716800000|  0%| F|  |TAMS 0x0000000716600000, 0x0000000716600000| Untracked 
|  99|0x0000000716800000, 0x0000000716800000, 0x0000000716a00000|  0%| F|  |TAMS 0x0000000716800000, 0x0000000716800000| Untracked 
| 100|0x0000000716a00000, 0x0000000716a00000, 0x0000000716c00000|  0%| F|  |TAMS 0x0000000716a00000, 0x0000000716a00000| Untracked 
| 101|0x0000000716c00000, 0x0000000716c00000, 0x0000000716e00000|  0%| F|  |TAMS 0x0000000716c00000, 0x0000000716c00000| Untracked 
| 102|0x0000000716e00000, 0x0000000716e00000, 0x0000000717000000|  0%| F|  |TAMS 0x0000000716e00000, 0x0000000716e00000| Untracked 
| 103|0x0000000717000000, 0x0000000717000000, 0x0000000717200000|  0%| F|  |TAMS 0x0000000717000000, 0x0000000717000000| Untracked 
| 104|0x0000000717200000, 0x0000000717200000, 0x0000000717400000|  0%| F|  |TAMS 0x0000000717200000, 0x0000000717200000| Untracked 
| 105|0x0000000717400000, 0x0000000717400000, 0x0000000717600000|  0%| F|  |TAMS 0x0000000717400000, 0x0000000717400000| Untracked 
| 106|0x0000000717600000, 0x0000000717600000, 0x0000000717800000|  0%| F|  |TAMS 0x0000000717600000, 0x0000000717600000| Untracked 
| 107|0x0000000717800000, 0x0000000717800000, 0x0000000717a00000|  0%| F|  |TAMS 0x0000000717800000, 0x0000000717800000| Untracked 
| 108|0x0000000717a00000, 0x0000000717a00000, 0x0000000717c00000|  0%| F|  |TAMS 0x0000000717a00000, 0x0000000717a00000| Untracked 
| 109|0x0000000717c00000, 0x0000000717c00000, 0x0000000717e00000|  0%| F|  |TAMS 0x0000000717c00000, 0x0000000717c00000| Untracked 
| 110|0x0000000717e00000, 0x0000000717e00000, 0x0000000718000000|  0%| F|  |TAMS 0x0000000717e00000, 0x0000000717e00000| Untracked 
| 111|0x0000000718000000, 0x0000000718000000, 0x0000000718200000|  0%| F|  |TAMS 0x0000000718000000, 0x0000000718000000| Untracked 
| 112|0x0000000718200000, 0x0000000718200000, 0x0000000718400000|  0%| F|  |TAMS 0x0000000718200000, 0x0000000718200000| Untracked 
| 113|0x0000000718400000, 0x0000000718400000, 0x0000000718600000|  0%| F|  |TAMS 0x0000000718400000, 0x0000000718400000| Untracked 
| 114|0x0000000718600000, 0x0000000718600000, 0x0000000718800000|  0%| F|  |TAMS 0x0000000718600000, 0x0000000718600000| Untracked 
| 115|0x0000000718800000, 0x0000000718800000, 0x0000000718a00000|  0%| F|  |TAMS 0x0000000718800000, 0x0000000718800000| Untracked 
| 116|0x0000000718a00000, 0x0000000718a00000, 0x0000000718c00000|  0%| F|  |TAMS 0x0000000718a00000, 0x0000000718a00000| Untracked 
| 117|0x0000000718c00000, 0x0000000718c00000, 0x0000000718e00000|  0%| F|  |TAMS 0x0000000718c00000, 0x0000000718c00000| Untracked 
| 118|0x0000000718e00000, 0x0000000718e00000, 0x0000000719000000|  0%| F|  |TAMS 0x0000000718e00000, 0x0000000718e00000| Untracked 
| 119|0x0000000719000000, 0x0000000719000000, 0x0000000719200000|  0%| F|  |TAMS 0x0000000719000000, 0x0000000719000000| Untracked 
| 120|0x0000000719200000, 0x0000000719200000, 0x0000000719400000|  0%| F|  |TAMS 0x0000000719200000, 0x0000000719200000| Untracked 
| 121|0x0000000719400000, 0x0000000719400000, 0x0000000719600000|  0%| F|  |TAMS 0x0000000719400000, 0x0000000719400000| Untracked 
| 122|0x0000000719600000, 0x0000000719600000, 0x0000000719800000|  0%| F|  |TAMS 0x0000000719600000, 0x0000000719600000| Untracked 
| 123|0x0000000719800000, 0x0000000719800000, 0x0000000719a00000|  0%| F|  |TAMS 0x0000000719800000, 0x0000000719800000| Untracked 
| 124|0x0000000719a00000, 0x0000000719a00000, 0x0000000719c00000|  0%| F|  |TAMS 0x0000000719a00000, 0x0000000719a00000| Untracked 
| 125|0x0000000719c00000, 0x0000000719c00000, 0x0000000719e00000|  0%| F|  |TAMS 0x0000000719c00000, 0x0000000719c00000| Untracked 
| 126|0x0000000719e00000, 0x0000000719e00000, 0x000000071a000000|  0%| F|  |TAMS 0x0000000719e00000, 0x0000000719e00000| Untracked 
| 127|0x000000071a000000, 0x000000071a000000, 0x000000071a200000|  0%| F|  |TAMS 0x000000071a000000, 0x000000071a000000| Untracked 
| 128|0x000000071a200000, 0x000000071a200000, 0x000000071a400000|  0%| F|  |TAMS 0x000000071a200000, 0x000000071a200000| Untracked 
| 129|0x000000071a400000, 0x000000071a400000, 0x000000071a600000|  0%| F|  |TAMS 0x000000071a400000, 0x000000071a400000| Untracked 
| 130|0x000000071a600000, 0x000000071a600000, 0x000000071a800000|  0%| F|  |TAMS 0x000000071a600000, 0x000000071a600000| Untracked 
| 131|0x000000071a800000, 0x000000071a800000, 0x000000071aa00000|  0%| F|  |TAMS 0x000000071a800000, 0x000000071a800000| Untracked 
| 132|0x000000071aa00000, 0x000000071aa00000, 0x000000071ac00000|  0%| F|  |TAMS 0x000000071aa00000, 0x000000071aa00000| Untracked 
| 133|0x000000071ac00000, 0x000000071ac00000, 0x000000071ae00000|  0%| F|  |TAMS 0x000000071ac00000, 0x000000071ac00000| Untracked 
| 134|0x000000071ae00000, 0x000000071ae00000, 0x000000071b000000|  0%| F|  |TAMS 0x000000071ae00000, 0x000000071ae00000| Untracked 
| 135|0x000000071b000000, 0x000000071b000000, 0x000000071b200000|  0%| F|  |TAMS 0x000000071b000000, 0x000000071b000000| Untracked 
| 136|0x000000071b200000, 0x000000071b200000, 0x000000071b400000|  0%| F|  |TAMS 0x000000071b200000, 0x000000071b200000| Untracked 
| 137|0x000000071b400000, 0x000000071b400000, 0x000000071b600000|  0%| F|  |TAMS 0x000000071b400000, 0x000000071b400000| Untracked 
| 138|0x000000071b600000, 0x000000071b600000, 0x000000071b800000|  0%| F|  |TAMS 0x000000071b600000, 0x000000071b600000| Untracked 
| 139|0x000000071b800000, 0x000000071b800000, 0x000000071ba00000|  0%| F|  |TAMS 0x000000071b800000, 0x000000071b800000| Untracked 
| 140|0x000000071ba00000, 0x000000071ba00000, 0x000000071bc00000|  0%| F|  |TAMS 0x000000071ba00000, 0x000000071ba00000| Untracked 
| 141|0x000000071bc00000, 0x000000071bc00000, 0x000000071be00000|  0%| F|  |TAMS 0x000000071bc00000, 0x000000071bc00000| Untracked 
| 142|0x000000071be00000, 0x000000071be00000, 0x000000071c000000|  0%| F|  |TAMS 0x000000071be00000, 0x000000071be00000| Untracked 
| 143|0x000000071c000000, 0x000000071c000000, 0x000000071c200000|  0%| F|  |TAMS 0x000000071c000000, 0x000000071c000000| Untracked 
| 144|0x000000071c200000, 0x000000071c2b68e0, 0x000000071c400000| 35%| S|CS|TAMS 0x000000071c200000, 0x000000071c200000| Complete 
| 145|0x000000071c400000, 0x000000071c400000, 0x000000071c600000|  0%| F|  |TAMS 0x000000071c400000, 0x000000071c400000| Untracked 
| 146|0x000000071c600000, 0x000000071c700800, 0x000000071c800000| 50%| E|  |TAMS 0x000000071c600000, 0x000000071c600000| Complete 
| 147|0x000000071c800000, 0x000000071ca00000, 0x000000071ca00000|100%| E|CS|TAMS 0x000000071c800000, 0x000000071c800000| Complete 

Card table byte_map: [0x000001f17c760000,0x000001f17cf10000] _byte_map_base: 0x000001f178f0f000

Marking Bits (Prev, Next): (CMBitMap*) 0x000001f1650149d0, (CMBitMap*) 0x000001f165014a10
 Prev Bits: [0x000001f100000000, 0x000001f103d78000)
 Next Bits: [0x000001f103d80000, 0x000001f107af8000)

Polling page: 0x000001f162f60000

Metaspace:

Usage:
  Non-class:      8.81 MB used.
      Class:    945.84 KB used.
       Both:      9.73 MB used.

Virtual space:
  Non-class space:       16.00 MB reserved,       8.94 MB ( 56%) committed,  2 nodes.
      Class space:        1.00 GB reserved,       1.00 MB ( <1%) committed,  1 nodes.
              Both:        1.02 GB reserved,       9.94 MB ( <1%) committed. 

Chunk freelists:
   Non-Class:  2.97 MB
       Class:  3.02 MB
        Both:  5.98 MB

MaxMetaspaceSize: 17179869184.00 GB
CompressedClassSpaceSize: 1.00 GB
 - commit_granule_bytes: 65536.
 - commit_granule_words: 8192.
 - virtual_space_node_default_size: 1048576.
 - enlarge_chunks_in_place: 1.
 - new_chunks_are_fully_committed: 0.
 - uncommit_free_chunks: 1.
 - use_allocation_guard: 0.
 - handle_deallocations: 1.


Internal statistics:

num_allocs_failed_limit: 0.
num_arena_births: 122.
num_arena_deaths: 0.
num_vsnodes_births: 3.
num_vsnodes_deaths: 0.
num_space_committed: 159.
num_space_uncommitted: 0.
num_chunks_returned_to_freelist: 0.
num_chunks_taken_from_freelist: 174.
num_chunk_merges: 0.
num_chunk_splits: 104.
num_chunks_enlarged: 55.
num_purges: 0.

CodeHeap 'non-profiled nmethods': size=119168Kb used=991Kb max_used=991Kb free=118176Kb
 bounds [0x000001f1742d0000, 0x000001f174540000, 0x000001f17b730000]
CodeHeap 'profiled nmethods': size=119104Kb used=4382Kb max_used=4382Kb free=114721Kb
 bounds [0x000001f16ce80000, 0x000001f16d2d0000, 0x000001f1742d0000]
CodeHeap 'non-nmethods': size=7488Kb used=1312Kb max_used=3057Kb free=6175Kb
 bounds [0x000001f16c730000, 0x000001f16ca50000, 0x000001f16ce80000]
 total_blobs=3088 nmethods=2452 adapters=548
 compilation: enabled
              stopped_count=0, restarted_count=0
 full_count=0

Compilation events (20 events):
Event: 18.883 Thread 0x000001f108c00080 2443       3       sun.java2d.marlin.DStroker::_moveTo (60 bytes)
Event: 18.883 Thread 0x000001f108245e10 2444       4       sun.java2d.marlin.DCurve::set (153 bytes)
Event: 18.883 Thread 0x000001f108c00080 nmethod 2443 0x000001f16d2c1d10 code [0x000001f16d2c1ec0, 0x000001f16d2c2108]
Event: 18.883 Thread 0x000001f108245e10 nmethod 2444 0x000001f1743c5890 code [0x000001f1743c5a40, 0x000001f1743c5b58]
Event: 18.933 Thread 0x000001f108245e10 2445       4       sun.java2d.marlin.DStroker::computeOffset (60 bytes)
Event: 18.933 Thread 0x000001f108245e10 nmethod 2445 0x000001f1743c5c10 code [0x000001f1743c5dc0, 0x000001f1743c5ed8]
Event: 19.060 Thread 0x000001f108245e10 2446   !   4       sun.awt.AppContext::get (123 bytes)
Event: 19.067 Thread 0x000001f108245e10 nmethod 2446 0x000001f1743c6010 code [0x000001f1743c61e0, 0x000001f1743c6ec8]
Event: 19.133 Thread 0x000001f108c00080 2447       3       javax.swing.RepaintManager$PaintManager::paint (201 bytes)
Event: 19.135 Thread 0x000001f108c00080 nmethod 2447 0x000001f16d2c2210 code [0x000001f16d2c2500, 0x000001f16d2c39e8]
Event: 19.135 Thread 0x000001f108c00080 2448   !   3       javax.swing.JComponent::paintToOffscreen (108 bytes)
Event: 19.135 Thread 0x000001f108c00080 nmethod 2448 0x000001f16d2c4010 code [0x000001f16d2c4240, 0x000001f16d2c4c88]
Event: 19.135 Thread 0x000001f108c00080 2449       3       javax.swing.plaf.ComponentUI::update (36 bytes)
Event: 19.135 Thread 0x000001f108c00080 nmethod 2449 0x000001f16d2c4f90 code [0x000001f16d2c51a0, 0x000001f16d2c5ba8]
Event: 19.136 Thread 0x000001f108245e10 2450       4       java.awt.geom.EllipseIterator::isDone (14 bytes)
Event: 19.136 Thread 0x000001f108245e10 nmethod 2450 0x000001f1743c7490 code [0x000001f1743c7600, 0x000001f1743c7698]
Event: 19.136 Thread 0x000001f108245e10 2451       4       sun.java2d.pipe.SpanShapeRenderer::spanClipLoop (63 bytes)
Event: 19.138 Thread 0x000001f108245e10 nmethod 2451 0x000001f1743c7790 code [0x000001f1743c7940, 0x000001f1743c7b88]
Event: 19.171 Thread 0x000001f108c00080 2452       3       javax.swing.RepaintManager::scheduleProcessingRunnable (69 bytes)
Event: 19.172 Thread 0x000001f108c00080 nmethod 2452 0x000001f16d2c5e10 code [0x000001f16d2c6140, 0x000001f16d2c7348]

GC Heap History (20 events):
Event: 14.633 GC heap before
{Heap before GC invocations=27 (full 0):
 garbage-first heap   total 303104K, used 138804K [0x000000070a200000, 0x0000000800000000)
  region size 2048K, 3 young (6144K), 1 survivors (2048K)
 Metaspace       used 9882K, committed 10048K, reserved 1064960K
  class space    used 945K, committed 1024K, reserved 1048576K
}
Event: 14.634 GC heap after
{Heap after GC invocations=28 (full 0):
 garbage-first heap   total 303104K, used 51443K [0x000000070a200000, 0x0000000800000000)
  region size 2048K, 1 young (2048K), 1 survivors (2048K)
 Metaspace       used 9882K, committed 10048K, reserved 1064960K
  class space    used 945K, committed 1024K, reserved 1048576K
}
Event: 15.362 GC heap before
{Heap before GC invocations=28 (full 0):
 garbage-first heap   total 303104K, used 141555K [0x000000070a200000, 0x0000000800000000)
  region size 2048K, 4 young (8192K), 1 survivors (2048K)
 Metaspace       used 9926K, committed 10112K, reserved 1064960K
  class space    used 945K, committed 1024K, reserved 1048576K
}
Event: 15.363 GC heap after
{Heap after GC invocations=29 (full 0):
 garbage-first heap   total 303104K, used 106743K [0x000000070a200000, 0x0000000800000000)
  region size 2048K, 1 young (2048K), 1 survivors (2048K)
 Metaspace       used 9926K, committed 10112K, reserved 1064960K
  class space    used 945K, committed 1024K, reserved 1048576K
}
Event: 15.625 GC heap before
{Heap before GC invocations=29 (full 0):
 garbage-first heap   total 303104K, used 139511K [0x000000070a200000, 0x0000000800000000)
  region size 2048K, 3 young (6144K), 1 survivors (2048K)
 Metaspace       used 9933K, committed 10112K, reserved 1064960K
  class space    used 945K, committed 1024K, reserved 1048576K
}
Event: 15.625 GC heap after
{Heap after GC invocations=30 (full 0):
 garbage-first heap   total 303104K, used 51444K [0x000000070a200000, 0x0000000800000000)
  region size 2048K, 1 young (2048K), 1 survivors (2048K)
 Metaspace       used 9933K, committed 10112K, reserved 1064960K
  class space    used 945K, committed 1024K, reserved 1048576K
}
Event: 16.335 GC heap before
{Heap before GC invocations=30 (full 0):
 garbage-first heap   total 303104K, used 139508K [0x000000070a200000, 0x0000000800000000)
  region size 2048K, 3 young (6144K), 1 survivors (2048K)
 Metaspace       used 9941K, committed 10112K, reserved 1064960K
  class space    used 945K, committed 1024K, reserved 1048576K
}
Event: 16.335 GC heap after
{Heap after GC invocations=31 (full 0):
 garbage-first heap   total 303104K, used 106743K [0x000000070a200000, 0x0000000800000000)
  region size 2048K, 1 young (2048K), 1 survivors (2048K)
 Metaspace       used 9941K, committed 10112K, reserved 1064960K
  class space    used 945K, committed 1024K, reserved 1048576K
}
Event: 16.588 GC heap before
{Heap before GC invocations=31 (full 0):
 garbage-first heap   total 303104K, used 139511K [0x000000070a200000, 0x0000000800000000)
  region size 2048K, 3 young (6144K), 1 survivors (2048K)
 Metaspace       used 9944K, committed 10112K, reserved 1064960K
  class space    used 945K, committed 1024K, reserved 1048576K
}
Event: 16.589 GC heap after
{Heap after GC invocations=32 (full 0):
 garbage-first heap   total 303104K, used 51457K [0x000000070a200000, 0x0000000800000000)
  region size 2048K, 1 young (2048K), 1 survivors (2048K)
 Metaspace       used 9944K, committed 10112K, reserved 1064960K
  class space    used 945K, committed 1024K, reserved 1048576K
}
Event: 17.297 GC heap before
{Heap before GC invocations=32 (full 0):
 garbage-first heap   total 303104K, used 139521K [0x000000070a200000, 0x0000000800000000)
  region size 2048K, 3 young (6144K), 1 survivors (2048K)
 Metaspace       used 9946K, committed 10112K, reserved 1064960K
  class space    used 945K, committed 1024K, reserved 1048576K
}
Event: 17.298 GC heap after
{Heap after GC invocations=33 (full 0):
 garbage-first heap   total 303104K, used 106762K [0x000000070a200000, 0x0000000800000000)
  region size 2048K, 1 young (2048K), 1 survivors (2048K)
 Metaspace       used 9946K, committed 10112K, reserved 1064960K
  class space    used 945K, committed 1024K, reserved 1048576K
}
Event: 17.551 GC heap before
{Heap before GC invocations=33 (full 0):
 garbage-first heap   total 303104K, used 139530K [0x000000070a200000, 0x0000000800000000)
  region size 2048K, 3 young (6144K), 1 survivors (2048K)
 Metaspace       used 9946K, committed 10112K, reserved 1064960K
  class space    used 945K, committed 1024K, reserved 1048576K
}
Event: 17.552 GC heap after
{Heap after GC invocations=34 (full 0):
 garbage-first heap   total 303104K, used 51472K [0x000000070a200000, 0x0000000800000000)
  region size 2048K, 1 young (2048K), 1 survivors (2048K)
 Metaspace       used 9946K, committed 10112K, reserved 1064960K
  class space    used 945K, committed 1024K, reserved 1048576K
}
Event: 18.276 GC heap before
{Heap before GC invocations=34 (full 0):
 garbage-first heap   total 303104K, used 139536K [0x000000070a200000, 0x0000000800000000)
  region size 2048K, 3 young (6144K), 1 survivors (2048K)
 Metaspace       used 9955K, committed 10112K, reserved 1064960K
  class space    used 945K, committed 1024K, reserved 1048576K
}
Event: 18.277 GC heap after
{Heap after GC invocations=35 (full 0):
 garbage-first heap   total 303104K, used 106779K [0x000000070a200000, 0x0000000800000000)
  region size 2048K, 1 young (2048K), 1 survivors (2048K)
 Metaspace       used 9955K, committed 10112K, reserved 1064960K
  class space    used 945K, committed 1024K, reserved 1048576K
}
Event: 18.529 GC heap before
{Heap before GC invocations=35 (full 0):
 garbage-first heap   total 303104K, used 139547K [0x000000070a200000, 0x0000000800000000)
  region size 2048K, 3 young (6144K), 1 survivors (2048K)
 Metaspace       used 9955K, committed 10112K, reserved 1064960K
  class space    used 945K, committed 1024K, reserved 1048576K
}
Event: 18.530 GC heap after
{Heap after GC invocations=36 (full 0):
 garbage-first heap   total 303104K, used 51483K [0x000000070a200000, 0x0000000800000000)
  region size 2048K, 1 young (2048K), 1 survivors (2048K)
 Metaspace       used 9955K, committed 10112K, reserved 1064960K
  class space    used 945K, committed 1024K, reserved 1048576K
}
Event: 19.243 GC heap before
{Heap before GC invocations=36 (full 0):
 garbage-first heap   total 303104K, used 139547K [0x000000070a200000, 0x0000000800000000)
  region size 2048K, 3 young (6144K), 1 survivors (2048K)
 Metaspace       used 9964K, committed 10176K, reserved 1064960K
  class space    used 945K, committed 1024K, reserved 1048576K
}
Event: 19.244 GC heap after
{Heap after GC invocations=37 (full 0):
 garbage-first heap   total 303104K, used 106785K [0x000000070a200000, 0x0000000800000000)
  region size 2048K, 1 young (2048K), 1 survivors (2048K)
 Metaspace       used 9964K, committed 10176K, reserved 1064960K
  class space    used 945K, committed 1024K, reserved 1048576K
}

Deoptimization events (20 events):
Event: 2.096 Thread 0x000001f110428e60 Uncommon trap: trap_request=0xffffff76 fr.pc=0x000001f17432425c relative=0x000000000000023c
Event: 2.096 Thread 0x000001f110428e60 Uncommon trap: reason=predicate action=maybe_recompile pc=0x000001f17432425c method=java.util.ArrayList.indexOfRange(Ljava/lang/Object;II)I @ 45 c2
Event: 2.096 Thread 0x000001f110428e60 DEOPT PACKING pc=0x000001f17432425c sp=0x000000eb8198e530
Event: 2.096 Thread 0x000001f110428e60 DEOPT UNPACKING pc=0x000001f16c77d72e sp=0x000000eb8198e4a8 mode 2
Event: 5.646 Thread 0x000001f110428e60 DEOPT PACKING pc=0x000001f16d148944 sp=0x000000eb8198d060
Event: 5.646 Thread 0x000001f110428e60 DEOPT UNPACKING pc=0x000001f16c77dece sp=0x000000eb8198c550 mode 0
Event: 7.059 Thread 0x000001f110428e60 DEOPT PACKING pc=0x000001f16d11d0e1 sp=0x000000eb8198d0f0
Event: 7.059 Thread 0x000001f110428e60 DEOPT UNPACKING pc=0x000001f16c77dece sp=0x000000eb8198c5d0 mode 0
Event: 7.208 Thread 0x000001f110428e60 DEOPT PACKING pc=0x000001f16d192415 sp=0x000000eb8198d1f0
Event: 7.208 Thread 0x000001f110428e60 DEOPT UNPACKING pc=0x000001f16c77dece sp=0x000000eb8198c6a0 mode 0
Event: 10.728 Thread 0x000001f110428e60 DEOPT PACKING pc=0x000001f16d247aad sp=0x000000eb8198c800
Event: 10.728 Thread 0x000001f110428e60 DEOPT UNPACKING pc=0x000001f16c77dece sp=0x000000eb8198bcf8 mode 0
Event: 10.747 Thread 0x000001f110428e60 Uncommon trap: trap_request=0xffffff45 fr.pc=0x000001f1743b69b0 relative=0x0000000000000e70
Event: 10.747 Thread 0x000001f110428e60 Uncommon trap: reason=unstable_if action=reinterpret pc=0x000001f1743b69b0 method=com.jnngl.system.WebBrowserBootstrap.renderArray(Ljava/awt/Graphics2D;[IIII)V @ 15 c2
Event: 10.747 Thread 0x000001f110428e60 DEOPT PACKING pc=0x000001f1743b69b0 sp=0x000000eb8198c810
Event: 10.747 Thread 0x000001f110428e60 DEOPT UNPACKING pc=0x000001f16c77d72e sp=0x000000eb8198c7f8 mode 2
Event: 11.010 Thread 0x000001f110428e60 DEOPT PACKING pc=0x000001f16d15d1cd sp=0x000000eb8198d080
Event: 11.011 Thread 0x000001f110428e60 DEOPT UNPACKING pc=0x000001f16c77dece sp=0x000000eb8198c530 mode 0
Event: 19.136 Thread 0x000001f110428e60 DEOPT PACKING pc=0x000001f16d196910 sp=0x000000eb8198d4e0
Event: 19.136 Thread 0x000001f110428e60 DEOPT UNPACKING pc=0x000001f16c77dece sp=0x000000eb8198c9a0 mode 0

Classes unloaded (0 events):
No events

Classes redefined (0 events):
No events

Internal exceptions (20 events):
Event: 0.194 Thread 0x000001f164fc4150 Exception <a 'java/lang/ClassNotFoundException'{0x000000071934acb0}: sun/awt/resources/spi/awtProvider> (0x000000071934acb0) 
thrown [t:\workspace\open\src\hotspot\share\classfile\systemDictionary.cpp, line 256]
Event: 0.225 Thread 0x000001f164fc4150 Exception <a 'java/io/FileNotFoundException'{0x000000071901e068}> (0x000000071901e068) 
thrown [t:\workspace\open\src\hotspot\share\prims\jni.cpp, line 579]
Event: 0.235 Thread 0x000001f164fc4150 Exception <a 'java/io/FileNotFoundException'{0x000000071904cb30}> (0x000000071904cb30) 
thrown [t:\workspace\open\src\hotspot\share\prims\jni.cpp, line 579]
Event: 0.495 Thread 0x000001f164fc4150 Exception <a 'java/lang/NoSuchMethodError'{0x000000071916ae10}: 'java.lang.Object java.lang.invoke.DirectMethodHandle$Holder.newInvokeSpecial(java.lang.Object, java.lang.Object, java.lang.Object, java.lang.Object, java.lang.Object)'> (0x000000071916ae10) 
thrown [t:\workspace\open\src\hotspot\share\interpreter\linkResolver.cpp, line 790]
Event: 0.497 Thread 0x000001f164fc4150 Exception <a 'java/lang/NoSuchMethodError'{0x00000007191768f8}: 'java.lang.Object java.lang.invoke.DirectMethodHandle$Holder.invokeStatic(java.lang.Object, int, java.lang.Object, java.lang.Object, java.lang.Object, java.lang.Object)'> (0x00000007191768f8) 
thrown [t:\workspace\open\src\hotspot\share\interpreter\linkResolver.cpp, line 790]
Event: 0.503 Thread 0x000001f164fc4150 Exception <a 'java/lang/NoSuchMethodError'{0x000000071919c9c0}: 'java.lang.Object java.lang.invoke.DirectMethodHandle$Holder.invokeStatic(java.lang.Object, int, java.lang.Object)'> (0x000000071919c9c0) 
thrown [t:\workspace\open\src\hotspot\share\interpreter\linkResolver.cpp, line 790]
Event: 0.537 Thread 0x000001f164fc4150 Exception <a 'java/lang/ClassNotFoundException'{0x0000000718e552f0}: com/sun/swing/internal/plaf/metal/resources/spi/metalProvider> (0x0000000718e552f0) 
thrown [t:\workspace\open\src\hotspot\share\classfile\systemDictionary.cpp, line 256]
Event: 0.538 Thread 0x000001f164fc4150 Exception <a 'java/lang/ClassNotFoundException'{0x0000000718e59310}: com/sun/swing/internal/plaf/basic/resources/spi/basicProvider> (0x0000000718e59310) 
thrown [t:\workspace\open\src\hotspot\share\classfile\systemDictionary.cpp, line 256]
Event: 0.571 Thread 0x000001f1091eebc0 Exception <a 'java/lang/NoSuchMethodError'{0x00000007190f16e8}: 'void java.lang.invoke.DirectMethodHandle$Holder.invokeVirtual(java.lang.Object, java.lang.Object)'> (0x00000007190f16e8) 
thrown [t:\workspace\open\src\hotspot\share\interpreter\linkResolver.cpp, line 790]
Event: 0.588 Thread 0x000001f164fc4150 Exception <a 'java/lang/NoSuchMethodError'{0x0000000718ead6f0}: 'void java.lang.invoke.DirectMethodHandle$Holder.invokeStaticInit(java.lang.Object)'> (0x0000000718ead6f0) 
thrown [t:\workspace\open\src\hotspot\share\interpreter\linkResolver.cpp, line 790]
Event: 1.654 Thread 0x000001f110428e60 Exception <a 'java/lang/NoSuchMethodError'{0x0000000718a57b70}: 'java.lang.Object java.lang.invoke.DirectMethodHandle$Holder.invokeStaticInit(java.lang.Object, int, int, int, int)'> (0x0000000718a57b70) 
thrown [t:\workspace\open\src\hotspot\share\interpreter\linkResolver.cpp, line 790]
Event: 1.683 Thread 0x000001f110428e60 Exception <a 'java/lang/NoSuchMethodError'{0x0000000718b203f0}: 'java.lang.Object java.lang.invoke.DirectMethodHandle$Holder.invokeStaticInit(java.lang.Object, java.lang.Object, int, int, int, int)'> (0x0000000718b203f0) 
thrown [t:\workspace\open\src\hotspot\share\interpreter\linkResolver.cpp, line 790]
Event: 1.686 Thread 0x000001f110428e60 Exception <a 'java/lang/NullPointerException'{0x0000000718b2c820}> (0x0000000718b2c820) 
thrown [t:\workspace\open\src\hotspot\share\interpreter\linkResolver.cpp, line 1385]
Event: 1.715 Thread 0x000001f110428e60 Exception <a 'java/io/FileNotFoundException'{0x0000000718bee9f8}> (0x0000000718bee9f8) 
thrown [t:\workspace\open\src\hotspot\share\prims\jni.cpp, line 579]
Event: 1.720 Thread 0x000001f110428e60 Exception <a 'java/io/FileNotFoundException'{0x000000071880f028}> (0x000000071880f028) 
thrown [t:\workspace\open\src\hotspot\share\prims\jni.cpp, line 579]
Event: 1.735 Thread 0x000001f110428e60 Exception <a 'java/io/FileNotFoundException'{0x00000007188a3af0}> (0x00000007188a3af0) 
thrown [t:\workspace\open\src\hotspot\share\prims\jni.cpp, line 579]
Event: 1.740 Thread 0x000001f110428e60 Exception <a 'java/io/FileNotFoundException'{0x00000007188ef6d0}> (0x00000007188ef6d0) 
thrown [t:\workspace\open\src\hotspot\share\prims\jni.cpp, line 579]
Event: 2.066 Thread 0x000001f110428e60 Exception <a 'java/io/FileNotFoundException'{0x00000007194152a0}> (0x00000007194152a0) 
thrown [t:\workspace\open\src\hotspot\share\prims\jni.cpp, line 579]
Event: 9.266 Thread 0x000001f110428e60 Exception <a 'java/io/FileNotFoundException'{0x000000071c81a718}> (0x000000071c81a718) 
thrown [t:\workspace\open\src\hotspot\share\prims\jni.cpp, line 579]
Event: 14.523 Thread 0x000001f110428e60 Exception <a 'java/io/FileNotFoundException'{0x000000071c824a40}> (0x000000071c824a40) 
thrown [t:\workspace\open\src\hotspot\share\prims\jni.cpp, line 579]

Events (20 events):
Event: 14.633 Executing  VM operation: G1TryInitiateConcMark
Event: 14.634 Executing  VM operation: G1TryInitiateConcMark done
Event: 15.362 Executing  VM operation: G1TryInitiateConcMark
Event: 15.363 Executing  VM operation: G1TryInitiateConcMark done
Event: 15.625 Executing  VM operation: G1TryInitiateConcMark
Event: 15.625 Executing  VM operation: G1TryInitiateConcMark done
Event: 16.335 Executing  VM operation: G1TryInitiateConcMark
Event: 16.335 Executing  VM operation: G1TryInitiateConcMark done
Event: 16.588 Executing  VM operation: G1TryInitiateConcMark
Event: 16.589 Executing  VM operation: G1TryInitiateConcMark done
Event: 17.297 Executing  VM operation: G1TryInitiateConcMark
Event: 17.298 Executing  VM operation: G1TryInitiateConcMark done
Event: 17.551 Executing  VM operation: G1TryInitiateConcMark
Event: 17.552 Executing  VM operation: G1TryInitiateConcMark done
Event: 18.276 Executing  VM operation: G1TryInitiateConcMark
Event: 18.277 Executing  VM operation: G1TryInitiateConcMark done
Event: 18.529 Executing  VM operation: G1TryInitiateConcMark
Event: 18.530 Executing  VM operation: G1TryInitiateConcMark done
Event: 19.243 Executing  VM operation: G1TryInitiateConcMark
Event: 19.244 Executing  VM operation: G1TryInitiateConcMark done


Dynamic libraries:
0x00007ff6cbbc0000 - 0x00007ff6cbbd0000 	C:\Program Files\Java\jdk-16.0.1\bin\java.exe
0x00007ffa0dc80000 - 0x00007ffa0de8f000 	C:\WINDOWS\SYSTEM32\ntdll.dll
0x00007ffa0bae0000 - 0x00007ffa0bb9d000 	C:\WINDOWS\System32\KERNEL32.DLL
0x00007ffa0b520000 - 0x00007ffa0b8ae000 	C:\WINDOWS\System32\KERNELBASE.dll
0x00007ffa0b2e0000 - 0x00007ffa0b3f1000 	C:\WINDOWS\System32\ucrtbase.dll
0x00007ff9dfc50000 - 0x00007ff9dfc69000 	C:\Program Files\Java\jdk-16.0.1\bin\VCRUNTIME140.dll
0x00007ffa02c70000 - 0x00007ffa02c88000 	C:\Program Files\Java\jdk-16.0.1\bin\jli.dll
0x00007ffa0d680000 - 0x00007ffa0d72e000 	C:\WINDOWS\System32\ADVAPI32.dll
0x00007ffa0c490000 - 0x00007ffa0c534000 	C:\WINDOWS\System32\msvcrt.dll
0x00007ffa0c740000 - 0x00007ffa0c7e2000 	C:\WINDOWS\System32\sechost.dll
0x00007ffa0c800000 - 0x00007ffa0c91f000 	C:\WINDOWS\System32\RPCRT4.dll
0x00007ffa0c260000 - 0x00007ffa0c40a000 	C:\WINDOWS\System32\USER32.dll
0x00007ff9f2410000 - 0x00007ff9f26b1000 	C:\WINDOWS\WinSxS\amd64_microsoft.windows.common-controls_6595b64144ccf1df_6.0.22523.1000_none_26388f37a89e74b7\COMCTL32.dll
0x00007ffa0bab0000 - 0x00007ffa0bad6000 	C:\WINDOWS\System32\win32u.dll
0x00007ffa0d790000 - 0x00007ffa0d7b9000 	C:\WINDOWS\System32\GDI32.dll
0x00007ffa0b400000 - 0x00007ffa0b517000 	C:\WINDOWS\System32\gdi32full.dll
0x00007ffa0b8b0000 - 0x00007ffa0b94a000 	C:\WINDOWS\System32\msvcp_win.dll
0x00007ffa03070000 - 0x00007ffa0307a000 	C:\WINDOWS\SYSTEM32\VERSION.dll
0x00007ffa0ce80000 - 0x00007ffa0ceb1000 	C:\WINDOWS\System32\IMM32.DLL
0x00007ffa08210000 - 0x00007ffa0821c000 	C:\Program Files\Java\jdk-16.0.1\bin\vcruntime140_1.dll
0x00007ff9be920000 - 0x00007ff9be9b1000 	C:\Program Files\Java\jdk-16.0.1\bin\msvcp140.dll
0x00007ff949d50000 - 0x00007ff94a8fb000 	C:\Program Files\Java\jdk-16.0.1\bin\server\jvm.dll
0x00007ffa0cc70000 - 0x00007ffa0cc78000 	C:\WINDOWS\System32\PSAPI.DLL
0x00007ffa06780000 - 0x00007ffa06789000 	C:\WINDOWS\SYSTEM32\WSOCK32.dll
0x00007ffa03ea0000 - 0x00007ffa03ed4000 	C:\WINDOWS\SYSTEM32\WINMM.dll
0x00007ffa0c410000 - 0x00007ffa0c481000 	C:\WINDOWS\System32\WS2_32.dll
0x00007ffa0a1a0000 - 0x00007ffa0a1b8000 	C:\WINDOWS\SYSTEM32\kernel.appcore.dll
0x00007ffa067a0000 - 0x00007ffa067aa000 	C:\Program Files\Java\jdk-16.0.1\bin\jimage.dll
0x00007ff9fb790000 - 0x00007ff9fb9b6000 	C:\WINDOWS\SYSTEM32\DBGHELP.DLL
0x00007ffa0bd40000 - 0x00007ffa0c0bc000 	C:\WINDOWS\System32\combase.dll
0x00007ffa0ca00000 - 0x00007ffa0cad7000 	C:\WINDOWS\System32\OLEAUT32.dll
0x00007ff9f3010000 - 0x00007ff9f3041000 	C:\WINDOWS\SYSTEM32\dbgcore.DLL
0x00007ffa0b140000 - 0x00007ffa0b1bb000 	C:\WINDOWS\System32\bcryptPrimitives.dll
0x00007ffa06510000 - 0x00007ffa0651e000 	C:\Program Files\Java\jdk-16.0.1\bin\instrument.dll
0x00007ff9dfc20000 - 0x00007ff9dfc45000 	C:\Program Files\Java\jdk-16.0.1\bin\java.dll
0x00007ffa0cec0000 - 0x00007ffa0d678000 	C:\WINDOWS\System32\SHELL32.dll
0x00007ffa091d0000 - 0x00007ffa09a26000 	C:\WINDOWS\SYSTEM32\windows.storage.dll
0x00007ffa09090000 - 0x00007ffa091cc000 	C:\WINDOWS\SYSTEM32\wintypes.dll
0x00007ffa0cb70000 - 0x00007ffa0cc61000 	C:\WINDOWS\System32\SHCORE.dll
0x00007ffa0cc80000 - 0x00007ffa0ccdb000 	C:\WINDOWS\System32\shlwapi.dll
0x00007ffa0b070000 - 0x00007ffa0b091000 	C:\WINDOWS\SYSTEM32\profapi.dll
0x00007ff9dd070000 - 0x00007ff9dd088000 	C:\Program Files\Java\jdk-16.0.1\bin\zip.dll
0x00007ff9dd100000 - 0x00007ff9dd119000 	C:\Program Files\Java\jdk-16.0.1\bin\net.dll
0x00007ffa03640000 - 0x00007ffa03752000 	C:\WINDOWS\SYSTEM32\WINHTTP.dll
0x00007ffa0a620000 - 0x00007ffa0a689000 	C:\WINDOWS\system32\mswsock.dll
0x00007ff9dd0e0000 - 0x00007ff9dd0f3000 	C:\Program Files\Java\jdk-16.0.1\bin\nio.dll
0x00007ff9da560000 - 0x00007ff9da57a000 	C:\Program Files\JetBrains\IntelliJ IDEA Community Edition 2021.2.1\bin\breakgen64.dll
0x00007ff9584f0000 - 0x00007ff958670000 	C:\Program Files\Java\jdk-16.0.1\bin\awt.dll
0x00007ffa08280000 - 0x00007ffa08313000 	C:\WINDOWS\SYSTEM32\apphelp.dll
0x00007ffa08660000 - 0x00007ffa0868b000 	C:\WINDOWS\system32\DWMAPI.DLL
0x00007ffa083d0000 - 0x00007ffa0847b000 	C:\WINDOWS\system32\uxtheme.dll
0x00007ff9a34f0000 - 0x00007ff9a35f2000 	C:\WINDOWS\system32\opengl32.dll
0x00007ff9a3410000 - 0x00007ff9a343d000 	C:\WINDOWS\SYSTEM32\GLU32.dll
0x00007ffa084e0000 - 0x00007ffa08518000 	C:\WINDOWS\SYSTEM32\dxcore.dll
0x00007ffa0c0c0000 - 0x00007ffa0c1de000 	C:\WINDOWS\System32\MSCTF.dll
0x00007ffa0cce0000 - 0x00007ffa0ce79000 	C:\WINDOWS\System32\ole32.dll
0x00007ff9f8e40000 - 0x00007ff9f8fe7000 	C:\WINDOWS\system32\d3d9.dll
0x00007ff9f69a0000 - 0x00007ff9f6aa7000 	C:\WINDOWS\System32\DriverStore\FileRepository\nvhmig.inf_amd64_c6685fe79c60e4b1\nvldumdx.dll
0x00007ffa0a970000 - 0x00007ffa0a982000 	C:\WINDOWS\SYSTEM32\msasn1.dll
0x00007ff9fea10000 - 0x00007ff9fea41000 	C:\WINDOWS\SYSTEM32\cryptnet.dll
0x00007ffa0b950000 - 0x00007ffa0baac000 	C:\WINDOWS\System32\CRYPT32.dll
0x00007ff9fc3d0000 - 0x00007ff9fc526000 	C:\WINDOWS\SYSTEM32\drvstore.dll
0x00007ffa0ad60000 - 0x00007ffa0ad8c000 	C:\WINDOWS\SYSTEM32\devobj.dll
0x00007ffa0ad10000 - 0x00007ffa0ad5d000 	C:\WINDOWS\SYSTEM32\cfgmgr32.dll
0x00007ffa0a920000 - 0x00007ffa0a961000 	C:\WINDOWS\SYSTEM32\wldp.dll
0x00007ffa0a870000 - 0x00007ffa0a87c000 	C:\WINDOWS\SYSTEM32\cryptbase.dll
0x00007ffa0b280000 - 0x00007ffa0b2e0000 	C:\WINDOWS\System32\WINTRUST.DLL
0x00007ffa0c700000 - 0x00007ffa0c71f000 	C:\WINDOWS\System32\imagehlp.dll
0x00007ffa0a880000 - 0x00007ffa0a898000 	C:\WINDOWS\SYSTEM32\CRYPTSP.dll
0x00007ffa0a100000 - 0x00007ffa0a135000 	C:\WINDOWS\system32\rsaenh.dll
0x00007ffa0aa00000 - 0x00007ffa0aa28000 	C:\WINDOWS\SYSTEM32\bcrypt.dll
0x00007ff9ba1e0000 - 0x00007ff9bb968000 	C:\WINDOWS\System32\DriverStore\FileRepository\nvhmig.inf_amd64_c6685fe79c60e4b1\nvd3dumx.dll
0x00007ff9fabb0000 - 0x00007ff9fabf4000 	C:\WINDOWS\SYSTEM32\directxdatabasehelper.dll
0x00007ff9e6f60000 - 0x00007ff9e7118000 	C:\WINDOWS\System32\DriverStore\FileRepository\u0372545.inf_amd64_56d459236871c3f2\B372333\aticfx64.dll
0x00007ff9d1e30000 - 0x00007ff9d1e64000 	C:\WINDOWS\System32\DriverStore\FileRepository\u0372545.inf_amd64_56d459236871c3f2\B372333\atiu9p64.dll
0x00007ff9b93f0000 - 0x00007ff9ba144000 	C:\WINDOWS\System32\DriverStore\FileRepository\u0372545.inf_amd64_56d459236871c3f2\B372333\atiumd64.dll
0x00000000759d0000 - 0x0000000076845000 	C:\WINDOWS\System32\DriverStore\FileRepository\u0372545.inf_amd64_56d459236871c3f2\B372333\atiumd6a.dll
0x00007ffa0d7c0000 - 0x00007ffa0dc33000 	C:\WINDOWS\System32\SETUPAPI.dll
0x00007ffa0b010000 - 0x00007ffa0b05d000 	C:\WINDOWS\SYSTEM32\POWRPROF.dll
0x00007ffa0aff0000 - 0x00007ffa0b003000 	C:\WINDOWS\SYSTEM32\UMPDC.dll
0x00007ff9e6a00000 - 0x00007ff9e6a30000 	C:\WINDOWS\SYSTEM32\amdihk64.dll
0x00007ff9b8870000 - 0x00007ff9b8b37000 	C:\WINDOWS\system32\nvspcap64.dll
0x00007ffa0a1c0000 - 0x00007ffa0a1f4000 	C:\WINDOWS\SYSTEM32\ntmarta.dll
0x00007ffa0a6b0000 - 0x00007ffa0a6d6000 	C:\WINDOWS\SYSTEM32\gpapi.dll
0x00007ff9b6c30000 - 0x00007ff9b6cb9000 	C:\Program Files\Java\jdk-16.0.1\bin\freetype.dll
0x00007ff973300000 - 0x00007ff9733f6000 	C:\Program Files\Java\jdk-16.0.1\bin\harfbuzz.dll
0x00007ff9cf330000 - 0x00007ff9cf342000 	C:\Program Files\Java\jdk-16.0.1\bin\fontmanager.dll
0x00007ff9f4f20000 - 0x00007ff9f504b000 	C:\WINDOWS\SYSTEM32\textinputframework.dll
0x00007ffa07ff0000 - 0x00007ffa0811e000 	C:\WINDOWS\SYSTEM32\CoreMessaging.dll
0x00007ff9f9e50000 - 0x00007ff9fa1bb000 	C:\WINDOWS\SYSTEM32\CoreUIComponents.dll
0x00007ffa0a720000 - 0x00007ffa0a749000 	C:\WINDOWS\SYSTEM32\USERENV.dll
0x00007ffa09c80000 - 0x00007ffa09cad000 	C:\WINDOWS\SYSTEM32\IPHLPAPI.DLL
0x00007ffa0c730000 - 0x00007ffa0c739000 	C:\WINDOWS\System32\NSI.dll
0x00007ffa03530000 - 0x00007ffa03549000 	C:\WINDOWS\SYSTEM32\dhcpcsvc6.DLL
0x00007ffa03510000 - 0x00007ffa0352e000 	C:\WINDOWS\SYSTEM32\dhcpcsvc.DLL
0x00007ffa09cb0000 - 0x00007ffa09da8000 	C:\WINDOWS\SYSTEM32\DNSAPI.dll
0x00007ff9da4e0000 - 0x00007ff9da4ff000 	C:\Users\JNNGL\IdeaProjects\TotalComputers\native.dll
0x00007ff95e5a0000 - 0x00007ff95e6d0000 	C:\Users\JNNGL\IdeaProjects\TotalComputers\rootfs\test\usr\Applications\Web Browser.app\chrome_elf.dll
0x00007ff949890000 - 0x00007ff949d42000 	C:\Users\JNNGL\IdeaProjects\TotalComputers\rootfs\test\usr\Applications\Web Browser.app\d3dcompiler_47.dll
0x00007ff92ead0000 - 0x00007ff9388af000 	C:\Users\JNNGL\IdeaProjects\TotalComputers\rootfs\test\usr\Applications\Web Browser.app\libcef.dll
0x00007ffa0c920000 - 0x00007ffa0c9f6000 	C:\WINDOWS\System32\COMDLG32.dll
0x00007ff9d5020000 - 0x00007ff9d545c000 	C:\WINDOWS\SYSTEM32\UIAutomationCore.DLL
0x00007ffa08530000 - 0x00007ffa08625000 	C:\WINDOWS\SYSTEM32\dxgi.dll
0x00007ffa06200000 - 0x00007ffa062fe000 	C:\WINDOWS\SYSTEM32\PROPSYS.dll
0x00007ff9f7780000 - 0x00007ff9f77e9000 	C:\WINDOWS\SYSTEM32\OLEACC.dll
0x00007ff9ed140000 - 0x00007ff9ed14c000 	C:\WINDOWS\SYSTEM32\Secur32.dll
0x00007ffa04110000 - 0x00007ffa04124000 	C:\WINDOWS\SYSTEM32\WTSAPI32.dll
0x00007ffa075d0000 - 0x00007ffa07836000 	C:\WINDOWS\SYSTEM32\DWrite.dll
0x00007ff9fc530000 - 0x00007ff9fc548000 	C:\WINDOWS\SYSTEM32\NETAPI32.dll
0x00007ffa09a30000 - 0x00007ffa09a3e000 	C:\WINDOWS\SYSTEM32\HID.DLL
0x00007ffa0a9d0000 - 0x00007ffa0a9f9000 	C:\WINDOWS\SYSTEM32\ncrypt.dll
0x00007ff9e5940000 - 0x00007ff9e5959000 	C:\WINDOWS\SYSTEM32\USP10.dll
0x00007ff9f76e0000 - 0x00007ff9f7779000 	C:\WINDOWS\SYSTEM32\WINSPOOL.DRV
0x00007ff9fc7e0000 - 0x00007ff9fc805000 	C:\WINDOWS\SYSTEM32\dxva2.dll
0x00007ff9e6c50000 - 0x00007ff9e6cab000 	C:\WINDOWS\SYSTEM32\CRYPTUI.dll
0x00007ff9e5580000 - 0x00007ff9e5592000 	C:\WINDOWS\SYSTEM32\credui.dll
0x00007ff9f8c50000 - 0x00007ff9f8e3d000 	C:\WINDOWS\SYSTEM32\urlmon.dll
0x00007ffa03300000 - 0x00007ffa03355000 	C:\WINDOWS\SYSTEM32\wevtapi.dll
0x00007ff9f2ae0000 - 0x00007ff9f2fd5000 	C:\WINDOWS\SYSTEM32\WININET.dll
0x00007ffa017a0000 - 0x00007ffa01b68000 	C:\WINDOWS\SYSTEM32\ESENT.dll
0x00007ff9e46a0000 - 0x00007ff9e494d000 	C:\WINDOWS\SYSTEM32\iertutil.dll
0x00007ffa09c70000 - 0x00007ffa09c7c000 	C:\WINDOWS\SYSTEM32\netutils.dll
0x00007ff9e4950000 - 0x00007ff9e4978000 	C:\WINDOWS\SYSTEM32\srvcli.dll
0x00007ffa0a410000 - 0x00007ffa0a451000 	C:\WINDOWS\SYSTEM32\SSPICLI.DLL
0x00007ffa06500000 - 0x00007ffa0650a000 	C:\WINDOWS\SYSTEM32\DSROLE.DLL
0x00007ffa032e0000 - 0x00007ffa032f7000 	C:\WINDOWS\SYSTEM32\WKSCLI.DLL
0x00007ff9fd240000 - 0x00007ff9fd259000 	C:\WINDOWS\SYSTEM32\SAMCLI.DLL
0x00007ffa0a990000 - 0x00007ffa0a9c7000 	C:\WINDOWS\SYSTEM32\NTASN1.dll

dbghelp: loaded successfully - version: 4.0.5 - missing functions: none
symbol engine: initialized successfully - sym options: 0x614 - pdb path: .;C:\Program Files\Java\jdk-16.0.1\bin;C:\WINDOWS\SYSTEM32;C:\WINDOWS\WinSxS\amd64_microsoft.windows.common-controls_6595b64144ccf1df_6.0.22523.1000_none_26388f37a89e74b7;C:\Program Files\Java\jdk-16.0.1\bin\server;C:\Program Files\JetBrains\IntelliJ IDEA Community Edition 2021.2.1\bin;C:\WINDOWS\System32\DriverStore\FileRepository\nvhmig.inf_amd64_c6685fe79c60e4b1;C:\WINDOWS\System32\DriverStore\FileRepository\u0372545.inf_amd64_56d459236871c3f2\B372333;C:\Users\JNNGL\IdeaProjects\TotalComputers;C:\Users\JNNGL\IdeaProjects\TotalComputers\rootfs\test\usr\Applications\Web Browser.app;C:\Users\JNNGL\IdeaProjects\TotalComputers\rootfs\test\usr\Applications\Web Browser.app\swiftshader;C:\Users\JNNGL\IdeaProjects\TotalComputers\rootfs\test\usr\Applications\Native Test.app

VM Arguments:
jvm_args: -Djava.library.path=C:\Users\JNNGL\IdeaProjects\TotalComputers;C:\Users\JNNGL\IdeaProjects\TotalComputers\win64 -javaagent:C:\Program Files\JetBrains\IntelliJ IDEA Community Edition 2021.2.1\lib\idea_rt.jar=64177:C:\Program Files\JetBrains\IntelliJ IDEA Community Edition 2021.2.1\bin -Dfile.encoding=UTF-8 
java_command: com.jnngl.totalcomputers.system.TotalOS$Test
java_class_path (initial): C:\Users\JNNGL\IdeaProjects\TotalComputers\out\production\TotalComputers;C:\Users\JNNGL\Desktop\server\craftbukkit-1.12.2.jar;C:\Users\JNNGL\IdeaProjects\TotalComputers\lwjgl\joml-1.10.3.jar;C:\Users\JNNGL\IdeaProjects\TotalComputers\lwjgl\lwjgl-glfw-natives-linux-arm32.jar;C:\Users\JNNGL\IdeaProjects\TotalComputers\lwjgl\lwjgl-glfw-natives-linux-arm64.jar;C:\Users\JNNGL\IdeaProjects\TotalComputers\lwjgl\lwjgl-glfw-natives-linux.jar;C:\Users\JNNGL\IdeaProjects\TotalComputers\lwjgl\lwjgl-glfw-natives-macos-arm64.jar;C:\Users\JNNGL\IdeaProjects\TotalComputers\lwjgl\lwjgl-glfw-natives-macos.jar;C:\Users\JNNGL\IdeaProjects\TotalComputers\lwjgl\lwjgl-glfw-natives-windows-arm64.jar;C:\Users\JNNGL\IdeaProjects\TotalComputers\lwjgl\lwjgl-glfw-natives-windows-x86.jar;C:\Users\JNNGL\IdeaProjects\TotalComputers\lwjgl\lwjgl-glfw-natives-windows.jar;C:\Users\JNNGL\IdeaProjects\TotalComputers\lwjgl\lwjgl-glfw.jar;C:\Users\JNNGL\IdeaProjects\TotalComputers\lwjgl\lwjgl-natives-linux-arm32.jar;C:\Users\JNNGL\IdeaProjects\TotalComputers\lwjgl\lwjgl-natives-linux-arm64.jar;C:\Users\JNNGL\IdeaProjects\TotalComputers\lwjgl\lwjgl-natives-linux.jar;C:\Users\JNNGL\IdeaProjects\TotalComputers\lwjgl\lwjgl-natives-macos-arm64.jar;C:\Users\JNNGL\IdeaProjects\TotalComputers\lwjgl\lwjgl-natives-macos.jar;C:\Users\JNNGL\IdeaProjects\TotalComputers\lwjgl\lwjgl-natives-windows-arm64.jar;C:\Users\JNNGL\IdeaProjects\TotalComputers\lwjgl\lwjgl-natives-windows-x86.jar;C:\Users\JNNGL\IdeaProjects\TotalComputers\lwjgl\lwjgl-natives-windows.jar;C:\Users\JNNGL\IdeaProjects\TotalComputers\lwjgl\lwjgl-opengl-natives-linux-arm32.jar;C:\Users\JNNGL\IdeaProjects\TotalComputers\lwjgl\lwjgl-opengl-natives-linux-arm64.jar;C:\Users\JNNGL\IdeaProjects\TotalComputers\lwjgl\lwjgl-opengl-natives-linux.jar;C:\Users\JNNGL\IdeaProjects\TotalComputers\lwjgl\lwjgl-opengl-natives-macos-arm64.jar;C:\Users\JNNGL\IdeaProjects\TotalComputers\lwjgl\lwjgl-opengl-natives-macos.jar;C:\Users\JNNGL\IdeaPro
Launcher Type: SUN_STANDARD

[Global flags]
     intx CICompilerCount                          = 12                                        {product} {ergonomic}
     uint ConcGCThreads                            = 3                                         {product} {ergonomic}
     uint G1ConcRefinementThreads                  = 13                                        {product} {ergonomic}
   size_t G1HeapRegionSize                         = 2097152                                   {product} {ergonomic}
    uintx GCDrainStackTargetSize                   = 64                                        {product} {ergonomic}
   size_t InitialHeapSize                          = 257949696                                 {product} {ergonomic}
   size_t MarkStackSize                            = 4194304                                   {product} {ergonomic}
   size_t MaxHeapSize                              = 4125097984                                {product} {ergonomic}
   size_t MaxNewSize                               = 2474639360                                {product} {ergonomic}
   size_t MinHeapDeltaBytes                        = 2097152                                   {product} {ergonomic}
   size_t MinHeapSize                              = 8388608                                   {product} {ergonomic}
    uintx NonNMethodCodeHeapSize                   = 7602480                                {pd product} {ergonomic}
    uintx NonProfiledCodeHeapSize                  = 122027880                              {pd product} {ergonomic}
    uintx ProfiledCodeHeapSize                     = 122027880                              {pd product} {ergonomic}
    uintx ReservedCodeCacheSize                    = 251658240                              {pd product} {ergonomic}
     bool SegmentedCodeCache                       = true                                      {product} {ergonomic}
   size_t SoftMaxHeapSize                          = 4125097984                             {manageable} {ergonomic}
     bool UseCompressedClassPointers               = true                           {product lp64_product} {ergonomic}
     bool UseCompressedOops                        = true                           {product lp64_product} {ergonomic}
     bool UseG1GC                                  = true                                      {product} {ergonomic}
     bool UseLargePagesIndividualAllocation        = false                                  {pd product} {ergonomic}

Logging:
Log output configuration:
 #0: stdout all=warning uptime,level,tags
 #1: stderr all=off uptime,level,tags

Environment Variables:
PATH=C:\Program Files\NVIDIA GPU Computing Toolkit\CUDA\v11.5\bin;C:\Program Files\ImageMagick-7.1.0-Q16-HDRI;C:\Program Files (x86)\VMware\VMware Player\bin\;C:\VulkanSDK\1.2.176.1\Bin;C:\Program Files\NVIDIA GPU Computing Toolkit\CUDA\v11.3\bin;C:\Program Files\NVIDIA GPU Computing Toolkit\CUDA\v11.3\libnvvp;C:\Program Files\Common Files\Oracle\Java\javapath;C:\windows\system32;C:\windows;C:\windows\System32\Wbem;C:\windows\System32\WindowsPowerShell\v1.0\;C:\windows\System32\OpenSSH\;C:\Program Files (x86)\NVIDIA Corporation\PhysX\Common;C:\Program Files\NVIDIA Corporation\NVIDIA NvDLISR;C:\Program Files\Git\cmd;C:\Program Files (x86)\Microsoft Visual Studio\2019\Community\VC\Tools\MSVC\14.28.29910\bin\Hostx64\x64;C:\Program Files\mingw-w64\x86_64-8.1.0-posix-seh-rt_v6-rev0\mingw64\bin;C:\WINDOWS\system32;C:\WINDOWS;C:\WINDOWS\System32\Wbem;C:\WINDOWS\System32\WindowsPowerShell\v1.0\;C:\WINDOWS\System32\OpenSSH\;C:\Program Files\NVIDIA Corporation\Nsight Compute 2021.3.1\;C:\Program Files\dotnet\;%SystemRoot%\system32;%SystemRoot%;%SystemRoot%\System32\Wbem;%SYSTEMROOT%\System32\WindowsPowerShell\v1.0\;%SYSTEMROOT%\System32\OpenSSH\;C:\Users\JNNGL\AppData\Local\Microsoft\WindowsApps;C:\Program Files\CMake\bin;C:\Users\JNNGL\AppData\Local\Programs\Microsoft VS Code\bin;C:\Gradle\gradle-7.0.2\bin;C:\Users\JNNGL\AppData\Local\GitHubDesktop\bin;C:\Program Files (x86)\Microsoft Visual Studio\2019\Community\VC\Tools\MSVC\14.28.29910\bin\Hostx64\x64;C:\Program Files\mingw-w64\x86_64-8.1.0-posix-seh-rt_v6-rev0\mingw64\bin;C:\Users\JNNGL\.dotnet\tools;C:\Program Files\qemu;
USERNAME=JNNGL
OS=Windows_NT
PROCESSOR_IDENTIFIER=AMD64 Family 23 Model 96 Stepping 1, AuthenticAMD



---------------  S Y S T E M  ---------------

OS:
 Windows 10 , 64 bit Build 22523 (10.0.22523.1000)
OS uptime: 1 days 22:52 hours

CPU: total 16 (initial active 16) (16 cores per cpu, 2 threads per core) family 23 model 96 stepping 1 microcode 0x0, cx8, cmov, fxsr, ht, mmx, 3dnowpref, sse, sse2, sse3, ssse3, sse4a, sse4.1, sse4.2, popcnt, lzcnt, tsc, tscinvbit, avx, avx2, aes, clmul, bmi1, bmi2, adx, sha, fma, vzeroupper, clflush, clflushopt

Memory: 4k page, system-wide physical 15731M (4488M free)
TotalPageFile size 26718M (AvailPageFile size 4312M)
current process WorkingSet (physical memory assigned to process): 295M, peak: 297M
current process commit charge ("private bytes"): 491M, peak: 494M

vm_info: Java HotSpot(TM) 64-Bit Server VM (16.0.1+9-24) for windows-amd64 JRE (16.0.1+9-24), built on Mar 26 2021 19:31:42 by "mach5one" with MS VC++ 16.7 (VS2019)

END.
