#
# A fatal error has been detected by the Java Runtime Environment:
#
#  EXCEPTION_ACCESS_VIOLATION (0xc0000005) at pc=0x00007ff95e7c39ed, pid=5688, tid=11308
#
# JRE version: Java(TM) SE Runtime Environment (16.0.1+9) (build 16.0.1+9-24)
# Java VM: Java HotSpot(TM) 64-Bit Server VM (16.0.1+9-24, mixed mode, sharing, tiered, compressed oops, compressed class ptrs, g1 gc, windows-amd64)
# Problematic frame:
# C  0x00007ff95e7c39ed
#
# No core dump will be written. Minidumps are not enabled by default on client versions of Windows
#
# If you would like to submit a bug report, please visit:
#   https://bugreport.java.com/bugreport/crash.jsp
# The crash happened outside the Java Virtual Machine in native code.
# See problematic frame for where to report the bug.
#

---------------  S U M M A R Y ------------

Command Line: -Djava.library.path=C:\Users\JNNGL\IdeaProjects\TotalComputers;C:\Users\JNNGL\IdeaProjects\TotalComputers\win64 -javaagent:C:\Program Files\JetBrains\IntelliJ IDEA Community Edition 2021.2.1\lib\idea_rt.jar=63926:C:\Program Files\JetBrains\IntelliJ IDEA Community Edition 2021.2.1\bin -Dfile.encoding=UTF-8 com.jnngl.totalcomputers.system.TotalOS$Test

Host: AMD Ryzen 7 4800H with Radeon Graphics         , 16 cores, 15G,  Windows 10 , 64 bit Build 22523 (10.0.22523.1000)
Time: Sun Feb 27 18:38:11 2022  Windows 10 , 64 bit Build 22523 (10.0.22523.1000) elapsed time: 46.892161 seconds (0d 0h 0m 46s)

---------------  T H R E A D  ---------------

Current thread (0x00000153e4deb4e0):  JavaThread "AWT-EventQueue-0" [_thread_in_native, id=11308, stack(0x000000383d100000,0x000000383d200000)]

Stack: [0x000000383d100000,0x000000383d200000],  sp=0x000000383d1fe540,  free space=1017k
Native frames: (J=compiled Java code, j=interpreted, Vv=VM code, C=native code)
C  0x00007ff95e7c39ed

Java frames: (J=compiled Java code, j=interpreted, Vv=VM code)
j  com.jnngl.system.NativeWindowApplication._OnClose()Z+0
j  com.jnngl.system.NativeWindowApplication.ExtOnClose()Z+1
j  com.jnngl.system.NativeWindowApplication.onClose()Z+1
j  com.jnngl.totalcomputers.system.desktop.WindowApplication.close()Z+1
j  com.jnngl.totalcomputers.system.states.Desktop.processInput(IILcom/jnngl/totalcomputers/TotalComputers$InputInfo$InteractType;)V+328
j  com.jnngl.totalcomputers.system.states.StateManager.processInput(IILcom/jnngl/totalcomputers/TotalComputers$InputInfo$InteractType;)V+14
j  com.jnngl.totalcomputers.system.TotalOS.processTouch(IILcom/jnngl/totalcomputers/TotalComputers$InputInfo$InteractType;Z)V+87
j  com.jnngl.totalcomputers.system.TotalOS$Test.mouseClicked(Ljava/awt/event/MouseEvent;)V+23
j  java.awt.Component.processMouseEvent(Ljava/awt/event/MouseEvent;)V+74 java.desktop@16.0.1
j  java.awt.Component.processEvent(Ljava/awt/AWTEvent;)V+81 java.desktop@16.0.1
j  java.awt.Container.processEvent(Ljava/awt/AWTEvent;)V+18 java.desktop@16.0.1
j  java.awt.Window.processEvent(Ljava/awt/AWTEvent;)V+97 java.desktop@16.0.1
j  java.awt.Component.dispatchEventImpl(Ljava/awt/AWTEvent;)V+496 java.desktop@16.0.1
j  java.awt.Container.dispatchEventImpl(Ljava/awt/AWTEvent;)V+42 java.desktop@16.0.1
j  java.awt.Window.dispatchEventImpl(Ljava/awt/AWTEvent;)V+19 java.desktop@16.0.1
J 2243 c1 java.awt.EventQueue.dispatchEventImpl(Ljava/awt/AWTEvent;Ljava/lang/Object;)V java.desktop@16.0.1 (136 bytes) @ 0x00000153c1b95474 [0x00000153c1b94f80+0x00000000000004f4]
J 2242 c1 java.awt.EventQueue$4.run()Ljava/lang/Void; java.desktop@16.0.1 (60 bytes) @ 0x00000153c1b92c44 [0x00000153c1b92b00+0x0000000000000144]
J 2241 c1 java.awt.EventQueue$4.run()Ljava/lang/Object; java.desktop@16.0.1 (5 bytes) @ 0x00000153c1b927c4 [0x00000153c1b92740+0x0000000000000084]
J 1952 c1 java.security.ProtectionDomain$JavaSecurityAccessImpl.doIntersectionPrivilege(Ljava/security/PrivilegedAction;Ljava/security/AccessControlContext;Ljava/security/AccessControlContext;)Ljava/lang/Object; java.base@16.0.1 (22 bytes) @ 0x00000153c1b067d4 [0x00000153c1b06540+0x0000000000000294]
J 2237 c1 java.awt.EventQueue.dispatchEvent(Ljava/awt/AWTEvent;)V java.desktop@16.0.1 (80 bytes) @ 0x00000153c1b93df4 [0x00000153c1b932e0+0x0000000000000b14]
J 2245 c1 java.awt.EventDispatchThread.pumpOneEventForFilters(I)V java.desktop@16.0.1 (113 bytes) @ 0x00000153c1b98f44 [0x00000153c1b988a0+0x00000000000006a4]
j  java.awt.EventDispatchThread.pumpEventsForFilter(ILjava/awt/Conditional;Ljava/awt/EventFilter;)V+35 java.desktop@16.0.1
j  java.awt.EventDispatchThread.pumpEventsForHierarchy(ILjava/awt/Conditional;Ljava/awt/Component;)V+11 java.desktop@16.0.1
j  java.awt.EventDispatchThread.pumpEvents(ILjava/awt/Conditional;)V+4 java.desktop@16.0.1
j  java.awt.EventDispatchThread.pumpEvents(Ljava/awt/Conditional;)V+3 java.desktop@16.0.1
j  java.awt.EventDispatchThread.run()V+9 java.desktop@16.0.1
v  ~StubRoutines::call_stub

siginfo: EXCEPTION_ACCESS_VIOLATION (0xc0000005), reading address 0x0000000000000000


Register to memory mapping:

RIP=0x00007ff95e7c39ed points into unknown readable memory: 48 8b 01
RAX=0x0000000000002c2c is an unknown value
RBX={method} {0x00000153e9903ed0} '_OnClose' '()Z' in 'com/jnngl/system/NativeWindowApplication'
RCX=0x0 is NULL
RDX=0x00000153b7600000 points into unknown readable memory: 0x0000000000000000 | 00 00 00 00 00 00 00 00
RSP=0x000000383d1fe540 is pointing into the stack for thread: 0x00000153e4deb4e0
RBP=0x000000383d1fe5e0 is pointing into the stack for thread: 0x00000153e4deb4e0
RSI=0x0000000000001412 is an unknown value
RDI=0x00000000000cd65c is an unknown value
R8 =0x00000153b77090c0 points into unknown readable memory: 0x00000153b7700cc0 | c0 0c 70 b7 53 01 00 00
R9 =0x0000000000000001 is an unknown value
R10=0x0000000000000003 is an unknown value
R11=0x000000383d1fe000 is pointing into the stack for thread: 0x00000153e4deb4e0
R12=0x0 is NULL
R13={method} {0x00000153e9903ed0} '_OnClose' '()Z' in 'com/jnngl/system/NativeWindowApplication'
R14=0x000000383d1fe600 is pointing into the stack for thread: 0x00000153e4deb4e0
R15=0x00000153e4deb4e0 is a thread


Registers:
RAX=0x0000000000002c2c, RBX=0x00000153e9903ec8, RCX=0x0000000000000000, RDX=0x00000153b7600000
RSP=0x000000383d1fe540, RBP=0x000000383d1fe5e0, RSI=0x0000000000001412, RDI=0x00000000000cd65c
R8 =0x00000153b77090c0, R9 =0x0000000000000001, R10=0x0000000000000003, R11=0x000000383d1fe000
R12=0x0000000000000000, R13=0x00000153e9903ec8, R14=0x000000383d1fe600, R15=0x00000153e4deb4e0
RIP=0x00007ff95e7c39ed, EFLAGS=0x0000000000010206

Top of Stack: (sp=0x000000383d1fe540)
0x000000383d1fe540:   00000153e4deb400 00000153e9903ec8
0x000000383d1fe550:   000000383d1fe600 00007ff94a369729
0x000000383d1fe560:   00000153e9903ec8 00000153c108dd22
0x000000383d1fe570:   00000153e9903ec8 0000000000001412
0x000000383d1fe580:   00000153e99042e0 00000153e4deb4e0
0x000000383d1fe590:   00000153c108d9d6 000000383d1fe598
0x000000383d1fe5a0:   00000153e9903ec8 000000383d1fe600
0x000000383d1fe5b0:   00000153e9904fc0 0000000000000000
0x000000383d1fe5c0:   0000000711578b68 00000153e9903ec8
0x000000383d1fe5d0:   0000000000000000 000000383d1fe600
0x000000383d1fe5e0:   000000383d1fe650 00000153c1089626
0x000000383d1fe5f0:   0000000000000000 00000153c108b2c0
0x000000383d1fe600:   0000000710cd6c98 000000383d1fe608
0x000000383d1fe610:   00000153e99042c9 000000383d1fe660
0x000000383d1fe620:   00000153e9904fc0 0000000000000000
0x000000383d1fe630:   0000000711578b68 00000153e99042e0 

Instructions: (pc=0x00007ff95e7c39ed)
0x00007ff95e7c38ed:   b5 e0 02 00 00 48 8b 95 d8 02 00 00 48 83 fa 10
0x00007ff95e7c38fd:   72 30 48 ff c2 48 8b 8d c0 02 00 00 48 8b c1 48
0x00007ff95e7c390d:   81 fa 00 10 00 00 72 15 48 83 c2 27 48 8b 49 f8
0x00007ff95e7c391d:   48 2b c1 48 83 c0 f8 48 83 f8 1f 77 57 e8 89 4d
0x00007ff95e7c392d:   03 00 4c 89 b5 d0 02 00 00 48 c7 85 d8 02 00 00
0x00007ff95e7c393d:   0f 00 00 00 c6 85 c0 02 00 00 00 48 8d 8d c0 00
0x00007ff95e7c394d:   00 00 e8 0c ee ff ff 90 48 8b 8d 70 03 00 00 48
0x00007ff95e7c395d:   33 cc e8 6c 51 03 00 4c 8d 9c 24 80 04 00 00 49
0x00007ff95e7c396d:   8b 5b 20 49 8b 73 28 49 8b 7b 30 49 8b e3 41 5f
0x00007ff95e7c397d:   41 5e 5d c3 e8 96 b2 03 00 90 e8 90 b2 03 00 cc
0x00007ff95e7c398d:   e8 8a b2 03 00 cc cc cc cc cc cc cc cc cc cc cc
0x00007ff95e7c399d:   cc cc cc 48 83 ec 28 4c 8b 02 4d 85 c0 74 16 49
0x00007ff95e7c39ad:   8b 40 08 48 63 48 04 49 83 c0 08 49 03 c8 48 8b
0x00007ff95e7c39bd:   01 ff 50 08 90 48 83 c4 28 c3 cc cc cc cc cc cc
0x00007ff95e7c39cd:   cc cc cc 48 83 ec 28 80 3d 35 0d 07 00 00 0f 85
0x00007ff95e7c39dd:   c4 00 00 00 e8 ca 49 00 00 48 8b 0d 43 0d 07 00
0x00007ff95e7c39ed:   48 8b 01 48 8d 54 24 30 ff 50 08 90 48 8b 08 48
0x00007ff95e7c39fd:   8b 01 33 d2 ff 50 08 90 48 8b 44 24 30 48 85 c0
0x00007ff95e7c3a0d:   74 16 48 8b 48 08 48 63 51 04 48 8d 48 08 48 03
0x00007ff95e7c3a1d:   ca 48 8b 01 ff 50 08 90 48 8b 05 04 0d 07 00 48
0x00007ff95e7c3a2d:   c7 05 f9 0c 07 00 00 00 00 00 48 85 c0 74 16 48
0x00007ff95e7c3a3d:   8b 48 08 48 63 51 04 48 8d 48 08 48 03 ca 48 8b
0x00007ff95e7c3a4d:   01 ff 50 08 90 48 8b 05 df 0c 07 00 48 c7 05 d4
0x00007ff95e7c3a5d:   0c 07 00 00 00 00 00 48 85 c0 74 16 48 8b 48 08
0x00007ff95e7c3a6d:   48 63 51 04 48 8d 48 08 48 03 ca 48 8b 01 ff 50
0x00007ff95e7c3a7d:   08 90 48 8b 15 6a 0c 07 00 48 85 d2 74 1a 48 8b
0x00007ff95e7c3a8d:   42 08 48 63 48 04 48 83 c1 08 48 03 ca 48 8b 01
0x00007ff95e7c3a9d:   ba 01 00 00 00 ff 50 20 b0 01 48 83 c4 28 c3 cc
0x00007ff95e7c3aad:   cc cc cc 48 89 5c 24 08 48 89 6c 24 10 48 89 74
0x00007ff95e7c3abd:   24 18 57 48 83 ec 20 48 8b f2 48 8b d9 80 79 28
0x00007ff95e7c3acd:   00 74 05 48 8b 12 eb 65 48 63 7c 24 60 48 63 6c
0x00007ff95e7c3add:   24 58 3b 69 18 75 05 3b 79 1c 74 27 48 8b 49 20 


Stack slot to memory mapping:
stack at sp + 0 slots: 0x00000153e4deb400 points into unknown readable memory: 0x0000000000000000 | 00 00 00 00 00 00 00 00
stack at sp + 1 slots: {method} {0x00000153e9903ed0} '_OnClose' '()Z' in 'com/jnngl/system/NativeWindowApplication'
stack at sp + 2 slots: 0x000000383d1fe600 is pointing into the stack for thread: 0x00000153e4deb4e0
stack at sp + 3 slots: 0x00007ff94a369729 jvm.dll
stack at sp + 4 slots: {method} {0x00000153e9903ed0} '_OnClose' '()Z' in 'com/jnngl/system/NativeWindowApplication'
stack at sp + 5 slots: 0x00000153c108dd22 is at code_begin+1026 in an Interpreter codelet
method entry point (kind = native)  [0x00000153c108d920, 0x00000153c108e300]  2528 bytes
stack at sp + 6 slots: {method} {0x00000153e9903ed0} '_OnClose' '()Z' in 'com/jnngl/system/NativeWindowApplication'
stack at sp + 7 slots: 0x0000000000001412 is an unknown value


---------------  P R O C E S S  ---------------

Threads class SMR info:
_java_thread_list=0x00000153e8388430, length=19, elements={
0x00000153dcb981a0, 0x00000153dcb9ac20, 0x00000153dcbafaa0, 0x00000153dcbb23c0,
0x00000153dcbb2e20, 0x00000153dcbb3880, 0x00000153dcbb9310, 0x00000153dcbb9d10,
0x00000153dcbbdb60, 0x00000153dd609560, 0x00000153dd88a920, 0x00000153dd884840,
0x00000153ddad0ac0, 0x00000153ddad4220, 0x00000153ddad9690, 0x00000153e4deb4e0,
0x00000153e4dce360, 0x00000153e4dce880, 0x00000153b9912840
}

Java Threads: ( => current thread )
  0x00000153dcb981a0 JavaThread "Reference Handler" daemon [_thread_blocked, id=19312, stack(0x000000383b100000,0x000000383b200000)]
  0x00000153dcb9ac20 JavaThread "Finalizer" daemon [_thread_blocked, id=11820, stack(0x000000383b200000,0x000000383b300000)]
  0x00000153dcbafaa0 JavaThread "Signal Dispatcher" daemon [_thread_blocked, id=28356, stack(0x000000383b300000,0x000000383b400000)]
  0x00000153dcbb23c0 JavaThread "Attach Listener" daemon [_thread_blocked, id=17348, stack(0x000000383b400000,0x000000383b500000)]
  0x00000153dcbb2e20 JavaThread "Service Thread" daemon [_thread_blocked, id=16940, stack(0x000000383b500000,0x000000383b600000)]
  0x00000153dcbb3880 JavaThread "Monitor Deflation Thread" daemon [_thread_blocked, id=20256, stack(0x000000383b600000,0x000000383b700000)]
  0x00000153dcbb9310 JavaThread "C2 CompilerThread0" daemon [_thread_blocked, id=22748, stack(0x000000383b700000,0x000000383b800000)]
  0x00000153dcbb9d10 JavaThread "C1 CompilerThread0" daemon [_thread_blocked, id=29388, stack(0x000000383b800000,0x000000383b900000)]
  0x00000153dcbbdb60 JavaThread "Sweeper thread" daemon [_thread_blocked, id=952, stack(0x000000383b900000,0x000000383ba00000)]
  0x00000153dd609560 JavaThread "Common-Cleaner" daemon [_thread_blocked, id=25856, stack(0x000000383ba00000,0x000000383bb00000)]
  0x00000153dd88a920 JavaThread "Monitor Ctrl-Break" daemon [_thread_in_native, id=12416, stack(0x000000383c000000,0x000000383c100000)]
  0x00000153dd884840 JavaThread "Notification Thread" daemon [_thread_blocked, id=30220, stack(0x000000383c100000,0x000000383c200000)]
  0x00000153ddad0ac0 JavaThread "Java2D Disposer" daemon [_thread_blocked, id=29580, stack(0x000000383c300000,0x000000383c400000)]
  0x00000153ddad4220 JavaThread "AWT-Shutdown" [_thread_blocked, id=25520, stack(0x000000383c400000,0x000000383c500000)]
  0x00000153ddad9690 JavaThread "AWT-Windows" daemon [_thread_in_native, id=10696, stack(0x000000383c500000,0x000000383c600000)]
=>0x00000153e4deb4e0 JavaThread "AWT-EventQueue-0" [_thread_in_native, id=11308, stack(0x000000383d100000,0x000000383d200000)]
  0x00000153e4dce360 JavaThread "pool-1-thread-1" [_thread_blocked, id=8068, stack(0x000000383d200000,0x000000383d300000)]
  0x00000153e4dce880 JavaThread "D3D Screen Updater" daemon [_thread_blocked, id=30676, stack(0x000000383d300000,0x000000383d400000)]
  0x00000153b9912840 JavaThread "DestroyJavaVM" [_thread_blocked, id=25816, stack(0x000000383aa00000,0x000000383ab00000)]

Other Threads:
  0x00000153dcb935f0 VMThread "VM Thread" [stack: 0x000000383b000000,0x000000383b100000] [id=16556]
  0x00000153dd8944a0 WatcherThread [stack: 0x000000383c200000,0x000000383c300000] [id=9920]
  0x00000153b9961a10 GCTaskThread "GC Thread#0" [stack: 0x000000383ab00000,0x000000383ac00000] [id=8324]
  0x00000153ddd9a9f0 GCTaskThread "GC Thread#1" [stack: 0x000000383d680000,0x000000383d780000] [id=18372]
  0x00000153ddd9b630 GCTaskThread "GC Thread#2" [stack: 0x000000383d780000,0x000000383d880000] [id=9672]
  0x00000153e51deaa0 GCTaskThread "GC Thread#3" [stack: 0x000000383d880000,0x000000383d980000] [id=21604]
  0x00000153e51e0940 GCTaskThread "GC Thread#4" [stack: 0x000000383d980000,0x000000383da80000] [id=21248]
  0x00000153e51ddb50 GCTaskThread "GC Thread#5" [stack: 0x000000383da80000,0x000000383db80000] [id=13124]
  0x00000153e51dde60 GCTaskThread "GC Thread#6" [stack: 0x000000383db80000,0x000000383dc80000] [id=372]
  0x00000153e51de480 GCTaskThread "GC Thread#7" [stack: 0x000000383dc80000,0x000000383dd80000] [id=9640]
  0x00000153e51de170 GCTaskThread "GC Thread#8" [stack: 0x000000383dd80000,0x000000383de80000] [id=28360]
  0x00000153e51dedb0 GCTaskThread "GC Thread#9" [stack: 0x000000383de80000,0x000000383df80000] [id=14520]
  0x00000153e51df9f0 GCTaskThread "GC Thread#10" [stack: 0x000000383f080000,0x000000383f180000] [id=22180]
  0x00000153b9972180 ConcurrentGCThread "G1 Main Marker" [stack: 0x000000383ac00000,0x000000383ad00000] [id=28616]
  0x00000153b9974b20 ConcurrentGCThread "G1 Conc#0" [stack: 0x000000383ad00000,0x000000383ae00000] [id=2484]
  0x00000153b99ddc00 ConcurrentGCThread "G1 Refine#0" [stack: 0x000000383ae00000,0x000000383af00000] [id=24748]
  0x00000153b99de490 ConcurrentGCThread "G1 Service" [stack: 0x000000383af00000,0x000000383b000000] [id=13772]

Threads with active compile tasks:

VM state: not at safepoint (normal execution)

VM Mutex/Monitor currently owned by a thread: None

Heap address: 0x000000070a200000, size: 3934 MB, Compressed Oops mode: Zero based, Oop shift amount: 3

CDS archive(s) mapped at: [0x0000000800000000-0x0000000800bb0000-0x0000000800bb0000), size 12255232, SharedBaseAddress: 0x0000000800000000, ArchiveRelocationMode: 0.
Compressed class space mapped at: 0x0000000800c00000-0x0000000840c00000, reserved size: 1073741824
Narrow klass base: 0x0000000800000000, Narrow klass shift: 3, Narrow klass range: 0x100000000

GC Precious Log:
 CPUs: 16 total, 16 available
 Memory: 15731M
 Large Page Support: Disabled
 NUMA Support: Disabled
 Compressed Oops: Enabled (Zero based)
 Heap Region Size: 2M
 Heap Min Capacity: 8M
 Heap Initial Capacity: 246M
 Heap Max Capacity: 3934M
 Pre-touch: Disabled
 Parallel Workers: 13
 Concurrent Workers: 3
 Concurrent Refinement Workers: 13
 Periodic GC: Disabled

Heap:
 garbage-first heap   total 251904K, used 85576K [0x000000070a200000, 0x0000000800000000)
  region size 2048K, 3 young (6144K), 1 survivors (2048K)
 Metaspace       used 10094K, committed 10240K, reserved 1064960K
  class space    used 935K, committed 1024K, reserved 1048576K

Heap Regions: E=young(eden), S=young(survivor), O=old, HS=humongous(starts), HC=humongous(continues), CS=collection set, F=free, OA=open archive, CA=closed archive, TAMS=top-at-mark-start (previous, next)
|   0|0x000000070a200000, 0x000000070a400000, 0x000000070a400000|100%|HS|  |TAMS 0x000000070a200000, 0x000000070a400000| Complete 
|   1|0x000000070a400000, 0x000000070a600000, 0x000000070a600000|100%|HC|  |TAMS 0x000000070a400000, 0x000000070a600000| Complete 
|   2|0x000000070a600000, 0x000000070a800000, 0x000000070a800000|100%|HS|  |TAMS 0x000000070a600000, 0x000000070a800000| Complete 
|   3|0x000000070a800000, 0x000000070aa00000, 0x000000070aa00000|100%|HC|  |TAMS 0x000000070a800000, 0x000000070aa00000| Complete 
|   4|0x000000070aa00000, 0x000000070ac00000, 0x000000070ac00000|100%|HS|  |TAMS 0x000000070aa00000, 0x000000070aa00000| Complete 
|   5|0x000000070ac00000, 0x000000070ae00000, 0x000000070ae00000|100%|HC|  |TAMS 0x000000070ac00000, 0x000000070ac00000| Complete 
|   6|0x000000070ae00000, 0x000000070b000000, 0x000000070b000000|100%|HC|  |TAMS 0x000000070ae00000, 0x000000070ae00000| Complete 
|   7|0x000000070b000000, 0x000000070b200000, 0x000000070b200000|100%|HS|  |TAMS 0x000000070b000000, 0x000000070b000000| Complete 
|   8|0x000000070b200000, 0x000000070b400000, 0x000000070b400000|100%|HC|  |TAMS 0x000000070b200000, 0x000000070b200000| Complete 
|   9|0x000000070b400000, 0x000000070b600000, 0x000000070b600000|100%|HC|  |TAMS 0x000000070b400000, 0x000000070b400000| Complete 
|  10|0x000000070b600000, 0x000000070b800000, 0x000000070b800000|100%|HS|  |TAMS 0x000000070b600000, 0x000000070b600000| Complete 
|  11|0x000000070b800000, 0x000000070ba00000, 0x000000070ba00000|100%|HC|  |TAMS 0x000000070b800000, 0x000000070b800000| Complete 
|  12|0x000000070ba00000, 0x000000070bc00000, 0x000000070bc00000|100%|HC|  |TAMS 0x000000070ba00000, 0x000000070ba00000| Complete 
|  13|0x000000070bc00000, 0x000000070be00000, 0x000000070be00000|100%|HS|  |TAMS 0x000000070bc00000, 0x000000070bc00000| Complete 
|  14|0x000000070be00000, 0x000000070c000000, 0x000000070c000000|100%|HC|  |TAMS 0x000000070be00000, 0x000000070be00000| Complete 
|  15|0x000000070c000000, 0x000000070c200000, 0x000000070c200000|100%|HC|  |TAMS 0x000000070c000000, 0x000000070c000000| Complete 
|  16|0x000000070c200000, 0x000000070c400000, 0x000000070c400000|100%|HS|  |TAMS 0x000000070c200000, 0x000000070c200000| Complete 
|  17|0x000000070c400000, 0x000000070c600000, 0x000000070c600000|100%|HC|  |TAMS 0x000000070c400000, 0x000000070c400000| Complete 
|  18|0x000000070c600000, 0x000000070c800000, 0x000000070c800000|100%|HC|  |TAMS 0x000000070c600000, 0x000000070c600000| Complete 
|  19|0x000000070c800000, 0x000000070ca00000, 0x000000070ca00000|100%|HS|  |TAMS 0x000000070c800000, 0x000000070c800000| Complete 
|  20|0x000000070ca00000, 0x000000070cc00000, 0x000000070cc00000|100%|HC|  |TAMS 0x000000070ca00000, 0x000000070ca00000| Complete 
|  21|0x000000070cc00000, 0x000000070ce00000, 0x000000070ce00000|100%|HC|  |TAMS 0x000000070cc00000, 0x000000070cc00000| Complete 
|  22|0x000000070ce00000, 0x000000070ce00000, 0x000000070d000000|  0%| F|  |TAMS 0x000000070ce00000, 0x000000070ce00000| Untracked 
|  23|0x000000070d000000, 0x000000070d000000, 0x000000070d200000|  0%| F|  |TAMS 0x000000070d000000, 0x000000070d000000| Untracked 
|  24|0x000000070d200000, 0x000000070d200000, 0x000000070d400000|  0%| F|  |TAMS 0x000000070d200000, 0x000000070d200000| Untracked 
|  25|0x000000070d400000, 0x000000070d400000, 0x000000070d600000|  0%| F|  |TAMS 0x000000070d400000, 0x000000070d400000| Untracked 
|  26|0x000000070d600000, 0x000000070d600000, 0x000000070d800000|  0%| F|  |TAMS 0x000000070d600000, 0x000000070d600000| Untracked 
|  27|0x000000070d800000, 0x000000070d800000, 0x000000070da00000|  0%| F|  |TAMS 0x000000070d800000, 0x000000070d800000| Untracked 
|  28|0x000000070da00000, 0x000000070da00000, 0x000000070dc00000|  0%| F|  |TAMS 0x000000070da00000, 0x000000070da00000| Untracked 
|  29|0x000000070dc00000, 0x000000070dc00000, 0x000000070de00000|  0%| F|  |TAMS 0x000000070dc00000, 0x000000070dc00000| Untracked 
|  30|0x000000070de00000, 0x000000070de00000, 0x000000070e000000|  0%| F|  |TAMS 0x000000070de00000, 0x000000070de00000| Untracked 
|  31|0x000000070e000000, 0x000000070e000000, 0x000000070e200000|  0%| F|  |TAMS 0x000000070e000000, 0x000000070e000000| Untracked 
|  32|0x000000070e200000, 0x000000070e200000, 0x000000070e400000|  0%| F|  |TAMS 0x000000070e200000, 0x000000070e200000| Untracked 
|  33|0x000000070e400000, 0x000000070e400000, 0x000000070e600000|  0%| F|  |TAMS 0x000000070e400000, 0x000000070e400000| Untracked 
|  34|0x000000070e600000, 0x000000070e600000, 0x000000070e800000|  0%| F|  |TAMS 0x000000070e600000, 0x000000070e600000| Untracked 
|  35|0x000000070e800000, 0x000000070e800000, 0x000000070ea00000|  0%| F|  |TAMS 0x000000070e800000, 0x000000070e800000| Untracked 
|  36|0x000000070ea00000, 0x000000070ea00000, 0x000000070ec00000|  0%| F|  |TAMS 0x000000070ea00000, 0x000000070ea00000| Untracked 
|  37|0x000000070ec00000, 0x000000070ee00000, 0x000000070ee00000|100%|HS|  |TAMS 0x000000070ec00000, 0x000000070ee00000| Complete 
|  38|0x000000070ee00000, 0x000000070f000000, 0x000000070f000000|100%|HC|  |TAMS 0x000000070ee00000, 0x000000070f000000| Complete 
|  39|0x000000070f000000, 0x000000070f200000, 0x000000070f200000|100%|HC|  |TAMS 0x000000070f000000, 0x000000070f200000| Complete 
|  40|0x000000070f200000, 0x000000070f400000, 0x000000070f400000|100%| O|  |TAMS 0x000000070f200000, 0x000000070f400000| Untracked 
|  41|0x000000070f400000, 0x000000070f600000, 0x000000070f600000|100%|HS|  |TAMS 0x000000070f400000, 0x000000070f600000| Complete 
|  42|0x000000070f600000, 0x000000070f800000, 0x000000070f800000|100%|HS|  |TAMS 0x000000070f600000, 0x000000070f800000| Complete 
|  43|0x000000070f800000, 0x000000070fa00000, 0x000000070fa00000|100%|HC|  |TAMS 0x000000070f800000, 0x000000070fa00000| Complete 
|  44|0x000000070fa00000, 0x000000070fc00000, 0x000000070fc00000|100%|HS|  |TAMS 0x000000070fa00000, 0x000000070fc00000| Complete 
|  45|0x000000070fc00000, 0x000000070fe00000, 0x000000070fe00000|100%|HC|  |TAMS 0x000000070fc00000, 0x000000070fe00000| Complete 
|  46|0x000000070fe00000, 0x0000000710000000, 0x0000000710000000|100%|HC|  |TAMS 0x000000070fe00000, 0x0000000710000000| Complete 
|  47|0x0000000710000000, 0x0000000710200000, 0x0000000710200000|100%|HS|  |TAMS 0x0000000710000000, 0x0000000710200000| Complete 
|  48|0x0000000710200000, 0x0000000710400000, 0x0000000710400000|100%|HC|  |TAMS 0x0000000710200000, 0x0000000710400000| Complete 
|  49|0x0000000710400000, 0x0000000710600000, 0x0000000710600000|100%|HC|  |TAMS 0x0000000710400000, 0x0000000710600000| Complete 
|  50|0x0000000710600000, 0x0000000710800000, 0x0000000710800000|100%|HS|  |TAMS 0x0000000710600000, 0x0000000710800000| Complete 
|  51|0x0000000710800000, 0x0000000710a00000, 0x0000000710a00000|100%|HC|  |TAMS 0x0000000710800000, 0x0000000710a00000| Complete 
|  52|0x0000000710a00000, 0x0000000710c00000, 0x0000000710c00000|100%|HC|  |TAMS 0x0000000710a00000, 0x0000000710c00000| Complete 
|  53|0x0000000710c00000, 0x0000000710d8f000, 0x0000000710e00000| 77%| O|  |TAMS 0x0000000710c00000, 0x0000000710d8f000| Untracked 
|  54|0x0000000710e00000, 0x0000000710e00000, 0x0000000711000000|  0%| F|  |TAMS 0x0000000710e00000, 0x0000000710e00000| Untracked 
|  55|0x0000000711000000, 0x0000000711000000, 0x0000000711200000|  0%| F|  |TAMS 0x0000000711000000, 0x0000000711000000| Untracked 
|  56|0x0000000711200000, 0x0000000711400000, 0x0000000711400000|100%| O|  |TAMS 0x0000000711200000, 0x0000000711400000| Untracked 
|  57|0x0000000711400000, 0x0000000711600000, 0x0000000711600000|100%| O|  |TAMS 0x0000000711400000, 0x0000000711600000| Untracked 
|  58|0x0000000711600000, 0x0000000711600000, 0x0000000711800000|  0%| F|  |TAMS 0x0000000711600000, 0x0000000711600000| Untracked 
|  59|0x0000000711800000, 0x0000000711800000, 0x0000000711a00000|  0%| F|  |TAMS 0x0000000711800000, 0x0000000711800000| Untracked 
|  60|0x0000000711a00000, 0x0000000711a00000, 0x0000000711c00000|  0%| F|  |TAMS 0x0000000711a00000, 0x0000000711a00000| Untracked 
|  61|0x0000000711c00000, 0x0000000711c00000, 0x0000000711e00000|  0%| F|  |TAMS 0x0000000711c00000, 0x0000000711c00000| Untracked 
|  62|0x0000000711e00000, 0x0000000711e00000, 0x0000000712000000|  0%| F|  |TAMS 0x0000000711e00000, 0x0000000711e00000| Untracked 
|  63|0x0000000712000000, 0x0000000712000000, 0x0000000712200000|  0%| F|  |TAMS 0x0000000712000000, 0x0000000712000000| Untracked 
|  64|0x0000000712200000, 0x0000000712200000, 0x0000000712400000|  0%| F|  |TAMS 0x0000000712200000, 0x0000000712200000| Untracked 
|  65|0x0000000712400000, 0x0000000712400000, 0x0000000712600000|  0%| F|  |TAMS 0x0000000712400000, 0x0000000712400000| Untracked 
|  66|0x0000000712600000, 0x0000000712600000, 0x0000000712800000|  0%| F|  |TAMS 0x0000000712600000, 0x0000000712600000| Untracked 
|  67|0x0000000712800000, 0x0000000712800000, 0x0000000712a00000|  0%| F|  |TAMS 0x0000000712800000, 0x0000000712800000| Untracked 
|  68|0x0000000712a00000, 0x0000000712a00000, 0x0000000712c00000|  0%| F|  |TAMS 0x0000000712a00000, 0x0000000712a00000| Untracked 
|  69|0x0000000712c00000, 0x0000000712c00000, 0x0000000712e00000|  0%| F|  |TAMS 0x0000000712c00000, 0x0000000712c00000| Untracked 
|  70|0x0000000712e00000, 0x0000000712e00000, 0x0000000713000000|  0%| F|  |TAMS 0x0000000712e00000, 0x0000000712e00000| Untracked 
|  71|0x0000000713000000, 0x0000000713000000, 0x0000000713200000|  0%| F|  |TAMS 0x0000000713000000, 0x0000000713000000| Untracked 
|  72|0x0000000713200000, 0x0000000713200000, 0x0000000713400000|  0%| F|  |TAMS 0x0000000713200000, 0x0000000713200000| Untracked 
|  73|0x0000000713400000, 0x0000000713400000, 0x0000000713600000|  0%| F|  |TAMS 0x0000000713400000, 0x0000000713400000| Untracked 
|  74|0x0000000713600000, 0x0000000713600000, 0x0000000713800000|  0%| F|  |TAMS 0x0000000713600000, 0x0000000713600000| Untracked 
|  75|0x0000000713800000, 0x0000000713800000, 0x0000000713a00000|  0%| F|  |TAMS 0x0000000713800000, 0x0000000713800000| Untracked 
|  76|0x0000000713a00000, 0x0000000713a00000, 0x0000000713c00000|  0%| F|  |TAMS 0x0000000713a00000, 0x0000000713a00000| Untracked 
|  77|0x0000000713c00000, 0x0000000713c00000, 0x0000000713e00000|  0%| F|  |TAMS 0x0000000713c00000, 0x0000000713c00000| Untracked 
|  78|0x0000000713e00000, 0x0000000713e00000, 0x0000000714000000|  0%| F|  |TAMS 0x0000000713e00000, 0x0000000713e00000| Untracked 
|  79|0x0000000714000000, 0x0000000714000000, 0x0000000714200000|  0%| F|  |TAMS 0x0000000714000000, 0x0000000714000000| Untracked 
|  80|0x0000000714200000, 0x0000000714200000, 0x0000000714400000|  0%| F|  |TAMS 0x0000000714200000, 0x0000000714200000| Untracked 
|  81|0x0000000714400000, 0x0000000714400000, 0x0000000714600000|  0%| F|  |TAMS 0x0000000714400000, 0x0000000714400000| Untracked 
|  82|0x0000000714600000, 0x0000000714600000, 0x0000000714800000|  0%| F|  |TAMS 0x0000000714600000, 0x0000000714600000| Untracked 
|  83|0x0000000714800000, 0x0000000714800000, 0x0000000714a00000|  0%| F|  |TAMS 0x0000000714800000, 0x0000000714800000| Untracked 
|  84|0x0000000714a00000, 0x0000000714a00000, 0x0000000714c00000|  0%| F|  |TAMS 0x0000000714a00000, 0x0000000714a00000| Untracked 
|  85|0x0000000714c00000, 0x0000000714c00000, 0x0000000714e00000|  0%| F|  |TAMS 0x0000000714c00000, 0x0000000714c00000| Untracked 
|  86|0x0000000714e00000, 0x0000000714e00000, 0x0000000715000000|  0%| F|  |TAMS 0x0000000714e00000, 0x0000000714e00000| Untracked 
|  87|0x0000000715000000, 0x0000000715000000, 0x0000000715200000|  0%| F|  |TAMS 0x0000000715000000, 0x0000000715000000| Untracked 
|  88|0x0000000715200000, 0x0000000715200000, 0x0000000715400000|  0%| F|  |TAMS 0x0000000715200000, 0x0000000715200000| Untracked 
|  89|0x0000000715400000, 0x0000000715400000, 0x0000000715600000|  0%| F|  |TAMS 0x0000000715400000, 0x0000000715400000| Untracked 
|  90|0x0000000715600000, 0x0000000715600000, 0x0000000715800000|  0%| F|  |TAMS 0x0000000715600000, 0x0000000715600000| Untracked 
|  91|0x0000000715800000, 0x0000000715800000, 0x0000000715a00000|  0%| F|  |TAMS 0x0000000715800000, 0x0000000715800000| Untracked 
|  92|0x0000000715a00000, 0x0000000715a00000, 0x0000000715c00000|  0%| F|  |TAMS 0x0000000715a00000, 0x0000000715a00000| Untracked 
|  93|0x0000000715c00000, 0x0000000715c00000, 0x0000000715e00000|  0%| F|  |TAMS 0x0000000715c00000, 0x0000000715c00000| Untracked 
|  94|0x0000000715e00000, 0x0000000715e00000, 0x0000000716000000|  0%| F|  |TAMS 0x0000000715e00000, 0x0000000715e00000| Untracked 
|  95|0x0000000716000000, 0x0000000716000000, 0x0000000716200000|  0%| F|  |TAMS 0x0000000716000000, 0x0000000716000000| Untracked 
|  96|0x0000000716200000, 0x0000000716200000, 0x0000000716400000|  0%| F|  |TAMS 0x0000000716200000, 0x0000000716200000| Untracked 
|  97|0x0000000716400000, 0x0000000716400000, 0x0000000716600000|  0%| F|  |TAMS 0x0000000716400000, 0x0000000716400000| Untracked 
|  98|0x0000000716600000, 0x0000000716600000, 0x0000000716800000|  0%| F|  |TAMS 0x0000000716600000, 0x0000000716600000| Untracked 
|  99|0x0000000716800000, 0x0000000716800000, 0x0000000716a00000|  0%| F|  |TAMS 0x0000000716800000, 0x0000000716800000| Untracked 
| 100|0x0000000716a00000, 0x0000000716a00000, 0x0000000716c00000|  0%| F|  |TAMS 0x0000000716a00000, 0x0000000716a00000| Untracked 
| 101|0x0000000716c00000, 0x0000000716c00000, 0x0000000716e00000|  0%| F|  |TAMS 0x0000000716c00000, 0x0000000716c00000| Untracked 
| 102|0x0000000716e00000, 0x0000000716e00000, 0x0000000717000000|  0%| F|  |TAMS 0x0000000716e00000, 0x0000000716e00000| Untracked 
| 103|0x0000000717000000, 0x0000000717000000, 0x0000000717200000|  0%| F|  |TAMS 0x0000000717000000, 0x0000000717000000| Untracked 
| 104|0x0000000717200000, 0x0000000717200000, 0x0000000717400000|  0%| F|  |TAMS 0x0000000717200000, 0x0000000717200000| Untracked 
| 105|0x0000000717400000, 0x0000000717400000, 0x0000000717600000|  0%| F|  |TAMS 0x0000000717400000, 0x0000000717400000| Untracked 
| 106|0x0000000717600000, 0x0000000717600000, 0x0000000717800000|  0%| F|  |TAMS 0x0000000717600000, 0x0000000717600000| Untracked 
| 107|0x0000000717800000, 0x0000000717800000, 0x0000000717a00000|  0%| F|  |TAMS 0x0000000717800000, 0x0000000717800000| Untracked 
| 108|0x0000000717a00000, 0x0000000717a00000, 0x0000000717c00000|  0%| F|  |TAMS 0x0000000717a00000, 0x0000000717a00000| Untracked 
| 109|0x0000000717c00000, 0x0000000717c00000, 0x0000000717e00000|  0%| F|  |TAMS 0x0000000717c00000, 0x0000000717c00000| Untracked 
| 110|0x0000000717e00000, 0x0000000717e00000, 0x0000000718000000|  0%| F|  |TAMS 0x0000000717e00000, 0x0000000717e00000| Untracked 
| 111|0x0000000718000000, 0x0000000718000000, 0x0000000718200000|  0%| F|  |TAMS 0x0000000718000000, 0x0000000718000000| Untracked 
| 112|0x0000000718200000, 0x0000000718200000, 0x0000000718400000|  0%| F|  |TAMS 0x0000000718200000, 0x0000000718200000| Untracked 
| 113|0x0000000718400000, 0x0000000718400000, 0x0000000718600000|  0%| F|  |TAMS 0x0000000718400000, 0x0000000718400000| Untracked 
| 114|0x0000000718600000, 0x0000000718600000, 0x0000000718800000|  0%| F|  |TAMS 0x0000000718600000, 0x0000000718600000| Untracked 
| 115|0x0000000718800000, 0x0000000718800000, 0x0000000718a00000|  0%| F|  |TAMS 0x0000000718800000, 0x0000000718800000| Untracked 
| 116|0x0000000718a00000, 0x0000000718a00000, 0x0000000718c00000|  0%| F|  |TAMS 0x0000000718a00000, 0x0000000718a00000| Untracked 
| 117|0x0000000718c00000, 0x0000000718c00000, 0x0000000718e00000|  0%| F|  |TAMS 0x0000000718c00000, 0x0000000718c00000| Untracked 
| 118|0x0000000718e00000, 0x0000000718e00000, 0x0000000719000000|  0%| F|  |TAMS 0x0000000718e00000, 0x0000000718e00000| Untracked 
| 119|0x0000000719000000, 0x0000000719000000, 0x0000000719200000|  0%| F|  |TAMS 0x0000000719000000, 0x0000000719000000| Untracked 
| 120|0x0000000719200000, 0x0000000719203060, 0x0000000719400000|  0%| S|CS|TAMS 0x0000000719200000, 0x0000000719200000| Complete 
| 121|0x0000000719400000, 0x0000000719400800, 0x0000000719600000|  0%| E|  |TAMS 0x0000000719400000, 0x0000000719400000| Complete 
| 122|0x0000000719600000, 0x0000000719800000, 0x0000000719800000|100%| E|CS|TAMS 0x0000000719600000, 0x0000000719600000| Complete 

Card table byte_map: [0x00000153d10d0000,0x00000153d1880000] _byte_map_base: 0x00000153cd87f000

Marking Bits (Prev, Next): (CMBitMap*) 0x00000153b9962010, (CMBitMap*) 0x00000153b9962050
 Prev Bits: [0x00000153d2030000, 0x00000153d5da8000)
 Next Bits: [0x00000153d5db0000, 0x00000153d9b28000)

Polling page: 0x00000153b90e0000

Metaspace:

Usage:
  Non-class:      8.94 MB used.
      Class:    935.91 KB used.
       Both:      9.86 MB used.

Virtual space:
  Non-class space:       16.00 MB reserved,       9.00 MB ( 56%) committed,  2 nodes.
      Class space:        1.00 GB reserved,       1.00 MB ( <1%) committed,  1 nodes.
              Both:        1.02 GB reserved,      10.00 MB ( <1%) committed. 

Chunk freelists:
   Non-Class:  2.95 MB
       Class:  3.02 MB
        Both:  5.97 MB

MaxMetaspaceSize: 17179869184.00 GB
CompressedClassSpaceSize: 1.00 GB
 - commit_granule_bytes: 65536.
 - commit_granule_words: 8192.
 - virtual_space_node_default_size: 1048576.
 - enlarge_chunks_in_place: 1.
 - new_chunks_are_fully_committed: 0.
 - uncommit_free_chunks: 1.
 - use_allocation_guard: 0.
 - handle_deallocations: 1.


Internal statistics:

num_allocs_failed_limit: 0.
num_arena_births: 122.
num_arena_deaths: 0.
num_vsnodes_births: 3.
num_vsnodes_deaths: 0.
num_space_committed: 160.
num_space_uncommitted: 0.
num_chunks_returned_to_freelist: 0.
num_chunks_taken_from_freelist: 177.
num_chunk_merges: 0.
num_chunk_splits: 104.
num_chunks_enlarged: 53.
num_purges: 0.

CodeHeap 'non-profiled nmethods': size=119168Kb used=1136Kb max_used=1136Kb free=118031Kb
 bounds [0x00000153c8c20000, 0x00000153c8e90000, 0x00000153d0080000]
CodeHeap 'profiled nmethods': size=119104Kb used=4782Kb max_used=4782Kb free=114321Kb
 bounds [0x00000153c17d0000, 0x00000153c1c80000, 0x00000153c8c20000]
CodeHeap 'non-nmethods': size=7488Kb used=1308Kb max_used=3057Kb free=6179Kb
 bounds [0x00000153c1080000, 0x00000153c13a0000, 0x00000153c17d0000]
 total_blobs=3304 nmethods=2668 adapters=548
 compilation: enabled
              stopped_count=0, restarted_count=0
 full_count=0

Compilation events (20 events):
Event: 43.028 Thread 0x00000153dcbb9d10 2661       3       sun.awt.windows.WToolkit::targetToPeer (5 bytes)
Event: 43.029 Thread 0x00000153dcbb9d10 nmethod 2661 0x00000153c1c78210 code [0x00000153c1c78460, 0x00000153c1c78d08]
Event: 43.029 Thread 0x00000153dcbb9d10 2662       3       sun.awt.SunToolkit::targetToPeer (20 bytes)
Event: 43.029 Thread 0x00000153dcbb9d10 nmethod 2662 0x00000153c1c79010 code [0x00000153c1c79260, 0x00000153c1c79ac8]
Event: 43.084 Thread 0x00000153dcbb9d10 2665       3       sun.awt.windows.WObjectPeer::getPeerForTarget (10 bytes)
Event: 43.084 Thread 0x00000153dcbb9d10 nmethod 2665 0x00000153c1c79d90 code [0x00000153c1c79fe0, 0x00000153c1c7a9e8]
Event: 43.361 Thread 0x00000153dcbb9310 2666       4       java.util.concurrent.locks.ReentrantLock$NonfairSync::tryAcquire (27 bytes)
Event: 43.362 Thread 0x00000153dcbb9310 nmethod 2666 0x00000153c8d39990 code [0x00000153c8d39b20, 0x00000153c8d39c98]
Event: 43.421 Thread 0x00000153dcbb9310 2667       4       sun.java2d.SunGraphics2D::transformShape (36 bytes)
Event: 43.428 Thread 0x00000153dcbb9310 nmethod 2667 0x00000153c8d39d10 code [0x00000153c8d39f20, 0x00000153c8d3a518]
Event: 43.428 Thread 0x00000153dcbb9310 2668       4       sun.java2d.SunGraphics2D::getClip (9 bytes)
Event: 43.431 Thread 0x00000153dcbb9310 nmethod 2668 0x00000153c8d3aa90 code [0x00000153c8d3aca0, 0x00000153c8d3b1e8]
Event: 43.941 Thread 0x00000153dcbb9d10 2669   !   3       java.lang.ref.Reference::processPendingReferences (132 bytes)
Event: 43.942 Thread 0x00000153dcbb9d10 nmethod 2669 0x00000153c1c7ad10 code [0x00000153c1c7af60, 0x00000153c1c7b8b8]
Event: 45.120 Thread 0x00000153dcbb9310 2670       4       java.lang.Math::max (45 bytes)
Event: 45.121 Thread 0x00000153dcbb9310 nmethod 2670 0x00000153c8d3b710 code [0x00000153c8d3b8c0, 0x00000153c8d3ba58]
Event: 45.760 Thread 0x00000153dcbb9310 2671       4       sun.java2d.marlin.DStroker::within (52 bytes)
Event: 45.762 Thread 0x00000153dcbb9310 nmethod 2671 0x00000153c8d3bb90 code [0x00000153c8d3bd20, 0x00000153c8d3bdb8]
Event: 45.762 Thread 0x00000153dcbb9310 2672       4       sun.java2d.marlin.DRendererContext$PathConsumer2DAdapter::curveTo (26 bytes)
Event: 45.763 Thread 0x00000153dcbb9310 nmethod 2672 0x00000153c8d3be90 code [0x00000153c8d3c020, 0x00000153c8d3c148]

GC Heap History (20 events):
Event: 43.088 GC heap before
{Heap before GC invocations=100 (full 0):
 garbage-first heap   total 251904K, used 116291K [0x000000070a200000, 0x0000000800000000)
  region size 2048K, 3 young (6144K), 1 survivors (2048K)
 Metaspace       used 10093K, committed 10240K, reserved 1064960K
  class space    used 935K, committed 1024K, reserved 1048576K
}
Event: 43.089 GC heap after
{Heap after GC invocations=101 (full 0):
 garbage-first heap   total 251904K, used 89671K [0x000000070a200000, 0x0000000800000000)
  region size 2048K, 1 young (2048K), 1 survivors (2048K)
 Metaspace       used 10093K, committed 10240K, reserved 1064960K
  class space    used 935K, committed 1024K, reserved 1048576K
}
Event: 43.308 GC heap before
{Heap before GC invocations=101 (full 0):
 garbage-first heap   total 251904K, used 116295K [0x000000070a200000, 0x0000000800000000)
  region size 2048K, 3 young (6144K), 1 survivors (2048K)
 Metaspace       used 10093K, committed 10240K, reserved 1064960K
  class space    used 935K, committed 1024K, reserved 1048576K
}
Event: 43.309 GC heap after
{Heap after GC invocations=102 (full 0):
 garbage-first heap   total 251904K, used 46663K [0x000000070a200000, 0x0000000800000000)
  region size 2048K, 1 young (2048K), 1 survivors (2048K)
 Metaspace       used 10093K, committed 10240K, reserved 1064960K
  class space    used 935K, committed 1024K, reserved 1048576K
}
Event: 43.939 GC heap before
{Heap before GC invocations=102 (full 0):
 garbage-first heap   total 251904K, used 116295K [0x000000070a200000, 0x0000000800000000)
  region size 2048K, 3 young (6144K), 1 survivors (2048K)
 Metaspace       used 10093K, committed 10240K, reserved 1064960K
  class space    used 935K, committed 1024K, reserved 1048576K
}
Event: 43.941 GC heap after
{Heap after GC invocations=103 (full 0):
 garbage-first heap   total 251904K, used 89671K [0x000000070a200000, 0x0000000800000000)
  region size 2048K, 1 young (2048K), 1 survivors (2048K)
 Metaspace       used 10093K, committed 10240K, reserved 1064960K
  class space    used 935K, committed 1024K, reserved 1048576K
}
Event: 44.158 GC heap before
{Heap before GC invocations=103 (full 0):
 garbage-first heap   total 251904K, used 116295K [0x000000070a200000, 0x0000000800000000)
  region size 2048K, 3 young (6144K), 1 survivors (2048K)
 Metaspace       used 10094K, committed 10240K, reserved 1064960K
  class space    used 935K, committed 1024K, reserved 1048576K
}
Event: 44.159 GC heap after
{Heap after GC invocations=104 (full 0):
 garbage-first heap   total 251904K, used 46659K [0x000000070a200000, 0x0000000800000000)
  region size 2048K, 1 young (2048K), 1 survivors (2048K)
 Metaspace       used 10094K, committed 10240K, reserved 1064960K
  class space    used 935K, committed 1024K, reserved 1048576K
}
Event: 44.742 GC heap before
{Heap before GC invocations=104 (full 0):
 garbage-first heap   total 251904K, used 116291K [0x000000070a200000, 0x0000000800000000)
  region size 2048K, 3 young (6144K), 1 survivors (2048K)
 Metaspace       used 10094K, committed 10240K, reserved 1064960K
  class space    used 935K, committed 1024K, reserved 1048576K
}
Event: 44.743 GC heap after
{Heap after GC invocations=105 (full 0):
 garbage-first heap   total 251904K, used 89673K [0x000000070a200000, 0x0000000800000000)
  region size 2048K, 1 young (2048K), 1 survivors (2048K)
 Metaspace       used 10094K, committed 10240K, reserved 1064960K
  class space    used 935K, committed 1024K, reserved 1048576K
}
Event: 44.963 GC heap before
{Heap before GC invocations=105 (full 0):
 garbage-first heap   total 251904K, used 116297K [0x000000070a200000, 0x0000000800000000)
  region size 2048K, 3 young (6144K), 1 survivors (2048K)
 Metaspace       used 10094K, committed 10240K, reserved 1064960K
  class space    used 935K, committed 1024K, reserved 1048576K
}
Event: 44.964 GC heap after
{Heap after GC invocations=106 (full 0):
 garbage-first heap   total 251904K, used 46666K [0x000000070a200000, 0x0000000800000000)
  region size 2048K, 1 young (2048K), 1 survivors (2048K)
 Metaspace       used 10094K, committed 10240K, reserved 1064960K
  class space    used 935K, committed 1024K, reserved 1048576K
}
Event: 45.546 GC heap before
{Heap before GC invocations=106 (full 0):
 garbage-first heap   total 251904K, used 116298K [0x000000070a200000, 0x0000000800000000)
  region size 2048K, 3 young (6144K), 1 survivors (2048K)
 Metaspace       used 10094K, committed 10240K, reserved 1064960K
  class space    used 935K, committed 1024K, reserved 1048576K
}
Event: 45.547 GC heap after
{Heap after GC invocations=107 (full 0):
 garbage-first heap   total 251904K, used 89678K [0x000000070a200000, 0x0000000800000000)
  region size 2048K, 1 young (2048K), 1 survivors (2048K)
 Metaspace       used 10094K, committed 10240K, reserved 1064960K
  class space    used 935K, committed 1024K, reserved 1048576K
}
Event: 45.760 GC heap before
{Heap before GC invocations=107 (full 0):
 garbage-first heap   total 251904K, used 116302K [0x000000070a200000, 0x0000000800000000)
  region size 2048K, 3 young (6144K), 1 survivors (2048K)
 Metaspace       used 10094K, committed 10240K, reserved 1064960K
  class space    used 935K, committed 1024K, reserved 1048576K
}
Event: 45.761 GC heap after
{Heap after GC invocations=108 (full 0):
 garbage-first heap   total 251904K, used 46668K [0x000000070a200000, 0x0000000800000000)
  region size 2048K, 1 young (2048K), 1 survivors (2048K)
 Metaspace       used 10094K, committed 10240K, reserved 1064960K
  class space    used 935K, committed 1024K, reserved 1048576K
}
Event: 46.343 GC heap before
{Heap before GC invocations=108 (full 0):
 garbage-first heap   total 251904K, used 116300K [0x000000070a200000, 0x0000000800000000)
  region size 2048K, 3 young (6144K), 1 survivors (2048K)
 Metaspace       used 10094K, committed 10240K, reserved 1064960K
  class space    used 935K, committed 1024K, reserved 1048576K
}
Event: 46.344 GC heap after
{Heap after GC invocations=109 (full 0):
 garbage-first heap   total 251904K, used 89676K [0x000000070a200000, 0x0000000800000000)
  region size 2048K, 1 young (2048K), 1 survivors (2048K)
 Metaspace       used 10094K, committed 10240K, reserved 1064960K
  class space    used 935K, committed 1024K, reserved 1048576K
}
Event: 46.568 GC heap before
{Heap before GC invocations=109 (full 0):
 garbage-first heap   total 251904K, used 116300K [0x000000070a200000, 0x0000000800000000)
  region size 2048K, 3 young (6144K), 1 survivors (2048K)
 Metaspace       used 10094K, committed 10240K, reserved 1064960K
  class space    used 935K, committed 1024K, reserved 1048576K
}
Event: 46.569 GC heap after
{Heap after GC invocations=110 (full 0):
 garbage-first heap   total 251904K, used 46664K [0x000000070a200000, 0x0000000800000000)
  region size 2048K, 1 young (2048K), 1 survivors (2048K)
 Metaspace       used 10094K, committed 10240K, reserved 1064960K
  class space    used 935K, committed 1024K, reserved 1048576K
}

Deoptimization events (20 events):
Event: 32.011 Thread 0x00000153e4deb4e0 Uncommon trap: trap_request=0xffffffbe fr.pc=0x00000153c8d23108 relative=0x00000000000012a8
Event: 32.011 Thread 0x00000153e4deb4e0 Uncommon trap: reason=profile_predicate action=maybe_recompile pc=0x00000153c8d23108 method=java.awt.geom.Path2D$Float.append(Ljava/awt/geom/PathIterator;Z)V @ 11 c2
Event: 32.011 Thread 0x00000153e4deb4e0 DEOPT PACKING pc=0x00000153c8d23108 sp=0x000000383d1fd540
Event: 32.011 Thread 0x00000153e4deb4e0 DEOPT UNPACKING pc=0x00000153c10cd72e sp=0x000000383d1fd520 mode 2
Event: 32.011 Thread 0x00000153e4deb4e0 Uncommon trap: trap_request=0xffffffbe fr.pc=0x00000153c8d23108 relative=0x00000000000012a8
Event: 32.011 Thread 0x00000153e4deb4e0 Uncommon trap: reason=profile_predicate action=maybe_recompile pc=0x00000153c8d23108 method=java.awt.geom.Path2D$Float.append(Ljava/awt/geom/PathIterator;Z)V @ 11 c2
Event: 32.011 Thread 0x00000153e4deb4e0 DEOPT PACKING pc=0x00000153c8d23108 sp=0x000000383d1fd540
Event: 32.011 Thread 0x00000153e4deb4e0 DEOPT UNPACKING pc=0x00000153c10cd72e sp=0x000000383d1fd520 mode 2
Event: 32.011 Thread 0x00000153e4deb4e0 Uncommon trap: trap_request=0xffffffbe fr.pc=0x00000153c8d23108 relative=0x00000000000012a8
Event: 32.011 Thread 0x00000153e4deb4e0 Uncommon trap: reason=profile_predicate action=maybe_recompile pc=0x00000153c8d23108 method=java.awt.geom.Path2D$Float.append(Ljava/awt/geom/PathIterator;Z)V @ 11 c2
Event: 32.011 Thread 0x00000153e4deb4e0 DEOPT PACKING pc=0x00000153c8d23108 sp=0x000000383d1fd540
Event: 32.011 Thread 0x00000153e4deb4e0 DEOPT UNPACKING pc=0x00000153c10cd72e sp=0x000000383d1fd520 mode 2
Event: 32.011 Thread 0x00000153e4deb4e0 Uncommon trap: trap_request=0xffffffbe fr.pc=0x00000153c8d23108 relative=0x00000000000012a8
Event: 32.011 Thread 0x00000153e4deb4e0 Uncommon trap: reason=profile_predicate action=maybe_recompile pc=0x00000153c8d23108 method=java.awt.geom.Path2D$Float.append(Ljava/awt/geom/PathIterator;Z)V @ 11 c2
Event: 32.011 Thread 0x00000153e4deb4e0 DEOPT PACKING pc=0x00000153c8d23108 sp=0x000000383d1fd540
Event: 32.011 Thread 0x00000153e4deb4e0 DEOPT UNPACKING pc=0x00000153c10cd72e sp=0x000000383d1fd520 mode 2
Event: 35.033 Thread 0x00000153e4deb4e0 Uncommon trap: trap_request=0xffffff45 fr.pc=0x00000153c8d080e0 relative=0x00000000000000c0
Event: 35.033 Thread 0x00000153e4deb4e0 Uncommon trap: reason=unstable_if action=reinterpret pc=0x00000153c8d080e0 method=java.util.concurrent.locks.AbstractQueuedSynchronizer.signalNext(Ljava/util/concurrent/locks/AbstractQueuedSynchronizer$Node;)V @ 17 c2
Event: 35.033 Thread 0x00000153e4deb4e0 DEOPT PACKING pc=0x00000153c8d080e0 sp=0x000000383d1fdd20
Event: 35.033 Thread 0x00000153e4deb4e0 DEOPT UNPACKING pc=0x00000153c10cd72e sp=0x000000383d1fdcb0 mode 2

Classes unloaded (0 events):
No events

Classes redefined (0 events):
No events

Internal exceptions (20 events):
Event: 0.267 Thread 0x00000153b9912840 Exception <a 'java/lang/ClassNotFoundException'{0x0000000719380e28}: sun/awt/resources/spi/awtProvider> (0x0000000719380e28) 
thrown [t:\workspace\open\src\hotspot\share\classfile\systemDictionary.cpp, line 256]
Event: 0.300 Thread 0x00000153b9912840 Exception <a 'java/io/FileNotFoundException'{0x000000071900b488}> (0x000000071900b488) 
thrown [t:\workspace\open\src\hotspot\share\prims\jni.cpp, line 579]
Event: 0.311 Thread 0x00000153b9912840 Exception <a 'java/io/FileNotFoundException'{0x0000000719039f50}> (0x0000000719039f50) 
thrown [t:\workspace\open\src\hotspot\share\prims\jni.cpp, line 579]
Event: 0.576 Thread 0x00000153b9912840 Exception <a 'java/lang/NoSuchMethodError'{0x00000007191581a8}: 'java.lang.Object java.lang.invoke.DirectMethodHandle$Holder.newInvokeSpecial(java.lang.Object, java.lang.Object, java.lang.Object, java.lang.Object, java.lang.Object)'> (0x00000007191581a8) 
thrown [t:\workspace\open\src\hotspot\share\interpreter\linkResolver.cpp, line 790]
Event: 0.578 Thread 0x00000153b9912840 Exception <a 'java/lang/NoSuchMethodError'{0x0000000719163c90}: 'java.lang.Object java.lang.invoke.DirectMethodHandle$Holder.invokeStatic(java.lang.Object, int, java.lang.Object, java.lang.Object, java.lang.Object, java.lang.Object)'> (0x0000000719163c90) 
thrown [t:\workspace\open\src\hotspot\share\interpreter\linkResolver.cpp, line 790]
Event: 0.583 Thread 0x00000153b9912840 Exception <a 'java/lang/NoSuchMethodError'{0x0000000719189d58}: 'java.lang.Object java.lang.invoke.DirectMethodHandle$Holder.invokeStatic(java.lang.Object, int, java.lang.Object)'> (0x0000000719189d58) 
thrown [t:\workspace\open\src\hotspot\share\interpreter\linkResolver.cpp, line 790]
Event: 0.621 Thread 0x00000153b9912840 Exception <a 'java/lang/ClassNotFoundException'{0x0000000718e424d0}: com/sun/swing/internal/plaf/metal/resources/spi/metalProvider> (0x0000000718e424d0) 
thrown [t:\workspace\open\src\hotspot\share\classfile\systemDictionary.cpp, line 256]
Event: 0.622 Thread 0x00000153b9912840 Exception <a 'java/lang/ClassNotFoundException'{0x0000000718e464f0}: com/sun/swing/internal/plaf/basic/resources/spi/basicProvider> (0x0000000718e464f0) 
thrown [t:\workspace\open\src\hotspot\share\classfile\systemDictionary.cpp, line 256]
Event: 0.657 Thread 0x00000153ddad9690 Exception <a 'java/lang/NoSuchMethodError'{0x00000007190f13c0}: 'void java.lang.invoke.DirectMethodHandle$Holder.invokeVirtual(java.lang.Object, java.lang.Object)'> (0x00000007190f13c0) 
thrown [t:\workspace\open\src\hotspot\share\interpreter\linkResolver.cpp, line 790]
Event: 0.678 Thread 0x00000153b9912840 Exception <a 'java/lang/NoSuchMethodError'{0x0000000718e9a8c0}: 'void java.lang.invoke.DirectMethodHandle$Holder.invokeStaticInit(java.lang.Object)'> (0x0000000718e9a8c0) 
thrown [t:\workspace\open\src\hotspot\share\interpreter\linkResolver.cpp, line 790]
Event: 1.630 Thread 0x00000153e4deb4e0 Exception <a 'java/lang/NoSuchMethodError'{0x0000000718a236c0}: 'java.lang.Object java.lang.invoke.DirectMethodHandle$Holder.invokeStaticInit(java.lang.Object, int, int, int, int)'> (0x0000000718a236c0) 
thrown [t:\workspace\open\src\hotspot\share\interpreter\linkResolver.cpp, line 790]
Event: 1.678 Thread 0x00000153e4deb4e0 Exception <a 'java/lang/NoSuchMethodError'{0x0000000718aeb890}: 'java.lang.Object java.lang.invoke.DirectMethodHandle$Holder.invokeStaticInit(java.lang.Object, java.lang.Object, int, int, int, int)'> (0x0000000718aeb890) 
thrown [t:\workspace\open\src\hotspot\share\interpreter\linkResolver.cpp, line 790]
Event: 1.685 Thread 0x00000153e4deb4e0 Exception <a 'java/lang/NullPointerException'{0x0000000718af7d78}> (0x0000000718af7d78) 
thrown [t:\workspace\open\src\hotspot\share\interpreter\linkResolver.cpp, line 1385]
Event: 1.733 Thread 0x00000153e4deb4e0 Exception <a 'java/io/FileNotFoundException'{0x0000000718bb9d00}> (0x0000000718bb9d00) 
thrown [t:\workspace\open\src\hotspot\share\prims\jni.cpp, line 579]
Event: 1.740 Thread 0x00000153e4deb4e0 Exception <a 'java/io/FileNotFoundException'{0x0000000718bda130}> (0x0000000718bda130) 
thrown [t:\workspace\open\src\hotspot\share\prims\jni.cpp, line 579]
Event: 1.768 Thread 0x00000153e4deb4e0 Exception <a 'java/io/FileNotFoundException'{0x000000071886f228}> (0x000000071886f228) 
thrown [t:\workspace\open\src\hotspot\share\prims\jni.cpp, line 579]
Event: 1.781 Thread 0x00000153e4deb4e0 Exception <a 'java/io/FileNotFoundException'{0x00000007188bb600}> (0x00000007188bb600) 
thrown [t:\workspace\open\src\hotspot\share\prims\jni.cpp, line 579]
Event: 2.133 Thread 0x00000153e4deb4e0 Exception <a 'java/io/FileNotFoundException'{0x000000071892dc88}> (0x000000071892dc88) 
thrown [t:\workspace\open\src\hotspot\share\prims\jni.cpp, line 579]
Event: 3.386 Thread 0x00000153e4deb4e0 Exception <a 'java/io/FileNotFoundException'{0x000000071960fee0}> (0x000000071960fee0) 
thrown [t:\workspace\open\src\hotspot\share\prims\jni.cpp, line 579]
Event: 28.986 Thread 0x00000153e4deb4e0 Exception <a 'java/io/FileNotFoundException'{0x00000007190dc070}> (0x00000007190dc070) 
thrown [t:\workspace\open\src\hotspot\share\prims\jni.cpp, line 579]

Events (20 events):
Event: 43.088 Executing  VM operation: G1TryInitiateConcMark
Event: 43.089 Executing  VM operation: G1TryInitiateConcMark done
Event: 43.308 Executing  VM operation: G1TryInitiateConcMark
Event: 43.309 Executing  VM operation: G1TryInitiateConcMark done
Event: 43.939 Executing  VM operation: G1TryInitiateConcMark
Event: 43.941 Executing  VM operation: G1TryInitiateConcMark done
Event: 44.157 Executing  VM operation: G1TryInitiateConcMark
Event: 44.159 Executing  VM operation: G1TryInitiateConcMark done
Event: 44.741 Executing  VM operation: G1TryInitiateConcMark
Event: 44.743 Executing  VM operation: G1TryInitiateConcMark done
Event: 44.963 Executing  VM operation: G1TryInitiateConcMark
Event: 44.964 Executing  VM operation: G1TryInitiateConcMark done
Event: 45.545 Executing  VM operation: G1TryInitiateConcMark
Event: 45.547 Executing  VM operation: G1TryInitiateConcMark done
Event: 45.760 Executing  VM operation: G1TryInitiateConcMark
Event: 45.762 Executing  VM operation: G1TryInitiateConcMark done
Event: 46.343 Executing  VM operation: G1TryInitiateConcMark
Event: 46.344 Executing  VM operation: G1TryInitiateConcMark done
Event: 46.568 Executing  VM operation: G1TryInitiateConcMark
Event: 46.569 Executing  VM operation: G1TryInitiateConcMark done


Dynamic libraries:
0x00007ff6cbbc0000 - 0x00007ff6cbbd0000 	C:\Program Files\Java\jdk-16.0.1\bin\java.exe
0x00007ffa0dc80000 - 0x00007ffa0de8f000 	C:\WINDOWS\SYSTEM32\ntdll.dll
0x00007ffa0bae0000 - 0x00007ffa0bb9d000 	C:\WINDOWS\System32\KERNEL32.DLL
0x00007ffa0b520000 - 0x00007ffa0b8ae000 	C:\WINDOWS\System32\KERNELBASE.dll
0x00007ffa0b2e0000 - 0x00007ffa0b3f1000 	C:\WINDOWS\System32\ucrtbase.dll
0x00007ffa02c70000 - 0x00007ffa02c89000 	C:\Program Files\Java\jdk-16.0.1\bin\VCRUNTIME140.dll
0x00007ff9dfc50000 - 0x00007ff9dfc68000 	C:\Program Files\Java\jdk-16.0.1\bin\jli.dll
0x00007ffa0d680000 - 0x00007ffa0d72e000 	C:\WINDOWS\System32\ADVAPI32.dll
0x00007ffa0c490000 - 0x00007ffa0c534000 	C:\WINDOWS\System32\msvcrt.dll
0x00007ffa0c740000 - 0x00007ffa0c7e2000 	C:\WINDOWS\System32\sechost.dll
0x00007ffa0c800000 - 0x00007ffa0c91f000 	C:\WINDOWS\System32\RPCRT4.dll
0x00007ffa0c260000 - 0x00007ffa0c40a000 	C:\WINDOWS\System32\USER32.dll
0x00007ff9f2410000 - 0x00007ff9f26b1000 	C:\WINDOWS\WinSxS\amd64_microsoft.windows.common-controls_6595b64144ccf1df_6.0.22523.1000_none_26388f37a89e74b7\COMCTL32.dll
0x00007ffa0d790000 - 0x00007ffa0d7b9000 	C:\WINDOWS\System32\GDI32.dll
0x00007ffa0bab0000 - 0x00007ffa0bad6000 	C:\WINDOWS\System32\win32u.dll
0x00007ffa0b400000 - 0x00007ffa0b517000 	C:\WINDOWS\System32\gdi32full.dll
0x00007ffa0b8b0000 - 0x00007ffa0b94a000 	C:\WINDOWS\System32\msvcp_win.dll
0x00007ffa03070000 - 0x00007ffa0307a000 	C:\WINDOWS\SYSTEM32\VERSION.dll
0x00007ffa0ce80000 - 0x00007ffa0ceb1000 	C:\WINDOWS\System32\IMM32.DLL
0x00007ffa08210000 - 0x00007ffa0821c000 	C:\Program Files\Java\jdk-16.0.1\bin\vcruntime140_1.dll
0x00007ff9be920000 - 0x00007ff9be9b1000 	C:\Program Files\Java\jdk-16.0.1\bin\msvcp140.dll
0x00007ff949d50000 - 0x00007ff94a8fb000 	C:\Program Files\Java\jdk-16.0.1\bin\server\jvm.dll
0x00007ffa0cc70000 - 0x00007ffa0cc78000 	C:\WINDOWS\System32\PSAPI.DLL
0x00007ffa03ea0000 - 0x00007ffa03ed4000 	C:\WINDOWS\SYSTEM32\WINMM.dll
0x00007ffa06780000 - 0x00007ffa06789000 	C:\WINDOWS\SYSTEM32\WSOCK32.dll
0x00007ffa0c410000 - 0x00007ffa0c481000 	C:\WINDOWS\System32\WS2_32.dll
0x00007ffa0a1a0000 - 0x00007ffa0a1b8000 	C:\WINDOWS\SYSTEM32\kernel.appcore.dll
0x00007ffa067a0000 - 0x00007ffa067aa000 	C:\Program Files\Java\jdk-16.0.1\bin\jimage.dll
0x00007ff9fb790000 - 0x00007ff9fb9b6000 	C:\WINDOWS\SYSTEM32\DBGHELP.DLL
0x00007ffa0bd40000 - 0x00007ffa0c0bc000 	C:\WINDOWS\System32\combase.dll
0x00007ffa0ca00000 - 0x00007ffa0cad7000 	C:\WINDOWS\System32\OLEAUT32.dll
0x00007ff9f3010000 - 0x00007ff9f3041000 	C:\WINDOWS\SYSTEM32\dbgcore.DLL
0x00007ffa0b140000 - 0x00007ffa0b1bb000 	C:\WINDOWS\System32\bcryptPrimitives.dll
0x00007ff9fc620000 - 0x00007ff9fc62e000 	C:\Program Files\Java\jdk-16.0.1\bin\instrument.dll
0x00007ff9dfc20000 - 0x00007ff9dfc45000 	C:\Program Files\Java\jdk-16.0.1\bin\java.dll
0x00007ffa0cec0000 - 0x00007ffa0d678000 	C:\WINDOWS\System32\SHELL32.dll
0x00007ffa091d0000 - 0x00007ffa09a26000 	C:\WINDOWS\SYSTEM32\windows.storage.dll
0x00007ffa09090000 - 0x00007ffa091cc000 	C:\WINDOWS\SYSTEM32\wintypes.dll
0x00007ffa0cb70000 - 0x00007ffa0cc61000 	C:\WINDOWS\System32\SHCORE.dll
0x00007ffa0cc80000 - 0x00007ffa0ccdb000 	C:\WINDOWS\System32\shlwapi.dll
0x00007ffa0b070000 - 0x00007ffa0b091000 	C:\WINDOWS\SYSTEM32\profapi.dll
0x00007ff9dd070000 - 0x00007ff9dd088000 	C:\Program Files\Java\jdk-16.0.1\bin\zip.dll
0x00007ff9dd100000 - 0x00007ff9dd119000 	C:\Program Files\Java\jdk-16.0.1\bin\net.dll
0x00007ffa03640000 - 0x00007ffa03752000 	C:\WINDOWS\SYSTEM32\WINHTTP.dll
0x00007ffa0a620000 - 0x00007ffa0a689000 	C:\WINDOWS\system32\mswsock.dll
0x00007ff9dd0e0000 - 0x00007ff9dd0f3000 	C:\Program Files\Java\jdk-16.0.1\bin\nio.dll
0x00007ff9da560000 - 0x00007ff9da57a000 	C:\Program Files\JetBrains\IntelliJ IDEA Community Edition 2021.2.1\bin\breakgen64.dll
0x00007ff9584f0000 - 0x00007ff958670000 	C:\Program Files\Java\jdk-16.0.1\bin\awt.dll
0x00007ffa08280000 - 0x00007ffa08313000 	C:\WINDOWS\SYSTEM32\apphelp.dll
0x00007ffa08660000 - 0x00007ffa0868b000 	C:\WINDOWS\system32\DWMAPI.DLL
0x00007ffa083d0000 - 0x00007ffa0847b000 	C:\WINDOWS\system32\uxtheme.dll
0x00007ff9a34f0000 - 0x00007ff9a35f2000 	C:\WINDOWS\system32\opengl32.dll
0x00007ff9a3410000 - 0x00007ff9a343d000 	C:\WINDOWS\SYSTEM32\GLU32.dll
0x00007ffa084e0000 - 0x00007ffa08518000 	C:\WINDOWS\SYSTEM32\dxcore.dll
0x00007ffa0c0c0000 - 0x00007ffa0c1de000 	C:\WINDOWS\System32\MSCTF.dll
0x00007ffa0cce0000 - 0x00007ffa0ce79000 	C:\WINDOWS\System32\ole32.dll
0x00007ff9f8e40000 - 0x00007ff9f8fe7000 	C:\WINDOWS\system32\d3d9.dll
0x00007ff9f69a0000 - 0x00007ff9f6aa7000 	C:\WINDOWS\System32\DriverStore\FileRepository\nvhmig.inf_amd64_c6685fe79c60e4b1\nvldumdx.dll
0x00007ffa0a970000 - 0x00007ffa0a982000 	C:\WINDOWS\SYSTEM32\msasn1.dll
0x00007ff9fea10000 - 0x00007ff9fea41000 	C:\WINDOWS\SYSTEM32\cryptnet.dll
0x00007ffa0b950000 - 0x00007ffa0baac000 	C:\WINDOWS\System32\CRYPT32.dll
0x00007ff9fc3d0000 - 0x00007ff9fc526000 	C:\WINDOWS\SYSTEM32\drvstore.dll
0x00007ffa0ad60000 - 0x00007ffa0ad8c000 	C:\WINDOWS\SYSTEM32\devobj.dll
0x00007ffa0ad10000 - 0x00007ffa0ad5d000 	C:\WINDOWS\SYSTEM32\cfgmgr32.dll
0x00007ffa0a920000 - 0x00007ffa0a961000 	C:\WINDOWS\SYSTEM32\wldp.dll
0x00007ffa0a870000 - 0x00007ffa0a87c000 	C:\WINDOWS\SYSTEM32\cryptbase.dll
0x00007ffa0b280000 - 0x00007ffa0b2e0000 	C:\WINDOWS\System32\WINTRUST.DLL
0x00007ffa0c700000 - 0x00007ffa0c71f000 	C:\WINDOWS\System32\imagehlp.dll
0x00007ffa0a880000 - 0x00007ffa0a898000 	C:\WINDOWS\SYSTEM32\CRYPTSP.dll
0x00007ffa0a100000 - 0x00007ffa0a135000 	C:\WINDOWS\system32\rsaenh.dll
0x00007ffa0aa00000 - 0x00007ffa0aa28000 	C:\WINDOWS\SYSTEM32\bcrypt.dll
0x00007ff9ba1e0000 - 0x00007ff9bb968000 	C:\WINDOWS\System32\DriverStore\FileRepository\nvhmig.inf_amd64_c6685fe79c60e4b1\nvd3dumx.dll
0x00007ff9fabb0000 - 0x00007ff9fabf4000 	C:\WINDOWS\SYSTEM32\directxdatabasehelper.dll
0x00007ff9e6f60000 - 0x00007ff9e7118000 	C:\WINDOWS\System32\DriverStore\FileRepository\u0372545.inf_amd64_56d459236871c3f2\B372333\aticfx64.dll
0x00007ff9d1e30000 - 0x00007ff9d1e64000 	C:\WINDOWS\System32\DriverStore\FileRepository\u0372545.inf_amd64_56d459236871c3f2\B372333\atiu9p64.dll
0x00007ff9b93f0000 - 0x00007ff9ba144000 	C:\WINDOWS\System32\DriverStore\FileRepository\u0372545.inf_amd64_56d459236871c3f2\B372333\atiumd64.dll
0x00000000759d0000 - 0x0000000076845000 	C:\WINDOWS\System32\DriverStore\FileRepository\u0372545.inf_amd64_56d459236871c3f2\B372333\atiumd6a.dll
0x00007ffa0d7c0000 - 0x00007ffa0dc33000 	C:\WINDOWS\System32\SETUPAPI.dll
0x00007ffa0b010000 - 0x00007ffa0b05d000 	C:\WINDOWS\SYSTEM32\POWRPROF.dll
0x00007ffa0aff0000 - 0x00007ffa0b003000 	C:\WINDOWS\SYSTEM32\UMPDC.dll
0x00007ff9e6a00000 - 0x00007ff9e6a30000 	C:\WINDOWS\SYSTEM32\amdihk64.dll
0x00007ff9b8870000 - 0x00007ff9b8b37000 	C:\WINDOWS\system32\nvspcap64.dll
0x00007ffa0a1c0000 - 0x00007ffa0a1f4000 	C:\WINDOWS\SYSTEM32\ntmarta.dll
0x00007ffa0a6b0000 - 0x00007ffa0a6d6000 	C:\WINDOWS\SYSTEM32\gpapi.dll
0x00007ff9b6c30000 - 0x00007ff9b6cb9000 	C:\Program Files\Java\jdk-16.0.1\bin\freetype.dll
0x00007ff973300000 - 0x00007ff9733f6000 	C:\Program Files\Java\jdk-16.0.1\bin\harfbuzz.dll
0x00007ff9d67f0000 - 0x00007ff9d6802000 	C:\Program Files\Java\jdk-16.0.1\bin\fontmanager.dll
0x00007ff9f4f20000 - 0x00007ff9f504b000 	C:\WINDOWS\SYSTEM32\textinputframework.dll
0x00007ffa07ff0000 - 0x00007ffa0811e000 	C:\WINDOWS\SYSTEM32\CoreMessaging.dll
0x00007ff9f9e50000 - 0x00007ff9fa1bb000 	C:\WINDOWS\SYSTEM32\CoreUIComponents.dll
0x00007ffa0a720000 - 0x00007ffa0a749000 	C:\WINDOWS\SYSTEM32\USERENV.dll
0x00007ffa09c80000 - 0x00007ffa09cad000 	C:\WINDOWS\SYSTEM32\IPHLPAPI.DLL
0x00007ffa0c730000 - 0x00007ffa0c739000 	C:\WINDOWS\System32\NSI.dll
0x00007ffa03530000 - 0x00007ffa03549000 	C:\WINDOWS\SYSTEM32\dhcpcsvc6.DLL
0x00007ffa03510000 - 0x00007ffa0352e000 	C:\WINDOWS\SYSTEM32\dhcpcsvc.DLL
0x00007ffa09cb0000 - 0x00007ffa09da8000 	C:\WINDOWS\SYSTEM32\DNSAPI.dll
0x00007ff9d2060000 - 0x00007ff9d207f000 	C:\Users\JNNGL\IdeaProjects\TotalComputers\native.dll
0x00007ff95e5a0000 - 0x00007ff95e6d0000 	C:\Users\JNNGL\IdeaProjects\TotalComputers\rootfs\test\usr\Applications\Web Browser.app\chrome_elf.dll
0x00007ff949890000 - 0x00007ff949d42000 	C:\Users\JNNGL\IdeaProjects\TotalComputers\rootfs\test\usr\Applications\Web Browser.app\d3dcompiler_47.dll
0x00007ff92ead0000 - 0x00007ff9388af000 	C:\Users\JNNGL\IdeaProjects\TotalComputers\rootfs\test\usr\Applications\Web Browser.app\libcef.dll
0x00007ffa0c920000 - 0x00007ffa0c9f6000 	C:\WINDOWS\System32\COMDLG32.dll
0x00007ffa08530000 - 0x00007ffa08625000 	C:\WINDOWS\SYSTEM32\dxgi.dll
0x00007ff9d5020000 - 0x00007ff9d545c000 	C:\WINDOWS\SYSTEM32\UIAutomationCore.DLL
0x00007ffa06200000 - 0x00007ffa062fe000 	C:\WINDOWS\SYSTEM32\PROPSYS.dll
0x00007ff9f7780000 - 0x00007ff9f77e9000 	C:\WINDOWS\SYSTEM32\OLEACC.dll
0x00007ff9ed140000 - 0x00007ff9ed14c000 	C:\WINDOWS\SYSTEM32\Secur32.dll
0x00007ff9fc530000 - 0x00007ff9fc548000 	C:\WINDOWS\SYSTEM32\NETAPI32.dll
0x00007ffa04110000 - 0x00007ffa04124000 	C:\WINDOWS\SYSTEM32\WTSAPI32.dll
0x00007ffa075d0000 - 0x00007ffa07836000 	C:\WINDOWS\SYSTEM32\DWrite.dll
0x00007ffa09a30000 - 0x00007ffa09a3e000 	C:\WINDOWS\SYSTEM32\HID.DLL
0x00007ffa0a9d0000 - 0x00007ffa0a9f9000 	C:\WINDOWS\SYSTEM32\ncrypt.dll
0x00007ff9e5940000 - 0x00007ff9e5959000 	C:\WINDOWS\SYSTEM32\USP10.dll
0x00007ff9fc7e0000 - 0x00007ff9fc805000 	C:\WINDOWS\SYSTEM32\dxva2.dll
0x00007ff9f76e0000 - 0x00007ff9f7779000 	C:\WINDOWS\SYSTEM32\WINSPOOL.DRV
0x00007ff9e6c50000 - 0x00007ff9e6cab000 	C:\WINDOWS\SYSTEM32\CRYPTUI.dll
0x00007ff9f8c50000 - 0x00007ff9f8e3d000 	C:\WINDOWS\SYSTEM32\urlmon.dll
0x00007ff9e5580000 - 0x00007ff9e5592000 	C:\WINDOWS\SYSTEM32\credui.dll
0x00007ffa03300000 - 0x00007ffa03355000 	C:\WINDOWS\SYSTEM32\wevtapi.dll
0x00007ff9f2ae0000 - 0x00007ff9f2fd5000 	C:\WINDOWS\SYSTEM32\WININET.dll
0x00007ffa017a0000 - 0x00007ffa01b68000 	C:\WINDOWS\SYSTEM32\ESENT.dll
0x00007ffa09c70000 - 0x00007ffa09c7c000 	C:\WINDOWS\SYSTEM32\netutils.dll
0x00007ff9e46a0000 - 0x00007ff9e494d000 	C:\WINDOWS\SYSTEM32\iertutil.dll
0x00007ff9e4950000 - 0x00007ff9e4978000 	C:\WINDOWS\SYSTEM32\srvcli.dll
0x00007ffa0a410000 - 0x00007ffa0a451000 	C:\WINDOWS\SYSTEM32\SSPICLI.DLL
0x00007ffa06500000 - 0x00007ffa0650a000 	C:\WINDOWS\SYSTEM32\DSROLE.DLL
0x00007ffa032e0000 - 0x00007ffa032f7000 	C:\WINDOWS\SYSTEM32\WKSCLI.DLL
0x00007ff9fd240000 - 0x00007ff9fd259000 	C:\WINDOWS\SYSTEM32\SAMCLI.DLL
0x00007ffa0a990000 - 0x00007ffa0a9c7000 	C:\WINDOWS\SYSTEM32\NTASN1.dll

dbghelp: loaded successfully - version: 4.0.5 - missing functions: none
symbol engine: initialized successfully - sym options: 0x614 - pdb path: .;C:\Program Files\Java\jdk-16.0.1\bin;C:\WINDOWS\SYSTEM32;C:\WINDOWS\WinSxS\amd64_microsoft.windows.common-controls_6595b64144ccf1df_6.0.22523.1000_none_26388f37a89e74b7;C:\Program Files\Java\jdk-16.0.1\bin\server;C:\Program Files\JetBrains\IntelliJ IDEA Community Edition 2021.2.1\bin;C:\WINDOWS\System32\DriverStore\FileRepository\nvhmig.inf_amd64_c6685fe79c60e4b1;C:\WINDOWS\System32\DriverStore\FileRepository\u0372545.inf_amd64_56d459236871c3f2\B372333;C:\Users\JNNGL\IdeaProjects\TotalComputers;C:\Users\JNNGL\IdeaProjects\TotalComputers\rootfs\test\usr\Applications\Web Browser.app;C:\Users\JNNGL\IdeaProjects\TotalComputers\rootfs\test\usr\Applications\Web Browser.app\swiftshader

VM Arguments:
jvm_args: -Djava.library.path=C:\Users\JNNGL\IdeaProjects\TotalComputers;C:\Users\JNNGL\IdeaProjects\TotalComputers\win64 -javaagent:C:\Program Files\JetBrains\IntelliJ IDEA Community Edition 2021.2.1\lib\idea_rt.jar=63926:C:\Program Files\JetBrains\IntelliJ IDEA Community Edition 2021.2.1\bin -Dfile.encoding=UTF-8 
java_command: com.jnngl.totalcomputers.system.TotalOS$Test
java_class_path (initial): C:\Users\JNNGL\IdeaProjects\TotalComputers\out\production\TotalComputers;C:\Users\JNNGL\Desktop\server\craftbukkit-1.12.2.jar;C:\Users\JNNGL\IdeaProjects\TotalComputers\lwjgl\joml-1.10.3.jar;C:\Users\JNNGL\IdeaProjects\TotalComputers\lwjgl\lwjgl-glfw-natives-linux-arm32.jar;C:\Users\JNNGL\IdeaProjects\TotalComputers\lwjgl\lwjgl-glfw-natives-linux-arm64.jar;C:\Users\JNNGL\IdeaProjects\TotalComputers\lwjgl\lwjgl-glfw-natives-linux.jar;C:\Users\JNNGL\IdeaProjects\TotalComputers\lwjgl\lwjgl-glfw-natives-macos-arm64.jar;C:\Users\JNNGL\IdeaProjects\TotalComputers\lwjgl\lwjgl-glfw-natives-macos.jar;C:\Users\JNNGL\IdeaProjects\TotalComputers\lwjgl\lwjgl-glfw-natives-windows-arm64.jar;C:\Users\JNNGL\IdeaProjects\TotalComputers\lwjgl\lwjgl-glfw-natives-windows-x86.jar;C:\Users\JNNGL\IdeaProjects\TotalComputers\lwjgl\lwjgl-glfw-natives-windows.jar;C:\Users\JNNGL\IdeaProjects\TotalComputers\lwjgl\lwjgl-glfw.jar;C:\Users\JNNGL\IdeaProjects\TotalComputers\lwjgl\lwjgl-natives-linux-arm32.jar;C:\Users\JNNGL\IdeaProjects\TotalComputers\lwjgl\lwjgl-natives-linux-arm64.jar;C:\Users\JNNGL\IdeaProjects\TotalComputers\lwjgl\lwjgl-natives-linux.jar;C:\Users\JNNGL\IdeaProjects\TotalComputers\lwjgl\lwjgl-natives-macos-arm64.jar;C:\Users\JNNGL\IdeaProjects\TotalComputers\lwjgl\lwjgl-natives-macos.jar;C:\Users\JNNGL\IdeaProjects\TotalComputers\lwjgl\lwjgl-natives-windows-arm64.jar;C:\Users\JNNGL\IdeaProjects\TotalComputers\lwjgl\lwjgl-natives-windows-x86.jar;C:\Users\JNNGL\IdeaProjects\TotalComputers\lwjgl\lwjgl-natives-windows.jar;C:\Users\JNNGL\IdeaProjects\TotalComputers\lwjgl\lwjgl-opengl-natives-linux-arm32.jar;C:\Users\JNNGL\IdeaProjects\TotalComputers\lwjgl\lwjgl-opengl-natives-linux-arm64.jar;C:\Users\JNNGL\IdeaProjects\TotalComputers\lwjgl\lwjgl-opengl-natives-linux.jar;C:\Users\JNNGL\IdeaProjects\TotalComputers\lwjgl\lwjgl-opengl-natives-macos-arm64.jar;C:\Users\JNNGL\IdeaProjects\TotalComputers\lwjgl\lwjgl-opengl-natives-macos.jar;C:\Users\JNNGL\IdeaPro
Launcher Type: SUN_STANDARD

[Global flags]
     intx CICompilerCount                          = 12                                        {product} {ergonomic}
     uint ConcGCThreads                            = 3                                         {product} {ergonomic}
     uint G1ConcRefinementThreads                  = 13                                        {product} {ergonomic}
   size_t G1HeapRegionSize                         = 2097152                                   {product} {ergonomic}
    uintx GCDrainStackTargetSize                   = 64                                        {product} {ergonomic}
   size_t InitialHeapSize                          = 257949696                                 {product} {ergonomic}
   size_t MarkStackSize                            = 4194304                                   {product} {ergonomic}
   size_t MaxHeapSize                              = 4125097984                                {product} {ergonomic}
   size_t MaxNewSize                               = 2474639360                                {product} {ergonomic}
   size_t MinHeapDeltaBytes                        = 2097152                                   {product} {ergonomic}
   size_t MinHeapSize                              = 8388608                                   {product} {ergonomic}
    uintx NonNMethodCodeHeapSize                   = 7602480                                {pd product} {ergonomic}
    uintx NonProfiledCodeHeapSize                  = 122027880                              {pd product} {ergonomic}
    uintx ProfiledCodeHeapSize                     = 122027880                              {pd product} {ergonomic}
    uintx ReservedCodeCacheSize                    = 251658240                              {pd product} {ergonomic}
     bool SegmentedCodeCache                       = true                                      {product} {ergonomic}
   size_t SoftMaxHeapSize                          = 4125097984                             {manageable} {ergonomic}
     bool UseCompressedClassPointers               = true                           {product lp64_product} {ergonomic}
     bool UseCompressedOops                        = true                           {product lp64_product} {ergonomic}
     bool UseG1GC                                  = true                                      {product} {ergonomic}
     bool UseLargePagesIndividualAllocation        = false                                  {pd product} {ergonomic}

Logging:
Log output configuration:
 #0: stdout all=warning uptime,level,tags
 #1: stderr all=off uptime,level,tags

Environment Variables:
PATH=C:\Program Files\NVIDIA GPU Computing Toolkit\CUDA\v11.5\bin;C:\Program Files\ImageMagick-7.1.0-Q16-HDRI;C:\Program Files (x86)\VMware\VMware Player\bin\;C:\VulkanSDK\1.2.176.1\Bin;C:\Program Files\NVIDIA GPU Computing Toolkit\CUDA\v11.3\bin;C:\Program Files\NVIDIA GPU Computing Toolkit\CUDA\v11.3\libnvvp;C:\Program Files\Common Files\Oracle\Java\javapath;C:\windows\system32;C:\windows;C:\windows\System32\Wbem;C:\windows\System32\WindowsPowerShell\v1.0\;C:\windows\System32\OpenSSH\;C:\Program Files (x86)\NVIDIA Corporation\PhysX\Common;C:\Program Files\NVIDIA Corporation\NVIDIA NvDLISR;C:\Program Files\Git\cmd;C:\Program Files (x86)\Microsoft Visual Studio\2019\Community\VC\Tools\MSVC\14.28.29910\bin\Hostx64\x64;C:\Program Files\mingw-w64\x86_64-8.1.0-posix-seh-rt_v6-rev0\mingw64\bin;C:\WINDOWS\system32;C:\WINDOWS;C:\WINDOWS\System32\Wbem;C:\WINDOWS\System32\WindowsPowerShell\v1.0\;C:\WINDOWS\System32\OpenSSH\;C:\Program Files\NVIDIA Corporation\Nsight Compute 2021.3.1\;C:\Program Files\dotnet\;%SystemRoot%\system32;%SystemRoot%;%SystemRoot%\System32\Wbem;%SYSTEMROOT%\System32\WindowsPowerShell\v1.0\;%SYSTEMROOT%\System32\OpenSSH\;C:\Users\JNNGL\AppData\Local\Microsoft\WindowsApps;C:\Program Files\CMake\bin;C:\Users\JNNGL\AppData\Local\Programs\Microsoft VS Code\bin;C:\Gradle\gradle-7.0.2\bin;C:\Users\JNNGL\AppData\Local\GitHubDesktop\bin;C:\Program Files (x86)\Microsoft Visual Studio\2019\Community\VC\Tools\MSVC\14.28.29910\bin\Hostx64\x64;C:\Program Files\mingw-w64\x86_64-8.1.0-posix-seh-rt_v6-rev0\mingw64\bin;C:\Users\JNNGL\.dotnet\tools;C:\Program Files\qemu;
USERNAME=JNNGL
OS=Windows_NT
PROCESSOR_IDENTIFIER=AMD64 Family 23 Model 96 Stepping 1, AuthenticAMD



---------------  S Y S T E M  ---------------

OS:
 Windows 10 , 64 bit Build 22523 (10.0.22523.1000)
OS uptime: 1 days 22:47 hours

CPU: total 16 (initial active 16) (16 cores per cpu, 2 threads per core) family 23 model 96 stepping 1 microcode 0x0, cx8, cmov, fxsr, ht, mmx, 3dnowpref, sse, sse2, sse3, ssse3, sse4a, sse4.1, sse4.2, popcnt, lzcnt, tsc, tscinvbit, avx, avx2, aes, clmul, bmi1, bmi2, adx, sha, fma, vzeroupper, clflush, clflushopt

Memory: 4k page, system-wide physical 15731M (4139M free)
TotalPageFile size 26718M (AvailPageFile size 3894M)
current process WorkingSet (physical memory assigned to process): 259M, peak: 299M
current process commit charge ("private bytes"): 439M, peak: 482M

vm_info: Java HotSpot(TM) 64-Bit Server VM (16.0.1+9-24) for windows-amd64 JRE (16.0.1+9-24), built on Mar 26 2021 19:31:42 by "mach5one" with MS VC++ 16.7 (VS2019)

END.
