#
# A fatal error has been detected by the Java Runtime Environment:
#
#  EXCEPTION_ACCESS_VIOLATION (0xc0000005) at pc=0x00007ff949d5c700, pid=10888, tid=800
#
# JRE version: Java(TM) SE Runtime Environment (16.0.1+9) (build 16.0.1+9-24)
# Java VM: Java HotSpot(TM) 64-Bit Server VM (16.0.1+9-24, mixed mode, sharing, tiered, compressed oops, compressed class ptrs, g1 gc, windows-amd64)
# Problematic frame:
# V  [jvm.dll+0xc700]
#
# No core dump will be written. Minidumps are not enabled by default on client versions of Windows
#
# If you would like to submit a bug report, please visit:
#   https://bugreport.java.com/bugreport/crash.jsp
#

---------------  S U M M A R Y ------------

Command Line: -Djava.library.path=C:\Users\JNNGL\IdeaProjects\TotalComputers;C:\Users\JNNGL\IdeaProjects\TotalComputers\win64 -javaagent:C:\Program Files\JetBrains\IntelliJ IDEA Community Edition 2021.2.1\lib\idea_rt.jar=53743:C:\Program Files\JetBrains\IntelliJ IDEA Community Edition 2021.2.1\bin -Dfile.encoding=UTF-8 com.jnngl.totalcomputers.system.TotalOS$Test

Host: AMD Ryzen 7 4800H with Radeon Graphics         , 16 cores, 15G,  Windows 10 , 64 bit Build 22523 (10.0.22523.1000)
Time: Sun Feb 27 15:03:04 2022  Windows 10 , 64 bit Build 22523 (10.0.22523.1000) elapsed time: 8.889309 seconds (0d 0h 0m 8s)

---------------  T H R E A D  ---------------

Current thread (0x0000015bd25e6760):  JavaThread "AWT-EventQueue-0" [_thread_in_vm, id=800, stack(0x0000004947000000,0x0000004947100000)]

Stack: [0x0000004947000000,0x0000004947100000],  sp=0x00000049470fce98,  free space=1011k
Native frames: (J=compiled Java code, j=interpreted, Vv=VM code, C=native code)
V  [jvm.dll+0xc700]

Java frames: (J=compiled Java code, j=interpreted, Vv=VM code)
j  com.jnngl.system.NativeWindowApplication._Render(Ljava/awt/Graphics2D;)V+0
j  com.jnngl.system.NativeWindowApplication.ExtRender(Ljava/awt/Graphics2D;)V+2
j  com.jnngl.system.NativeWindowApplication.render(Ljava/awt/Graphics2D;)V+2
j  com.jnngl.totalcomputers.system.desktop.WindowApplication.renderCanvas()V+10
v  ~StubRoutines::call_stub
j  com.jnngl.system.NativeWindowApplication._Update()V+0
j  com.jnngl.system.NativeWindowApplication.ExtUpdate()V+1
j  com.jnngl.system.NativeWindowApplication.update()V+1
j  com.jnngl.totalcomputers.system.states.Desktop.update()V+30
j  com.jnngl.totalcomputers.system.states.StateManager.update()V+11
j  com.jnngl.totalcomputers.system.TotalOS.renderFrame()V+4
j  com.jnngl.totalcomputers.system.TotalOS$Test.paint(Ljava/awt/Graphics;)V+4
J 1914 c1 javax.swing.JComponent.paintChildren(Ljava/awt/Graphics;)V java.desktop@16.0.1 (691 bytes) @ 0x0000015baf422634 [0x0000015baf41ef00+0x0000000000003734]
J 1907 c1 javax.swing.JComponent.paint(Ljava/awt/Graphics;)V java.desktop@16.0.1 (409 bytes) @ 0x0000015baf41cacc [0x0000015baf41ae40+0x0000000000001c8c]
J 1914 c1 javax.swing.JComponent.paintChildren(Ljava/awt/Graphics;)V java.desktop@16.0.1 (691 bytes) @ 0x0000015baf422634 [0x0000015baf41ef00+0x0000000000003734]
J 1907 c1 javax.swing.JComponent.paint(Ljava/awt/Graphics;)V java.desktop@16.0.1 (409 bytes) @ 0x0000015baf41cacc [0x0000015baf41ae40+0x0000000000001c8c]
j  javax.swing.JLayeredPane.paint(Ljava/awt/Graphics;)V+73 java.desktop@16.0.1
J 1914 c1 javax.swing.JComponent.paintChildren(Ljava/awt/Graphics;)V java.desktop@16.0.1 (691 bytes) @ 0x0000015baf422634 [0x0000015baf41ef00+0x0000000000003734]
j  javax.swing.JComponent.paintToOffscreen(Ljava/awt/Graphics;IIIIII)V+72 java.desktop@16.0.1
j  javax.swing.RepaintManager$PaintManager.paintDoubleBufferedFPScales(Ljavax/swing/JComponent;Ljava/awt/Image;Ljava/awt/Graphics;IIII)V+320 java.desktop@16.0.1
j  javax.swing.RepaintManager$PaintManager.paintDoubleBuffered(Ljavax/swing/JComponent;Ljava/awt/Image;Ljava/awt/Graphics;IIII)V+28 java.desktop@16.0.1
j  javax.swing.RepaintManager$PaintManager.paint(Ljavax/swing/JComponent;Ljavax/swing/JComponent;Ljava/awt/Graphics;IIII)Z+128 java.desktop@16.0.1
j  javax.swing.RepaintManager.paint(Ljavax/swing/JComponent;Ljavax/swing/JComponent;Ljava/awt/Graphics;IIII)V+52 java.desktop@16.0.1
J 1907 c1 javax.swing.JComponent.paint(Ljava/awt/Graphics;)V java.desktop@16.0.1 (409 bytes) @ 0x0000015baf41cd14 [0x0000015baf41ae40+0x0000000000001ed4]
j  java.awt.GraphicsCallback$PaintCallback.run(Ljava/awt/Component;Ljava/awt/Graphics;)V+2 java.desktop@16.0.1
j  sun.awt.SunGraphicsCallback.runOneComponent(Ljava/awt/Component;Ljava/awt/Rectangle;Ljava/awt/Graphics;Ljava/awt/Shape;I)V+130 java.desktop@16.0.1
j  sun.awt.SunGraphicsCallback.runComponents([Ljava/awt/Component;Ljava/awt/Graphics;I)V+157 java.desktop@16.0.1
j  java.awt.Container.paint(Ljava/awt/Graphics;)V+58 java.desktop@16.0.1
j  java.awt.Window.paint(Ljava/awt/Graphics;)V+68 java.desktop@16.0.1
j  javax.swing.RepaintManager$4.run()Ljava/lang/Void;+142 java.desktop@16.0.1
j  javax.swing.RepaintManager$4.run()Ljava/lang/Object;+1 java.desktop@16.0.1
J 1818 c1 java.security.ProtectionDomain$JavaSecurityAccessImpl.doIntersectionPrivilege(Ljava/security/PrivilegedAction;Ljava/security/AccessControlContext;Ljava/security/AccessControlContext;)Ljava/lang/Object; java.base@16.0.1 (22 bytes) @ 0x0000015baf3e4fd4 [0x0000015baf3e4d40+0x0000000000000294]
j  javax.swing.RepaintManager.paintDirtyRegions(Ljava/util/Map;)V+154 java.desktop@16.0.1
j  javax.swing.RepaintManager.paintDirtyRegions()V+46 java.desktop@16.0.1
j  javax.swing.RepaintManager.prePaintDirtyRegions()V+73 java.desktop@16.0.1
j  javax.swing.RepaintManager$ProcessingRunnable.run()V+37 java.desktop@16.0.1
j  java.awt.event.InvocationEvent.dispatch()V+47 java.desktop@16.0.1
J 2053 c1 java.awt.EventQueue.dispatchEventImpl(Ljava/awt/AWTEvent;Ljava/lang/Object;)V java.desktop@16.0.1 (136 bytes) @ 0x0000015baf468a84 [0x0000015baf466f00+0x0000000000001b84]
J 2052 c1 java.awt.EventQueue$4.run()Ljava/lang/Void; java.desktop@16.0.1 (60 bytes) @ 0x0000015baf4667c4 [0x0000015baf466680+0x0000000000000144]
J 2047 c1 java.awt.EventQueue.dispatchEvent(Ljava/awt/AWTEvent;)V java.desktop@16.0.1 (80 bytes) @ 0x0000015baf469fac [0x0000015baf4699e0+0x00000000000005cc]
J 2056 c1 java.awt.EventDispatchThread.pumpOneEventForFilters(I)V java.desktop@16.0.1 (113 bytes) @ 0x0000015baf46d944 [0x0000015baf46d2a0+0x00000000000006a4]
j  java.awt.EventDispatchThread.pumpEventsForFilter(ILjava/awt/Conditional;Ljava/awt/EventFilter;)V+35 java.desktop@16.0.1
j  java.awt.EventDispatchThread.pumpEventsForHierarchy(ILjava/awt/Conditional;Ljava/awt/Component;)V+11 java.desktop@16.0.1
j  java.awt.EventDispatchThread.pumpEvents(ILjava/awt/Conditional;)V+4 java.desktop@16.0.1
j  java.awt.EventDispatchThread.pumpEvents(Ljava/awt/Conditional;)V+3 java.desktop@16.0.1
j  java.awt.EventDispatchThread.run()V+9 java.desktop@16.0.1
v  ~StubRoutines::call_stub

siginfo: EXCEPTION_ACCESS_VIOLATION (0xc0000005), reading address 0x0000015bd3efd000


Register to memory mapping:

RIP=0x00007ff949d5c700 jvm.dll
RAX=0x0 is NULL
RBX=0x0000015bd25e6760 is a thread
RCX=0x0000015bd3e4bfe0 points into unknown readable memory: 0xffffffffffffffff | ff ff ff ff ff ff ff ff
RDX=0x000000070dab1030 is pointing into object: [I 
{0x000000070da00000} - klass: {type array int}
 - length: 720896
RSP=0x00000049470fce98 is pointing into the stack for thread: 0x0000015bd25e6760
RBP=0x0 is NULL
RSI=0x00000000000b0000 is an unknown value
RDI=0x000000070da00000 is an oop: [I 
{0x000000070da00000} - klass: {type array int}
 - length: 720896
R8 =0x0000000000083bf8 is an unknown value
R9 =0x00000154c644bfd0 is an unknown value
R10=0x00007ff94a7c33d0 jvm.dll
R11=0x00000049470fce70 is pointing into the stack for thread: 0x0000015bd25e6760
R12=0x0 is NULL
R13={method} {0x0000015bd7408170} '_Render' '(Ljava/awt/Graphics2D;)V' in 'com/jnngl/system/NativeWindowApplication'
R14=0x0 is NULL
R15=0x0000000000000010 is an unknown value


Registers:
RAX=0x0000000000000000, RBX=0x0000015bd25e6760, RCX=0x0000015bd3e4bfe0, RDX=0x000000070dab1030
RSP=0x00000049470fce98, RBP=0x0000000000000000, RSI=0x00000000000b0000, RDI=0x000000070da00000
R8 =0x0000000000083bf8, R9 =0x00000154c644bfd0, R10=0x00007ff94a7c33d0, R11=0x00000049470fce70
R12=0x0000000000000000, R13=0x0000015bd7408168, R14=0x0000000000000000, R15=0x0000000000000010
RIP=0x00007ff949d5c700, EFLAGS=0x0000000000010202

Top of Stack: (sp=0x00000049470fce98)
0x00000049470fce98:   00007ff94a12fba3 0000015bd25e6760
0x00000049470fcea8:   0000000000000000 00000000000b0000
0x00000049470fceb8:   00000000000003d8 0000015bd25e6760
0x00000049470fcec8:   0000000000000000 0000015bd25e6760
0x00000049470fced8:   0000000000000000 0000015bd25e6760
0x00000049470fcee8:   00000049470fd0a8 0000015bd3e4bfe0
0x00000049470fcef8:   00007ff95e165a56 0000015bcb6fb5f8
0x00000049470fcf08:   00000049470fd080 00000000000b0000
0x00000049470fcf18:   0000000000000000 0000015bd3e4bfe0
0x00000049470fcf28:   00000049470fd0a8 0000000000000200
0x00000049470fcf38:   00007ff95e133d47 0000000000000160
0x00000049470fcf48:   00000049470fcfb0 00000049470fcfb0
0x00000049470fcf58:   00000049470fd0a0 00000049470fd0a0
0x00000049470fcf68:   00000049470fd0a0 00000049470fd0a0
0x00000049470fcf78:   0000015bd7553568 00000049470fd0a0
0x00000049470fcf88:   00007ff95e134c49 00000049470fcfb0 

Instructions: (pc=0x00007ff949d5c700)
0x00007ff949d5c600:   48 8d 05 e9 b6 81 00 48 83 c4 28 c3 48 8d 05 fd
0x00007ff949d5c610:   b6 81 00 48 83 c4 28 c3 80 3d ea 61 a6 00 00 48
0x00007ff949d5c620:   8d 0d 22 b6 81 00 48 8d 05 3b b6 81 00 48 0f 45
0x00007ff949d5c630:   c1 48 83 c4 28 c3 cc cc cc cc cc cc cc cc cc cc
0x00007ff949d5c640:   48 8d 05 c1 b5 81 00 c3 cc cc cc cc cc cc cc cc
0x00007ff949d5c650:   48 8d 05 91 b7 81 00 c3 cc cc cc cc cc cc cc cc
0x00007ff949d5c660:   48 8d 05 71 b7 81 00 c3 cc cc cc cc cc cc cc cc
0x00007ff949d5c670:   48 8d 05 b9 b5 81 00 c3 cc cc cc cc cc cc cc cc
0x00007ff949d5c680:   48 8b c2 48 8b d1 48 8b c8 e9 5e 91 81 00 cc cc
0x00007ff949d5c690:   4c 8b c9 48 3b ca 76 1b 4d 85 c0 74 45 4c 2b ca
0x00007ff949d5c6a0:   41 0f b7 04 11 66 89 02 48 8d 52 02 49 83 e8 01
0x00007ff949d5c6b0:   75 ee c3 4b 8d 04 00 48 8d 4a fe 48 03 c8 4d 85
0x00007ff949d5c6c0:   c0 74 1f 48 2b c1 4a 8d 14 08 66 0f 1f 44 00 00
0x00007ff949d5c6d0:   0f b7 44 0a fe 66 89 01 48 8d 49 fe 49 83 e8 01
0x00007ff949d5c6e0:   75 ee c3 cc cc cc cc cc cc cc cc cc cc cc cc cc
0x00007ff949d5c6f0:   4c 8b c9 48 3b ca 76 19 4d 85 c0 74 43 4c 2b ca
0x00007ff949d5c700:   41 8b 04 11 89 02 48 8d 52 04 49 83 e8 01 75 f0
0x00007ff949d5c710:   c3 4a 8d 04 85 00 00 00 00 48 8d 4a fc 48 03 c8
0x00007ff949d5c720:   4d 85 c0 74 1b 48 2b c1 4a 8d 14 08 0f 1f 40 00
0x00007ff949d5c730:   8b 44 0a fc 89 01 48 8d 49 fc 49 83 e8 01 75 f0
0x00007ff949d5c740:   c3 cc cc cc cc cc cc cc cc cc cc cc cc cc cc cc
0x00007ff949d5c750:   4c 8b c9 48 3b ca 76 1a 4d 85 c0 74 45 4c 2b ca
0x00007ff949d5c760:   49 8b 04 11 48 89 02 48 8d 52 08 49 83 e8 01 75
0x00007ff949d5c770:   ef c3 4a 8d 04 c5 00 00 00 00 48 8d 4a f8 48 03
0x00007ff949d5c780:   c8 4d 85 c0 74 1c 48 2b c1 4a 8d 14 08 0f 1f 00
0x00007ff949d5c790:   48 8b 44 0a f8 48 89 01 48 8d 49 f8 49 83 e8 01
0x00007ff949d5c7a0:   75 ee c3 cc cc cc cc cc cc cc cc cc cc cc cc cc
0x00007ff949d5c7b0:   e9 bb 39 23 00 cc cc cc cc cc cc cc cc cc cc cc
0x00007ff949d5c7c0:   4c 8b ca 49 83 f8 08 77 53 48 8d 15 30 38 ff ff
0x00007ff949d5c7d0:   42 8b 84 82 30 c8 00 00 48 03 c2 ff e0 48 8b 41
0x00007ff949d5c7e0:   38 49 89 41 38 48 8b 41 30 49 89 41 30 48 8b 41
0x00007ff949d5c7f0:   28 49 89 41 28 48 8b 41 20 49 89 41 20 48 8b 41 


Stack slot to memory mapping:
stack at sp + 0 slots: 0x00007ff94a12fba3 jvm.dll
stack at sp + 1 slots: 0x0000015bd25e6760 is a thread
stack at sp + 2 slots: 0x0 is NULL
stack at sp + 3 slots: 0x00000000000b0000 is an unknown value
stack at sp + 4 slots: 0x00000000000003d8 is an unknown value
stack at sp + 5 slots: 0x0000015bd25e6760 is a thread
stack at sp + 6 slots: 0x0 is NULL
stack at sp + 7 slots: 0x0000015bd25e6760 is a thread


---------------  P R O C E S S  ---------------

Threads class SMR info:
_java_thread_list=0x0000015bd61116f0, length=22, elements={
0x0000015bca3db500, 0x0000015bca3de080, 0x0000015bca3f0650, 0x0000015bca3f3060,
0x0000015bca3f3a60, 0x0000015bca3f4460, 0x0000015bca3f8260, 0x0000015bca3fdae0,
0x0000015bca3fe910, 0x0000015bca3b7de0, 0x0000015bcae12c40, 0x0000015bcae1e220,
0x0000015bcae1eb90, 0x0000015bcb1202f0, 0x0000015bcb120810, 0x0000015bcb2c0450,
0x0000015bcb2c44d0, 0x0000015bcb2ca9a0, 0x0000015bd25e6760, 0x0000015bd26204e0,
0x0000015ba72372b0, 0x0000015bcafb01e0
}

Java Threads: ( => current thread )
  0x0000015bca3db500 JavaThread "Reference Handler" daemon [_thread_blocked, id=10480, stack(0x0000004945000000,0x0000004945100000)]
  0x0000015bca3de080 JavaThread "Finalizer" daemon [_thread_blocked, id=5432, stack(0x0000004945100000,0x0000004945200000)]
  0x0000015bca3f0650 JavaThread "Signal Dispatcher" daemon [_thread_blocked, id=19572, stack(0x0000004945200000,0x0000004945300000)]
  0x0000015bca3f3060 JavaThread "Attach Listener" daemon [_thread_blocked, id=13956, stack(0x0000004945300000,0x0000004945400000)]
  0x0000015bca3f3a60 JavaThread "Service Thread" daemon [_thread_blocked, id=20640, stack(0x0000004945400000,0x0000004945500000)]
  0x0000015bca3f4460 JavaThread "Monitor Deflation Thread" daemon [_thread_blocked, id=32072, stack(0x0000004945500000,0x0000004945600000)]
  0x0000015bca3f8260 JavaThread "C2 CompilerThread0" daemon [_thread_blocked, id=14588, stack(0x0000004945600000,0x0000004945700000)]
  0x0000015bca3fdae0 JavaThread "C1 CompilerThread0" daemon [_thread_blocked, id=31000, stack(0x0000004945700000,0x0000004945800000)]
  0x0000015bca3fe910 JavaThread "Sweeper thread" daemon [_thread_blocked, id=17120, stack(0x0000004945800000,0x0000004945900000)]
  0x0000015bca3b7de0 JavaThread "Common-Cleaner" daemon [_thread_blocked, id=14188, stack(0x0000004945900000,0x0000004945a00000)]
  0x0000015bcae12c40 JavaThread "C1 CompilerThread1" daemon [_thread_blocked, id=20684, stack(0x0000004945a00000,0x0000004945b00000)]
  0x0000015bcae1e220 JavaThread "C1 CompilerThread2" daemon [_thread_blocked, id=24072, stack(0x0000004945b00000,0x0000004945c00000)]
  0x0000015bcae1eb90 JavaThread "C1 CompilerThread3" daemon [_thread_blocked, id=25872, stack(0x0000004945c00000,0x0000004945d00000)]
  0x0000015bcb1202f0 JavaThread "Monitor Ctrl-Break" daemon [_thread_in_native, id=32360, stack(0x0000004945f00000,0x0000004946000000)]
  0x0000015bcb120810 JavaThread "Notification Thread" daemon [_thread_blocked, id=29296, stack(0x0000004946000000,0x0000004946100000)]
  0x0000015bcb2c0450 JavaThread "Java2D Disposer" daemon [_thread_blocked, id=22184, stack(0x0000004946200000,0x0000004946300000)]
  0x0000015bcb2c44d0 JavaThread "AWT-Shutdown" [_thread_blocked, id=11232, stack(0x0000004946300000,0x0000004946400000)]
  0x0000015bcb2ca9a0 JavaThread "AWT-Windows" daemon [_thread_in_native, id=31764, stack(0x0000004946400000,0x0000004946500000)]
=>0x0000015bd25e6760 JavaThread "AWT-EventQueue-0" [_thread_in_vm, id=800, stack(0x0000004947000000,0x0000004947100000)]
  0x0000015bd26204e0 JavaThread "pool-1-thread-1" [_thread_blocked, id=28568, stack(0x0000004947100000,0x0000004947200000)]
  0x0000015ba72372b0 JavaThread "DestroyJavaVM" [_thread_blocked, id=11988, stack(0x0000004944900000,0x0000004944a00000)]
  0x0000015bcafb01e0 JavaThread "D3D Screen Updater" daemon [_thread_blocked, id=22168, stack(0x0000004947200000,0x0000004947300000)]

Other Threads:
  0x0000015bca3d49a0 VMThread "VM Thread" [stack: 0x0000004944f00000,0x0000004945000000] [id=24592]
  0x0000015bcb0ffe30 WatcherThread [stack: 0x0000004946100000,0x0000004946200000] [id=12808]
  0x0000015ba7284f80 GCTaskThread "GC Thread#0" [stack: 0x0000004944a00000,0x0000004944b00000] [id=24664]
  0x0000015bcb59dac0 GCTaskThread "GC Thread#1" [stack: 0x0000004947370000,0x0000004947470000] [id=24116]
  0x0000015bcb59c550 GCTaskThread "GC Thread#2" [stack: 0x0000004947470000,0x0000004947570000] [id=28656]
  0x0000015bd26e45d0 GCTaskThread "GC Thread#3" [stack: 0x0000004947570000,0x0000004947670000] [id=11116]
  0x0000015bd26e70b0 GCTaskThread "GC Thread#4" [stack: 0x0000004947670000,0x0000004947770000] [id=10236]
  0x0000015bd26e5e50 GCTaskThread "GC Thread#5" [stack: 0x0000004947770000,0x0000004947870000] [id=15656]
  0x0000015bd26e5520 GCTaskThread "GC Thread#6" [stack: 0x0000004947870000,0x0000004947970000] [id=24944]
  0x0000015bd26e42c0 GCTaskThread "GC Thread#7" [stack: 0x0000004947970000,0x0000004947a70000] [id=10528]
  0x0000015bd26e73c0 GCTaskThread "GC Thread#8" [stack: 0x0000004947a70000,0x0000004947b70000] [id=26368]
  0x0000015bd26e3fb0 GCTaskThread "GC Thread#9" [stack: 0x0000004947b70000,0x0000004947c70000] [id=17004]
  0x0000015bd26e4bf0 GCTaskThread "GC Thread#10" [stack: 0x0000004947c70000,0x0000004947d70000] [id=24236]
  0x0000015ba515dd50 ConcurrentGCThread "G1 Main Marker" [stack: 0x0000004944b00000,0x0000004944c00000] [id=23976]
  0x0000015ba515e1e0 ConcurrentGCThread "G1 Conc#0" [stack: 0x0000004944c00000,0x0000004944d00000] [id=28884]
  0x0000015ba72fd6e0 ConcurrentGCThread "G1 Refine#0" [stack: 0x0000004944d00000,0x0000004944e00000] [id=14040]
  0x0000015ba72fe060 ConcurrentGCThread "G1 Service" [stack: 0x0000004944e00000,0x0000004944f00000] [id=26160]

Threads with active compile tasks:

VM state: not at safepoint (normal execution)

VM Mutex/Monitor currently owned by a thread: None

Heap address: 0x000000070a200000, size: 3934 MB, Compressed Oops mode: Zero based, Oop shift amount: 3

CDS archive(s) mapped at: [0x0000000800000000-0x0000000800bb0000-0x0000000800bb0000), size 12255232, SharedBaseAddress: 0x0000000800000000, ArchiveRelocationMode: 0.
Compressed class space mapped at: 0x0000000800c00000-0x0000000840c00000, reserved size: 1073741824
Narrow klass base: 0x0000000800000000, Narrow klass shift: 3, Narrow klass range: 0x100000000

GC Precious Log:
 CPUs: 16 total, 16 available
 Memory: 15731M
 Large Page Support: Disabled
 NUMA Support: Disabled
 Compressed Oops: Enabled (Zero based)
 Heap Region Size: 2M
 Heap Min Capacity: 8M
 Heap Initial Capacity: 246M
 Heap Max Capacity: 3934M
 Pre-touch: Disabled
 Parallel Workers: 13
 Concurrent Workers: 3
 Concurrent Refinement Workers: 13
 Periodic GC: Disabled

Heap:
 garbage-first heap   total 303104K, used 106890K [0x000000070a200000, 0x0000000800000000)
  region size 2048K, 4 young (8192K), 2 survivors (4096K)
 Metaspace       used 9740K, committed 9920K, reserved 1064960K
  class space    used 935K, committed 1024K, reserved 1048576K

Heap Regions: E=young(eden), S=young(survivor), O=old, HS=humongous(starts), HC=humongous(continues), CS=collection set, F=free, OA=open archive, CA=closed archive, TAMS=top-at-mark-start (previous, next)
|   0|0x000000070a200000, 0x000000070a400000, 0x000000070a400000|100%|HS|  |TAMS 0x000000070a200000, 0x000000070a400000| Complete 
|   1|0x000000070a400000, 0x000000070a600000, 0x000000070a600000|100%|HC|  |TAMS 0x000000070a400000, 0x000000070a600000| Complete 
|   2|0x000000070a600000, 0x000000070a800000, 0x000000070a800000|100%|HS|  |TAMS 0x000000070a600000, 0x000000070a800000| Complete 
|   3|0x000000070a800000, 0x000000070aa00000, 0x000000070aa00000|100%|HC|  |TAMS 0x000000070a800000, 0x000000070aa00000| Complete 
|   4|0x000000070aa00000, 0x000000070ac00000, 0x000000070ac00000|100%|HS|  |TAMS 0x000000070aa00000, 0x000000070aa00000| Complete 
|   5|0x000000070ac00000, 0x000000070ae00000, 0x000000070ae00000|100%|HC|  |TAMS 0x000000070ac00000, 0x000000070ac00000| Complete 
|   6|0x000000070ae00000, 0x000000070b000000, 0x000000070b000000|100%|HC|  |TAMS 0x000000070ae00000, 0x000000070ae00000| Complete 
|   7|0x000000070b000000, 0x000000070b200000, 0x000000070b200000|100%|HS|  |TAMS 0x000000070b000000, 0x000000070b000000| Complete 
|   8|0x000000070b200000, 0x000000070b400000, 0x000000070b400000|100%|HC|  |TAMS 0x000000070b200000, 0x000000070b200000| Complete 
|   9|0x000000070b400000, 0x000000070b600000, 0x000000070b600000|100%|HC|  |TAMS 0x000000070b400000, 0x000000070b400000| Complete 
|  10|0x000000070b600000, 0x000000070b800000, 0x000000070b800000|100%|HS|  |TAMS 0x000000070b600000, 0x000000070b600000| Complete 
|  11|0x000000070b800000, 0x000000070ba00000, 0x000000070ba00000|100%|HC|  |TAMS 0x000000070b800000, 0x000000070b800000| Complete 
|  12|0x000000070ba00000, 0x000000070bc00000, 0x000000070bc00000|100%|HC|  |TAMS 0x000000070ba00000, 0x000000070ba00000| Complete 
|  13|0x000000070bc00000, 0x000000070be00000, 0x000000070be00000|100%|HS|  |TAMS 0x000000070bc00000, 0x000000070bc00000| Complete 
|  14|0x000000070be00000, 0x000000070c000000, 0x000000070c000000|100%|HC|  |TAMS 0x000000070be00000, 0x000000070be00000| Complete 
|  15|0x000000070c000000, 0x000000070c200000, 0x000000070c200000|100%|HC|  |TAMS 0x000000070c000000, 0x000000070c000000| Complete 
|  16|0x000000070c200000, 0x000000070c400000, 0x000000070c400000|100%|HS|  |TAMS 0x000000070c200000, 0x000000070c200000| Complete 
|  17|0x000000070c400000, 0x000000070c600000, 0x000000070c600000|100%|HC|  |TAMS 0x000000070c400000, 0x000000070c400000| Complete 
|  18|0x000000070c600000, 0x000000070c800000, 0x000000070c800000|100%|HC|  |TAMS 0x000000070c600000, 0x000000070c600000| Complete 
|  19|0x000000070c800000, 0x000000070ca00000, 0x000000070ca00000|100%|HS|  |TAMS 0x000000070c800000, 0x000000070c800000| Complete 
|  20|0x000000070ca00000, 0x000000070cc00000, 0x000000070cc00000|100%|HC|  |TAMS 0x000000070ca00000, 0x000000070ca00000| Complete 
|  21|0x000000070cc00000, 0x000000070ce00000, 0x000000070ce00000|100%|HC|  |TAMS 0x000000070cc00000, 0x000000070cc00000| Complete 
|  22|0x000000070ce00000, 0x000000070d000000, 0x000000070d000000|100%|HS|  |TAMS 0x000000070ce00000, 0x000000070ce00000| Complete 
|  23|0x000000070d000000, 0x000000070d200000, 0x000000070d200000|100%|HC|  |TAMS 0x000000070d000000, 0x000000070d000000| Complete 
|  24|0x000000070d200000, 0x000000070d400000, 0x000000070d400000|100%|HC|  |TAMS 0x000000070d200000, 0x000000070d200000| Complete 
|  25|0x000000070d400000, 0x000000070d600000, 0x000000070d600000|100%|HS|  |TAMS 0x000000070d400000, 0x000000070d400000| Complete 
|  26|0x000000070d600000, 0x000000070d800000, 0x000000070d800000|100%|HC|  |TAMS 0x000000070d600000, 0x000000070d600000| Complete 
|  27|0x000000070d800000, 0x000000070da00000, 0x000000070da00000|100%|HC|  |TAMS 0x000000070d800000, 0x000000070d800000| Complete 
|  28|0x000000070da00000, 0x000000070dc00000, 0x000000070dc00000|100%|HS|  |TAMS 0x000000070da00000, 0x000000070da00000| Complete 
|  29|0x000000070dc00000, 0x000000070de00000, 0x000000070de00000|100%|HC|  |TAMS 0x000000070dc00000, 0x000000070dc00000| Complete 
|  30|0x000000070de00000, 0x000000070de00000, 0x000000070e000000|  0%| F|  |TAMS 0x000000070de00000, 0x000000070de00000| Untracked 
|  31|0x000000070e000000, 0x000000070e200000, 0x000000070e200000|100%|HS|  |TAMS 0x000000070e000000, 0x000000070e200000| Complete 
|  32|0x000000070e200000, 0x000000070e400000, 0x000000070e400000|100%|HS|  |TAMS 0x000000070e200000, 0x000000070e400000| Complete 
|  33|0x000000070e400000, 0x000000070e600000, 0x000000070e600000|100%|HC|  |TAMS 0x000000070e400000, 0x000000070e600000| Complete 
|  34|0x000000070e600000, 0x000000070e600000, 0x000000070e800000|  0%| F|  |TAMS 0x000000070e600000, 0x000000070e600000| Untracked 
|  35|0x000000070e800000, 0x000000070e800000, 0x000000070ea00000|  0%| F|  |TAMS 0x000000070e800000, 0x000000070e800000| Untracked 
|  36|0x000000070ea00000, 0x000000070ea00000, 0x000000070ec00000|  0%| F|  |TAMS 0x000000070ea00000, 0x000000070ea00000| Untracked 
|  37|0x000000070ec00000, 0x000000070ec00000, 0x000000070ee00000|  0%| F|  |TAMS 0x000000070ec00000, 0x000000070ec00000| Untracked 
|  38|0x000000070ee00000, 0x000000070ee00000, 0x000000070f000000|  0%| F|  |TAMS 0x000000070ee00000, 0x000000070ee00000| Untracked 
|  39|0x000000070f000000, 0x000000070f000000, 0x000000070f200000|  0%| F|  |TAMS 0x000000070f000000, 0x000000070f000000| Untracked 
|  40|0x000000070f200000, 0x000000070f200000, 0x000000070f400000|  0%| F|  |TAMS 0x000000070f200000, 0x000000070f200000| Untracked 
|  41|0x000000070f400000, 0x000000070f400000, 0x000000070f600000|  0%| F|  |TAMS 0x000000070f400000, 0x000000070f400000| Untracked 
|  42|0x000000070f600000, 0x000000070f600000, 0x000000070f800000|  0%| F|  |TAMS 0x000000070f600000, 0x000000070f600000| Untracked 
|  43|0x000000070f800000, 0x000000070f800000, 0x000000070fa00000|  0%| F|  |TAMS 0x000000070f800000, 0x000000070f800000| Untracked 
|  44|0x000000070fa00000, 0x000000070fa00000, 0x000000070fc00000|  0%| F|  |TAMS 0x000000070fa00000, 0x000000070fa00000| Untracked 
|  45|0x000000070fc00000, 0x000000070fc00000, 0x000000070fe00000|  0%| F|  |TAMS 0x000000070fc00000, 0x000000070fc00000| Untracked 
|  46|0x000000070fe00000, 0x000000070fe00000, 0x0000000710000000|  0%| F|  |TAMS 0x000000070fe00000, 0x000000070fe00000| Untracked 
|  47|0x0000000710000000, 0x0000000710000000, 0x0000000710200000|  0%| F|  |TAMS 0x0000000710000000, 0x0000000710000000| Untracked 
|  48|0x0000000710200000, 0x0000000710200000, 0x0000000710400000|  0%| F|  |TAMS 0x0000000710200000, 0x0000000710200000| Untracked 
|  49|0x0000000710400000, 0x0000000710600000, 0x0000000710600000|100%|HS|  |TAMS 0x0000000710400000, 0x0000000710600000| Complete 
|  50|0x0000000710600000, 0x0000000710800000, 0x0000000710800000|100%|HC|  |TAMS 0x0000000710600000, 0x0000000710800000| Complete 
|  51|0x0000000710800000, 0x0000000710a00000, 0x0000000710a00000|100%|HC|  |TAMS 0x0000000710800000, 0x0000000710a00000| Complete 
|  52|0x0000000710a00000, 0x0000000710c00000, 0x0000000710c00000|100%|HS|  |TAMS 0x0000000710a00000, 0x0000000710c00000| Complete 
|  53|0x0000000710c00000, 0x0000000710e00000, 0x0000000710e00000|100%|HC|  |TAMS 0x0000000710c00000, 0x0000000710e00000| Complete 
|  54|0x0000000710e00000, 0x0000000711000000, 0x0000000711000000|100%|HC|  |TAMS 0x0000000710e00000, 0x0000000711000000| Complete 
|  55|0x0000000711000000, 0x0000000711200000, 0x0000000711200000|100%|HS|  |TAMS 0x0000000711000000, 0x0000000711200000| Complete 
|  56|0x0000000711200000, 0x0000000711400000, 0x0000000711400000|100%|HC|  |TAMS 0x0000000711200000, 0x0000000711400000| Complete 
|  57|0x0000000711400000, 0x0000000711600000, 0x0000000711600000|100%|HC|  |TAMS 0x0000000711400000, 0x0000000711600000| Complete 
|  58|0x0000000711600000, 0x0000000711800000, 0x0000000711800000|100%| O|  |TAMS 0x0000000711600000, 0x0000000711800000| Untracked 
|  59|0x0000000711800000, 0x00000007118f5000, 0x0000000711a00000| 47%| O|  |TAMS 0x0000000711800000, 0x00000007118f5000| Untracked 
|  60|0x0000000711a00000, 0x0000000711c00000, 0x0000000711c00000|100%|HS|  |TAMS 0x0000000711a00000, 0x0000000711c00000| Complete 
|  61|0x0000000711c00000, 0x0000000711e00000, 0x0000000711e00000|100%|HC|  |TAMS 0x0000000711c00000, 0x0000000711e00000| Complete 
|  62|0x0000000711e00000, 0x0000000712000000, 0x0000000712000000|100%|HC|  |TAMS 0x0000000711e00000, 0x0000000712000000| Complete 
|  63|0x0000000712000000, 0x0000000712200000, 0x0000000712200000|100%|HS|  |TAMS 0x0000000712000000, 0x0000000712200000| Complete 
|  64|0x0000000712200000, 0x0000000712400000, 0x0000000712400000|100%|HC|  |TAMS 0x0000000712200000, 0x0000000712400000| Complete 
|  65|0x0000000712400000, 0x0000000712600000, 0x0000000712600000|100%|HC|  |TAMS 0x0000000712400000, 0x0000000712600000| Complete 
|  66|0x0000000712600000, 0x0000000712600000, 0x0000000712800000|  0%| F|  |TAMS 0x0000000712600000, 0x0000000712600000| Untracked 
|  67|0x0000000712800000, 0x0000000712800000, 0x0000000712a00000|  0%| F|  |TAMS 0x0000000712800000, 0x0000000712800000| Untracked 
|  68|0x0000000712a00000, 0x0000000712a00000, 0x0000000712c00000|  0%| F|  |TAMS 0x0000000712a00000, 0x0000000712a00000| Untracked 
|  69|0x0000000712c00000, 0x0000000712c00000, 0x0000000712e00000|  0%| F|  |TAMS 0x0000000712c00000, 0x0000000712c00000| Untracked 
|  70|0x0000000712e00000, 0x0000000712e00000, 0x0000000713000000|  0%| F|  |TAMS 0x0000000712e00000, 0x0000000712e00000| Untracked 
|  71|0x0000000713000000, 0x0000000713000000, 0x0000000713200000|  0%| F|  |TAMS 0x0000000713000000, 0x0000000713000000| Untracked 
|  72|0x0000000713200000, 0x0000000713200000, 0x0000000713400000|  0%| F|  |TAMS 0x0000000713200000, 0x0000000713200000| Untracked 
|  73|0x0000000713400000, 0x0000000713400000, 0x0000000713600000|  0%| F|  |TAMS 0x0000000713400000, 0x0000000713400000| Untracked 
|  74|0x0000000713600000, 0x0000000713600000, 0x0000000713800000|  0%| F|  |TAMS 0x0000000713600000, 0x0000000713600000| Untracked 
|  75|0x0000000713800000, 0x0000000713800000, 0x0000000713a00000|  0%| F|  |TAMS 0x0000000713800000, 0x0000000713800000| Untracked 
|  76|0x0000000713a00000, 0x0000000713a00000, 0x0000000713c00000|  0%| F|  |TAMS 0x0000000713a00000, 0x0000000713a00000| Untracked 
|  77|0x0000000713c00000, 0x0000000713c00000, 0x0000000713e00000|  0%| F|  |TAMS 0x0000000713c00000, 0x0000000713c00000| Untracked 
|  78|0x0000000713e00000, 0x0000000713e00000, 0x0000000714000000|  0%| F|  |TAMS 0x0000000713e00000, 0x0000000713e00000| Untracked 
|  79|0x0000000714000000, 0x0000000714000000, 0x0000000714200000|  0%| F|  |TAMS 0x0000000714000000, 0x0000000714000000| Untracked 
|  80|0x0000000714200000, 0x0000000714200000, 0x0000000714400000|  0%| F|  |TAMS 0x0000000714200000, 0x0000000714200000| Untracked 
|  81|0x0000000714400000, 0x0000000714400000, 0x0000000714600000|  0%| F|  |TAMS 0x0000000714400000, 0x0000000714400000| Untracked 
|  82|0x0000000714600000, 0x0000000714600000, 0x0000000714800000|  0%| F|  |TAMS 0x0000000714600000, 0x0000000714600000| Untracked 
|  83|0x0000000714800000, 0x0000000714800000, 0x0000000714a00000|  0%| F|  |TAMS 0x0000000714800000, 0x0000000714800000| Untracked 
|  84|0x0000000714a00000, 0x0000000714a00000, 0x0000000714c00000|  0%| F|  |TAMS 0x0000000714a00000, 0x0000000714a00000| Untracked 
|  85|0x0000000714c00000, 0x0000000714c00000, 0x0000000714e00000|  0%| F|  |TAMS 0x0000000714c00000, 0x0000000714c00000| Untracked 
|  86|0x0000000714e00000, 0x0000000714e00000, 0x0000000715000000|  0%| F|  |TAMS 0x0000000714e00000, 0x0000000714e00000| Untracked 
|  87|0x0000000715000000, 0x0000000715000000, 0x0000000715200000|  0%| F|  |TAMS 0x0000000715000000, 0x0000000715000000| Untracked 
|  88|0x0000000715200000, 0x0000000715200000, 0x0000000715400000|  0%| F|  |TAMS 0x0000000715200000, 0x0000000715200000| Untracked 
|  89|0x0000000715400000, 0x0000000715400000, 0x0000000715600000|  0%| F|  |TAMS 0x0000000715400000, 0x0000000715400000| Untracked 
|  90|0x0000000715600000, 0x0000000715600000, 0x0000000715800000|  0%| F|  |TAMS 0x0000000715600000, 0x0000000715600000| Untracked 
|  91|0x0000000715800000, 0x0000000715800000, 0x0000000715a00000|  0%| F|  |TAMS 0x0000000715800000, 0x0000000715800000| Untracked 
|  92|0x0000000715a00000, 0x0000000715a00000, 0x0000000715c00000|  0%| F|  |TAMS 0x0000000715a00000, 0x0000000715a00000| Untracked 
|  93|0x0000000715c00000, 0x0000000715c00000, 0x0000000715e00000|  0%| F|  |TAMS 0x0000000715c00000, 0x0000000715c00000| Untracked 
|  94|0x0000000715e00000, 0x0000000715e00000, 0x0000000716000000|  0%| F|  |TAMS 0x0000000715e00000, 0x0000000715e00000| Untracked 
|  95|0x0000000716000000, 0x0000000716000000, 0x0000000716200000|  0%| F|  |TAMS 0x0000000716000000, 0x0000000716000000| Untracked 
|  96|0x0000000716200000, 0x0000000716200000, 0x0000000716400000|  0%| F|  |TAMS 0x0000000716200000, 0x0000000716200000| Untracked 
|  97|0x0000000716400000, 0x0000000716400000, 0x0000000716600000|  0%| F|  |TAMS 0x0000000716400000, 0x0000000716400000| Untracked 
|  98|0x0000000716600000, 0x0000000716600000, 0x0000000716800000|  0%| F|  |TAMS 0x0000000716600000, 0x0000000716600000| Untracked 
|  99|0x0000000716800000, 0x0000000716800000, 0x0000000716a00000|  0%| F|  |TAMS 0x0000000716800000, 0x0000000716800000| Untracked 
| 100|0x0000000716a00000, 0x0000000716a00000, 0x0000000716c00000|  0%| F|  |TAMS 0x0000000716a00000, 0x0000000716a00000| Untracked 
| 101|0x0000000716c00000, 0x0000000716c00000, 0x0000000716e00000|  0%| F|  |TAMS 0x0000000716c00000, 0x0000000716c00000| Untracked 
| 102|0x0000000716e00000, 0x0000000716e00000, 0x0000000717000000|  0%| F|  |TAMS 0x0000000716e00000, 0x0000000716e00000| Untracked 
| 103|0x0000000717000000, 0x0000000717000000, 0x0000000717200000|  0%| F|  |TAMS 0x0000000717000000, 0x0000000717000000| Untracked 
| 104|0x0000000717200000, 0x0000000717200000, 0x0000000717400000|  0%| F|  |TAMS 0x0000000717200000, 0x0000000717200000| Untracked 
| 105|0x0000000717400000, 0x0000000717400000, 0x0000000717600000|  0%| F|  |TAMS 0x0000000717400000, 0x0000000717400000| Untracked 
| 106|0x0000000717600000, 0x0000000717600000, 0x0000000717800000|  0%| F|  |TAMS 0x0000000717600000, 0x0000000717600000| Untracked 
| 107|0x0000000717800000, 0x0000000717800000, 0x0000000717a00000|  0%| F|  |TAMS 0x0000000717800000, 0x0000000717800000| Untracked 
| 108|0x0000000717a00000, 0x0000000717a00000, 0x0000000717c00000|  0%| F|  |TAMS 0x0000000717a00000, 0x0000000717a00000| Untracked 
| 109|0x0000000717c00000, 0x0000000717c00000, 0x0000000717e00000|  0%| F|  |TAMS 0x0000000717c00000, 0x0000000717c00000| Untracked 
| 110|0x0000000717e00000, 0x0000000717e00000, 0x0000000718000000|  0%| F|  |TAMS 0x0000000717e00000, 0x0000000717e00000| Untracked 
| 111|0x0000000718000000, 0x0000000718000000, 0x0000000718200000|  0%| F|  |TAMS 0x0000000718000000, 0x0000000718000000| Untracked 
| 112|0x0000000718200000, 0x0000000718200000, 0x0000000718400000|  0%| F|  |TAMS 0x0000000718200000, 0x0000000718200000| Untracked 
| 113|0x0000000718400000, 0x0000000718400000, 0x0000000718600000|  0%| F|  |TAMS 0x0000000718400000, 0x0000000718400000| Untracked 
| 114|0x0000000718600000, 0x0000000718600000, 0x0000000718800000|  0%| F|  |TAMS 0x0000000718600000, 0x0000000718600000| Untracked 
| 115|0x0000000718800000, 0x0000000718800000, 0x0000000718a00000|  0%| F|  |TAMS 0x0000000718800000, 0x0000000718800000| Untracked 
| 116|0x0000000718a00000, 0x0000000718a00000, 0x0000000718c00000|  0%| F|  |TAMS 0x0000000718a00000, 0x0000000718a00000| Untracked 
| 117|0x0000000718c00000, 0x0000000718c00000, 0x0000000718e00000|  0%| F|  |TAMS 0x0000000718c00000, 0x0000000718c00000| Untracked 
| 118|0x0000000718e00000, 0x0000000718e00000, 0x0000000719000000|  0%| F|  |TAMS 0x0000000718e00000, 0x0000000718e00000| Untracked 
| 119|0x0000000719000000, 0x0000000719000000, 0x0000000719200000|  0%| F|  |TAMS 0x0000000719000000, 0x0000000719000000| Untracked 
| 120|0x0000000719200000, 0x0000000719200000, 0x0000000719400000|  0%| F|  |TAMS 0x0000000719200000, 0x0000000719200000| Untracked 
| 121|0x0000000719400000, 0x0000000719400000, 0x0000000719600000|  0%| F|  |TAMS 0x0000000719400000, 0x0000000719400000| Untracked 
| 122|0x0000000719600000, 0x0000000719600000, 0x0000000719800000|  0%| F|  |TAMS 0x0000000719600000, 0x0000000719600000| Untracked 
| 123|0x0000000719800000, 0x0000000719800000, 0x0000000719a00000|  0%| F|  |TAMS 0x0000000719800000, 0x0000000719800000| Untracked 
| 124|0x0000000719a00000, 0x0000000719a00000, 0x0000000719c00000|  0%| F|  |TAMS 0x0000000719a00000, 0x0000000719a00000| Untracked 
| 125|0x0000000719c00000, 0x0000000719c00000, 0x0000000719e00000|  0%| F|  |TAMS 0x0000000719c00000, 0x0000000719c00000| Untracked 
| 126|0x0000000719e00000, 0x0000000719e00000, 0x000000071a000000|  0%| F|  |TAMS 0x0000000719e00000, 0x0000000719e00000| Untracked 
| 127|0x000000071a000000, 0x000000071a000000, 0x000000071a200000|  0%| F|  |TAMS 0x000000071a000000, 0x000000071a000000| Untracked 
| 128|0x000000071a200000, 0x000000071a200000, 0x000000071a400000|  0%| F|  |TAMS 0x000000071a200000, 0x000000071a200000| Untracked 
| 129|0x000000071a400000, 0x000000071a400000, 0x000000071a600000|  0%| F|  |TAMS 0x000000071a400000, 0x000000071a400000| Untracked 
| 130|0x000000071a600000, 0x000000071a600000, 0x000000071a800000|  0%| F|  |TAMS 0x000000071a600000, 0x000000071a600000| Untracked 
| 131|0x000000071a800000, 0x000000071a800000, 0x000000071aa00000|  0%| F|  |TAMS 0x000000071a800000, 0x000000071a800000| Untracked 
| 132|0x000000071aa00000, 0x000000071aa00000, 0x000000071ac00000|  0%| F|  |TAMS 0x000000071aa00000, 0x000000071aa00000| Untracked 
| 133|0x000000071ac00000, 0x000000071ac00000, 0x000000071ae00000|  0%| F|  |TAMS 0x000000071ac00000, 0x000000071ac00000| Untracked 
| 134|0x000000071ae00000, 0x000000071ae00000, 0x000000071b000000|  0%| F|  |TAMS 0x000000071ae00000, 0x000000071ae00000| Untracked 
| 135|0x000000071b000000, 0x000000071b000000, 0x000000071b200000|  0%| F|  |TAMS 0x000000071b000000, 0x000000071b000000| Untracked 
| 136|0x000000071b200000, 0x000000071b200000, 0x000000071b400000|  0%| F|  |TAMS 0x000000071b200000, 0x000000071b200000| Untracked 
| 137|0x000000071b400000, 0x000000071b400000, 0x000000071b600000|  0%| F|  |TAMS 0x000000071b400000, 0x000000071b400000| Untracked 
| 138|0x000000071b600000, 0x000000071b600000, 0x000000071b800000|  0%| F|  |TAMS 0x000000071b600000, 0x000000071b600000| Untracked 
| 139|0x000000071b800000, 0x000000071b800000, 0x000000071ba00000|  0%| F|  |TAMS 0x000000071b800000, 0x000000071b800000| Untracked 
| 140|0x000000071ba00000, 0x000000071ba00000, 0x000000071bc00000|  0%| F|  |TAMS 0x000000071ba00000, 0x000000071ba00000| Untracked 
| 141|0x000000071bc00000, 0x000000071bd6d8b0, 0x000000071be00000| 71%| S|CS|TAMS 0x000000071bc00000, 0x000000071bc00000| Complete 
| 142|0x000000071be00000, 0x000000071be00000, 0x000000071c000000|  0%| F|  |TAMS 0x000000071be00000, 0x000000071be00000| Untracked 
| 143|0x000000071c000000, 0x000000071c200000, 0x000000071c200000|100%| S|CS|TAMS 0x000000071c000000, 0x000000071c000000| Complete 
| 144|0x000000071c200000, 0x000000071c200000, 0x000000071c400000|  0%| F|  |TAMS 0x000000071c200000, 0x000000071c200000| Untracked 
| 145|0x000000071c400000, 0x000000071c400000, 0x000000071c600000|  0%| F|  |TAMS 0x000000071c400000, 0x000000071c400000| Untracked 
| 146|0x000000071c600000, 0x000000071c700800, 0x000000071c800000| 50%| E|  |TAMS 0x000000071c600000, 0x000000071c600000| Complete 
| 147|0x000000071c800000, 0x000000071ca00000, 0x000000071ca00000|100%| E|CS|TAMS 0x000000071c800000, 0x000000071c800000| Complete 

Card table byte_map: [0x0000015bbe9d0000,0x0000015bbf180000] _byte_map_base: 0x0000015bbb17f000

Marking Bits (Prev, Next): (CMBitMap*) 0x0000015ba72855f0, (CMBitMap*) 0x0000015ba7285630
 Prev Bits: [0x0000015bbf930000, 0x0000015bc36a8000)
 Next Bits: [0x0000015bc36b0000, 0x0000015bc7428000)

Polling page: 0x0000015ba51e0000

Metaspace:

Usage:
  Non-class:      8.60 MB used.
      Class:    935.91 KB used.
       Both:      9.51 MB used.

Virtual space:
  Non-class space:       16.00 MB reserved,       8.69 MB ( 54%) committed,  2 nodes.
      Class space:        1.00 GB reserved,       1.00 MB ( <1%) committed,  1 nodes.
              Both:        1.02 GB reserved,       9.69 MB ( <1%) committed. 

Chunk freelists:
   Non-Class:  2.95 MB
       Class:  3.02 MB
        Both:  5.97 MB

MaxMetaspaceSize: 17179869184.00 GB
CompressedClassSpaceSize: 1.00 GB
 - commit_granule_bytes: 65536.
 - commit_granule_words: 8192.
 - virtual_space_node_default_size: 1048576.
 - enlarge_chunks_in_place: 1.
 - new_chunks_are_fully_committed: 0.
 - uncommit_free_chunks: 1.
 - use_allocation_guard: 0.
 - handle_deallocations: 1.


Internal statistics:

num_allocs_failed_limit: 0.
num_arena_births: 122.
num_arena_deaths: 0.
num_vsnodes_births: 3.
num_vsnodes_deaths: 0.
num_space_committed: 155.
num_space_uncommitted: 0.
num_chunks_returned_to_freelist: 0.
num_chunks_taken_from_freelist: 172.
num_chunk_merges: 0.
num_chunk_splits: 102.
num_chunks_enlarged: 55.
num_purges: 0.

CodeHeap 'non-profiled nmethods': size=119168Kb used=894Kb max_used=894Kb free=118273Kb
 bounds [0x0000015bb6540000, 0x0000015bb67b0000, 0x0000015bbd9a0000]
CodeHeap 'profiled nmethods': size=119104Kb used=3813Kb max_used=3813Kb free=115290Kb
 bounds [0x0000015baf0f0000, 0x0000015baf4b0000, 0x0000015bb6540000]
CodeHeap 'non-nmethods': size=7488Kb used=2996Kb max_used=3055Kb free=4492Kb
 bounds [0x0000015bae9a0000, 0x0000015baecb0000, 0x0000015baf0f0000]
 total_blobs=2795 nmethods=2157 adapters=548
 compilation: enabled
              stopped_count=0, restarted_count=0
 full_count=0

Compilation events (20 events):
Event: 8.622 Thread 0x0000015bca3fdae0 nmethod 2149 0x0000015baf49c090 code [0x0000015baf49c220, 0x0000015baf49c338]
Event: 8.622 Thread 0x0000015bcae12c40 nmethod 2151 0x0000015baf49c410 code [0x0000015baf49c5c0, 0x0000015baf49c8a8]
Event: 8.623 Thread 0x0000015bcae1eb90 nmethod 2148 0x0000015baf49c990 code [0x0000015baf49cbc0, 0x0000015baf49d408]
Event: 8.623 Thread 0x0000015bcae1e220 nmethod 2150 0x0000015baf49d810 code [0x0000015baf49da40, 0x0000015baf49e4c8]
Event: 8.673 Thread 0x0000015bcae1eb90 2152  s    3       java.awt.geom.Path2D$Float::curveTo (130 bytes)
Event: 8.673 Thread 0x0000015bca3fdae0 2153       1       com.jnngl.totalcomputers.system.desktop.WindowApplication::getX (5 bytes)
Event: 8.673 Thread 0x0000015bca3fdae0 nmethod 2153 0x0000015bb661f710 code [0x0000015bb661f8a0, 0x0000015bb661f978]
Event: 8.674 Thread 0x0000015bcae1eb90 nmethod 2152 0x0000015baf49e790 code [0x0000015baf49e960, 0x0000015baf49ed88]
Event: 8.723 Thread 0x0000015bcae1eb90 2154       3       java.awt.image.BufferedImage::<init> (1012 bytes)
Event: 8.725 Thread 0x0000015bcae1eb90 nmethod 2154 0x0000015baf49ef90 code [0x0000015baf49f620, 0x0000015baf4a5058]
Event: 8.775 Thread 0x0000015bcae1eb90 2155       3       sun.java2d.pipe.Region::getIntersectionXYWH (18 bytes)
Event: 8.775 Thread 0x0000015bcae1eb90 nmethod 2155 0x0000015baf4a6390 code [0x0000015baf4a6540, 0x0000015baf4a6848]
Event: 8.826 Thread 0x0000015bcae1eb90 2156       3       sun.java2d.pipe.BufferedContext::setComposite (124 bytes)
Event: 8.827 Thread 0x0000015bcae1eb90 nmethod 2156 0x0000015baf4a6990 code [0x0000015baf4a6c20, 0x0000015baf4a78c8]
Event: 8.828 Thread 0x0000015bcae1eb90 2157       3       sun.java2d.pipe.BufferedContext::setSurfaces (49 bytes)
Event: 8.828 Thread 0x0000015bcae1eb90 nmethod 2157 0x0000015baf4a7d10 code [0x0000015baf4a7f40, 0x0000015baf4a86e8]
Event: 8.883 Thread 0x0000015bcae1eb90 2158       3       javax.swing.SwingUtilities::computeIntersection (189 bytes)
Event: 8.883 Thread 0x0000015bcae12c40 2159       3       java.awt.Rectangle::translate (197 bytes)
Event: 8.883 Thread 0x0000015bcae1eb90 nmethod 2158 0x0000015baf4a8a10 code [0x0000015baf4a8bc0, 0x0000015baf4a8eb8]
Event: 8.883 Thread 0x0000015bcae12c40 nmethod 2159 0x0000015baf4a8f90 code [0x0000015baf4a9140, 0x0000015baf4a9598]

GC Heap History (20 events):
Event: 4.431 GC heap before
{Heap before GC invocations=6 (full 0):
 garbage-first heap   total 251904K, used 140260K [0x000000070a200000, 0x0000000800000000)
  region size 2048K, 17 young (34816K), 1 survivors (2048K)
 Metaspace       used 9379K, committed 9600K, reserved 1064960K
  class space    used 930K, committed 1024K, reserved 1048576K
}
Event: 4.434 GC heap after
{Heap after GC invocations=7 (full 0):
 garbage-first heap   total 251904K, used 106018K [0x000000070a200000, 0x0000000800000000)
  region size 2048K, 2 young (4096K), 2 survivors (4096K)
 Metaspace       used 9379K, committed 9600K, reserved 1064960K
  class space    used 930K, committed 1024K, reserved 1048576K
}
Event: 4.486 GC heap before
{Heap before GC invocations=7 (full 0):
 garbage-first heap   total 251904K, used 114210K [0x000000070a200000, 0x0000000800000000)
  region size 2048K, 4 young (8192K), 2 survivors (4096K)
 Metaspace       used 9383K, committed 9600K, reserved 1064960K
  class space    used 930K, committed 1024K, reserved 1048576K
}
Event: 4.487 GC heap after
{Heap after GC invocations=8 (full 0):
 garbage-first heap   total 251904K, used 26117K [0x000000070a200000, 0x0000000800000000)
  region size 2048K, 2 young (4096K), 2 survivors (4096K)
 Metaspace       used 9383K, committed 9600K, reserved 1064960K
  class space    used 930K, committed 1024K, reserved 1048576K
}
Event: 5.204 GC heap before
{Heap before GC invocations=8 (full 0):
 garbage-first heap   total 251904K, used 116229K [0x000000070a200000, 0x0000000800000000)
  region size 2048K, 5 young (10240K), 2 survivors (4096K)
 Metaspace       used 9434K, committed 9600K, reserved 1064960K
  class space    used 930K, committed 1024K, reserved 1048576K
}
Event: 5.206 GC heap after
{Heap after GC invocations=9 (full 0):
 garbage-first heap   total 303104K, used 106029K [0x000000070a200000, 0x0000000800000000)
  region size 2048K, 2 young (4096K), 2 survivors (4096K)
 Metaspace       used 9434K, committed 9600K, reserved 1064960K
  class space    used 930K, committed 1024K, reserved 1048576K
}
Event: 5.472 GC heap before
{Heap before GC invocations=9 (full 0):
 garbage-first heap   total 303104K, used 140845K [0x000000070a200000, 0x0000000800000000)
  region size 2048K, 5 young (10240K), 2 survivors (4096K)
 Metaspace       used 9480K, committed 9664K, reserved 1064960K
  class space    used 930K, committed 1024K, reserved 1048576K
}
Event: 5.474 GC heap after
{Heap after GC invocations=10 (full 0):
 garbage-first heap   total 303104K, used 50829K [0x000000070a200000, 0x0000000800000000)
  region size 2048K, 2 young (4096K), 2 survivors (4096K)
 Metaspace       used 9480K, committed 9664K, reserved 1064960K
  class space    used 930K, committed 1024K, reserved 1048576K
}
Event: 6.191 GC heap before
{Heap before GC invocations=10 (full 0):
 garbage-first heap   total 303104K, used 138893K [0x000000070a200000, 0x0000000800000000)
  region size 2048K, 4 young (8192K), 2 survivors (4096K)
 Metaspace       used 9538K, committed 9728K, reserved 1064960K
  class space    used 930K, committed 1024K, reserved 1048576K
}
Event: 6.193 GC heap after
{Heap after GC invocations=11 (full 0):
 garbage-first heap   total 303104K, used 106137K [0x000000070a200000, 0x0000000800000000)
  region size 2048K, 2 young (4096K), 2 survivors (4096K)
 Metaspace       used 9538K, committed 9728K, reserved 1064960K
  class space    used 930K, committed 1024K, reserved 1048576K
}
Event: 6.451 GC heap before
{Heap before GC invocations=11 (full 0):
 garbage-first heap   total 303104K, used 140953K [0x000000070a200000, 0x0000000800000000)
  region size 2048K, 5 young (10240K), 2 survivors (4096K)
 Metaspace       used 9548K, committed 9728K, reserved 1064960K
  class space    used 930K, committed 1024K, reserved 1048576K
}
Event: 6.452 GC heap after
{Heap after GC invocations=12 (full 0):
 garbage-first heap   total 303104K, used 50807K [0x000000070a200000, 0x0000000800000000)
  region size 2048K, 2 young (4096K), 2 survivors (4096K)
 Metaspace       used 9548K, committed 9728K, reserved 1064960K
  class space    used 930K, committed 1024K, reserved 1048576K
}
Event: 7.178 GC heap before
{Heap before GC invocations=12 (full 0):
 garbage-first heap   total 303104K, used 140919K [0x000000070a200000, 0x0000000800000000)
  region size 2048K, 5 young (10240K), 2 survivors (4096K)
 Metaspace       used 9600K, committed 9792K, reserved 1064960K
  class space    used 931K, committed 1024K, reserved 1048576K
}
Event: 7.179 GC heap after
{Heap after GC invocations=13 (full 0):
 garbage-first heap   total 303104K, used 106218K [0x000000070a200000, 0x0000000800000000)
  region size 2048K, 2 young (4096K), 2 survivors (4096K)
 Metaspace       used 9600K, committed 9792K, reserved 1064960K
  class space    used 931K, committed 1024K, reserved 1048576K
}
Event: 7.439 GC heap before
{Heap before GC invocations=13 (full 0):
 garbage-first heap   total 303104K, used 141034K [0x000000070a200000, 0x0000000800000000)
  region size 2048K, 5 young (10240K), 2 survivors (4096K)
 Metaspace       used 9649K, committed 9856K, reserved 1064960K
  class space    used 931K, committed 1024K, reserved 1048576K
}
Event: 7.440 GC heap after
{Heap after GC invocations=14 (full 0):
 garbage-first heap   total 303104K, used 50868K [0x000000070a200000, 0x0000000800000000)
  region size 2048K, 2 young (4096K), 2 survivors (4096K)
 Metaspace       used 9649K, committed 9856K, reserved 1064960K
  class space    used 931K, committed 1024K, reserved 1048576K
}
Event: 8.194 GC heap before
{Heap before GC invocations=14 (full 0):
 garbage-first heap   total 303104K, used 140980K [0x000000070a200000, 0x0000000800000000)
  region size 2048K, 5 young (10240K), 2 survivors (4096K)
 Metaspace       used 9728K, committed 9920K, reserved 1064960K
  class space    used 935K, committed 1024K, reserved 1048576K
}
Event: 8.195 GC heap after
{Heap after GC invocations=15 (full 0):
 garbage-first heap   total 303104K, used 106845K [0x000000070a200000, 0x0000000800000000)
  region size 2048K, 2 young (4096K), 2 survivors (4096K)
 Metaspace       used 9728K, committed 9920K, reserved 1064960K
  class space    used 935K, committed 1024K, reserved 1048576K
}
Event: 8.468 GC heap before
{Heap before GC invocations=15 (full 0):
 garbage-first heap   total 303104K, used 141661K [0x000000070a200000, 0x0000000800000000)
  region size 2048K, 5 young (10240K), 2 survivors (4096K)
 Metaspace       used 9734K, committed 9920K, reserved 1064960K
  class space    used 935K, committed 1024K, reserved 1048576K
}
Event: 8.470 GC heap after
{Heap after GC invocations=16 (full 0):
 garbage-first heap   total 303104K, used 51594K [0x000000070a200000, 0x0000000800000000)
  region size 2048K, 2 young (4096K), 2 survivors (4096K)
 Metaspace       used 9734K, committed 9920K, reserved 1064960K
  class space    used 935K, committed 1024K, reserved 1048576K
}

Deoptimization events (20 events):
Event: 4.143 Thread 0x0000015bd25e6760 DEOPT PACKING pc=0x0000015baf3aeeb5 sp=0x00000049470fdf90
Event: 4.143 Thread 0x0000015bd25e6760 DEOPT UNPACKING pc=0x0000015bae9edece sp=0x00000049470fd428 mode 0
Event: 4.143 Thread 0x0000015bd25e6760 DEOPT PACKING pc=0x0000015baf3b0ec3 sp=0x00000049470fdf90
Event: 4.143 Thread 0x0000015bd25e6760 DEOPT UNPACKING pc=0x0000015bae9edece sp=0x00000049470fd420 mode 0
Event: 4.145 Thread 0x0000015bd25e6760 DEOPT PACKING pc=0x0000015baf3a5470 sp=0x00000049470fdd40
Event: 4.145 Thread 0x0000015bd25e6760 DEOPT UNPACKING pc=0x0000015bae9edece sp=0x00000049470fd218 mode 0
Event: 4.145 Thread 0x0000015bd25e6760 DEOPT PACKING pc=0x0000015baf3aeeb5 sp=0x00000049470fdf90
Event: 4.145 Thread 0x0000015bd25e6760 DEOPT UNPACKING pc=0x0000015bae9edece sp=0x00000049470fd428 mode 0
Event: 4.145 Thread 0x0000015bd25e6760 DEOPT PACKING pc=0x0000015baf3b0ec3 sp=0x00000049470fdf90
Event: 4.145 Thread 0x0000015bd25e6760 DEOPT UNPACKING pc=0x0000015bae9edece sp=0x00000049470fd420 mode 0
Event: 4.147 Thread 0x0000015bd25e6760 DEOPT PACKING pc=0x0000015baf3aeeb5 sp=0x00000049470fdf90
Event: 4.147 Thread 0x0000015bd25e6760 DEOPT UNPACKING pc=0x0000015bae9edece sp=0x00000049470fd428 mode 0
Event: 4.159 Thread 0x0000015bd25e6760 Uncommon trap: trap_request=0xffffff76 fr.pc=0x0000015bb659de5c relative=0x000000000000023c
Event: 4.159 Thread 0x0000015bd25e6760 Uncommon trap: reason=predicate action=maybe_recompile pc=0x0000015bb659de5c method=java.util.ArrayList.indexOfRange(Ljava/lang/Object;II)I @ 45 c2
Event: 4.159 Thread 0x0000015bd25e6760 DEOPT PACKING pc=0x0000015bb659de5c sp=0x00000049470fe5d0
Event: 4.159 Thread 0x0000015bd25e6760 DEOPT UNPACKING pc=0x0000015bae9ed72e sp=0x00000049470fe548 mode 2
Event: 5.521 Thread 0x0000015bd25e6760 DEOPT PACKING pc=0x0000015baf269fc4 sp=0x00000049470fd210
Event: 5.521 Thread 0x0000015bd25e6760 DEOPT UNPACKING pc=0x0000015bae9edece sp=0x00000049470fc700 mode 0
Event: 7.069 Thread 0x0000015bd25e6760 DEOPT PACKING pc=0x0000015baf3d6515 sp=0x00000049470fd290
Event: 7.069 Thread 0x0000015bd25e6760 DEOPT UNPACKING pc=0x0000015bae9edece sp=0x00000049470fc740 mode 0

Classes unloaded (0 events):
No events

Classes redefined (0 events):
No events

Internal exceptions (20 events):
Event: 0.185 Thread 0x0000015bcb1202f0 Exception <a 'java/lang/NoSuchMethodError'{0x000000071939e630}: 'void java.lang.invoke.DirectMethodHandle$Holder.invokeStatic(java.lang.Object, java.lang.Object)'> (0x000000071939e630) 
thrown [t:\workspace\open\src\hotspot\share\interpreter\linkResolver.cpp, line 790]
Event: 0.192 Thread 0x0000015ba72372b0 Exception <a 'java/lang/ClassNotFoundException'{0x000000071934cca0}: sun/awt/resources/spi/awtProvider> (0x000000071934cca0) 
thrown [t:\workspace\open\src\hotspot\share\classfile\systemDictionary.cpp, line 256]
Event: 0.213 Thread 0x0000015ba72372b0 Exception <a 'java/io/FileNotFoundException'{0x000000071901dfb8}> (0x000000071901dfb8) 
thrown [t:\workspace\open\src\hotspot\share\prims\jni.cpp, line 579]
Event: 0.220 Thread 0x0000015ba72372b0 Exception <a 'java/io/FileNotFoundException'{0x000000071904ca80}> (0x000000071904ca80) 
thrown [t:\workspace\open\src\hotspot\share\prims\jni.cpp, line 579]
Event: 0.430 Thread 0x0000015ba72372b0 Exception <a 'java/lang/NoSuchMethodError'{0x000000071916ae10}: 'java.lang.Object java.lang.invoke.DirectMethodHandle$Holder.newInvokeSpecial(java.lang.Object, java.lang.Object, java.lang.Object, java.lang.Object, java.lang.Object)'> (0x000000071916ae10) 
thrown [t:\workspace\open\src\hotspot\share\interpreter\linkResolver.cpp, line 790]
Event: 0.432 Thread 0x0000015ba72372b0 Exception <a 'java/lang/NoSuchMethodError'{0x00000007191768f8}: 'java.lang.Object java.lang.invoke.DirectMethodHandle$Holder.invokeStatic(java.lang.Object, int, java.lang.Object, java.lang.Object, java.lang.Object, java.lang.Object)'> (0x00000007191768f8) 
thrown [t:\workspace\open\src\hotspot\share\interpreter\linkResolver.cpp, line 790]
Event: 0.435 Thread 0x0000015ba72372b0 Exception <a 'java/lang/NoSuchMethodError'{0x000000071919c9c0}: 'java.lang.Object java.lang.invoke.DirectMethodHandle$Holder.invokeStatic(java.lang.Object, int, java.lang.Object)'> (0x000000071919c9c0) 
thrown [t:\workspace\open\src\hotspot\share\interpreter\linkResolver.cpp, line 790]
Event: 0.465 Thread 0x0000015ba72372b0 Exception <a 'java/lang/ClassNotFoundException'{0x0000000718e55328}: com/sun/swing/internal/plaf/metal/resources/spi/metalProvider> (0x0000000718e55328) 
thrown [t:\workspace\open\src\hotspot\share\classfile\systemDictionary.cpp, line 256]
Event: 0.466 Thread 0x0000015ba72372b0 Exception <a 'java/lang/ClassNotFoundException'{0x0000000718e59348}: com/sun/swing/internal/plaf/basic/resources/spi/basicProvider> (0x0000000718e59348) 
thrown [t:\workspace\open\src\hotspot\share\classfile\systemDictionary.cpp, line 256]
Event: 0.494 Thread 0x0000015bcb2ca9a0 Exception <a 'java/lang/NoSuchMethodError'{0x00000007190f16e8}: 'void java.lang.invoke.DirectMethodHandle$Holder.invokeVirtual(java.lang.Object, java.lang.Object)'> (0x00000007190f16e8) 
thrown [t:\workspace\open\src\hotspot\share\interpreter\linkResolver.cpp, line 790]
Event: 0.512 Thread 0x0000015ba72372b0 Exception <a 'java/lang/NoSuchMethodError'{0x0000000718ead730}: 'void java.lang.invoke.DirectMethodHandle$Holder.invokeStaticInit(java.lang.Object)'> (0x0000000718ead730) 
thrown [t:\workspace\open\src\hotspot\share\interpreter\linkResolver.cpp, line 790]
Event: 3.746 Thread 0x0000015bd25e6760 Exception <a 'java/lang/NoSuchMethodError'{0x00000007196a5da8}: 'java.lang.Object java.lang.invoke.DirectMethodHandle$Holder.invokeStaticInit(java.lang.Object, int, int, int, int)'> (0x00000007196a5da8) 
thrown [t:\workspace\open\src\hotspot\share\interpreter\linkResolver.cpp, line 790]
Event: 3.773 Thread 0x0000015bd25e6760 Exception <a 'java/lang/NoSuchMethodError'{0x0000000718e6cc80}: 'java.lang.Object java.lang.invoke.DirectMethodHandle$Holder.invokeStaticInit(java.lang.Object, java.lang.Object, int, int, int, int)'> (0x0000000718e6cc80) 
thrown [t:\workspace\open\src\hotspot\share\interpreter\linkResolver.cpp, line 790]
Event: 3.776 Thread 0x0000015bd25e6760 Exception <a 'java/lang/NullPointerException'{0x0000000718e79168}> (0x0000000718e79168) 
thrown [t:\workspace\open\src\hotspot\share\interpreter\linkResolver.cpp, line 1385]
Event: 3.807 Thread 0x0000015bd25e6760 Exception <a 'java/io/FileNotFoundException'{0x0000000718c3adc0}> (0x0000000718c3adc0) 
thrown [t:\workspace\open\src\hotspot\share\prims\jni.cpp, line 579]
Event: 3.811 Thread 0x0000015bd25e6760 Exception <a 'java/io/FileNotFoundException'{0x0000000718c5aee0}> (0x0000000718c5aee0) 
thrown [t:\workspace\open\src\hotspot\share\prims\jni.cpp, line 579]
Event: 3.826 Thread 0x0000015bd25e6760 Exception <a 'java/io/FileNotFoundException'{0x0000000718cef708}> (0x0000000718cef708) 
thrown [t:\workspace\open\src\hotspot\share\prims\jni.cpp, line 579]
Event: 3.831 Thread 0x0000015bd25e6760 Exception <a 'java/io/FileNotFoundException'{0x0000000718d3b620}> (0x0000000718d3b620) 
thrown [t:\workspace\open\src\hotspot\share\prims\jni.cpp, line 579]
Event: 4.131 Thread 0x0000015bd25e6760 Exception <a 'java/io/FileNotFoundException'{0x00000007178f4600}> (0x00000007178f4600) 
thrown [t:\workspace\open\src\hotspot\share\prims\jni.cpp, line 579]
Event: 7.842 Thread 0x0000015bd25e6760 Exception <a 'java/io/FileNotFoundException'{0x000000071c857fb0}> (0x000000071c857fb0) 
thrown [t:\workspace\open\src\hotspot\share\prims\jni.cpp, line 579]

Events (20 events):
Event: 7.855 Loaded shared library C:\Users\JNNGL\IdeaProjects\TotalComputers\rootfs\test\usr\Applications\Web Browser.app\libcef.dll
Event: 7.856 Loaded shared library C:\Users\JNNGL\IdeaProjects\TotalComputers\rootfs\test\usr\Applications\Web Browser.app\libEGL.dll
Event: 7.859 Loaded shared library C:\Users\JNNGL\IdeaProjects\TotalComputers\rootfs\test\usr\Applications\Web Browser.app\libGLESv2.dll
Event: 7.861 Loaded shared library C:\Users\JNNGL\IdeaProjects\TotalComputers\rootfs\test\usr\Applications\Web Browser.app\vk_swiftshader.dll
Event: 7.862 Loaded shared library C:\Users\JNNGL\IdeaProjects\TotalComputers\rootfs\test\usr\Applications\Web Browser.app\vulkan-1.dll
Event: 7.864 Loaded shared library C:\Users\JNNGL\IdeaProjects\TotalComputers\rootfs\test\usr\Applications\Web Browser.app\swiftshader\libEGL.dll
Event: 7.866 Loaded shared library C:\Users\JNNGL\IdeaProjects\TotalComputers\rootfs\test\usr\Applications\Web Browser.app\swiftshader\libGLESv2.dll
Event: 7.868 Loaded shared library C:\Users\JNNGL\IdeaProjects\TotalComputers\rootfs\test\usr\Applications\Web Browser.app\application.dll
Event: 7.872 loading class java/awt/geom/Ellipse2D$Float
Event: 7.872 loading class java/awt/geom/Ellipse2D
Event: 7.872 loading class java/awt/geom/Ellipse2D done
Event: 7.872 loading class java/awt/geom/Ellipse2D$Float done
Event: 7.872 loading class java/awt/geom/EllipseIterator
Event: 7.873 loading class java/awt/geom/EllipseIterator done
Event: 7.873 loading class sun/java2d/loops/FontInfo
Event: 7.873 loading class sun/java2d/loops/FontInfo done
Event: 8.194 Executing  VM operation: G1TryInitiateConcMark
Event: 8.195 Executing  VM operation: G1TryInitiateConcMark done
Event: 8.468 Executing  VM operation: G1TryInitiateConcMark
Event: 8.470 Executing  VM operation: G1TryInitiateConcMark done


Dynamic libraries:
0x00007ff6cbbc0000 - 0x00007ff6cbbd0000 	C:\Program Files\Java\jdk-16.0.1\bin\java.exe
0x00007ffa0dc80000 - 0x00007ffa0de8f000 	C:\WINDOWS\SYSTEM32\ntdll.dll
0x00007ffa0bae0000 - 0x00007ffa0bb9d000 	C:\WINDOWS\System32\KERNEL32.DLL
0x00007ffa0b520000 - 0x00007ffa0b8ae000 	C:\WINDOWS\System32\KERNELBASE.dll
0x00007ffa0b2e0000 - 0x00007ffa0b3f1000 	C:\WINDOWS\System32\ucrtbase.dll
0x00007ffa02c70000 - 0x00007ffa02c88000 	C:\Program Files\Java\jdk-16.0.1\bin\jli.dll
0x00007ff9dfc50000 - 0x00007ff9dfc69000 	C:\Program Files\Java\jdk-16.0.1\bin\VCRUNTIME140.dll
0x00007ffa0d680000 - 0x00007ffa0d72e000 	C:\WINDOWS\System32\ADVAPI32.dll
0x00007ffa0c490000 - 0x00007ffa0c534000 	C:\WINDOWS\System32\msvcrt.dll
0x00007ffa0c740000 - 0x00007ffa0c7e2000 	C:\WINDOWS\System32\sechost.dll
0x00007ffa0c800000 - 0x00007ffa0c91f000 	C:\WINDOWS\System32\RPCRT4.dll
0x00007ffa0c260000 - 0x00007ffa0c40a000 	C:\WINDOWS\System32\USER32.dll
0x00007ffa0bab0000 - 0x00007ffa0bad6000 	C:\WINDOWS\System32\win32u.dll
0x00007ff9f2410000 - 0x00007ff9f26b1000 	C:\WINDOWS\WinSxS\amd64_microsoft.windows.common-controls_6595b64144ccf1df_6.0.22523.1000_none_26388f37a89e74b7\COMCTL32.dll
0x00007ffa0d790000 - 0x00007ffa0d7b9000 	C:\WINDOWS\System32\GDI32.dll
0x00007ffa0b400000 - 0x00007ffa0b517000 	C:\WINDOWS\System32\gdi32full.dll
0x00007ffa0b8b0000 - 0x00007ffa0b94a000 	C:\WINDOWS\System32\msvcp_win.dll
0x00007ffa03070000 - 0x00007ffa0307a000 	C:\WINDOWS\SYSTEM32\VERSION.dll
0x00007ffa0ce80000 - 0x00007ffa0ceb1000 	C:\WINDOWS\System32\IMM32.DLL
0x00007ffa08210000 - 0x00007ffa0821c000 	C:\Program Files\Java\jdk-16.0.1\bin\vcruntime140_1.dll
0x00007ff9be920000 - 0x00007ff9be9b1000 	C:\Program Files\Java\jdk-16.0.1\bin\msvcp140.dll
0x00007ff949d50000 - 0x00007ff94a8fb000 	C:\Program Files\Java\jdk-16.0.1\bin\server\jvm.dll
0x00007ffa0cc70000 - 0x00007ffa0cc78000 	C:\WINDOWS\System32\PSAPI.DLL
0x00007ffa03ea0000 - 0x00007ffa03ed4000 	C:\WINDOWS\SYSTEM32\WINMM.dll
0x00007ffa06780000 - 0x00007ffa06789000 	C:\WINDOWS\SYSTEM32\WSOCK32.dll
0x00007ffa0c410000 - 0x00007ffa0c481000 	C:\WINDOWS\System32\WS2_32.dll
0x00007ffa0a1a0000 - 0x00007ffa0a1b8000 	C:\WINDOWS\SYSTEM32\kernel.appcore.dll
0x00007ffa067a0000 - 0x00007ffa067aa000 	C:\Program Files\Java\jdk-16.0.1\bin\jimage.dll
0x00007ff9fb790000 - 0x00007ff9fb9b6000 	C:\WINDOWS\SYSTEM32\DBGHELP.DLL
0x00007ffa0bd40000 - 0x00007ffa0c0bc000 	C:\WINDOWS\System32\combase.dll
0x00007ffa0ca00000 - 0x00007ffa0cad7000 	C:\WINDOWS\System32\OLEAUT32.dll
0x00007ff9f3010000 - 0x00007ff9f3041000 	C:\WINDOWS\SYSTEM32\dbgcore.DLL
0x00007ffa0b140000 - 0x00007ffa0b1bb000 	C:\WINDOWS\System32\bcryptPrimitives.dll
0x00007ff9e0660000 - 0x00007ff9e066e000 	C:\Program Files\Java\jdk-16.0.1\bin\instrument.dll
0x00007ff9dfc20000 - 0x00007ff9dfc45000 	C:\Program Files\Java\jdk-16.0.1\bin\java.dll
0x00007ffa0cec0000 - 0x00007ffa0d678000 	C:\WINDOWS\System32\SHELL32.dll
0x00007ffa091d0000 - 0x00007ffa09a26000 	C:\WINDOWS\SYSTEM32\windows.storage.dll
0x00007ffa09090000 - 0x00007ffa091cc000 	C:\WINDOWS\SYSTEM32\wintypes.dll
0x00007ffa0cb70000 - 0x00007ffa0cc61000 	C:\WINDOWS\System32\SHCORE.dll
0x00007ffa0cc80000 - 0x00007ffa0ccdb000 	C:\WINDOWS\System32\shlwapi.dll
0x00007ffa0b070000 - 0x00007ffa0b091000 	C:\WINDOWS\SYSTEM32\profapi.dll
0x00007ff9da6b0000 - 0x00007ff9da6c8000 	C:\Program Files\Java\jdk-16.0.1\bin\zip.dll
0x00007ff9dd0d0000 - 0x00007ff9dd0e9000 	C:\Program Files\Java\jdk-16.0.1\bin\net.dll
0x00007ffa03640000 - 0x00007ffa03752000 	C:\WINDOWS\SYSTEM32\WINHTTP.dll
0x00007ffa0a620000 - 0x00007ffa0a689000 	C:\WINDOWS\system32\mswsock.dll
0x00007ff9dd070000 - 0x00007ff9dd083000 	C:\Program Files\Java\jdk-16.0.1\bin\nio.dll
0x00007ff9da560000 - 0x00007ff9da57a000 	C:\Program Files\JetBrains\IntelliJ IDEA Community Edition 2021.2.1\bin\breakgen64.dll
0x00007ff973720000 - 0x00007ff9738a0000 	C:\Program Files\Java\jdk-16.0.1\bin\awt.dll
0x00007ffa08280000 - 0x00007ffa08313000 	C:\WINDOWS\SYSTEM32\apphelp.dll
0x00007ffa08660000 - 0x00007ffa0868b000 	C:\WINDOWS\system32\DWMAPI.DLL
0x00007ffa083d0000 - 0x00007ffa0847b000 	C:\WINDOWS\system32\uxtheme.dll
0x00007ff9a34f0000 - 0x00007ff9a35f2000 	C:\WINDOWS\system32\opengl32.dll
0x00007ff9a3410000 - 0x00007ff9a343d000 	C:\WINDOWS\SYSTEM32\GLU32.dll
0x00007ffa084e0000 - 0x00007ffa08518000 	C:\WINDOWS\SYSTEM32\dxcore.dll
0x00007ffa0c0c0000 - 0x00007ffa0c1de000 	C:\WINDOWS\System32\MSCTF.dll
0x00007ffa0cce0000 - 0x00007ffa0ce79000 	C:\WINDOWS\System32\ole32.dll
0x00007ff9f8e40000 - 0x00007ff9f8fe7000 	C:\WINDOWS\system32\d3d9.dll
0x00007ff9f69a0000 - 0x00007ff9f6aa7000 	C:\WINDOWS\System32\DriverStore\FileRepository\nvhmig.inf_amd64_c6685fe79c60e4b1\nvldumdx.dll
0x00007ffa0a970000 - 0x00007ffa0a982000 	C:\WINDOWS\SYSTEM32\msasn1.dll
0x00007ff9fea10000 - 0x00007ff9fea41000 	C:\WINDOWS\SYSTEM32\cryptnet.dll
0x00007ffa0b950000 - 0x00007ffa0baac000 	C:\WINDOWS\System32\CRYPT32.dll
0x00007ff9fc3d0000 - 0x00007ff9fc526000 	C:\WINDOWS\SYSTEM32\drvstore.dll
0x00007ffa0ad60000 - 0x00007ffa0ad8c000 	C:\WINDOWS\SYSTEM32\devobj.dll
0x00007ffa0ad10000 - 0x00007ffa0ad5d000 	C:\WINDOWS\SYSTEM32\cfgmgr32.dll
0x00007ffa0a920000 - 0x00007ffa0a961000 	C:\WINDOWS\SYSTEM32\wldp.dll
0x00007ffa0a870000 - 0x00007ffa0a87c000 	C:\WINDOWS\SYSTEM32\cryptbase.dll
0x00007ffa0b280000 - 0x00007ffa0b2e0000 	C:\WINDOWS\System32\WINTRUST.DLL
0x00007ffa0c700000 - 0x00007ffa0c71f000 	C:\WINDOWS\System32\imagehlp.dll
0x00007ffa0a880000 - 0x00007ffa0a898000 	C:\WINDOWS\SYSTEM32\CRYPTSP.dll
0x00007ffa0a100000 - 0x00007ffa0a135000 	C:\WINDOWS\system32\rsaenh.dll
0x00007ffa0aa00000 - 0x00007ffa0aa28000 	C:\WINDOWS\SYSTEM32\bcrypt.dll
0x00007ff9ba1e0000 - 0x00007ff9bb968000 	C:\WINDOWS\System32\DriverStore\FileRepository\nvhmig.inf_amd64_c6685fe79c60e4b1\nvd3dumx.dll
0x00007ff9fabb0000 - 0x00007ff9fabf4000 	C:\WINDOWS\SYSTEM32\directxdatabasehelper.dll
0x00007ff9e6f60000 - 0x00007ff9e7118000 	C:\WINDOWS\System32\DriverStore\FileRepository\u0372545.inf_amd64_56d459236871c3f2\B372333\aticfx64.dll
0x00007ff9d1e30000 - 0x00007ff9d1e64000 	C:\WINDOWS\System32\DriverStore\FileRepository\u0372545.inf_amd64_56d459236871c3f2\B372333\atiu9p64.dll
0x00007ff9b93f0000 - 0x00007ff9ba144000 	C:\WINDOWS\System32\DriverStore\FileRepository\u0372545.inf_amd64_56d459236871c3f2\B372333\atiumd64.dll
0x00000000759d0000 - 0x0000000076845000 	C:\WINDOWS\System32\DriverStore\FileRepository\u0372545.inf_amd64_56d459236871c3f2\B372333\atiumd6a.dll
0x00007ffa0d7c0000 - 0x00007ffa0dc33000 	C:\WINDOWS\System32\SETUPAPI.dll
0x00007ffa0b010000 - 0x00007ffa0b05d000 	C:\WINDOWS\SYSTEM32\POWRPROF.dll
0x00007ffa0aff0000 - 0x00007ffa0b003000 	C:\WINDOWS\SYSTEM32\UMPDC.dll
0x00007ff9e6a00000 - 0x00007ff9e6a30000 	C:\WINDOWS\SYSTEM32\amdihk64.dll
0x00007ff9b8870000 - 0x00007ff9b8b37000 	C:\WINDOWS\system32\nvspcap64.dll
0x00007ffa0a1c0000 - 0x00007ffa0a1f4000 	C:\WINDOWS\SYSTEM32\ntmarta.dll
0x00007ffa0a6b0000 - 0x00007ffa0a6d6000 	C:\WINDOWS\SYSTEM32\gpapi.dll
0x00007ff9be890000 - 0x00007ff9be919000 	C:\Program Files\Java\jdk-16.0.1\bin\freetype.dll
0x00007ff973620000 - 0x00007ff973716000 	C:\Program Files\Java\jdk-16.0.1\bin\harfbuzz.dll
0x00007ff9d67f0000 - 0x00007ff9d6802000 	C:\Program Files\Java\jdk-16.0.1\bin\fontmanager.dll
0x00007ff9f4f20000 - 0x00007ff9f504b000 	C:\WINDOWS\SYSTEM32\textinputframework.dll
0x00007ffa07ff0000 - 0x00007ffa0811e000 	C:\WINDOWS\SYSTEM32\CoreMessaging.dll
0x00007ff9f9e50000 - 0x00007ff9fa1bb000 	C:\WINDOWS\SYSTEM32\CoreUIComponents.dll
0x00007ffa0a720000 - 0x00007ffa0a749000 	C:\WINDOWS\SYSTEM32\USERENV.dll
0x00007ffa09c80000 - 0x00007ffa09cad000 	C:\WINDOWS\SYSTEM32\IPHLPAPI.DLL
0x00007ffa0c730000 - 0x00007ffa0c739000 	C:\WINDOWS\System32\NSI.dll
0x00007ffa03530000 - 0x00007ffa03549000 	C:\WINDOWS\SYSTEM32\dhcpcsvc6.DLL
0x00007ffa03510000 - 0x00007ffa0352e000 	C:\WINDOWS\SYSTEM32\dhcpcsvc.DLL
0x00007ffa09cb0000 - 0x00007ffa09da8000 	C:\WINDOWS\SYSTEM32\DNSAPI.dll
0x00007ff9d3ca0000 - 0x00007ff9d3cbf000 	C:\Users\JNNGL\IdeaProjects\TotalComputers\native.dll
0x00007ff95e5a0000 - 0x00007ff95e6d0000 	C:\Users\JNNGL\IdeaProjects\TotalComputers\rootfs\test\usr\Applications\Web Browser.app\chrome_elf.dll
0x00007ff947ad0000 - 0x00007ff947f82000 	C:\Users\JNNGL\IdeaProjects\TotalComputers\rootfs\test\usr\Applications\Web Browser.app\d3dcompiler_47.dll
0x00007ff92ead0000 - 0x00007ff9388af000 	C:\Users\JNNGL\IdeaProjects\TotalComputers\rootfs\test\usr\Applications\Web Browser.app\libcef.dll
0x00007ffa0c920000 - 0x00007ffa0c9f6000 	C:\WINDOWS\System32\COMDLG32.dll
0x00007ffa06200000 - 0x00007ffa062fe000 	C:\WINDOWS\SYSTEM32\PROPSYS.dll
0x00007ff9f7780000 - 0x00007ff9f77e9000 	C:\WINDOWS\SYSTEM32\OLEACC.dll
0x00007ffa08530000 - 0x00007ffa08625000 	C:\WINDOWS\SYSTEM32\dxgi.dll
0x00007ff9d5020000 - 0x00007ff9d545c000 	C:\WINDOWS\SYSTEM32\UIAutomationCore.DLL
0x00007ff9ed140000 - 0x00007ff9ed14c000 	C:\WINDOWS\SYSTEM32\Secur32.dll
0x00007ff9fc530000 - 0x00007ff9fc548000 	C:\WINDOWS\SYSTEM32\NETAPI32.dll
0x00007ffa09a30000 - 0x00007ffa09a3e000 	C:\WINDOWS\SYSTEM32\HID.DLL
0x00007ffa04110000 - 0x00007ffa04124000 	C:\WINDOWS\SYSTEM32\WTSAPI32.dll
0x00007ffa075d0000 - 0x00007ffa07836000 	C:\WINDOWS\SYSTEM32\DWrite.dll
0x00007ff9e5940000 - 0x00007ff9e5959000 	C:\WINDOWS\SYSTEM32\USP10.dll
0x00007ffa0a9d0000 - 0x00007ffa0a9f9000 	C:\WINDOWS\SYSTEM32\ncrypt.dll
0x00007ff9fc7e0000 - 0x00007ff9fc805000 	C:\WINDOWS\SYSTEM32\dxva2.dll
0x00007ff9f76e0000 - 0x00007ff9f7779000 	C:\WINDOWS\SYSTEM32\WINSPOOL.DRV
0x00007ff9e6c50000 - 0x00007ff9e6cab000 	C:\WINDOWS\SYSTEM32\CRYPTUI.dll
0x00007ff9f8c50000 - 0x00007ff9f8e3d000 	C:\WINDOWS\SYSTEM32\urlmon.dll
0x00007ff9e5580000 - 0x00007ff9e5592000 	C:\WINDOWS\SYSTEM32\credui.dll
0x00007ffa03300000 - 0x00007ffa03355000 	C:\WINDOWS\SYSTEM32\wevtapi.dll
0x00007ff9f2ae0000 - 0x00007ff9f2fd5000 	C:\WINDOWS\SYSTEM32\WININET.dll
0x00007ffa017a0000 - 0x00007ffa01b68000 	C:\WINDOWS\SYSTEM32\ESENT.dll
0x00007ff9e46a0000 - 0x00007ff9e494d000 	C:\WINDOWS\SYSTEM32\iertutil.dll
0x00007ff9e4950000 - 0x00007ff9e4978000 	C:\WINDOWS\SYSTEM32\srvcli.dll
0x00007ffa09c70000 - 0x00007ffa09c7c000 	C:\WINDOWS\SYSTEM32\netutils.dll
0x00007ffa0a410000 - 0x00007ffa0a451000 	C:\WINDOWS\SYSTEM32\SSPICLI.DLL
0x00007ffa06500000 - 0x00007ffa0650a000 	C:\WINDOWS\SYSTEM32\DSROLE.DLL
0x00007ffa032e0000 - 0x00007ffa032f7000 	C:\WINDOWS\SYSTEM32\WKSCLI.DLL
0x00007ff9fd240000 - 0x00007ff9fd259000 	C:\WINDOWS\SYSTEM32\SAMCLI.DLL
0x00007ffa0a990000 - 0x00007ffa0a9c7000 	C:\WINDOWS\SYSTEM32\NTASN1.dll

dbghelp: loaded successfully - version: 4.0.5 - missing functions: none
symbol engine: initialized successfully - sym options: 0x614 - pdb path: .;C:\Program Files\Java\jdk-16.0.1\bin;C:\WINDOWS\SYSTEM32;C:\WINDOWS\WinSxS\amd64_microsoft.windows.common-controls_6595b64144ccf1df_6.0.22523.1000_none_26388f37a89e74b7;C:\Program Files\Java\jdk-16.0.1\bin\server;C:\Program Files\JetBrains\IntelliJ IDEA Community Edition 2021.2.1\bin;C:\WINDOWS\System32\DriverStore\FileRepository\nvhmig.inf_amd64_c6685fe79c60e4b1;C:\WINDOWS\System32\DriverStore\FileRepository\u0372545.inf_amd64_56d459236871c3f2\B372333;C:\Users\JNNGL\IdeaProjects\TotalComputers;C:\Users\JNNGL\IdeaProjects\TotalComputers\rootfs\test\usr\Applications\Web Browser.app;C:\Users\JNNGL\IdeaProjects\TotalComputers\rootfs\test\usr\Applications\Web Browser.app\swiftshader

VM Arguments:
jvm_args: -Djava.library.path=C:\Users\JNNGL\IdeaProjects\TotalComputers;C:\Users\JNNGL\IdeaProjects\TotalComputers\win64 -javaagent:C:\Program Files\JetBrains\IntelliJ IDEA Community Edition 2021.2.1\lib\idea_rt.jar=53743:C:\Program Files\JetBrains\IntelliJ IDEA Community Edition 2021.2.1\bin -Dfile.encoding=UTF-8 
java_command: com.jnngl.totalcomputers.system.TotalOS$Test
java_class_path (initial): C:\Users\JNNGL\IdeaProjects\TotalComputers\out\production\TotalComputers;C:\Users\JNNGL\Desktop\server\craftbukkit-1.12.2.jar;C:\Users\JNNGL\IdeaProjects\TotalComputers\lwjgl\joml-1.10.3.jar;C:\Users\JNNGL\IdeaProjects\TotalComputers\lwjgl\lwjgl-glfw-natives-linux-arm32.jar;C:\Users\JNNGL\IdeaProjects\TotalComputers\lwjgl\lwjgl-glfw-natives-linux-arm64.jar;C:\Users\JNNGL\IdeaProjects\TotalComputers\lwjgl\lwjgl-glfw-natives-linux.jar;C:\Users\JNNGL\IdeaProjects\TotalComputers\lwjgl\lwjgl-glfw-natives-macos-arm64.jar;C:\Users\JNNGL\IdeaProjects\TotalComputers\lwjgl\lwjgl-glfw-natives-macos.jar;C:\Users\JNNGL\IdeaProjects\TotalComputers\lwjgl\lwjgl-glfw-natives-windows-arm64.jar;C:\Users\JNNGL\IdeaProjects\TotalComputers\lwjgl\lwjgl-glfw-natives-windows-x86.jar;C:\Users\JNNGL\IdeaProjects\TotalComputers\lwjgl\lwjgl-glfw-natives-windows.jar;C:\Users\JNNGL\IdeaProjects\TotalComputers\lwjgl\lwjgl-glfw.jar;C:\Users\JNNGL\IdeaProjects\TotalComputers\lwjgl\lwjgl-natives-linux-arm32.jar;C:\Users\JNNGL\IdeaProjects\TotalComputers\lwjgl\lwjgl-natives-linux-arm64.jar;C:\Users\JNNGL\IdeaProjects\TotalComputers\lwjgl\lwjgl-natives-linux.jar;C:\Users\JNNGL\IdeaProjects\TotalComputers\lwjgl\lwjgl-natives-macos-arm64.jar;C:\Users\JNNGL\IdeaProjects\TotalComputers\lwjgl\lwjgl-natives-macos.jar;C:\Users\JNNGL\IdeaProjects\TotalComputers\lwjgl\lwjgl-natives-windows-arm64.jar;C:\Users\JNNGL\IdeaProjects\TotalComputers\lwjgl\lwjgl-natives-windows-x86.jar;C:\Users\JNNGL\IdeaProjects\TotalComputers\lwjgl\lwjgl-natives-windows.jar;C:\Users\JNNGL\IdeaProjects\TotalComputers\lwjgl\lwjgl-opengl-natives-linux-arm32.jar;C:\Users\JNNGL\IdeaProjects\TotalComputers\lwjgl\lwjgl-opengl-natives-linux-arm64.jar;C:\Users\JNNGL\IdeaProjects\TotalComputers\lwjgl\lwjgl-opengl-natives-linux.jar;C:\Users\JNNGL\IdeaProjects\TotalComputers\lwjgl\lwjgl-opengl-natives-macos-arm64.jar;C:\Users\JNNGL\IdeaProjects\TotalComputers\lwjgl\lwjgl-opengl-natives-macos.jar;C:\Users\JNNGL\IdeaPro
Launcher Type: SUN_STANDARD

[Global flags]
     intx CICompilerCount                          = 12                                        {product} {ergonomic}
     uint ConcGCThreads                            = 3                                         {product} {ergonomic}
     uint G1ConcRefinementThreads                  = 13                                        {product} {ergonomic}
   size_t G1HeapRegionSize                         = 2097152                                   {product} {ergonomic}
    uintx GCDrainStackTargetSize                   = 64                                        {product} {ergonomic}
   size_t InitialHeapSize                          = 257949696                                 {product} {ergonomic}
   size_t MarkStackSize                            = 4194304                                   {product} {ergonomic}
   size_t MaxHeapSize                              = 4125097984                                {product} {ergonomic}
   size_t MaxNewSize                               = 2474639360                                {product} {ergonomic}
   size_t MinHeapDeltaBytes                        = 2097152                                   {product} {ergonomic}
   size_t MinHeapSize                              = 8388608                                   {product} {ergonomic}
    uintx NonNMethodCodeHeapSize                   = 7602480                                {pd product} {ergonomic}
    uintx NonProfiledCodeHeapSize                  = 122027880                              {pd product} {ergonomic}
    uintx ProfiledCodeHeapSize                     = 122027880                              {pd product} {ergonomic}
    uintx ReservedCodeCacheSize                    = 251658240                              {pd product} {ergonomic}
     bool SegmentedCodeCache                       = true                                      {product} {ergonomic}
   size_t SoftMaxHeapSize                          = 4125097984                             {manageable} {ergonomic}
     bool UseCompressedClassPointers               = true                           {product lp64_product} {ergonomic}
     bool UseCompressedOops                        = true                           {product lp64_product} {ergonomic}
     bool UseG1GC                                  = true                                      {product} {ergonomic}
     bool UseLargePagesIndividualAllocation        = false                                  {pd product} {ergonomic}

Logging:
Log output configuration:
 #0: stdout all=warning uptime,level,tags
 #1: stderr all=off uptime,level,tags

Environment Variables:
PATH=C:\Program Files\NVIDIA GPU Computing Toolkit\CUDA\v11.5\bin;C:\Program Files\ImageMagick-7.1.0-Q16-HDRI;C:\Program Files (x86)\VMware\VMware Player\bin\;C:\VulkanSDK\1.2.176.1\Bin;C:\Program Files\NVIDIA GPU Computing Toolkit\CUDA\v11.3\bin;C:\Program Files\NVIDIA GPU Computing Toolkit\CUDA\v11.3\libnvvp;C:\Program Files\Common Files\Oracle\Java\javapath;C:\windows\system32;C:\windows;C:\windows\System32\Wbem;C:\windows\System32\WindowsPowerShell\v1.0\;C:\windows\System32\OpenSSH\;C:\Program Files (x86)\NVIDIA Corporation\PhysX\Common;C:\Program Files\NVIDIA Corporation\NVIDIA NvDLISR;C:\Program Files\Git\cmd;C:\Program Files (x86)\Microsoft Visual Studio\2019\Community\VC\Tools\MSVC\14.28.29910\bin\Hostx64\x64;C:\Program Files\mingw-w64\x86_64-8.1.0-posix-seh-rt_v6-rev0\mingw64\bin;C:\WINDOWS\system32;C:\WINDOWS;C:\WINDOWS\System32\Wbem;C:\WINDOWS\System32\WindowsPowerShell\v1.0\;C:\WINDOWS\System32\OpenSSH\;C:\Program Files\NVIDIA Corporation\Nsight Compute 2021.3.1\;C:\Program Files\dotnet\;%SystemRoot%\system32;%SystemRoot%;%SystemRoot%\System32\Wbem;%SYSTEMROOT%\System32\WindowsPowerShell\v1.0\;%SYSTEMROOT%\System32\OpenSSH\;C:\Users\JNNGL\AppData\Local\Microsoft\WindowsApps;C:\Program Files\CMake\bin;C:\Users\JNNGL\AppData\Local\Programs\Microsoft VS Code\bin;C:\Gradle\gradle-7.0.2\bin;C:\Users\JNNGL\AppData\Local\GitHubDesktop\bin;C:\Program Files (x86)\Microsoft Visual Studio\2019\Community\VC\Tools\MSVC\14.28.29910\bin\Hostx64\x64;C:\Program Files\mingw-w64\x86_64-8.1.0-posix-seh-rt_v6-rev0\mingw64\bin;C:\Users\JNNGL\.dotnet\tools;C:\Program Files\qemu;
USERNAME=JNNGL
OS=Windows_NT
PROCESSOR_IDENTIFIER=AMD64 Family 23 Model 96 Stepping 1, AuthenticAMD



---------------  S Y S T E M  ---------------

OS:
 Windows 10 , 64 bit Build 22523 (10.0.22523.1000)
OS uptime: 1 days 19:12 hours

CPU: total 16 (initial active 16) (16 cores per cpu, 2 threads per core) family 23 model 96 stepping 1 microcode 0x0, cx8, cmov, fxsr, ht, mmx, 3dnowpref, sse, sse2, sse3, ssse3, sse4a, sse4.1, sse4.2, popcnt, lzcnt, tsc, tscinvbit, avx, avx2, aes, clmul, bmi1, bmi2, adx, sha, fma, vzeroupper, clflush, clflushopt

Memory: 4k page, system-wide physical 15731M (4893M free)
TotalPageFile size 23969M (AvailPageFile size 3496M)
current process WorkingSet (physical memory assigned to process): 285M, peak: 285M
current process commit charge ("private bytes"): 495M, peak: 514M

vm_info: Java HotSpot(TM) 64-Bit Server VM (16.0.1+9-24) for windows-amd64 JRE (16.0.1+9-24), built on Mar 26 2021 19:31:42 by "mach5one" with MS VC++ 16.7 (VS2019)

END.
