#
# A fatal error has been detected by the Java Runtime Environment:
#
#  EXCEPTION_ACCESS_VIOLATION (0xc0000005) at pc=0x00007ff949d5c700, pid=31272, tid=24704
#
# JRE version: Java(TM) SE Runtime Environment (16.0.1+9) (build 16.0.1+9-24)
# Java VM: Java HotSpot(TM) 64-Bit Server VM (16.0.1+9-24, mixed mode, sharing, tiered, compressed oops, compressed class ptrs, g1 gc, windows-amd64)
# Problematic frame:
# V  [jvm.dll+0xc700]
#
# No core dump will be written. Minidumps are not enabled by default on client versions of Windows
#
# If you would like to submit a bug report, please visit:
#   https://bugreport.java.com/bugreport/crash.jsp
#

---------------  S U M M A R Y ------------

Command Line: -Djava.library.path=C:\Users\JNNGL\IdeaProjects\TotalComputers;C:\Users\JNNGL\IdeaProjects\TotalComputers\win64 -javaagent:C:\Program Files\JetBrains\IntelliJ IDEA Community Edition 2021.2.1\lib\idea_rt.jar=52440:C:\Program Files\JetBrains\IntelliJ IDEA Community Edition 2021.2.1\bin -Dfile.encoding=UTF-8 com.jnngl.totalcomputers.system.TotalOS$Test

Host: AMD Ryzen 7 4800H with Radeon Graphics         , 16 cores, 15G,  Windows 10 , 64 bit Build 22523 (10.0.22523.1000)
Time: Sun Feb 27 14:48:02 2022  Windows 10 , 64 bit Build 22523 (10.0.22523.1000) elapsed time: 5.701697 seconds (0d 0h 0m 5s)

---------------  T H R E A D  ---------------

Current thread (0x0000017d0bf5a010):  JavaThread "AWT-EventQueue-0" [_thread_in_vm, id=24704, stack(0x0000000867d80000,0x0000000867e80000)]

Stack: [0x0000000867d80000,0x0000000867e80000],  sp=0x0000000867e7d1f8,  free space=1012k
Native frames: (J=compiled Java code, j=interpreted, Vv=VM code, C=native code)
V  [jvm.dll+0xc700]

Java frames: (J=compiled Java code, j=interpreted, Vv=VM code)
j  com.jnngl.system.NativeWindowApplication._Render(Ljava/awt/Graphics2D;)V+0
j  com.jnngl.system.NativeWindowApplication.ExtRender(Ljava/awt/Graphics2D;)V+2
j  com.jnngl.system.NativeWindowApplication.render(Ljava/awt/Graphics2D;)V+2
j  com.jnngl.totalcomputers.system.desktop.WindowApplication.renderCanvas()V+10
v  ~StubRoutines::call_stub
j  com.jnngl.system.NativeWindowApplication._Update()V+0
j  com.jnngl.system.NativeWindowApplication.ExtUpdate()V+1
j  com.jnngl.system.NativeWindowApplication.update()V+1
j  com.jnngl.totalcomputers.system.states.Desktop.update()V+30
j  com.jnngl.totalcomputers.system.states.StateManager.update()V+11
j  com.jnngl.totalcomputers.system.TotalOS.renderFrame()V+4
j  com.jnngl.totalcomputers.system.TotalOS$Test.paint(Ljava/awt/Graphics;)V+4
j  javax.swing.JComponent.paintChildren(Ljava/awt/Graphics;)V+523 java.desktop@16.0.1
j  javax.swing.JComponent.paint(Ljava/awt/Graphics;)V+318 java.desktop@16.0.1
j  javax.swing.JComponent.paintChildren(Ljava/awt/Graphics;)V+523 java.desktop@16.0.1
j  javax.swing.JComponent.paint(Ljava/awt/Graphics;)V+318 java.desktop@16.0.1
j  javax.swing.JLayeredPane.paint(Ljava/awt/Graphics;)V+73 java.desktop@16.0.1
j  javax.swing.JComponent.paintChildren(Ljava/awt/Graphics;)V+523 java.desktop@16.0.1
j  javax.swing.JComponent.paintToOffscreen(Ljava/awt/Graphics;IIIIII)V+72 java.desktop@16.0.1
j  javax.swing.RepaintManager$PaintManager.paintDoubleBufferedFPScales(Ljavax/swing/JComponent;Ljava/awt/Image;Ljava/awt/Graphics;IIII)V+320 java.desktop@16.0.1
j  javax.swing.RepaintManager$PaintManager.paintDoubleBuffered(Ljavax/swing/JComponent;Ljava/awt/Image;Ljava/awt/Graphics;IIII)V+28 java.desktop@16.0.1
j  javax.swing.RepaintManager$PaintManager.paint(Ljavax/swing/JComponent;Ljavax/swing/JComponent;Ljava/awt/Graphics;IIII)Z+128 java.desktop@16.0.1
j  javax.swing.RepaintManager.paint(Ljavax/swing/JComponent;Ljavax/swing/JComponent;Ljava/awt/Graphics;IIII)V+52 java.desktop@16.0.1
j  javax.swing.JComponent.paint(Ljava/awt/Graphics;)V+221 java.desktop@16.0.1
j  java.awt.GraphicsCallback$PaintCallback.run(Ljava/awt/Component;Ljava/awt/Graphics;)V+2 java.desktop@16.0.1
j  sun.awt.SunGraphicsCallback.runOneComponent(Ljava/awt/Component;Ljava/awt/Rectangle;Ljava/awt/Graphics;Ljava/awt/Shape;I)V+130 java.desktop@16.0.1
j  sun.awt.SunGraphicsCallback.runComponents([Ljava/awt/Component;Ljava/awt/Graphics;I)V+157 java.desktop@16.0.1
j  java.awt.Container.paint(Ljava/awt/Graphics;)V+58 java.desktop@16.0.1
j  java.awt.Window.paint(Ljava/awt/Graphics;)V+68 java.desktop@16.0.1
j  javax.swing.RepaintManager$4.run()Ljava/lang/Void;+142 java.desktop@16.0.1
j  javax.swing.RepaintManager$4.run()Ljava/lang/Object;+1 java.desktop@16.0.1
J 1891 c1 java.security.ProtectionDomain$JavaSecurityAccessImpl.doIntersectionPrivilege(Ljava/security/PrivilegedAction;Ljava/security/AccessControlContext;Ljava/security/AccessControlContext;)Ljava/lang/Object; java.base@16.0.1 (22 bytes) @ 0x0000017d689b05d4 [0x0000017d689b0340+0x0000000000000294]
j  javax.swing.RepaintManager.paintDirtyRegions(Ljava/util/Map;)V+154 java.desktop@16.0.1
j  javax.swing.RepaintManager.paintDirtyRegions()V+46 java.desktop@16.0.1
j  javax.swing.RepaintManager.prePaintDirtyRegions()V+73 java.desktop@16.0.1
j  javax.swing.RepaintManager$ProcessingRunnable.run()V+37 java.desktop@16.0.1
j  java.awt.event.InvocationEvent.dispatch()V+47 java.desktop@16.0.1
j  java.awt.EventQueue.dispatchEventImpl(Ljava/awt/AWTEvent;Ljava/lang/Object;)V+21 java.desktop@16.0.1
j  java.awt.EventQueue$4.run()Ljava/lang/Void;+32 java.desktop@16.0.1
j  java.awt.EventQueue$4.run()Ljava/lang/Object;+1 java.desktop@16.0.1
J 1891 c1 java.security.ProtectionDomain$JavaSecurityAccessImpl.doIntersectionPrivilege(Ljava/security/PrivilegedAction;Ljava/security/AccessControlContext;Ljava/security/AccessControlContext;)Ljava/lang/Object; java.base@16.0.1 (22 bytes) @ 0x0000017d689b05d4 [0x0000017d689b0340+0x0000000000000294]
j  java.awt.EventQueue.dispatchEvent(Ljava/awt/AWTEvent;)V+46 java.desktop@16.0.1
j  java.awt.EventDispatchThread.pumpOneEventForFilters(I)V+78 java.desktop@16.0.1
j  java.awt.EventDispatchThread.pumpEventsForFilter(ILjava/awt/Conditional;Ljava/awt/EventFilter;)V+35 java.desktop@16.0.1
j  java.awt.EventDispatchThread.pumpEventsForHierarchy(ILjava/awt/Conditional;Ljava/awt/Component;)V+11 java.desktop@16.0.1
j  java.awt.EventDispatchThread.pumpEvents(ILjava/awt/Conditional;)V+4 java.desktop@16.0.1
j  java.awt.EventDispatchThread.pumpEvents(Ljava/awt/Conditional;)V+3 java.desktop@16.0.1
j  java.awt.EventDispatchThread.run()V+9 java.desktop@16.0.1
v  ~StubRoutines::call_stub

siginfo: EXCEPTION_ACCESS_VIOLATION (0xc0000005), reading address 0x0000017d0f4fc000


Register to memory mapping:

RIP=0x00007ff949d5c700 jvm.dll
RAX=0x0 is NULL
RBX=0x0000017d0bf5a010 is a thread
RCX=0x0000017d0f44b100 points into unknown readable memory: 0xffffffffffffffff | ff ff ff ff ff ff ff ff
RDX=0x000000070bcb0f10 is pointing into object: [I 
{0x000000070bc00000} - klass: {type array int}
 - length: 720896
RSP=0x0000000867e7d1f8 is pointing into the stack for thread: 0x0000017d0bf5a010
RBP=0x0 is NULL
RSI=0x00000000000b0000 is an unknown value
RDI=0x000000070bc00000 is an oop: [I 
{0x000000070bc00000} - klass: {type array int}
 - length: 720896
R8 =0x0000000000083c40 is an unknown value
R9 =0x000001760384b0f0 is an unknown value
R10=0x00007ff94a7c33d0 jvm.dll
R11=0x0000000867e7d1d0 is pointing into the stack for thread: 0x0000017d0bf5a010
R12=0x0 is NULL
R13={method} {0x0000017d10d02010} '_Render' '(Ljava/awt/Graphics2D;)V' in 'com/jnngl/system/NativeWindowApplication'
R14=0x0 is NULL
R15=0x0000000000000010 is an unknown value


Registers:
RAX=0x0000000000000000, RBX=0x0000017d0bf5a010, RCX=0x0000017d0f44b100, RDX=0x000000070bcb0f10
RSP=0x0000000867e7d1f8, RBP=0x0000000000000000, RSI=0x00000000000b0000, RDI=0x000000070bc00000
R8 =0x0000000000083c40, R9 =0x000001760384b0f0, R10=0x00007ff94a7c33d0, R11=0x0000000867e7d1d0
R12=0x0000000000000000, R13=0x0000017d10d02008, R14=0x0000000000000000, R15=0x0000000000000010
RIP=0x00007ff949d5c700, EFLAGS=0x0000000000010202

Top of Stack: (sp=0x0000000867e7d1f8)
0x0000000867e7d1f8:   00007ff94a12fba3 0000017d0bf5a010
0x0000000867e7d208:   0000000000000000 00000000000b0000
0x0000000867e7d218:   00000000000003d8 0000017d0bf5a010
0x0000000867e7d228:   0000000000000000 0000017d0bf5a010
0x0000000867e7d238:   0000000000000000 0000017d0bf5a010
0x0000000867e7d248:   0000000867e7d3e8 0000017d0f44b100
0x0000000867e7d258:   00007ff9b6c68496 0000017d04a63770
0x0000000867e7d268:   0000000867e7d3c0 00000000000b0000
0x0000000867e7d278:   00007ff9b6c92b00 0000017d0f44b100
0x0000000867e7d288:   00007ff9b6c93888 0000000867e7d3e0
0x0000000867e7d298:   00007ff9b6c345c6 0000000867e7d2f0
0x0000000867e7d2a8:   0000000000000000 0000000867e7d3e0
0x0000000867e7d2b8:   0000000000000000 0000000867e7d3e8
0x0000000867e7d2c8:   00007ff9b6c37739 0000000867e7d2f0
0x0000000867e7d2d8:   0000000867e7d3e8 0000000867e7d3e8
0x0000000867e7d2e8:   0000000000000000 0000000867e7d3e0 

Instructions: (pc=0x00007ff949d5c700)
0x00007ff949d5c600:   48 8d 05 e9 b6 81 00 48 83 c4 28 c3 48 8d 05 fd
0x00007ff949d5c610:   b6 81 00 48 83 c4 28 c3 80 3d ea 61 a6 00 00 48
0x00007ff949d5c620:   8d 0d 22 b6 81 00 48 8d 05 3b b6 81 00 48 0f 45
0x00007ff949d5c630:   c1 48 83 c4 28 c3 cc cc cc cc cc cc cc cc cc cc
0x00007ff949d5c640:   48 8d 05 c1 b5 81 00 c3 cc cc cc cc cc cc cc cc
0x00007ff949d5c650:   48 8d 05 91 b7 81 00 c3 cc cc cc cc cc cc cc cc
0x00007ff949d5c660:   48 8d 05 71 b7 81 00 c3 cc cc cc cc cc cc cc cc
0x00007ff949d5c670:   48 8d 05 b9 b5 81 00 c3 cc cc cc cc cc cc cc cc
0x00007ff949d5c680:   48 8b c2 48 8b d1 48 8b c8 e9 5e 91 81 00 cc cc
0x00007ff949d5c690:   4c 8b c9 48 3b ca 76 1b 4d 85 c0 74 45 4c 2b ca
0x00007ff949d5c6a0:   41 0f b7 04 11 66 89 02 48 8d 52 02 49 83 e8 01
0x00007ff949d5c6b0:   75 ee c3 4b 8d 04 00 48 8d 4a fe 48 03 c8 4d 85
0x00007ff949d5c6c0:   c0 74 1f 48 2b c1 4a 8d 14 08 66 0f 1f 44 00 00
0x00007ff949d5c6d0:   0f b7 44 0a fe 66 89 01 48 8d 49 fe 49 83 e8 01
0x00007ff949d5c6e0:   75 ee c3 cc cc cc cc cc cc cc cc cc cc cc cc cc
0x00007ff949d5c6f0:   4c 8b c9 48 3b ca 76 19 4d 85 c0 74 43 4c 2b ca
0x00007ff949d5c700:   41 8b 04 11 89 02 48 8d 52 04 49 83 e8 01 75 f0
0x00007ff949d5c710:   c3 4a 8d 04 85 00 00 00 00 48 8d 4a fc 48 03 c8
0x00007ff949d5c720:   4d 85 c0 74 1b 48 2b c1 4a 8d 14 08 0f 1f 40 00
0x00007ff949d5c730:   8b 44 0a fc 89 01 48 8d 49 fc 49 83 e8 01 75 f0
0x00007ff949d5c740:   c3 cc cc cc cc cc cc cc cc cc cc cc cc cc cc cc
0x00007ff949d5c750:   4c 8b c9 48 3b ca 76 1a 4d 85 c0 74 45 4c 2b ca
0x00007ff949d5c760:   49 8b 04 11 48 89 02 48 8d 52 08 49 83 e8 01 75
0x00007ff949d5c770:   ef c3 4a 8d 04 c5 00 00 00 00 48 8d 4a f8 48 03
0x00007ff949d5c780:   c8 4d 85 c0 74 1c 48 2b c1 4a 8d 14 08 0f 1f 00
0x00007ff949d5c790:   48 8b 44 0a f8 48 89 01 48 8d 49 f8 49 83 e8 01
0x00007ff949d5c7a0:   75 ee c3 cc cc cc cc cc cc cc cc cc cc cc cc cc
0x00007ff949d5c7b0:   e9 bb 39 23 00 cc cc cc cc cc cc cc cc cc cc cc
0x00007ff949d5c7c0:   4c 8b ca 49 83 f8 08 77 53 48 8d 15 30 38 ff ff
0x00007ff949d5c7d0:   42 8b 84 82 30 c8 00 00 48 03 c2 ff e0 48 8b 41
0x00007ff949d5c7e0:   38 49 89 41 38 48 8b 41 30 49 89 41 30 48 8b 41
0x00007ff949d5c7f0:   28 49 89 41 28 48 8b 41 20 49 89 41 20 48 8b 41 


Stack slot to memory mapping:
stack at sp + 0 slots: 0x00007ff94a12fba3 jvm.dll
stack at sp + 1 slots: 0x0000017d0bf5a010 is a thread
stack at sp + 2 slots: 0x0 is NULL
stack at sp + 3 slots: 0x00000000000b0000 is an unknown value
stack at sp + 4 slots: 0x00000000000003d8 is an unknown value
stack at sp + 5 slots: 0x0000017d0bf5a010 is a thread
stack at sp + 6 slots: 0x0 is NULL
stack at sp + 7 slots: 0x0000017d0bf5a010 is a thread


---------------  P R O C E S S  ---------------

Threads class SMR info:
_java_thread_list=0x0000017d0c075fe0, length=22, elements={
0x0000017d7fc0aa10, 0x0000017d7fc0b1f0, 0x0000017d7fc1b3c0, 0x0000017d7fc1d8f0,
0x0000017d7fc22220, 0x0000017d7fc22740, 0x0000017d7fc26870, 0x0000017d04808140,
0x0000017d048086a0, 0x0000017d7fbea800, 0x0000017d048fd720, 0x0000017d04c3a2f0,
0x0000017d04c3a810, 0x0000017d04d75a40, 0x0000017d04d791a0, 0x0000017d04d7c600,
0x0000017d0bf5a010, 0x0000017d0bfa9260, 0x0000017d607d7c00, 0x0000017d0bf9d960,
0x0000017d0c089d30, 0x0000017d0c0582c0
}

Java Threads: ( => current thread )
  0x0000017d7fc0aa10 JavaThread "Reference Handler" daemon [_thread_blocked, id=30176, stack(0x0000000865f00000,0x0000000866000000)]
  0x0000017d7fc0b1f0 JavaThread "Finalizer" daemon [_thread_blocked, id=18704, stack(0x0000000866000000,0x0000000866100000)]
  0x0000017d7fc1b3c0 JavaThread "Signal Dispatcher" daemon [_thread_blocked, id=2328, stack(0x0000000866100000,0x0000000866200000)]
  0x0000017d7fc1d8f0 JavaThread "Attach Listener" daemon [_thread_blocked, id=30384, stack(0x0000000866200000,0x0000000866300000)]
  0x0000017d7fc22220 JavaThread "Service Thread" daemon [_thread_blocked, id=28460, stack(0x0000000866300000,0x0000000866400000)]
  0x0000017d7fc22740 JavaThread "Monitor Deflation Thread" daemon [_thread_blocked, id=26048, stack(0x0000000866400000,0x0000000866500000)]
  0x0000017d7fc26870 JavaThread "C2 CompilerThread0" daemon [_thread_blocked, id=9736, stack(0x0000000866500000,0x0000000866600000)]
  0x0000017d04808140 JavaThread "C1 CompilerThread0" daemon [_thread_blocked, id=26940, stack(0x0000000866600000,0x0000000866700000)]
  0x0000017d048086a0 JavaThread "Sweeper thread" daemon [_thread_blocked, id=19532, stack(0x0000000866700000,0x0000000866800000)]
  0x0000017d7fbea800 JavaThread "Common-Cleaner" daemon [_thread_blocked, id=22520, stack(0x0000000866800000,0x0000000866900000)]
  0x0000017d048fd720 JavaThread "C1 CompilerThread1" daemon [_thread_blocked, id=14852, stack(0x0000000866900000,0x0000000866a00000)]
  0x0000017d04c3a2f0 JavaThread "Monitor Ctrl-Break" daemon [_thread_in_native, id=22612, stack(0x0000000866d00000,0x0000000866e00000)]
  0x0000017d04c3a810 JavaThread "Notification Thread" daemon [_thread_blocked, id=30428, stack(0x0000000866e00000,0x0000000866f00000)]
  0x0000017d04d75a40 JavaThread "Java2D Disposer" daemon [_thread_blocked, id=11404, stack(0x0000000867000000,0x0000000867100000)]
  0x0000017d04d791a0 JavaThread "AWT-Shutdown" [_thread_blocked, id=7764, stack(0x0000000867100000,0x0000000867200000)]
  0x0000017d04d7c600 JavaThread "AWT-Windows" daemon [_thread_in_native, id=12220, stack(0x0000000867200000,0x0000000867300000)]
=>0x0000017d0bf5a010 JavaThread "AWT-EventQueue-0" [_thread_in_vm, id=24704, stack(0x0000000867d80000,0x0000000867e80000)]
  0x0000017d0bfa9260 JavaThread "pool-1-thread-1" [_thread_blocked, id=9900, stack(0x0000000867e80000,0x0000000867f80000)]
  0x0000017d607d7c00 JavaThread "DestroyJavaVM" [_thread_blocked, id=22056, stack(0x0000000865800000,0x0000000865900000)]
  0x0000017d0bf9d960 JavaThread "D3D Screen Updater" daemon [_thread_blocked, id=22652, stack(0x0000000867f80000,0x0000000868080000)]
  0x0000017d0c089d30 JavaThread "C1 CompilerThread2" daemon [_thread_blocked, id=17836, stack(0x0000000868110000,0x0000000868210000)]
  0x0000017d0c0582c0 JavaThread "C1 CompilerThread3" daemon [_thread_blocked, id=31236, stack(0x0000000868410000,0x0000000868510000)]

Other Threads:
  0x0000017d7fc05fb0 VMThread "VM Thread" [stack: 0x0000000865e00000,0x0000000865f00000] [id=13456]
  0x0000017d04bfaa70 WatcherThread [stack: 0x0000000866f00000,0x0000000867000000] [id=2136]
  0x0000017d60826b50 GCTaskThread "GC Thread#0" [stack: 0x0000000865900000,0x0000000865a00000] [id=12884]
  0x0000017d0504cd10 GCTaskThread "GC Thread#1" [stack: 0x0000000868510000,0x0000000868610000] [id=24320]
  0x0000017d0504ca00 GCTaskThread "GC Thread#2" [stack: 0x0000000868610000,0x0000000868710000] [id=23772]
  0x0000017d0c27e630 GCTaskThread "GC Thread#3" [stack: 0x0000000868710000,0x0000000868810000] [id=22916]
  0x0000017d0c2801c0 GCTaskThread "GC Thread#4" [stack: 0x0000000868810000,0x0000000868910000] [id=26368]
  0x0000017d0c280af0 GCTaskThread "GC Thread#5" [stack: 0x0000000868910000,0x0000000868a10000] [id=3348]
  0x0000017d0c27f890 GCTaskThread "GC Thread#6" [stack: 0x0000000868a10000,0x0000000868b10000] [id=29452]
  0x0000017d0c27f270 GCTaskThread "GC Thread#7" [stack: 0x0000000868b10000,0x0000000868c10000] [id=26472]
  0x0000017d0c27ef60 GCTaskThread "GC Thread#8" [stack: 0x0000000868c10000,0x0000000868d10000] [id=9180]
  0x0000017d0c27fba0 GCTaskThread "GC Thread#9" [stack: 0x0000000868d10000,0x0000000868e10000] [id=10080]
  0x0000017d0c27e940 GCTaskThread "GC Thread#10" [stack: 0x0000000869f10000,0x000000086a010000] [id=31840]
  0x0000017d608368f0 ConcurrentGCThread "G1 Main Marker" [stack: 0x0000000865a00000,0x0000000865b00000] [id=27424]
  0x0000017d5e54c460 ConcurrentGCThread "G1 Conc#0" [stack: 0x0000000865b00000,0x0000000865c00000] [id=23568]
  0x0000017d6089e2e0 ConcurrentGCThread "G1 Refine#0" [stack: 0x0000000865c00000,0x0000000865d00000] [id=24152]
  0x0000017d6089e780 ConcurrentGCThread "G1 Service" [stack: 0x0000000865d00000,0x0000000865e00000] [id=25032]

Threads with active compile tasks:

VM state: not at safepoint (normal execution)

VM Mutex/Monitor currently owned by a thread: None

Heap address: 0x000000070a200000, size: 3934 MB, Compressed Oops mode: Zero based, Oop shift amount: 3

CDS archive(s) mapped at: [0x0000000800000000-0x0000000800bb0000-0x0000000800bb0000), size 12255232, SharedBaseAddress: 0x0000000800000000, ArchiveRelocationMode: 0.
Compressed class space mapped at: 0x0000000800c00000-0x0000000840c00000, reserved size: 1073741824
Narrow klass base: 0x0000000800000000, Narrow klass shift: 3, Narrow klass range: 0x100000000

GC Precious Log:
 CPUs: 16 total, 16 available
 Memory: 15731M
 Large Page Support: Disabled
 NUMA Support: Disabled
 Compressed Oops: Enabled (Zero based)
 Heap Region Size: 2M
 Heap Min Capacity: 8M
 Heap Initial Capacity: 246M
 Heap Max Capacity: 3934M
 Pre-touch: Disabled
 Parallel Workers: 13
 Concurrent Workers: 3
 Concurrent Refinement Workers: 13
 Periodic GC: Disabled

Heap:
 garbage-first heap   total 251904K, used 106698K [0x000000070a200000, 0x0000000800000000)
  region size 2048K, 3 young (6144K), 1 survivors (2048K)
 Metaspace       used 9583K, committed 9792K, reserved 1064960K
  class space    used 935K, committed 1024K, reserved 1048576K

Heap Regions: E=young(eden), S=young(survivor), O=old, HS=humongous(starts), HC=humongous(continues), CS=collection set, F=free, OA=open archive, CA=closed archive, TAMS=top-at-mark-start (previous, next)
|   0|0x000000070a200000, 0x000000070a400000, 0x000000070a400000|100%|HS|  |TAMS 0x000000070a200000, 0x000000070a400000| Complete 
|   1|0x000000070a400000, 0x000000070a600000, 0x000000070a600000|100%|HC|  |TAMS 0x000000070a400000, 0x000000070a600000| Complete 
|   2|0x000000070a600000, 0x000000070a800000, 0x000000070a800000|100%|HS|  |TAMS 0x000000070a600000, 0x000000070a800000| Complete 
|   3|0x000000070a800000, 0x000000070aa00000, 0x000000070aa00000|100%|HC|  |TAMS 0x000000070a800000, 0x000000070aa00000| Complete 
|   4|0x000000070aa00000, 0x000000070ac00000, 0x000000070ac00000|100%|HS|  |TAMS 0x000000070aa00000, 0x000000070ac00000| Complete 
|   5|0x000000070ac00000, 0x000000070ae00000, 0x000000070ae00000|100%|HC|  |TAMS 0x000000070ac00000, 0x000000070ae00000| Complete 
|   6|0x000000070ae00000, 0x000000070b000000, 0x000000070b000000|100%|HC|  |TAMS 0x000000070ae00000, 0x000000070b000000| Complete 
|   7|0x000000070b000000, 0x000000070b200000, 0x000000070b200000|100%|HS|  |TAMS 0x000000070b000000, 0x000000070b200000| Complete 
|   8|0x000000070b200000, 0x000000070b400000, 0x000000070b400000|100%|HC|  |TAMS 0x000000070b200000, 0x000000070b400000| Complete 
|   9|0x000000070b400000, 0x000000070b600000, 0x000000070b600000|100%|HC|  |TAMS 0x000000070b400000, 0x000000070b600000| Complete 
|  10|0x000000070b600000, 0x000000070b800000, 0x000000070b800000|100%|HS|  |TAMS 0x000000070b600000, 0x000000070b800000| Complete 
|  11|0x000000070b800000, 0x000000070ba00000, 0x000000070ba00000|100%|HC|  |TAMS 0x000000070b800000, 0x000000070ba00000| Complete 
|  12|0x000000070ba00000, 0x000000070bc00000, 0x000000070bc00000|100%|HC|  |TAMS 0x000000070ba00000, 0x000000070bc00000| Complete 
|  13|0x000000070bc00000, 0x000000070be00000, 0x000000070be00000|100%|HS|  |TAMS 0x000000070bc00000, 0x000000070bc00000| Complete 
|  14|0x000000070be00000, 0x000000070c000000, 0x000000070c000000|100%|HC|  |TAMS 0x000000070be00000, 0x000000070be00000| Complete 
|  15|0x000000070c000000, 0x000000070c200000, 0x000000070c200000|100%|HS|  |TAMS 0x000000070c000000, 0x000000070c200000| Complete 
|  16|0x000000070c200000, 0x000000070c400000, 0x000000070c400000|100%|HC|  |TAMS 0x000000070c200000, 0x000000070c400000| Complete 
|  17|0x000000070c400000, 0x000000070c600000, 0x000000070c600000|100%|HC|  |TAMS 0x000000070c400000, 0x000000070c600000| Complete 
|  18|0x000000070c600000, 0x000000070c800000, 0x000000070c800000|100%|HS|  |TAMS 0x000000070c600000, 0x000000070c800000| Complete 
|  19|0x000000070c800000, 0x000000070ca00000, 0x000000070ca00000|100%|HC|  |TAMS 0x000000070c800000, 0x000000070ca00000| Complete 
|  20|0x000000070ca00000, 0x000000070cc00000, 0x000000070cc00000|100%|HC|  |TAMS 0x000000070ca00000, 0x000000070cc00000| Complete 
|  21|0x000000070cc00000, 0x000000070ce00000, 0x000000070ce00000|100%|HS|  |TAMS 0x000000070cc00000, 0x000000070ce00000| Complete 
|  22|0x000000070ce00000, 0x000000070d000000, 0x000000070d000000|100%|HC|  |TAMS 0x000000070ce00000, 0x000000070d000000| Complete 
|  23|0x000000070d000000, 0x000000070d200000, 0x000000070d200000|100%|HC|  |TAMS 0x000000070d000000, 0x000000070d200000| Complete 
|  24|0x000000070d200000, 0x000000070d400000, 0x000000070d400000|100%|HS|  |TAMS 0x000000070d200000, 0x000000070d400000| Complete 
|  25|0x000000070d400000, 0x000000070d600000, 0x000000070d600000|100%|HC|  |TAMS 0x000000070d400000, 0x000000070d600000| Complete 
|  26|0x000000070d600000, 0x000000070d800000, 0x000000070d800000|100%|HC|  |TAMS 0x000000070d600000, 0x000000070d800000| Complete 
|  27|0x000000070d800000, 0x000000070da00000, 0x000000070da00000|100%|HS|  |TAMS 0x000000070d800000, 0x000000070d800000| Complete 
|  28|0x000000070da00000, 0x000000070dc00000, 0x000000070dc00000|100%|HC|  |TAMS 0x000000070da00000, 0x000000070da00000| Complete 
|  29|0x000000070dc00000, 0x000000070de00000, 0x000000070de00000|100%|HC|  |TAMS 0x000000070dc00000, 0x000000070dc00000| Complete 
|  30|0x000000070de00000, 0x000000070e000000, 0x000000070e000000|100%|HS|  |TAMS 0x000000070de00000, 0x000000070de00000| Complete 
|  31|0x000000070e000000, 0x000000070e200000, 0x000000070e200000|100%|HC|  |TAMS 0x000000070e000000, 0x000000070e000000| Complete 
|  32|0x000000070e200000, 0x000000070e400000, 0x000000070e400000|100%|HC|  |TAMS 0x000000070e200000, 0x000000070e200000| Complete 
|  33|0x000000070e400000, 0x000000070e400000, 0x000000070e600000|  0%| F|  |TAMS 0x000000070e400000, 0x000000070e400000| Untracked 
|  34|0x000000070e600000, 0x000000070e800000, 0x000000070e800000|100%| O|  |TAMS 0x000000070e600000, 0x000000070e800000| Untracked 
|  35|0x000000070e800000, 0x000000070ea00000, 0x000000070ea00000|100%|HS|  |TAMS 0x000000070e800000, 0x000000070ea00000| Complete 
|  36|0x000000070ea00000, 0x000000070ec00000, 0x000000070ec00000|100%|HS|  |TAMS 0x000000070ea00000, 0x000000070ec00000| Complete 
|  37|0x000000070ec00000, 0x000000070ee00000, 0x000000070ee00000|100%|HC|  |TAMS 0x000000070ec00000, 0x000000070ee00000| Complete 
|  38|0x000000070ee00000, 0x000000070f000000, 0x000000070f000000|100%|HS|  |TAMS 0x000000070ee00000, 0x000000070ee00000| Complete 
|  39|0x000000070f000000, 0x000000070f200000, 0x000000070f200000|100%|HC|  |TAMS 0x000000070f000000, 0x000000070f000000| Complete 
|  40|0x000000070f200000, 0x000000070f400000, 0x000000070f400000|100%|HC|  |TAMS 0x000000070f200000, 0x000000070f200000| Complete 
|  41|0x000000070f400000, 0x000000070f600000, 0x000000070f600000|100%|HS|  |TAMS 0x000000070f400000, 0x000000070f400000| Complete 
|  42|0x000000070f600000, 0x000000070f800000, 0x000000070f800000|100%|HC|  |TAMS 0x000000070f600000, 0x000000070f600000| Complete 
|  43|0x000000070f800000, 0x000000070fa00000, 0x000000070fa00000|100%|HC|  |TAMS 0x000000070f800000, 0x000000070f800000| Complete 
|  44|0x000000070fa00000, 0x000000070fc00000, 0x000000070fc00000|100%|HS|  |TAMS 0x000000070fa00000, 0x000000070fa00000| Complete 
|  45|0x000000070fc00000, 0x000000070fe00000, 0x000000070fe00000|100%|HC|  |TAMS 0x000000070fc00000, 0x000000070fc00000| Complete 
|  46|0x000000070fe00000, 0x0000000710000000, 0x0000000710000000|100%|HC|  |TAMS 0x000000070fe00000, 0x000000070fe00000| Complete 
|  47|0x0000000710000000, 0x0000000710200000, 0x0000000710200000|100%|HS|  |TAMS 0x0000000710000000, 0x0000000710000000| Complete 
|  48|0x0000000710200000, 0x0000000710400000, 0x0000000710400000|100%|HC|  |TAMS 0x0000000710200000, 0x0000000710200000| Complete 
|  49|0x0000000710400000, 0x0000000710600000, 0x0000000710600000|100%|HC|  |TAMS 0x0000000710400000, 0x0000000710400000| Complete 
|  50|0x0000000710600000, 0x0000000710600000, 0x0000000710800000|  0%| F|  |TAMS 0x0000000710600000, 0x0000000710600000| Untracked 
|  51|0x0000000710800000, 0x0000000710800000, 0x0000000710a00000|  0%| F|  |TAMS 0x0000000710800000, 0x0000000710800000| Untracked 
|  52|0x0000000710a00000, 0x0000000710a00000, 0x0000000710c00000|  0%| F|  |TAMS 0x0000000710a00000, 0x0000000710a00000| Untracked 
|  53|0x0000000710c00000, 0x0000000710c00000, 0x0000000710e00000|  0%| F|  |TAMS 0x0000000710c00000, 0x0000000710c00000| Untracked 
|  54|0x0000000710e00000, 0x0000000710e00000, 0x0000000711000000|  0%| F|  |TAMS 0x0000000710e00000, 0x0000000710e00000| Untracked 
|  55|0x0000000711000000, 0x0000000711000000, 0x0000000711200000|  0%| F|  |TAMS 0x0000000711000000, 0x0000000711000000| Untracked 
|  56|0x0000000711200000, 0x0000000711400000, 0x0000000711400000|100%| O|  |TAMS 0x0000000711200000, 0x0000000711400000| Untracked 
|  57|0x0000000711400000, 0x000000071145d000, 0x0000000711600000| 18%| O|  |TAMS 0x0000000711400000, 0x000000071145d000| Untracked 
|  58|0x0000000711600000, 0x0000000711600000, 0x0000000711800000|  0%| F|  |TAMS 0x0000000711600000, 0x0000000711600000| Untracked 
|  59|0x0000000711800000, 0x0000000711800000, 0x0000000711a00000|  0%| F|  |TAMS 0x0000000711800000, 0x0000000711800000| Untracked 
|  60|0x0000000711a00000, 0x0000000711a00000, 0x0000000711c00000|  0%| F|  |TAMS 0x0000000711a00000, 0x0000000711a00000| Untracked 
|  61|0x0000000711c00000, 0x0000000711c00000, 0x0000000711e00000|  0%| F|  |TAMS 0x0000000711c00000, 0x0000000711c00000| Untracked 
|  62|0x0000000711e00000, 0x0000000711e00000, 0x0000000712000000|  0%| F|  |TAMS 0x0000000711e00000, 0x0000000711e00000| Untracked 
|  63|0x0000000712000000, 0x0000000712000000, 0x0000000712200000|  0%| F|  |TAMS 0x0000000712000000, 0x0000000712000000| Untracked 
|  64|0x0000000712200000, 0x0000000712200000, 0x0000000712400000|  0%| F|  |TAMS 0x0000000712200000, 0x0000000712200000| Untracked 
|  65|0x0000000712400000, 0x0000000712400000, 0x0000000712600000|  0%| F|  |TAMS 0x0000000712400000, 0x0000000712400000| Untracked 
|  66|0x0000000712600000, 0x0000000712600000, 0x0000000712800000|  0%| F|  |TAMS 0x0000000712600000, 0x0000000712600000| Untracked 
|  67|0x0000000712800000, 0x0000000712800000, 0x0000000712a00000|  0%| F|  |TAMS 0x0000000712800000, 0x0000000712800000| Untracked 
|  68|0x0000000712a00000, 0x0000000712a00000, 0x0000000712c00000|  0%| F|  |TAMS 0x0000000712a00000, 0x0000000712a00000| Untracked 
|  69|0x0000000712c00000, 0x0000000712c00000, 0x0000000712e00000|  0%| F|  |TAMS 0x0000000712c00000, 0x0000000712c00000| Untracked 
|  70|0x0000000712e00000, 0x0000000712e00000, 0x0000000713000000|  0%| F|  |TAMS 0x0000000712e00000, 0x0000000712e00000| Untracked 
|  71|0x0000000713000000, 0x0000000713000000, 0x0000000713200000|  0%| F|  |TAMS 0x0000000713000000, 0x0000000713000000| Untracked 
|  72|0x0000000713200000, 0x0000000713200000, 0x0000000713400000|  0%| F|  |TAMS 0x0000000713200000, 0x0000000713200000| Untracked 
|  73|0x0000000713400000, 0x0000000713400000, 0x0000000713600000|  0%| F|  |TAMS 0x0000000713400000, 0x0000000713400000| Untracked 
|  74|0x0000000713600000, 0x0000000713600000, 0x0000000713800000|  0%| F|  |TAMS 0x0000000713600000, 0x0000000713600000| Untracked 
|  75|0x0000000713800000, 0x0000000713800000, 0x0000000713a00000|  0%| F|  |TAMS 0x0000000713800000, 0x0000000713800000| Untracked 
|  76|0x0000000713a00000, 0x0000000713a00000, 0x0000000713c00000|  0%| F|  |TAMS 0x0000000713a00000, 0x0000000713a00000| Untracked 
|  77|0x0000000713c00000, 0x0000000713c00000, 0x0000000713e00000|  0%| F|  |TAMS 0x0000000713c00000, 0x0000000713c00000| Untracked 
|  78|0x0000000713e00000, 0x0000000713e00000, 0x0000000714000000|  0%| F|  |TAMS 0x0000000713e00000, 0x0000000713e00000| Untracked 
|  79|0x0000000714000000, 0x0000000714000000, 0x0000000714200000|  0%| F|  |TAMS 0x0000000714000000, 0x0000000714000000| Untracked 
|  80|0x0000000714200000, 0x0000000714200000, 0x0000000714400000|  0%| F|  |TAMS 0x0000000714200000, 0x0000000714200000| Untracked 
|  81|0x0000000714400000, 0x0000000714400000, 0x0000000714600000|  0%| F|  |TAMS 0x0000000714400000, 0x0000000714400000| Untracked 
|  82|0x0000000714600000, 0x0000000714600000, 0x0000000714800000|  0%| F|  |TAMS 0x0000000714600000, 0x0000000714600000| Untracked 
|  83|0x0000000714800000, 0x0000000714800000, 0x0000000714a00000|  0%| F|  |TAMS 0x0000000714800000, 0x0000000714800000| Untracked 
|  84|0x0000000714a00000, 0x0000000714a00000, 0x0000000714c00000|  0%| F|  |TAMS 0x0000000714a00000, 0x0000000714a00000| Untracked 
|  85|0x0000000714c00000, 0x0000000714c00000, 0x0000000714e00000|  0%| F|  |TAMS 0x0000000714c00000, 0x0000000714c00000| Untracked 
|  86|0x0000000714e00000, 0x0000000714e00000, 0x0000000715000000|  0%| F|  |TAMS 0x0000000714e00000, 0x0000000714e00000| Untracked 
|  87|0x0000000715000000, 0x0000000715000000, 0x0000000715200000|  0%| F|  |TAMS 0x0000000715000000, 0x0000000715000000| Untracked 
|  88|0x0000000715200000, 0x0000000715200000, 0x0000000715400000|  0%| F|  |TAMS 0x0000000715200000, 0x0000000715200000| Untracked 
|  89|0x0000000715400000, 0x0000000715400000, 0x0000000715600000|  0%| F|  |TAMS 0x0000000715400000, 0x0000000715400000| Untracked 
|  90|0x0000000715600000, 0x0000000715600000, 0x0000000715800000|  0%| F|  |TAMS 0x0000000715600000, 0x0000000715600000| Untracked 
|  91|0x0000000715800000, 0x0000000715800000, 0x0000000715a00000|  0%| F|  |TAMS 0x0000000715800000, 0x0000000715800000| Untracked 
|  92|0x0000000715a00000, 0x0000000715a00000, 0x0000000715c00000|  0%| F|  |TAMS 0x0000000715a00000, 0x0000000715a00000| Untracked 
|  93|0x0000000715c00000, 0x0000000715c00000, 0x0000000715e00000|  0%| F|  |TAMS 0x0000000715c00000, 0x0000000715c00000| Untracked 
|  94|0x0000000715e00000, 0x0000000715e00000, 0x0000000716000000|  0%| F|  |TAMS 0x0000000715e00000, 0x0000000715e00000| Untracked 
|  95|0x0000000716000000, 0x0000000716000000, 0x0000000716200000|  0%| F|  |TAMS 0x0000000716000000, 0x0000000716000000| Untracked 
|  96|0x0000000716200000, 0x0000000716200000, 0x0000000716400000|  0%| F|  |TAMS 0x0000000716200000, 0x0000000716200000| Untracked 
|  97|0x0000000716400000, 0x0000000716400000, 0x0000000716600000|  0%| F|  |TAMS 0x0000000716400000, 0x0000000716400000| Untracked 
|  98|0x0000000716600000, 0x0000000716600000, 0x0000000716800000|  0%| F|  |TAMS 0x0000000716600000, 0x0000000716600000| Untracked 
|  99|0x0000000716800000, 0x0000000716800000, 0x0000000716a00000|  0%| F|  |TAMS 0x0000000716800000, 0x0000000716800000| Untracked 
| 100|0x0000000716a00000, 0x0000000716a00000, 0x0000000716c00000|  0%| F|  |TAMS 0x0000000716a00000, 0x0000000716a00000| Untracked 
| 101|0x0000000716c00000, 0x0000000716c00000, 0x0000000716e00000|  0%| F|  |TAMS 0x0000000716c00000, 0x0000000716c00000| Untracked 
| 102|0x0000000716e00000, 0x0000000716e00000, 0x0000000717000000|  0%| F|  |TAMS 0x0000000716e00000, 0x0000000716e00000| Untracked 
| 103|0x0000000717000000, 0x0000000717000000, 0x0000000717200000|  0%| F|  |TAMS 0x0000000717000000, 0x0000000717000000| Untracked 
| 104|0x0000000717200000, 0x0000000717200000, 0x0000000717400000|  0%| F|  |TAMS 0x0000000717200000, 0x0000000717200000| Untracked 
| 105|0x0000000717400000, 0x0000000717400000, 0x0000000717600000|  0%| F|  |TAMS 0x0000000717400000, 0x0000000717400000| Untracked 
| 106|0x0000000717600000, 0x0000000717600000, 0x0000000717800000|  0%| F|  |TAMS 0x0000000717600000, 0x0000000717600000| Untracked 
| 107|0x0000000717800000, 0x0000000717800000, 0x0000000717a00000|  0%| F|  |TAMS 0x0000000717800000, 0x0000000717800000| Untracked 
| 108|0x0000000717a00000, 0x0000000717a00000, 0x0000000717c00000|  0%| F|  |TAMS 0x0000000717a00000, 0x0000000717a00000| Untracked 
| 109|0x0000000717c00000, 0x0000000717c00000, 0x0000000717e00000|  0%| F|  |TAMS 0x0000000717c00000, 0x0000000717c00000| Untracked 
| 110|0x0000000717e00000, 0x0000000717e00000, 0x0000000718000000|  0%| F|  |TAMS 0x0000000717e00000, 0x0000000717e00000| Untracked 
| 111|0x0000000718000000, 0x0000000718000000, 0x0000000718200000|  0%| F|  |TAMS 0x0000000718000000, 0x0000000718000000| Untracked 
| 112|0x0000000718200000, 0x0000000718200000, 0x0000000718400000|  0%| F|  |TAMS 0x0000000718200000, 0x0000000718200000| Untracked 
| 113|0x0000000718400000, 0x0000000718400000, 0x0000000718600000|  0%| F|  |TAMS 0x0000000718400000, 0x0000000718400000| Untracked 
| 114|0x0000000718600000, 0x0000000718600000, 0x0000000718800000|  0%| F|  |TAMS 0x0000000718600000, 0x0000000718600000| Untracked 
| 115|0x0000000718800000, 0x0000000718800000, 0x0000000718a00000|  0%| F|  |TAMS 0x0000000718800000, 0x0000000718800000| Untracked 
| 116|0x0000000718a00000, 0x0000000718a00000, 0x0000000718c00000|  0%| F|  |TAMS 0x0000000718a00000, 0x0000000718a00000| Untracked 
| 117|0x0000000718c00000, 0x0000000718c00000, 0x0000000718e00000|  0%| F|  |TAMS 0x0000000718c00000, 0x0000000718c00000| Untracked 
| 118|0x0000000718e00000, 0x0000000718e00000, 0x0000000719000000|  0%| F|  |TAMS 0x0000000718e00000, 0x0000000718e00000| Untracked 
| 119|0x0000000719000000, 0x0000000719000000, 0x0000000719200000|  0%| F|  |TAMS 0x0000000719000000, 0x0000000719000000| Untracked 
| 120|0x0000000719200000, 0x00000007193d5b28, 0x0000000719400000| 91%| S|CS|TAMS 0x0000000719200000, 0x0000000719200000| Complete 
| 121|0x0000000719400000, 0x00000007195d2750, 0x0000000719600000| 91%| E|  |TAMS 0x0000000719400000, 0x0000000719400000| Complete 
| 122|0x0000000719600000, 0x0000000719800000, 0x0000000719800000|100%| E|CS|TAMS 0x0000000719600000, 0x0000000719600000| Complete 

Card table byte_map: [0x0000017d77f80000,0x0000017d78730000] _byte_map_base: 0x0000017d7472f000

Marking Bits (Prev, Next): (CMBitMap*) 0x0000017d5e54b100, (CMBitMap*) 0x0000017d5e54b140
 Prev Bits: [0x0000017d78ee0000, 0x0000017d7cc58000)
 Next Bits: [0x0000017d00000000, 0x0000017d03d78000)

Polling page: 0x0000017d5e750000

Metaspace:

Usage:
  Non-class:      8.44 MB used.
      Class:    935.91 KB used.
       Both:      9.36 MB used.

Virtual space:
  Non-class space:       16.00 MB reserved,       8.56 MB ( 54%) committed,  2 nodes.
      Class space:        1.00 GB reserved,       1.00 MB ( <1%) committed,  1 nodes.
              Both:        1.02 GB reserved,       9.56 MB ( <1%) committed. 

Chunk freelists:
   Non-Class:  2.98 MB
       Class:  3.02 MB
        Both:  6.00 MB

MaxMetaspaceSize: 17179869184.00 GB
CompressedClassSpaceSize: 1.00 GB
 - commit_granule_bytes: 65536.
 - commit_granule_words: 8192.
 - virtual_space_node_default_size: 1048576.
 - enlarge_chunks_in_place: 1.
 - new_chunks_are_fully_committed: 0.
 - uncommit_free_chunks: 1.
 - use_allocation_guard: 0.
 - handle_deallocations: 1.


Internal statistics:

num_allocs_failed_limit: 0.
num_arena_births: 122.
num_arena_deaths: 0.
num_vsnodes_births: 3.
num_vsnodes_deaths: 0.
num_space_committed: 153.
num_space_uncommitted: 0.
num_chunks_returned_to_freelist: 0.
num_chunks_taken_from_freelist: 174.
num_chunk_merges: 0.
num_chunk_splits: 104.
num_chunks_enlarged: 54.
num_purges: 0.

CodeHeap 'non-profiled nmethods': size=119168Kb used=786Kb max_used=786Kb free=118381Kb
 bounds [0x0000017d6fae0000, 0x0000017d6fd50000, 0x0000017d76f40000]
CodeHeap 'profiled nmethods': size=119104Kb used=3394Kb max_used=3394Kb free=115709Kb
 bounds [0x0000017d68690000, 0x0000017d689f0000, 0x0000017d6fae0000]
CodeHeap 'non-nmethods': size=7488Kb used=2996Kb max_used=3055Kb free=4491Kb
 bounds [0x0000017d67f40000, 0x0000017d68250000, 0x0000017d68690000]
 total_blobs=2614 nmethods=1976 adapters=548
 compilation: enabled
              stopped_count=0, restarted_count=0
 full_count=0

Compilation events (20 events):
Event: 5.534 Thread 0x0000017d048fd720 1969       3       java.util.IdentityHashMap$IdentityHashMapIterator::<init> (63 bytes)
Event: 5.535 Thread 0x0000017d048fd720 nmethod 1969 0x0000017d689d8a90 code [0x0000017d689d8c40, 0x0000017d689d8f18]
Event: 5.538 Thread 0x0000017d048fd720 1970       3       java.awt.image.DataBufferInt::<init> (35 bytes)
Event: 5.538 Thread 0x0000017d04808140 1971       3       sun.awt.image.IntegerInterleavedRaster::<init> (170 bytes)
Event: 5.538 Thread 0x0000017d0c0582c0 1972       3       sun.awt.image.IntegerComponentRaster::<init> (245 bytes)
Event: 5.538 Thread 0x0000017d0c089d30 1973       3       java.awt.image.SinglePixelPackedSampleModel::getBitOffsets (11 bytes)
Event: 5.538 Thread 0x0000017d0c089d30 nmethod 1973 0x0000017d689d9090 code [0x0000017d689d9240, 0x0000017d689d9528]
Event: 5.538 Thread 0x0000017d048fd720 nmethod 1970 0x0000017d689d9610 code [0x0000017d689d97e0, 0x0000017d689d9d08]
Event: 5.539 Thread 0x0000017d048fd720 1974       3       java.awt.image.DirectColorModel::createCompatibleWritableRaster (114 bytes)
Event: 5.539 Thread 0x0000017d0c089d30 1975       3       java.awt.image.Raster::createPackedRaster (103 bytes)
Event: 5.539 Thread 0x0000017d04808140 nmethod 1971 0x0000017d689d9e10 code [0x0000017d689da040, 0x0000017d689da968]
Event: 5.539 Thread 0x0000017d048fd720 nmethod 1974 0x0000017d689dad10 code [0x0000017d689daf20, 0x0000017d689db588]
Event: 5.540 Thread 0x0000017d04808140 1976       3       java.awt.image.Raster::createPackedRaster (181 bytes)
Event: 5.540 Thread 0x0000017d048fd720 1977       3       sun.awt.image.IntegerInterleavedRaster::<init> (32 bytes)
Event: 5.540 Thread 0x0000017d0c0582c0 nmethod 1972 0x0000017d689db790 code [0x0000017d689dba00, 0x0000017d689dc868]
Event: 5.540 Thread 0x0000017d0c089d30 nmethod 1975 0x0000017d689dcd90 code [0x0000017d689dd000, 0x0000017d689dddd8]
Event: 5.540 Thread 0x0000017d0c0582c0 1978       3       sun.awt.image.IntegerInterleavedRaster::getDataOffset (7 bytes)
Event: 5.540 Thread 0x0000017d0c0582c0 nmethod 1978 0x0000017d689de190 code [0x0000017d689de320, 0x0000017d689de458]
Event: 5.540 Thread 0x0000017d048fd720 nmethod 1977 0x0000017d689de510 code [0x0000017d689de6e0, 0x0000017d689dea88]
Event: 5.541 Thread 0x0000017d04808140 nmethod 1976 0x0000017d689dec90 code [0x0000017d689def80, 0x0000017d689e0398]

GC Heap History (18 events):
Event: 1.837 GC heap before
{Heap before GC invocations=0 (full 0):
 garbage-first heap   total 251904K, used 92160K [0x000000070a200000, 0x0000000800000000)
  region size 2048K, 11 young (22528K), 0 survivors (0K)
 Metaspace       used 7885K, committed 8064K, reserved 1056768K
  class space    used 812K, committed 896K, reserved 1048576K
}
Event: 1.843 GC heap after
{Heap after GC invocations=1 (full 0):
 garbage-first heap   total 251904K, used 74138K [0x000000070a200000, 0x0000000800000000)
  region size 2048K, 2 young (4096K), 2 survivors (4096K)
 Metaspace       used 7885K, committed 8064K, reserved 1056768K
  class space    used 812K, committed 896K, reserved 1048576K
}
Event: 2.410 GC heap before
{Heap before GC invocations=1 (full 0):
 garbage-first heap   total 251904K, used 133530K [0x000000070a200000, 0x0000000800000000)
  region size 2048K, 11 young (22528K), 2 survivors (4096K)
 Metaspace       used 9248K, committed 9472K, reserved 1064960K
  class space    used 930K, committed 1024K, reserved 1048576K
}
Event: 2.414 GC heap after
{Heap after GC invocations=2 (full 0):
 garbage-first heap   total 251904K, used 56989K [0x000000070a200000, 0x0000000800000000)
  region size 2048K, 1 young (2048K), 1 survivors (2048K)
 Metaspace       used 9248K, committed 9472K, reserved 1064960K
  class space    used 930K, committed 1024K, reserved 1048576K
}
Event: 2.898 GC heap before
{Heap before GC invocations=2 (full 0):
 garbage-first heap   total 251904K, used 114333K [0x000000070a200000, 0x0000000800000000)
  region size 2048K, 3 young (6144K), 1 survivors (2048K)
 Metaspace       used 9310K, committed 9536K, reserved 1064960K
  class space    used 930K, committed 1024K, reserved 1048576K
}
Event: 2.899 GC heap after
{Heap after GC invocations=3 (full 0):
 garbage-first heap   total 251904K, used 75304K [0x000000070a200000, 0x0000000800000000)
  region size 2048K, 1 young (2048K), 1 survivors (2048K)
 Metaspace       used 9310K, committed 9536K, reserved 1064960K
  class space    used 930K, committed 1024K, reserved 1048576K
}
Event: 3.287 GC heap before
{Heap before GC invocations=3 (full 0):
 garbage-first heap   total 251904K, used 116264K [0x000000070a200000, 0x0000000800000000)
  region size 2048K, 4 young (8192K), 1 survivors (2048K)
 Metaspace       used 9387K, committed 9600K, reserved 1064960K
  class space    used 935K, committed 1024K, reserved 1048576K
}
Event: 3.290 GC heap after
{Heap after GC invocations=4 (full 0):
 garbage-first heap   total 251904K, used 57573K [0x000000070a200000, 0x0000000800000000)
  region size 2048K, 1 young (2048K), 1 survivors (2048K)
 Metaspace       used 9387K, committed 9600K, reserved 1064960K
  class space    used 935K, committed 1024K, reserved 1048576K
}
Event: 3.789 GC heap before
{Heap before GC invocations=4 (full 0):
 garbage-first heap   total 251904K, used 114917K [0x000000070a200000, 0x0000000800000000)
  region size 2048K, 3 young (6144K), 1 survivors (2048K)
 Metaspace       used 9454K, committed 9664K, reserved 1064960K
  class space    used 935K, committed 1024K, reserved 1048576K
}
Event: 3.791 GC heap after
{Heap after GC invocations=5 (full 0):
 garbage-first heap   total 251904K, used 75990K [0x000000070a200000, 0x0000000800000000)
  region size 2048K, 1 young (2048K), 1 survivors (2048K)
 Metaspace       used 9454K, committed 9664K, reserved 1064960K
  class space    used 935K, committed 1024K, reserved 1048576K
}
Event: 4.125 GC heap before
{Heap before GC invocations=5 (full 0):
 garbage-first heap   total 251904K, used 114902K [0x000000070a200000, 0x0000000800000000)
  region size 2048K, 3 young (6144K), 1 survivors (2048K)
 Metaspace       used 9486K, committed 9664K, reserved 1064960K
  class space    used 935K, committed 1024K, reserved 1048576K
}
Event: 4.126 GC heap after
{Heap after GC invocations=6 (full 0):
 garbage-first heap   total 251904K, used 57564K [0x000000070a200000, 0x0000000800000000)
  region size 2048K, 1 young (2048K), 1 survivors (2048K)
 Metaspace       used 9486K, committed 9664K, reserved 1064960K
  class space    used 935K, committed 1024K, reserved 1048576K
}
Event: 4.551 GC heap before
{Heap before GC invocations=6 (full 0):
 garbage-first heap   total 251904K, used 114908K [0x000000070a200000, 0x0000000800000000)
  region size 2048K, 3 young (6144K), 1 survivors (2048K)
 Metaspace       used 9510K, committed 9728K, reserved 1064960K
  class space    used 935K, committed 1024K, reserved 1048576K
}
Event: 4.553 GC heap after
{Heap after GC invocations=7 (full 0):
 garbage-first heap   total 251904K, used 63716K [0x000000070a200000, 0x0000000800000000)
  region size 2048K, 1 young (2048K), 1 survivors (2048K)
 Metaspace       used 9510K, committed 9728K, reserved 1064960K
  class space    used 935K, committed 1024K, reserved 1048576K
}
Event: 4.982 GC heap before
{Heap before GC invocations=7 (full 0):
 garbage-first heap   total 251904K, used 116964K [0x000000070a200000, 0x0000000800000000)
  region size 2048K, 3 young (6144K), 1 survivors (2048K)
 Metaspace       used 9527K, committed 9728K, reserved 1064960K
  class space    used 935K, committed 1024K, reserved 1048576K
}
Event: 4.984 GC heap after
{Heap after GC invocations=8 (full 0):
 garbage-first heap   total 251904K, used 63683K [0x000000070a200000, 0x0000000800000000)
  region size 2048K, 1 young (2048K), 1 survivors (2048K)
 Metaspace       used 9527K, committed 9728K, reserved 1064960K
  class space    used 935K, committed 1024K, reserved 1048576K
}
Event: 5.376 GC heap before
{Heap before GC invocations=8 (full 0):
 garbage-first heap   total 251904K, used 112835K [0x000000070a200000, 0x0000000800000000)
  region size 2048K, 3 young (6144K), 1 survivors (2048K)
 Metaspace       used 9558K, committed 9792K, reserved 1064960K
  class space    used 935K, committed 1024K, reserved 1048576K
}
Event: 5.377 GC heap after
{Heap after GC invocations=9 (full 0):
 garbage-first heap   total 251904K, used 63690K [0x000000070a200000, 0x0000000800000000)
  region size 2048K, 1 young (2048K), 1 survivors (2048K)
 Metaspace       used 9558K, committed 9792K, reserved 1064960K
  class space    used 935K, committed 1024K, reserved 1048576K
}

Deoptimization events (20 events):
Event: 1.851 Thread 0x0000017d0bf5a010 DEOPT PACKING pc=0x0000017d6fb40e94 sp=0x0000000867e7dc70
Event: 1.851 Thread 0x0000017d0bf5a010 DEOPT UNPACKING pc=0x0000017d67f8d72e sp=0x0000000867e7db88 mode 2
Event: 1.851 Thread 0x0000017d0bf5a010 Uncommon trap: trap_request=0xffffff45 fr.pc=0x0000017d6fb2eb38 relative=0x0000000000000038
Event: 1.851 Thread 0x0000017d0bf5a010 Uncommon trap: reason=unstable_if action=reinterpret pc=0x0000017d6fb2eb38 method=java.lang.Character.isSurrogate(C)Z @ 3 c2
Event: 1.851 Thread 0x0000017d0bf5a010 DEOPT PACKING pc=0x0000017d6fb2eb38 sp=0x0000000867e7dbe0
Event: 1.851 Thread 0x0000017d0bf5a010 DEOPT UNPACKING pc=0x0000017d67f8d72e sp=0x0000000867e7db78 mode 2
Event: 1.923 Thread 0x0000017d0bf5a010 DEOPT PACKING pc=0x0000017d6885f540 sp=0x0000000867e7db10
Event: 1.923 Thread 0x0000017d0bf5a010 DEOPT UNPACKING pc=0x0000017d67f8dece sp=0x0000000867e7cf48 mode 0
Event: 2.036 Thread 0x0000017d0bf5a010 DEOPT PACKING pc=0x0000017d68907e35 sp=0x0000000867e7e010
Event: 2.036 Thread 0x0000017d0bf5a010 DEOPT UNPACKING pc=0x0000017d67f8dece sp=0x0000000867e7d4a8 mode 0
Event: 2.038 Thread 0x0000017d0bf5a010 DEOPT PACKING pc=0x0000017d689006f0 sp=0x0000000867e7ddc0
Event: 2.038 Thread 0x0000017d0bf5a010 DEOPT UNPACKING pc=0x0000017d67f8dece sp=0x0000000867e7d298 mode 0
Event: 2.039 Thread 0x0000017d0bf5a010 DEOPT PACKING pc=0x0000017d68907e35 sp=0x0000000867e7e010
Event: 2.039 Thread 0x0000017d0bf5a010 DEOPT UNPACKING pc=0x0000017d67f8dece sp=0x0000000867e7d4a8 mode 0
Event: 2.040 Thread 0x0000017d0bf5a010 DEOPT PACKING pc=0x0000017d68907e35 sp=0x0000000867e7e010
Event: 2.040 Thread 0x0000017d0bf5a010 DEOPT UNPACKING pc=0x0000017d67f8dece sp=0x0000000867e7d4a8 mode 0
Event: 2.054 Thread 0x0000017d0bf5a010 Uncommon trap: trap_request=0xffffff76 fr.pc=0x0000017d6fb34cdc relative=0x000000000000023c
Event: 2.054 Thread 0x0000017d0bf5a010 Uncommon trap: reason=predicate action=maybe_recompile pc=0x0000017d6fb34cdc method=java.util.ArrayList.indexOfRange(Ljava/lang/Object;II)I @ 45 c2
Event: 2.054 Thread 0x0000017d0bf5a010 DEOPT PACKING pc=0x0000017d6fb34cdc sp=0x0000000867e7e650
Event: 2.054 Thread 0x0000017d0bf5a010 DEOPT UNPACKING pc=0x0000017d67f8d72e sp=0x0000000867e7e5c8 mode 2

Classes unloaded (0 events):
No events

Classes redefined (0 events):
No events

Internal exceptions (20 events):
Event: 0.203 Thread 0x0000017d04c3a2f0 Exception <a 'java/lang/NoSuchMethodError'{0x00000007193001b8}: 'void java.lang.invoke.DirectMethodHandle$Holder.invokeStatic(java.lang.Object, java.lang.Object)'> (0x00000007193001b8) 
thrown [t:\workspace\open\src\hotspot\share\interpreter\linkResolver.cpp, line 790]
Event: 0.211 Thread 0x0000017d607d7c00 Exception <a 'java/lang/ClassNotFoundException'{0x00000007192dd0a8}: sun/awt/resources/spi/awtProvider> (0x00000007192dd0a8) 
thrown [t:\workspace\open\src\hotspot\share\classfile\systemDictionary.cpp, line 256]
Event: 0.237 Thread 0x0000017d607d7c00 Exception <a 'java/io/FileNotFoundException'{0x00000007193a30c8}> (0x00000007193a30c8) 
thrown [t:\workspace\open\src\hotspot\share\prims\jni.cpp, line 579]
Event: 0.248 Thread 0x0000017d607d7c00 Exception <a 'java/io/FileNotFoundException'{0x00000007193d2030}> (0x00000007193d2030) 
thrown [t:\workspace\open\src\hotspot\share\prims\jni.cpp, line 579]
Event: 0.583 Thread 0x0000017d607d7c00 Exception <a 'java/lang/NoSuchMethodError'{0x00000007190f05d0}: 'java.lang.Object java.lang.invoke.DirectMethodHandle$Holder.newInvokeSpecial(java.lang.Object, java.lang.Object, java.lang.Object, java.lang.Object, java.lang.Object)'> (0x00000007190f05d0) 
thrown [t:\workspace\open\src\hotspot\share\interpreter\linkResolver.cpp, line 790]
Event: 0.587 Thread 0x0000017d607d7c00 Exception <a 'java/lang/NoSuchMethodError'{0x00000007190fc140}: 'java.lang.Object java.lang.invoke.DirectMethodHandle$Holder.invokeStatic(java.lang.Object, int, java.lang.Object, java.lang.Object, java.lang.Object, java.lang.Object)'> (0x00000007190fc140) 
thrown [t:\workspace\open\src\hotspot\share\interpreter\linkResolver.cpp, line 790]
Event: 0.595 Thread 0x0000017d607d7c00 Exception <a 'java/lang/NoSuchMethodError'{0x0000000719122208}: 'java.lang.Object java.lang.invoke.DirectMethodHandle$Holder.invokeStatic(java.lang.Object, int, java.lang.Object)'> (0x0000000719122208) 
thrown [t:\workspace\open\src\hotspot\share\interpreter\linkResolver.cpp, line 790]
Event: 0.640 Thread 0x0000017d607d7c00 Exception <a 'java/lang/ClassNotFoundException'{0x00000007191da730}: com/sun/swing/internal/plaf/metal/resources/spi/metalProvider> (0x00000007191da730) 
thrown [t:\workspace\open\src\hotspot\share\classfile\systemDictionary.cpp, line 256]
Event: 0.641 Thread 0x0000017d607d7c00 Exception <a 'java/lang/ClassNotFoundException'{0x00000007191de750}: com/sun/swing/internal/plaf/basic/resources/spi/basicProvider> (0x00000007191de750) 
thrown [t:\workspace\open\src\hotspot\share\classfile\systemDictionary.cpp, line 256]
Event: 0.671 Thread 0x0000017d04d7c600 Exception <a 'java/lang/NoSuchMethodError'{0x0000000719080900}: 'void java.lang.invoke.DirectMethodHandle$Holder.invokeVirtual(java.lang.Object, java.lang.Object)'> (0x0000000719080900) 
thrown [t:\workspace\open\src\hotspot\share\interpreter\linkResolver.cpp, line 790]
Event: 0.691 Thread 0x0000017d607d7c00 Exception <a 'java/lang/NoSuchMethodError'{0x0000000718e33158}: 'void java.lang.invoke.DirectMethodHandle$Holder.invokeStaticInit(java.lang.Object)'> (0x0000000718e33158) 
thrown [t:\workspace\open\src\hotspot\share\interpreter\linkResolver.cpp, line 790]
Event: 1.538 Thread 0x0000017d0bf5a010 Exception <a 'java/lang/NoSuchMethodError'{0x0000000718da1938}: 'java.lang.Object java.lang.invoke.DirectMethodHandle$Holder.invokeStaticInit(java.lang.Object, int, int, int, int)'> (0x0000000718da1938) 
thrown [t:\workspace\open\src\hotspot\share\interpreter\linkResolver.cpp, line 790]
Event: 1.582 Thread 0x0000017d0bf5a010 Exception <a 'java/lang/NoSuchMethodError'{0x0000000718a6a4b8}: 'java.lang.Object java.lang.invoke.DirectMethodHandle$Holder.invokeStaticInit(java.lang.Object, java.lang.Object, int, int, int, int)'> (0x0000000718a6a4b8) 
thrown [t:\workspace\open\src\hotspot\share\interpreter\linkResolver.cpp, line 790]
Event: 1.592 Thread 0x0000017d0bf5a010 Exception <a 'java/lang/NullPointerException'{0x0000000718a76c10}> (0x0000000718a76c10) 
thrown [t:\workspace\open\src\hotspot\share\interpreter\linkResolver.cpp, line 1385]
Event: 1.631 Thread 0x0000017d0bf5a010 Exception <a 'java/io/FileNotFoundException'{0x0000000718ba95b0}> (0x0000000718ba95b0) 
thrown [t:\workspace\open\src\hotspot\share\prims\jni.cpp, line 579]
Event: 1.638 Thread 0x0000017d0bf5a010 Exception <a 'java/io/FileNotFoundException'{0x0000000718bca7b0}> (0x0000000718bca7b0) 
thrown [t:\workspace\open\src\hotspot\share\prims\jni.cpp, line 579]
Event: 1.662 Thread 0x0000017d0bf5a010 Exception <a 'java/io/FileNotFoundException'{0x000000071885f488}> (0x000000071885f488) 
thrown [t:\workspace\open\src\hotspot\share\prims\jni.cpp, line 579]
Event: 1.673 Thread 0x0000017d0bf5a010 Exception <a 'java/io/FileNotFoundException'{0x000000071891c120}> (0x000000071891c120) 
thrown [t:\workspace\open\src\hotspot\share\prims\jni.cpp, line 579]
Event: 2.022 Thread 0x0000017d0bf5a010 Exception <a 'java/io/FileNotFoundException'{0x0000000718970c20}> (0x0000000718970c20) 
thrown [t:\workspace\open\src\hotspot\share\prims\jni.cpp, line 579]
Event: 3.005 Thread 0x0000017d0bf5a010 Exception <a 'java/io/FileNotFoundException'{0x0000000719622d58}> (0x0000000719622d58) 
thrown [t:\workspace\open\src\hotspot\share\prims\jni.cpp, line 579]

Events (20 events):
Event: 3.040 loading class java/awt/geom/Ellipse2D$Float
Event: 3.040 loading class java/awt/geom/Ellipse2D
Event: 3.040 loading class java/awt/geom/Ellipse2D done
Event: 3.040 loading class java/awt/geom/Ellipse2D$Float done
Event: 3.040 loading class java/awt/geom/EllipseIterator
Event: 3.040 loading class java/awt/geom/EllipseIterator done
Event: 3.041 loading class sun/java2d/loops/FontInfo
Event: 3.041 loading class sun/java2d/loops/FontInfo done
Event: 3.287 Executing  VM operation: G1TryInitiateConcMark
Event: 3.290 Executing  VM operation: G1TryInitiateConcMark done
Event: 3.789 Executing  VM operation: G1TryInitiateConcMark
Event: 3.791 Executing  VM operation: G1TryInitiateConcMark done
Event: 4.125 Executing  VM operation: G1TryInitiateConcMark
Event: 4.126 Executing  VM operation: G1TryInitiateConcMark done
Event: 4.551 Executing  VM operation: G1TryInitiateConcMark
Event: 4.553 Executing  VM operation: G1TryInitiateConcMark done
Event: 4.982 Executing  VM operation: G1TryInitiateConcMark
Event: 4.984 Executing  VM operation: G1TryInitiateConcMark done
Event: 5.375 Executing  VM operation: G1TryInitiateConcMark
Event: 5.377 Executing  VM operation: G1TryInitiateConcMark done


Dynamic libraries:
0x00007ff6cbbc0000 - 0x00007ff6cbbd0000 	C:\Program Files\Java\jdk-16.0.1\bin\java.exe
0x00007ffa0dc80000 - 0x00007ffa0de8f000 	C:\WINDOWS\SYSTEM32\ntdll.dll
0x00007ffa0bae0000 - 0x00007ffa0bb9d000 	C:\WINDOWS\System32\KERNEL32.DLL
0x00007ffa0b520000 - 0x00007ffa0b8ae000 	C:\WINDOWS\System32\KERNELBASE.dll
0x00007ffa0b2e0000 - 0x00007ffa0b3f1000 	C:\WINDOWS\System32\ucrtbase.dll
0x00007ff9dfc50000 - 0x00007ff9dfc69000 	C:\Program Files\Java\jdk-16.0.1\bin\VCRUNTIME140.dll
0x00007ffa02c70000 - 0x00007ffa02c88000 	C:\Program Files\Java\jdk-16.0.1\bin\jli.dll
0x00007ffa0d680000 - 0x00007ffa0d72e000 	C:\WINDOWS\System32\ADVAPI32.dll
0x00007ffa0c490000 - 0x00007ffa0c534000 	C:\WINDOWS\System32\msvcrt.dll
0x00007ffa0c740000 - 0x00007ffa0c7e2000 	C:\WINDOWS\System32\sechost.dll
0x00007ffa0c800000 - 0x00007ffa0c91f000 	C:\WINDOWS\System32\RPCRT4.dll
0x00007ffa0c260000 - 0x00007ffa0c40a000 	C:\WINDOWS\System32\USER32.dll
0x00007ff9f2410000 - 0x00007ff9f26b1000 	C:\WINDOWS\WinSxS\amd64_microsoft.windows.common-controls_6595b64144ccf1df_6.0.22523.1000_none_26388f37a89e74b7\COMCTL32.dll
0x00007ffa0bab0000 - 0x00007ffa0bad6000 	C:\WINDOWS\System32\win32u.dll
0x00007ffa0d790000 - 0x00007ffa0d7b9000 	C:\WINDOWS\System32\GDI32.dll
0x00007ffa0b400000 - 0x00007ffa0b517000 	C:\WINDOWS\System32\gdi32full.dll
0x00007ffa0b8b0000 - 0x00007ffa0b94a000 	C:\WINDOWS\System32\msvcp_win.dll
0x00007ffa03070000 - 0x00007ffa0307a000 	C:\WINDOWS\SYSTEM32\VERSION.dll
0x00007ffa0ce80000 - 0x00007ffa0ceb1000 	C:\WINDOWS\System32\IMM32.DLL
0x00007ffa08210000 - 0x00007ffa0821c000 	C:\Program Files\Java\jdk-16.0.1\bin\vcruntime140_1.dll
0x00007ff9be920000 - 0x00007ff9be9b1000 	C:\Program Files\Java\jdk-16.0.1\bin\msvcp140.dll
0x00007ff949d50000 - 0x00007ff94a8fb000 	C:\Program Files\Java\jdk-16.0.1\bin\server\jvm.dll
0x00007ffa0cc70000 - 0x00007ffa0cc78000 	C:\WINDOWS\System32\PSAPI.DLL
0x00007ffa06780000 - 0x00007ffa06789000 	C:\WINDOWS\SYSTEM32\WSOCK32.dll
0x00007ffa03ea0000 - 0x00007ffa03ed4000 	C:\WINDOWS\SYSTEM32\WINMM.dll
0x00007ffa0c410000 - 0x00007ffa0c481000 	C:\WINDOWS\System32\WS2_32.dll
0x00007ffa0a1a0000 - 0x00007ffa0a1b8000 	C:\WINDOWS\SYSTEM32\kernel.appcore.dll
0x00007ffa067a0000 - 0x00007ffa067aa000 	C:\Program Files\Java\jdk-16.0.1\bin\jimage.dll
0x00007ff9fb790000 - 0x00007ff9fb9b6000 	C:\WINDOWS\SYSTEM32\DBGHELP.DLL
0x00007ffa0bd40000 - 0x00007ffa0c0bc000 	C:\WINDOWS\System32\combase.dll
0x00007ffa0ca00000 - 0x00007ffa0cad7000 	C:\WINDOWS\System32\OLEAUT32.dll
0x00007ff9f3010000 - 0x00007ff9f3041000 	C:\WINDOWS\SYSTEM32\dbgcore.DLL
0x00007ffa0b140000 - 0x00007ffa0b1bb000 	C:\WINDOWS\System32\bcryptPrimitives.dll
0x00007ffa06510000 - 0x00007ffa0651e000 	C:\Program Files\Java\jdk-16.0.1\bin\instrument.dll
0x00007ff9dfc20000 - 0x00007ff9dfc45000 	C:\Program Files\Java\jdk-16.0.1\bin\java.dll
0x00007ffa0cec0000 - 0x00007ffa0d678000 	C:\WINDOWS\System32\SHELL32.dll
0x00007ffa091d0000 - 0x00007ffa09a26000 	C:\WINDOWS\SYSTEM32\windows.storage.dll
0x00007ffa09090000 - 0x00007ffa091cc000 	C:\WINDOWS\SYSTEM32\wintypes.dll
0x00007ffa0cb70000 - 0x00007ffa0cc61000 	C:\WINDOWS\System32\SHCORE.dll
0x00007ffa0cc80000 - 0x00007ffa0ccdb000 	C:\WINDOWS\System32\shlwapi.dll
0x00007ffa0b070000 - 0x00007ffa0b091000 	C:\WINDOWS\SYSTEM32\profapi.dll
0x00007ff9da6b0000 - 0x00007ff9da6c8000 	C:\Program Files\Java\jdk-16.0.1\bin\zip.dll
0x00007ff9dd0d0000 - 0x00007ff9dd0e9000 	C:\Program Files\Java\jdk-16.0.1\bin\net.dll
0x00007ffa03640000 - 0x00007ffa03752000 	C:\WINDOWS\SYSTEM32\WINHTTP.dll
0x00007ffa0a620000 - 0x00007ffa0a689000 	C:\WINDOWS\system32\mswsock.dll
0x00007ff9dd070000 - 0x00007ff9dd083000 	C:\Program Files\Java\jdk-16.0.1\bin\nio.dll
0x00007ff9da560000 - 0x00007ff9da57a000 	C:\Program Files\JetBrains\IntelliJ IDEA Community Edition 2021.2.1\bin\breakgen64.dll
0x00007ff973540000 - 0x00007ff9736c0000 	C:\Program Files\Java\jdk-16.0.1\bin\awt.dll
0x00007ffa08280000 - 0x00007ffa08313000 	C:\WINDOWS\SYSTEM32\apphelp.dll
0x00007ffa08660000 - 0x00007ffa0868b000 	C:\WINDOWS\system32\DWMAPI.DLL
0x00007ffa083d0000 - 0x00007ffa0847b000 	C:\WINDOWS\system32\uxtheme.dll
0x00007ff9a34f0000 - 0x00007ff9a35f2000 	C:\WINDOWS\system32\opengl32.dll
0x00007ff9a3410000 - 0x00007ff9a343d000 	C:\WINDOWS\SYSTEM32\GLU32.dll
0x00007ffa084e0000 - 0x00007ffa08518000 	C:\WINDOWS\SYSTEM32\dxcore.dll
0x00007ffa0c0c0000 - 0x00007ffa0c1de000 	C:\WINDOWS\System32\MSCTF.dll
0x00007ffa0cce0000 - 0x00007ffa0ce79000 	C:\WINDOWS\System32\ole32.dll
0x00007ff9f8e40000 - 0x00007ff9f8fe7000 	C:\WINDOWS\system32\d3d9.dll
0x00007ff9f69a0000 - 0x00007ff9f6aa7000 	C:\WINDOWS\System32\DriverStore\FileRepository\nvhmig.inf_amd64_c6685fe79c60e4b1\nvldumdx.dll
0x00007ffa0a970000 - 0x00007ffa0a982000 	C:\WINDOWS\SYSTEM32\msasn1.dll
0x00007ff9fea10000 - 0x00007ff9fea41000 	C:\WINDOWS\SYSTEM32\cryptnet.dll
0x00007ffa0b950000 - 0x00007ffa0baac000 	C:\WINDOWS\System32\CRYPT32.dll
0x00007ff9fc3d0000 - 0x00007ff9fc526000 	C:\WINDOWS\SYSTEM32\drvstore.dll
0x00007ffa0ad60000 - 0x00007ffa0ad8c000 	C:\WINDOWS\SYSTEM32\devobj.dll
0x00007ffa0ad10000 - 0x00007ffa0ad5d000 	C:\WINDOWS\SYSTEM32\cfgmgr32.dll
0x00007ffa0a920000 - 0x00007ffa0a961000 	C:\WINDOWS\SYSTEM32\wldp.dll
0x00007ffa0a870000 - 0x00007ffa0a87c000 	C:\WINDOWS\SYSTEM32\cryptbase.dll
0x00007ffa0b280000 - 0x00007ffa0b2e0000 	C:\WINDOWS\System32\WINTRUST.DLL
0x00007ffa0c700000 - 0x00007ffa0c71f000 	C:\WINDOWS\System32\imagehlp.dll
0x00007ffa0a880000 - 0x00007ffa0a898000 	C:\WINDOWS\SYSTEM32\CRYPTSP.dll
0x00007ffa0a100000 - 0x00007ffa0a135000 	C:\WINDOWS\system32\rsaenh.dll
0x00007ffa0aa00000 - 0x00007ffa0aa28000 	C:\WINDOWS\SYSTEM32\bcrypt.dll
0x00007ff9ba1e0000 - 0x00007ff9bb968000 	C:\WINDOWS\System32\DriverStore\FileRepository\nvhmig.inf_amd64_c6685fe79c60e4b1\nvd3dumx.dll
0x00007ff9fabb0000 - 0x00007ff9fabf4000 	C:\WINDOWS\SYSTEM32\directxdatabasehelper.dll
0x00007ff9e6f60000 - 0x00007ff9e7118000 	C:\WINDOWS\System32\DriverStore\FileRepository\u0372545.inf_amd64_56d459236871c3f2\B372333\aticfx64.dll
0x00007ff9d1e30000 - 0x00007ff9d1e64000 	C:\WINDOWS\System32\DriverStore\FileRepository\u0372545.inf_amd64_56d459236871c3f2\B372333\atiu9p64.dll
0x00007ff9b93f0000 - 0x00007ff9ba144000 	C:\WINDOWS\System32\DriverStore\FileRepository\u0372545.inf_amd64_56d459236871c3f2\B372333\atiumd64.dll
0x00000000759d0000 - 0x0000000076845000 	C:\WINDOWS\System32\DriverStore\FileRepository\u0372545.inf_amd64_56d459236871c3f2\B372333\atiumd6a.dll
0x00007ffa0d7c0000 - 0x00007ffa0dc33000 	C:\WINDOWS\System32\SETUPAPI.dll
0x00007ffa0b010000 - 0x00007ffa0b05d000 	C:\WINDOWS\SYSTEM32\POWRPROF.dll
0x00007ffa0aff0000 - 0x00007ffa0b003000 	C:\WINDOWS\SYSTEM32\UMPDC.dll
0x00007ff9e6a00000 - 0x00007ff9e6a30000 	C:\WINDOWS\SYSTEM32\amdihk64.dll
0x00007ff9b8870000 - 0x00007ff9b8b37000 	C:\WINDOWS\system32\nvspcap64.dll
0x00007ffa0a1c0000 - 0x00007ffa0a1f4000 	C:\WINDOWS\SYSTEM32\ntmarta.dll
0x00007ffa0a6b0000 - 0x00007ffa0a6d6000 	C:\WINDOWS\SYSTEM32\gpapi.dll
0x00007ff9ce860000 - 0x00007ff9ce8e9000 	C:\Program Files\Java\jdk-16.0.1\bin\freetype.dll
0x00007ff973440000 - 0x00007ff973536000 	C:\Program Files\Java\jdk-16.0.1\bin\harfbuzz.dll
0x00007ff9d67f0000 - 0x00007ff9d6802000 	C:\Program Files\Java\jdk-16.0.1\bin\fontmanager.dll
0x00007ff9f4f20000 - 0x00007ff9f504b000 	C:\WINDOWS\SYSTEM32\textinputframework.dll
0x00007ffa07ff0000 - 0x00007ffa0811e000 	C:\WINDOWS\SYSTEM32\CoreMessaging.dll
0x00007ff9f9e50000 - 0x00007ff9fa1bb000 	C:\WINDOWS\SYSTEM32\CoreUIComponents.dll
0x00007ffa0a720000 - 0x00007ffa0a749000 	C:\WINDOWS\SYSTEM32\USERENV.dll
0x00007ffa09c80000 - 0x00007ffa09cad000 	C:\WINDOWS\SYSTEM32\IPHLPAPI.DLL
0x00007ffa0c730000 - 0x00007ffa0c739000 	C:\WINDOWS\System32\NSI.dll
0x00007ffa03530000 - 0x00007ffa03549000 	C:\WINDOWS\SYSTEM32\dhcpcsvc6.DLL
0x00007ffa03510000 - 0x00007ffa0352e000 	C:\WINDOWS\SYSTEM32\dhcpcsvc.DLL
0x00007ffa09cb0000 - 0x00007ffa09da8000 	C:\WINDOWS\SYSTEM32\DNSAPI.dll
0x00007ff9d2040000 - 0x00007ff9d205f000 	C:\Users\JNNGL\IdeaProjects\TotalComputers\native.dll
0x00007ff95e5a0000 - 0x00007ff95e6d0000 	C:\Users\JNNGL\IdeaProjects\TotalComputers\rootfs\test\usr\Applications\Web Browser.app\chrome_elf.dll
0x00007ff955640000 - 0x00007ff955af2000 	C:\Users\JNNGL\IdeaProjects\TotalComputers\rootfs\test\usr\Applications\Web Browser.app\d3dcompiler_47.dll
0x00007ff92ead0000 - 0x00007ff9388af000 	C:\Users\JNNGL\IdeaProjects\TotalComputers\rootfs\test\usr\Applications\Web Browser.app\libcef.dll
0x00007ffa0c920000 - 0x00007ffa0c9f6000 	C:\WINDOWS\System32\COMDLG32.dll
0x00007ffa08530000 - 0x00007ffa08625000 	C:\WINDOWS\SYSTEM32\dxgi.dll
0x00007ffa06200000 - 0x00007ffa062fe000 	C:\WINDOWS\SYSTEM32\PROPSYS.dll
0x00007ff9d5020000 - 0x00007ff9d545c000 	C:\WINDOWS\SYSTEM32\UIAutomationCore.DLL
0x00007ff9f7780000 - 0x00007ff9f77e9000 	C:\WINDOWS\SYSTEM32\OLEACC.dll
0x00007ff9ed140000 - 0x00007ff9ed14c000 	C:\WINDOWS\SYSTEM32\Secur32.dll
0x00007ff9fc530000 - 0x00007ff9fc548000 	C:\WINDOWS\SYSTEM32\NETAPI32.dll
0x00007ffa04110000 - 0x00007ffa04124000 	C:\WINDOWS\SYSTEM32\WTSAPI32.dll
0x00007ffa09a30000 - 0x00007ffa09a3e000 	C:\WINDOWS\SYSTEM32\HID.DLL
0x00007ffa0a9d0000 - 0x00007ffa0a9f9000 	C:\WINDOWS\SYSTEM32\ncrypt.dll
0x00007ffa075d0000 - 0x00007ffa07836000 	C:\WINDOWS\SYSTEM32\DWrite.dll
0x00007ff9e5940000 - 0x00007ff9e5959000 	C:\WINDOWS\SYSTEM32\USP10.dll
0x00007ff9f76e0000 - 0x00007ff9f7779000 	C:\WINDOWS\SYSTEM32\WINSPOOL.DRV
0x00007ff9fc7e0000 - 0x00007ff9fc805000 	C:\WINDOWS\SYSTEM32\dxva2.dll
0x00007ff9e6c50000 - 0x00007ff9e6cab000 	C:\WINDOWS\SYSTEM32\CRYPTUI.dll
0x00007ff9f8c50000 - 0x00007ff9f8e3d000 	C:\WINDOWS\SYSTEM32\urlmon.dll
0x00007ffa03300000 - 0x00007ffa03355000 	C:\WINDOWS\SYSTEM32\wevtapi.dll
0x00007ff9e5580000 - 0x00007ff9e5592000 	C:\WINDOWS\SYSTEM32\credui.dll
0x00007ffa017a0000 - 0x00007ffa01b68000 	C:\WINDOWS\SYSTEM32\ESENT.dll
0x00007ff9f2ae0000 - 0x00007ff9f2fd5000 	C:\WINDOWS\SYSTEM32\WININET.dll
0x00007ff9e4950000 - 0x00007ff9e4978000 	C:\WINDOWS\SYSTEM32\srvcli.dll
0x00007ff9e46a0000 - 0x00007ff9e494d000 	C:\WINDOWS\SYSTEM32\iertutil.dll
0x00007ffa09c70000 - 0x00007ffa09c7c000 	C:\WINDOWS\SYSTEM32\netutils.dll
0x00007ffa0a410000 - 0x00007ffa0a451000 	C:\WINDOWS\SYSTEM32\SSPICLI.DLL
0x00007ffa06500000 - 0x00007ffa0650a000 	C:\WINDOWS\SYSTEM32\DSROLE.DLL
0x00007ffa032e0000 - 0x00007ffa032f7000 	C:\WINDOWS\SYSTEM32\WKSCLI.DLL
0x00007ff9fd240000 - 0x00007ff9fd259000 	C:\WINDOWS\SYSTEM32\SAMCLI.DLL
0x00007ffa0a990000 - 0x00007ffa0a9c7000 	C:\WINDOWS\SYSTEM32\NTASN1.dll

dbghelp: loaded successfully - version: 4.0.5 - missing functions: none
symbol engine: initialized successfully - sym options: 0x614 - pdb path: .;C:\Program Files\Java\jdk-16.0.1\bin;C:\WINDOWS\SYSTEM32;C:\WINDOWS\WinSxS\amd64_microsoft.windows.common-controls_6595b64144ccf1df_6.0.22523.1000_none_26388f37a89e74b7;C:\Program Files\Java\jdk-16.0.1\bin\server;C:\Program Files\JetBrains\IntelliJ IDEA Community Edition 2021.2.1\bin;C:\WINDOWS\System32\DriverStore\FileRepository\nvhmig.inf_amd64_c6685fe79c60e4b1;C:\WINDOWS\System32\DriverStore\FileRepository\u0372545.inf_amd64_56d459236871c3f2\B372333;C:\Users\JNNGL\IdeaProjects\TotalComputers;C:\Users\JNNGL\IdeaProjects\TotalComputers\rootfs\test\usr\Applications\Web Browser.app;C:\Users\JNNGL\IdeaProjects\TotalComputers\rootfs\test\usr\Applications\Web Browser.app\swiftshader

VM Arguments:
jvm_args: -Djava.library.path=C:\Users\JNNGL\IdeaProjects\TotalComputers;C:\Users\JNNGL\IdeaProjects\TotalComputers\win64 -javaagent:C:\Program Files\JetBrains\IntelliJ IDEA Community Edition 2021.2.1\lib\idea_rt.jar=52440:C:\Program Files\JetBrains\IntelliJ IDEA Community Edition 2021.2.1\bin -Dfile.encoding=UTF-8 
java_command: com.jnngl.totalcomputers.system.TotalOS$Test
java_class_path (initial): C:\Users\JNNGL\IdeaProjects\TotalComputers\out\production\TotalComputers;C:\Users\JNNGL\Desktop\server\craftbukkit-1.12.2.jar;C:\Users\JNNGL\IdeaProjects\TotalComputers\lwjgl\joml-1.10.3.jar;C:\Users\JNNGL\IdeaProjects\TotalComputers\lwjgl\lwjgl-glfw-natives-linux-arm32.jar;C:\Users\JNNGL\IdeaProjects\TotalComputers\lwjgl\lwjgl-glfw-natives-linux-arm64.jar;C:\Users\JNNGL\IdeaProjects\TotalComputers\lwjgl\lwjgl-glfw-natives-linux.jar;C:\Users\JNNGL\IdeaProjects\TotalComputers\lwjgl\lwjgl-glfw-natives-macos-arm64.jar;C:\Users\JNNGL\IdeaProjects\TotalComputers\lwjgl\lwjgl-glfw-natives-macos.jar;C:\Users\JNNGL\IdeaProjects\TotalComputers\lwjgl\lwjgl-glfw-natives-windows-arm64.jar;C:\Users\JNNGL\IdeaProjects\TotalComputers\lwjgl\lwjgl-glfw-natives-windows-x86.jar;C:\Users\JNNGL\IdeaProjects\TotalComputers\lwjgl\lwjgl-glfw-natives-windows.jar;C:\Users\JNNGL\IdeaProjects\TotalComputers\lwjgl\lwjgl-glfw.jar;C:\Users\JNNGL\IdeaProjects\TotalComputers\lwjgl\lwjgl-natives-linux-arm32.jar;C:\Users\JNNGL\IdeaProjects\TotalComputers\lwjgl\lwjgl-natives-linux-arm64.jar;C:\Users\JNNGL\IdeaProjects\TotalComputers\lwjgl\lwjgl-natives-linux.jar;C:\Users\JNNGL\IdeaProjects\TotalComputers\lwjgl\lwjgl-natives-macos-arm64.jar;C:\Users\JNNGL\IdeaProjects\TotalComputers\lwjgl\lwjgl-natives-macos.jar;C:\Users\JNNGL\IdeaProjects\TotalComputers\lwjgl\lwjgl-natives-windows-arm64.jar;C:\Users\JNNGL\IdeaProjects\TotalComputers\lwjgl\lwjgl-natives-windows-x86.jar;C:\Users\JNNGL\IdeaProjects\TotalComputers\lwjgl\lwjgl-natives-windows.jar;C:\Users\JNNGL\IdeaProjects\TotalComputers\lwjgl\lwjgl-opengl-natives-linux-arm32.jar;C:\Users\JNNGL\IdeaProjects\TotalComputers\lwjgl\lwjgl-opengl-natives-linux-arm64.jar;C:\Users\JNNGL\IdeaProjects\TotalComputers\lwjgl\lwjgl-opengl-natives-linux.jar;C:\Users\JNNGL\IdeaProjects\TotalComputers\lwjgl\lwjgl-opengl-natives-macos-arm64.jar;C:\Users\JNNGL\IdeaProjects\TotalComputers\lwjgl\lwjgl-opengl-natives-macos.jar;C:\Users\JNNGL\IdeaPro
Launcher Type: SUN_STANDARD

[Global flags]
     intx CICompilerCount                          = 12                                        {product} {ergonomic}
     uint ConcGCThreads                            = 3                                         {product} {ergonomic}
     uint G1ConcRefinementThreads                  = 13                                        {product} {ergonomic}
   size_t G1HeapRegionSize                         = 2097152                                   {product} {ergonomic}
    uintx GCDrainStackTargetSize                   = 64                                        {product} {ergonomic}
   size_t InitialHeapSize                          = 257949696                                 {product} {ergonomic}
   size_t MarkStackSize                            = 4194304                                   {product} {ergonomic}
   size_t MaxHeapSize                              = 4125097984                                {product} {ergonomic}
   size_t MaxNewSize                               = 2474639360                                {product} {ergonomic}
   size_t MinHeapDeltaBytes                        = 2097152                                   {product} {ergonomic}
   size_t MinHeapSize                              = 8388608                                   {product} {ergonomic}
    uintx NonNMethodCodeHeapSize                   = 7602480                                {pd product} {ergonomic}
    uintx NonProfiledCodeHeapSize                  = 122027880                              {pd product} {ergonomic}
    uintx ProfiledCodeHeapSize                     = 122027880                              {pd product} {ergonomic}
    uintx ReservedCodeCacheSize                    = 251658240                              {pd product} {ergonomic}
     bool SegmentedCodeCache                       = true                                      {product} {ergonomic}
   size_t SoftMaxHeapSize                          = 4125097984                             {manageable} {ergonomic}
     bool UseCompressedClassPointers               = true                           {product lp64_product} {ergonomic}
     bool UseCompressedOops                        = true                           {product lp64_product} {ergonomic}
     bool UseG1GC                                  = true                                      {product} {ergonomic}
     bool UseLargePagesIndividualAllocation        = false                                  {pd product} {ergonomic}

Logging:
Log output configuration:
 #0: stdout all=warning uptime,level,tags
 #1: stderr all=off uptime,level,tags

Environment Variables:
PATH=C:\Program Files\NVIDIA GPU Computing Toolkit\CUDA\v11.5\bin;C:\Program Files\ImageMagick-7.1.0-Q16-HDRI;C:\Program Files (x86)\VMware\VMware Player\bin\;C:\VulkanSDK\1.2.176.1\Bin;C:\Program Files\NVIDIA GPU Computing Toolkit\CUDA\v11.3\bin;C:\Program Files\NVIDIA GPU Computing Toolkit\CUDA\v11.3\libnvvp;C:\Program Files\Common Files\Oracle\Java\javapath;C:\windows\system32;C:\windows;C:\windows\System32\Wbem;C:\windows\System32\WindowsPowerShell\v1.0\;C:\windows\System32\OpenSSH\;C:\Program Files (x86)\NVIDIA Corporation\PhysX\Common;C:\Program Files\NVIDIA Corporation\NVIDIA NvDLISR;C:\Program Files\Git\cmd;C:\Program Files (x86)\Microsoft Visual Studio\2019\Community\VC\Tools\MSVC\14.28.29910\bin\Hostx64\x64;C:\Program Files\mingw-w64\x86_64-8.1.0-posix-seh-rt_v6-rev0\mingw64\bin;C:\WINDOWS\system32;C:\WINDOWS;C:\WINDOWS\System32\Wbem;C:\WINDOWS\System32\WindowsPowerShell\v1.0\;C:\WINDOWS\System32\OpenSSH\;C:\Program Files\NVIDIA Corporation\Nsight Compute 2021.3.1\;C:\Program Files\dotnet\;%SystemRoot%\system32;%SystemRoot%;%SystemRoot%\System32\Wbem;%SYSTEMROOT%\System32\WindowsPowerShell\v1.0\;%SYSTEMROOT%\System32\OpenSSH\;C:\Users\JNNGL\AppData\Local\Microsoft\WindowsApps;C:\Program Files\CMake\bin;C:\Users\JNNGL\AppData\Local\Programs\Microsoft VS Code\bin;C:\Gradle\gradle-7.0.2\bin;C:\Users\JNNGL\AppData\Local\GitHubDesktop\bin;C:\Program Files (x86)\Microsoft Visual Studio\2019\Community\VC\Tools\MSVC\14.28.29910\bin\Hostx64\x64;C:\Program Files\mingw-w64\x86_64-8.1.0-posix-seh-rt_v6-rev0\mingw64\bin;C:\Users\JNNGL\.dotnet\tools;C:\Program Files\qemu;
USERNAME=JNNGL
OS=Windows_NT
PROCESSOR_IDENTIFIER=AMD64 Family 23 Model 96 Stepping 1, AuthenticAMD



---------------  S Y S T E M  ---------------

OS:
 Windows 10 , 64 bit Build 22523 (10.0.22523.1000)
OS uptime: 1 days 18:56 hours

CPU: total 16 (initial active 16) (16 cores per cpu, 2 threads per core) family 23 model 96 stepping 1 microcode 0x0, cx8, cmov, fxsr, ht, mmx, 3dnowpref, sse, sse2, sse3, ssse3, sse4a, sse4.1, sse4.2, popcnt, lzcnt, tsc, tscinvbit, avx, avx2, aes, clmul, bmi1, bmi2, adx, sha, fma, vzeroupper, clflush, clflushopt

Memory: 4k page, system-wide physical 15731M (4640M free)
TotalPageFile size 24188M (AvailPageFile size 3844M)
current process WorkingSet (physical memory assigned to process): 265M, peak: 303M
current process commit charge ("private bytes"): 438M, peak: 478M

vm_info: Java HotSpot(TM) 64-Bit Server VM (16.0.1+9-24) for windows-amd64 JRE (16.0.1+9-24), built on Mar 26 2021 19:31:42 by "mach5one" with MS VC++ 16.7 (VS2019)

END.
